xilinx rtfpga
WARNING: [Synth 8-3331] design xpm_memory_base__parameterized6__3 has unconnected port rsta
WARNING: [Synth 8-3331] design xpm_memory_base__parameterized6__3 has unconnected port regcea
WARNING: [Synth 8-3331] design xpm_memory_base__parameterized6__3 has unconnected port injectsbiterra
WARNING: [Synth 8-3331] design xpm_memory_base__parameterized6__3 has unconnected port injectdbiterra
WARNING: [Synth 8-3331] design xpm_memory_base__parameterized6__3 has unconnected port clkb
WARNING: [Synth 8-3331] design xpm_memory_base__parameterized6__3 has unconnected port regceb
WARNING: [Synth 8-3331] design xpm_memory_base__parameterized6__3 has unconnected port web[0]
WARNING: [Synth 8-3331] design xpm_memory_base__parameterized6__3 has unconnected port dinb[161]
WARNING: [Synth 8-3331] design xpm_memory_base__parameterized6__3 has unconnected port dinb[160]
WARNING: [Synth 8-3331] design xpm_memory_base__parameterized6__3 has unconnected port dinb[159]
WARNING: [Synth 8-3331] design xpm_memory_base__parameterized6__3 has unconnected port dinb[158]
WARNING: [Synth 8-3331] design xpm_memory_base__parameterized6__3 has unconnected port dinb[157]
WARNING: [Synth 8-3331] design xpm_memory_base__parameterized6__3 has unconnected port dinb[156]
WARNING: [Synth 8-3331] design xpm_memory_base__parameterized6__3 has unconnected port dinb[155]
WARNING: [Synth 8-3331] design xpm_memory_base__parameterized6__3 has unconnected port dinb[154]
WARNING: [Synth 8-3331] design xpm_memory_base__parameterized6__3 has unconnected port dinb[153]
WARNING: [Synth 8-3331] design xpm_memory_base__parameterized6__3 has unconnected port dinb[152]
WARNING: [Synth 8-3331] design xpm_memory_base__parameterized6__3 has unconnected port dinb[151]
WARNING: [Synth 8-3331] design xpm_memory_base__parameterized6__3 has unconnected port dinb[150]
WARNING: [Synth 8-3331] design xpm_memory_base__parameterized6__3 has unconnected port dinb[149]
WARNING: [Synth 8-3331] design xpm_memory_base__parameterized6__3 has unconnected port dinb[148]
WARNING: [Synth 8-3331] design xpm_memory_base__parameterized6__3 has unconnected port dinb[147]
WARNING: [Synth 8-3331] design xpm_memory_base__parameterized6__3 has unconnected port dinb[146]
WARNING: [Synth 8-3331] design xpm_memory_base__parameterized6__3 has unconnected port dinb[145]
WARNING: [Synth 8-3331] design xpm_memory_base__parameterized6__3 has unconnected port dinb[144]
WARNING: [Synth 8-3331] design xpm_memory_base__parameterized6__3 has unconnected port dinb[143]
WARNING: [Synth 8-3331] design xpm_memory_base__parameterized6__3 has unconnected port dinb[142]
WARNING: [Synth 8-3331] design xpm_memory_base__parameterized6__3 has unconnected port dinb[141]
WARNING: [Synth 8-3331] design xpm_memory_base__parameterized6__3 has unconnected port dinb[140]
WARNING: [Synth 8-3331] design xpm_memory_base__parameterized6__3 has unconnected port dinb[139]
WARNING: [Synth 8-3331] design xpm_memory_base__parameterized6__3 has unconnected port dinb[138]
WARNING: [Synth 8-3331] design xpm_memory_base__parameterized6__3 has unconnected port dinb[137]
WARNING: [Synth 8-3331] design xpm_memory_base__parameterized6__3 has unconnected port dinb[136]
WARNING: [Synth 8-3331] design xpm_memory_base__parameterized6__3 has unconnected port dinb[135]
WARNING: [Synth 8-3331] design xpm_memory_base__parameterized6__3 has unconnected port dinb[134]
WARNING: [Synth 8-3331] design xpm_memory_base__parameterized6__3 has unconnected port dinb[133]
WARNING: [Synth 8-3331] design xpm_memory_base__parameterized6__3 has unconnected port dinb[132]
WARNING: [Synth 8-3331] design xpm_memory_base__parameterized6__3 has unconnected port dinb[131]
WARNING: [Synth 8-3331] design xpm_memory_base__parameterized6__3 has unconnected port dinb[130]
WARNING: [Synth 8-3331] design xpm_memory_base__parameterized6__3 has unconnected port dinb[129]
WARNING: [Synth 8-3331] design xpm_memory_base__parameterized6__3 has unconnected port dinb[128]
WARNING: [Synth 8-3331] design xpm_memory_base__parameterized6__3 has unconnected port dinb[127]
WARNING: [Synth 8-3331] design xpm_memory_base__parameterized6__3 has unconnected port dinb[126]
WARNING: [Synth 8-3331] design xpm_memory_base__parameterized6__3 has unconnected port dinb[125]
WARNING: [Synth 8-3331] design xpm_memory_base__parameterized6__3 has unconnected port dinb[124]
WARNING: [Synth 8-3331] design xpm_memory_base__parameterized6__3 has unconnected port dinb[123]
WARNING: [Synth 8-3331] design xpm_memory_base__parameterized6__3 has unconnected port dinb[122]
WARNING: [Synth 8-3331] design xpm_memory_base__parameterized6__3 has unconnected port dinb[121]
WARNING: [Synth 8-3331] design xpm_memory_base__parameterized6__3 has unconnected port dinb[120]
WARNING: [Synth 8-3331] design xpm_memory_base__parameterized6__3 has unconnected port dinb[119]
WARNING: [Synth 8-3331] design xpm_memory_base__parameterized6__3 has unconnected port dinb[118]
WARNING: [Synth 8-3331] design xpm_memory_base__parameterized6__3 has unconnected port dinb[117]
WARNING: [Synth 8-3331] design xpm_memory_base__parameterized6__3 has unconnected port dinb[116]
WARNING: [Synth 8-3331] design xpm_memory_base__parameterized6__3 has unconnected port dinb[115]
WARNING: [Synth 8-3331] design xpm_memory_base__parameterized6__3 has unconnected port dinb[114]
WARNING: [Synth 8-3331] design xpm_memory_base__parameterized6__3 has unconnected port dinb[113]
WARNING: [Synth 8-3331] design xpm_memory_base__parameterized6__3 has unconnected port dinb[112]
WARNING: [Synth 8-3331] design xpm_memory_base__parameterized6__3 has unconnected port dinb[111]
WARNING: [Synth 8-3331] design xpm_memory_base__parameterized6__3 has unconnected port dinb[110]
WARNING: [Synth 8-3331] design xpm_memory_base__parameterized6__3 has unconnected port dinb[109]
WARNING: [Synth 8-3331] design xpm_memory_base__parameterized6__3 has unconnected port dinb[108]
WARNING: [Synth 8-3331] design xpm_memory_base__parameterized6__3 has unconnected port dinb[107]
WARNING: [Synth 8-3331] design xpm_memory_base__parameterized6__3 has unconnected port dinb[106]
WARNING: [Synth 8-3331] design xpm_memory_base__parameterized6__3 has unconnected port dinb[105]
WARNING: [Synth 8-3331] design xpm_memory_base__parameterized6__3 has unconnected port dinb[104]
WARNING: [Synth 8-3331] design xpm_memory_base__parameterized6__3 has unconnected port dinb[103]
WARNING: [Synth 8-3331] design xpm_memory_base__parameterized6__3 has unconnected port dinb[102]
WARNING: [Synth 8-3331] design xpm_memory_base__parameterized6__3 has unconnected port dinb[101]
WARNING: [Synth 8-3331] design xpm_memory_base__parameterized6__3 has unconnected port dinb[100]
WARNING: [Synth 8-3331] design xpm_memory_base__parameterized6__3 has unconnected port dinb[99]
WARNING: [Synth 8-3331] design xpm_memory_base__parameterized6__3 has unconnected port dinb[98]
WARNING: [Synth 8-3331] design xpm_memory_base__parameterized6__3 has unconnected port dinb[97]
WARNING: [Synth 8-3331] design xpm_memory_base__parameterized6__3 has unconnected port dinb[96]
WARNING: [Synth 8-3331] design xpm_memory_base__parameterized6__3 has unconnected port dinb[95]
WARNING: [Synth 8-3331] design xpm_memory_base__parameterized6__3 has unconnected port dinb[94]
WARNING: [Synth 8-3331] design xpm_memory_base__parameterized6__3 has unconnected port dinb[93]
WARNING: [Synth 8-3331] design xpm_memory_base__parameterized6__3 has unconnected port dinb[92]
WARNING: [Synth 8-3331] design xpm_memory_base__parameterized6__3 has unconnected port dinb[91]
WARNING: [Synth 8-3331] design xpm_memory_base__parameterized6__3 has unconnected port dinb[90]
WARNING: [Synth 8-3331] design xpm_memory_base__parameterized6__3 has unconnected port dinb[89]
WARNING: [Synth 8-3331] design xpm_memory_base__parameterized6__3 has unconnected port dinb[88]
WARNING: [Synth 8-3331] design xpm_memory_base__parameterized6__3 has unconnected port dinb[87]
WARNING: [Synth 8-3331] design xpm_memory_base__parameterized6__3 has unconnected port dinb[86]
WARNING: [Synth 8-3331] design xpm_memory_base__parameterized6__3 has unconnected port dinb[85]
WARNING: [Synth 8-3331] design xpm_memory_base__parameterized6__3 has unconnected port dinb[84]
WARNING: [Synth 8-3331] design xpm_memory_base__parameterized6__3 has unconnected port dinb[83]
WARNING: [Synth 8-3331] design xpm_memory_base__parameterized6__3 has unconnected port dinb[82]
WARNING: [Synth 8-3331] design xpm_memory_base__parameterized6__3 has unconnected port dinb[81]
WARNING: [Synth 8-3331] design xpm_memory_base__parameterized6__3 has unconnected port dinb[80]
WARNING: [Synth 8-3331] design xpm_memory_base__parameterized6__3 has unconnected port dinb[79]
WARNING: [Synth 8-3331] design xpm_memory_base__parameterized6__3 has unconnected port dinb[78]
WARNING: [Synth 8-3331] design xpm_memory_base__parameterized6__3 has unconnected port dinb[77]
WARNING: [Synth 8-3331] design xpm_memory_base__parameterized6__3 has unconnected port dinb[76]
WARNING: [Synth 8-3331] design xpm_memory_base__parameterized6__3 has unconnected port dinb[75]
WARNING: [Synth 8-3331] design xpm_memory_base__parameterized6__3 has unconnected port dinb[74]
WARNING: [Synth 8-3331] design xpm_memory_base__parameterized6__3 has unconnected port dinb[73]
WARNING: [Synth 8-3331] design xpm_memory_base__parameterized6__3 has unconnected port dinb[72]
WARNING: [Synth 8-3331] design xpm_memory_base__parameterized6__3 has unconnected port dinb[71]
INFO: [Common 17-14] Message 'Synth 8-3331' appears 100 times and further instances of the messages will be disabled. Use the Tcl command set_msg_config to change the current settings.
INFO: [Synth 8-3886] merging instance 'clk_map/psr_aclk/U0/SEQ/core_dec_reg[1]' (FD) to 'clk_map/psr_aclk/U0/SEQ/bsr_dec_reg[1]'
INFO: [Synth 8-3333] propagating constant 0 across sequential element (\clk_map/psr_aclk/U0/EXT_LPF/ACTIVE_LOW_EXT.ACT_LO_EXT/GENERATE_LEVEL_P_S_CDC.SINGLE_BIT.CROSS_PLEVEL_IN2SCNDRY_IN_cdc_to )
INFO: [Synth 8-3333] propagating constant 1 across sequential element (\m00_nodes/m00_r_node/inst /\inst_mi_handler/gen_normal_area.inst_fifo_send/gen_AB_reg_slice.payld_b_reg[0] )
INFO: [Synth 8-3333] propagating constant 1 across sequential element (\m00_nodes/m00_r_node/inst /\inst_mi_handler/gen_normal_area.inst_fifo_send/gen_AB_reg_slice.payld_a_reg[0] )
INFO: [Synth 8-3333] propagating constant 1 across sequential element (\m00_nodes/m00_b_node/inst /\inst_mi_handler/gen_normal_area.inst_fifo_send/gen_AB_reg_slice.payld_b_reg[0] )
INFO: [Synth 8-3333] propagating constant 1 across sequential element (\m00_nodes/m00_b_node/inst /\inst_mi_handler/gen_normal_area.inst_fifo_send/gen_AB_reg_slice.payld_a_reg[0] )
INFO: [Synth 8-3333] propagating constant 1 across sequential element (\m01_nodes/m01_r_node/inst /\inst_mi_handler/gen_normal_area.inst_fifo_send/gen_AB_reg_slice.payld_b_reg[0] )
INFO: [Synth 8-3333] propagating constant 1 across sequential element (\m01_nodes/m01_r_node/inst /\inst_mi_handler/gen_normal_area.inst_fifo_send/gen_AB_reg_slice.payld_a_reg[0] )
INFO: [Synth 8-3333] propagating constant 1 across sequential element (\m01_nodes/m01_b_node/inst /\inst_mi_handler/gen_normal_area.inst_fifo_send/gen_AB_reg_slice.payld_b_reg[0] )
INFO: [Synth 8-3333] propagating constant 1 across sequential element (\m01_nodes/m01_b_node/inst /\inst_mi_handler/gen_normal_area.inst_fifo_send/gen_AB_reg_slice.payld_a_reg[0] )
INFO: [Synth 8-3333] propagating constant 0 across sequential element (\clk_map/psr_aclk/U0/EXT_LPF/EXT_LPF[1].exr_lpf_reg[1] )
INFO: [Synth 8-3333] propagating constant 0 across sequential element (\clk_map/psr_aclk/U0/EXT_LPF/lpf_exr_reg )
