xilinx rtfpga
WARNING: [Synth 8-3331] design sc_switchboard_v1_0_6_top__parameterized2 has unconnected port connectivity[3]
WARNING: [Synth 8-3331] design sc_switchboard_v1_0_6_top__parameterized2 has unconnected port connectivity[2]
WARNING: [Synth 8-3331] design sc_switchboard_v1_0_6_top__parameterized2 has unconnected port connectivity[1]
WARNING: [Synth 8-3331] design sc_switchboard_v1_0_6_top__parameterized2 has unconnected port connectivity[0]
WARNING: [Synth 8-3331] design sc_switchboard_v1_0_6_top__parameterized1 has unconnected port connectivity[3]
WARNING: [Synth 8-3331] design sc_switchboard_v1_0_6_top__parameterized1 has unconnected port connectivity[2]
WARNING: [Synth 8-3331] design sc_switchboard_v1_0_6_top__parameterized1 has unconnected port connectivity[1]
WARNING: [Synth 8-3331] design sc_switchboard_v1_0_6_top__parameterized1 has unconnected port connectivity[0]
WARNING: [Synth 8-3331] design sc_switchboard_v1_0_6_top__parameterized0 has unconnected port connectivity[3]
WARNING: [Synth 8-3331] design sc_switchboard_v1_0_6_top__parameterized0 has unconnected port connectivity[2]
WARNING: [Synth 8-3331] design sc_switchboard_v1_0_6_top__parameterized0 has unconnected port connectivity[1]
WARNING: [Synth 8-3331] design sc_switchboard_v1_0_6_top__parameterized0 has unconnected port connectivity[0]
WARNING: [Synth 8-3331] design sc_switchboard_v1_0_6_top__1 has unconnected port connectivity[3]
WARNING: [Synth 8-3331] design sc_switchboard_v1_0_6_top__1 has unconnected port connectivity[2]
WARNING: [Synth 8-3331] design sc_switchboard_v1_0_6_top__1 has unconnected port connectivity[1]
WARNING: [Synth 8-3331] design sc_switchboard_v1_0_6_top__1 has unconnected port connectivity[0]
WARNING: [Synth 8-3331] design sc_switchboard_v1_0_6_top has unconnected port connectivity[3]
WARNING: [Synth 8-3331] design sc_switchboard_v1_0_6_top has unconnected port connectivity[2]
WARNING: [Synth 8-3331] design sc_switchboard_v1_0_6_top has unconnected port connectivity[1]
WARNING: [Synth 8-3331] design sc_switchboard_v1_0_6_top has unconnected port connectivity[0]
WARNING: [Synth 8-3331] design xpm_memory_base__parameterized13 has unconnected port rsta
WARNING: [Synth 8-3331] design xpm_memory_base__parameterized13 has unconnected port regcea
WARNING: [Synth 8-3331] design xpm_memory_base__parameterized13 has unconnected port injectsbiterra
WARNING: [Synth 8-3331] design xpm_memory_base__parameterized13 has unconnected port injectdbiterra
WARNING: [Synth 8-3331] design xpm_memory_base__parameterized13 has unconnected port clkb
WARNING: [Synth 8-3331] design xpm_memory_base__parameterized13 has unconnected port regceb
WARNING: [Synth 8-3331] design xpm_memory_base__parameterized13 has unconnected port web[0]
WARNING: [Synth 8-3331] design xpm_memory_base__parameterized13 has unconnected port dinb[152]
WARNING: [Synth 8-3331] design xpm_memory_base__parameterized13 has unconnected port dinb[151]
WARNING: [Synth 8-3331] design xpm_memory_base__parameterized13 has unconnected port dinb[150]
WARNING: [Synth 8-3331] design xpm_memory_base__parameterized13 has unconnected port dinb[149]
WARNING: [Synth 8-3331] design xpm_memory_base__parameterized13 has unconnected port dinb[148]
WARNING: [Synth 8-3331] design xpm_memory_base__parameterized13 has unconnected port dinb[147]
WARNING: [Synth 8-3331] design xpm_memory_base__parameterized13 has unconnected port dinb[146]
WARNING: [Synth 8-3331] design xpm_memory_base__parameterized13 has unconnected port dinb[145]
WARNING: [Synth 8-3331] design xpm_memory_base__parameterized13 has unconnected port dinb[144]
WARNING: [Synth 8-3331] design xpm_memory_base__parameterized13 has unconnected port dinb[143]
WARNING: [Synth 8-3331] design xpm_memory_base__parameterized13 has unconnected port dinb[142]
WARNING: [Synth 8-3331] design xpm_memory_base__parameterized13 has unconnected port dinb[141]
WARNING: [Synth 8-3331] design xpm_memory_base__parameterized13 has unconnected port dinb[140]
WARNING: [Synth 8-3331] design xpm_memory_base__parameterized13 has unconnected port dinb[139]
WARNING: [Synth 8-3331] design xpm_memory_base__parameterized13 has unconnected port dinb[138]
WARNING: [Synth 8-3331] design xpm_memory_base__parameterized13 has unconnected port dinb[137]
WARNING: [Synth 8-3331] design xpm_memory_base__parameterized13 has unconnected port dinb[136]
WARNING: [Synth 8-3331] design xpm_memory_base__parameterized13 has unconnected port dinb[135]
WARNING: [Synth 8-3331] design xpm_memory_base__parameterized13 has unconnected port dinb[134]
WARNING: [Synth 8-3331] design xpm_memory_base__parameterized13 has unconnected port dinb[133]
WARNING: [Synth 8-3331] design xpm_memory_base__parameterized13 has unconnected port dinb[132]
WARNING: [Synth 8-3331] design xpm_memory_base__parameterized13 has unconnected port dinb[131]
WARNING: [Synth 8-3331] design xpm_memory_base__parameterized13 has unconnected port dinb[130]
WARNING: [Synth 8-3331] design xpm_memory_base__parameterized13 has unconnected port dinb[129]
WARNING: [Synth 8-3331] design xpm_memory_base__parameterized13 has unconnected port dinb[128]
WARNING: [Synth 8-3331] design xpm_memory_base__parameterized13 has unconnected port dinb[127]
WARNING: [Synth 8-3331] design xpm_memory_base__parameterized13 has unconnected port dinb[126]
WARNING: [Synth 8-3331] design xpm_memory_base__parameterized13 has unconnected port dinb[125]
WARNING: [Synth 8-3331] design xpm_memory_base__parameterized13 has unconnected port dinb[124]
WARNING: [Synth 8-3331] design xpm_memory_base__parameterized13 has unconnected port dinb[123]
WARNING: [Synth 8-3331] design xpm_memory_base__parameterized13 has unconnected port dinb[122]
WARNING: [Synth 8-3331] design xpm_memory_base__parameterized13 has unconnected port dinb[121]
WARNING: [Synth 8-3331] design xpm_memory_base__parameterized13 has unconnected port dinb[120]
WARNING: [Synth 8-3331] design xpm_memory_base__parameterized13 has unconnected port dinb[119]
WARNING: [Synth 8-3331] design xpm_memory_base__parameterized13 has unconnected port dinb[118]
WARNING: [Synth 8-3331] design xpm_memory_base__parameterized13 has unconnected port dinb[117]
WARNING: [Synth 8-3331] design xpm_memory_base__parameterized13 has unconnected port dinb[116]
WARNING: [Synth 8-3331] design xpm_memory_base__parameterized13 has unconnected port dinb[115]
WARNING: [Synth 8-3331] design xpm_memory_base__parameterized13 has unconnected port dinb[114]
WARNING: [Synth 8-3331] design xpm_memory_base__parameterized13 has unconnected port dinb[113]
WARNING: [Synth 8-3331] design xpm_memory_base__parameterized13 has unconnected port dinb[112]
WARNING: [Synth 8-3331] design xpm_memory_base__parameterized13 has unconnected port dinb[111]
WARNING: [Synth 8-3331] design xpm_memory_base__parameterized13 has unconnected port dinb[110]
WARNING: [Synth 8-3331] design xpm_memory_base__parameterized13 has unconnected port dinb[109]
WARNING: [Synth 8-3331] design xpm_memory_base__parameterized13 has unconnected port dinb[108]
WARNING: [Synth 8-3331] design xpm_memory_base__parameterized13 has unconnected port dinb[107]
WARNING: [Synth 8-3331] design xpm_memory_base__parameterized13 has unconnected port dinb[106]
WARNING: [Synth 8-3331] design xpm_memory_base__parameterized13 has unconnected port dinb[105]
WARNING: [Synth 8-3331] design xpm_memory_base__parameterized13 has unconnected port dinb[104]
WARNING: [Synth 8-3331] design xpm_memory_base__parameterized13 has unconnected port dinb[103]
WARNING: [Synth 8-3331] design xpm_memory_base__parameterized13 has unconnected port dinb[102]
WARNING: [Synth 8-3331] design xpm_memory_base__parameterized13 has unconnected port dinb[101]
WARNING: [Synth 8-3331] design xpm_memory_base__parameterized13 has unconnected port dinb[100]
WARNING: [Synth 8-3331] design xpm_memory_base__parameterized13 has unconnected port dinb[99]
WARNING: [Synth 8-3331] design xpm_memory_base__parameterized13 has unconnected port dinb[98]
WARNING: [Synth 8-3331] design xpm_memory_base__parameterized13 has unconnected port dinb[97]
WARNING: [Synth 8-3331] design xpm_memory_base__parameterized13 has unconnected port dinb[96]
WARNING: [Synth 8-3331] design xpm_memory_base__parameterized13 has unconnected port dinb[95]
WARNING: [Synth 8-3331] design xpm_memory_base__parameterized13 has unconnected port dinb[94]
WARNING: [Synth 8-3331] design xpm_memory_base__parameterized13 has unconnected port dinb[93]
WARNING: [Synth 8-3331] design xpm_memory_base__parameterized13 has unconnected port dinb[92]
WARNING: [Synth 8-3331] design xpm_memory_base__parameterized13 has unconnected port dinb[91]
WARNING: [Synth 8-3331] design xpm_memory_base__parameterized13 has unconnected port dinb[90]
WARNING: [Synth 8-3331] design xpm_memory_base__parameterized13 has unconnected port dinb[89]
WARNING: [Synth 8-3331] design xpm_memory_base__parameterized13 has unconnected port dinb[88]
WARNING: [Synth 8-3331] design xpm_memory_base__parameterized13 has unconnected port dinb[87]
WARNING: [Synth 8-3331] design xpm_memory_base__parameterized13 has unconnected port dinb[86]
WARNING: [Synth 8-3331] design xpm_memory_base__parameterized13 has unconnected port dinb[85]
WARNING: [Synth 8-3331] design xpm_memory_base__parameterized13 has unconnected port dinb[84]
WARNING: [Synth 8-3331] design xpm_memory_base__parameterized13 has unconnected port dinb[83]
WARNING: [Synth 8-3331] design xpm_memory_base__parameterized13 has unconnected port dinb[82]
WARNING: [Synth 8-3331] design xpm_memory_base__parameterized13 has unconnected port dinb[81]
WARNING: [Synth 8-3331] design xpm_memory_base__parameterized13 has unconnected port dinb[80]
INFO: [Common 17-14] Message 'Synth 8-3331' appears 100 times and further instances of the messages will be disabled. Use the Tcl command set_msg_config to change the current settings.
INFO: [Synth 8-3333] propagating constant 0 across sequential element (\s00_nodes/s00_w_node/inst /p_0_out_inferred__7/\inst_mi_handler/inst_ingress/inst_incoming_count/count_r_reg[2] )
INFO: [Synth 8-3333] propagating constant 0 across sequential element (\s00_nodes/s00_w_node/inst /p_0_out_inferred__7/\inst_mi_handler/inst_ingress/inst_incoming_count/count_r_reg[3] )
INFO: [Synth 8-3333] propagating constant 0 across sequential element (\s00_nodes/s00_w_node/inst /p_0_out_inferred__7/\inst_mi_handler/inst_ingress/inst_incoming_count/count_r_reg[1] )
INFO: [Synth 8-3333] propagating constant 0 across sequential element (\s00_nodes/s00_w_node/inst /p_0_out_inferred__7/\inst_mi_handler/inst_ingress/inst_incoming_count/count_r_reg[0] )
INFO: [Synth 8-3886] merging instance 's00_nodes/s00_w_node/inst/inst_mi_handler/gen_normal_area.gen_upsizer.inst_upsizer/gen_w_ch.accum_reg[sc_route][0]' (FDE) to 's00_nodes/s00_w_node/inst/inst_mi_handler/gen_normal_area.gen_upsizer.inst_upsizer/gen_w_ch.accum_reg[sc_route][3]'
INFO: [Synth 8-3886] merging instance 's00_nodes/s00_w_node/inst/inst_mi_handler/gen_normal_area.gen_upsizer.inst_upsizer/gen_w_ch.accum_reg[sc_route][1]' (FDE) to 's00_nodes/s00_w_node/inst/inst_mi_handler/gen_normal_area.gen_upsizer.inst_upsizer/gen_w_ch.accum_reg[sc_route][3]'
INFO: [Synth 8-3886] merging instance 's00_nodes/s00_w_node/inst/inst_mi_handler/gen_normal_area.gen_upsizer.inst_upsizer/gen_w_ch.accum_reg[sc_route][2]' (FDE) to 's00_nodes/s00_w_node/inst/inst_mi_handler/gen_normal_area.gen_upsizer.inst_upsizer/gen_w_ch.accum_reg[sc_route][3]'
INFO: [Synth 8-3333] propagating constant 0 across sequential element (\s00_nodes/s00_w_node/inst /\inst_mi_handler/gen_normal_area.gen_upsizer.inst_upsizer/gen_w_ch.accum_reg[sc_route][3] )
INFO: [Synth 8-3886] merging instance 's00_nodes/s00_w_node/inst/inst_mi_handler/gen_normal_area.gen_upsizer.inst_upsizer/gen_w_ch.post_upsize_ratio_reg[1]' (FDSE) to 's00_nodes/s00_w_node/inst/inst_mi_handler/gen_normal_area.gen_upsizer.inst_upsizer/gen_w_ch.post_pntr_shift_reg[2]'
INFO: [Synth 8-3886] merging instance 's00_nodes/s00_w_node/inst/inst_mi_handler/gen_normal_area.gen_upsizer.inst_upsizer/gen_w_ch.post_upsize_ratio_reg[0]' (FDRE) to 's00_nodes/s00_w_node/inst/inst_mi_handler/gen_normal_area.gen_upsizer.inst_upsizer/gen_w_ch.post_pntr_shift_reg[7]'
INFO: [Synth 8-3886] merging instance 's00_nodes/s00_w_node/inst/inst_mi_handler/gen_normal_area.gen_upsizer.inst_upsizer/gen_w_ch.post_pntr_mask_reg[0]' (FDSE) to 's00_nodes/s00_w_node/inst/inst_mi_handler/gen_normal_area.gen_upsizer.inst_upsizer/gen_w_ch.post_pntr_shift_reg[2]'
INFO: [Synth 8-3886] merging instance 's00_nodes/s00_w_node/inst/inst_mi_handler/gen_normal_area.gen_upsizer.inst_upsizer/gen_w_ch.post_pntr_shift_reg[5]' (FDRE) to 's00_nodes/s00_w_node/inst/inst_mi_handler/gen_normal_area.gen_upsizer.inst_upsizer/gen_w_ch.post_pntr_shift_reg[7]'
INFO: [Synth 8-3886] merging instance 's00_nodes/s00_w_node/inst/inst_mi_handler/gen_normal_area.gen_upsizer.inst_upsizer/gen_w_ch.post_pntr_shift_reg[6]' (FDRE) to 's00_nodes/s00_w_node/inst/inst_mi_handler/gen_normal_area.gen_upsizer.inst_upsizer/gen_w_ch.post_pntr_shift_reg[7]'
INFO: [Synth 8-3886] merging instance 's00_nodes/s00_w_node/inst/inst_mi_handler/gen_normal_area.gen_upsizer.inst_upsizer/gen_w_ch.post_pntr_shift_reg[7]' (FDRE) to 's00_nodes/s00_w_node/inst/inst_mi_handler/gen_normal_area.gen_upsizer.inst_upsizer/gen_w_ch.post_pntr_shift_reg[4]'
INFO: [Synth 8-3886] merging instance 's00_nodes/s00_w_node/inst/inst_mi_handler/gen_normal_area.gen_upsizer.inst_upsizer/gen_w_ch.post_pntr_shift_reg[0]' (FDRE) to 's00_nodes/s00_w_node/inst/inst_mi_handler/gen_normal_area.gen_upsizer.inst_upsizer/gen_w_ch.post_pntr_shift_reg[4]'
INFO: [Synth 8-3886] merging instance 's00_nodes/s00_w_node/inst/inst_mi_handler/gen_normal_area.gen_upsizer.inst_upsizer/gen_w_ch.post_pntr_shift_reg[1]' (FDRE) to 's00_nodes/s00_w_node/inst/inst_mi_handler/gen_normal_area.gen_upsizer.inst_upsizer/gen_w_ch.post_pntr_shift_reg[4]'
INFO: [Synth 8-3333] propagating constant 1 across sequential element (\s00_nodes/s00_w_node/inst /\inst_mi_handler/gen_normal_area.gen_upsizer.inst_upsizer/gen_w_ch.post_pntr_shift_reg[2] )
INFO: [Synth 8-3886] merging instance 's00_nodes/s00_w_node/inst/inst_mi_handler/gen_normal_area.gen_upsizer.inst_upsizer/gen_w_ch.post_pntr_shift_reg[3]' (FDRE) to 's00_nodes/s00_w_node/inst/inst_mi_handler/gen_normal_area.gen_upsizer.inst_upsizer/gen_w_ch.post_pntr_shift_reg[4]'
INFO: [Synth 8-3333] propagating constant 0 across sequential element (\s00_nodes/s00_w_node/inst /\inst_mi_handler/gen_normal_area.gen_upsizer.inst_upsizer/gen_w_ch.post_pntr_shift_reg[4] )
INFO: [Synth 8-3333] propagating constant 1 across sequential element (\s00_nodes/s00_w_node/inst /\inst_mi_handler/inst_ingress/inst_incoming_count/is_zero_r_reg )
INFO: [Synth 8-3886] merging instance 's00_nodes/s00_w_node/inst/inst_mi_handler/gen_normal_area.gen_upsizer.inst_upsizer/inst_upsizer_target_pipeline/gen_pipe[1].pipe_reg[1][5]' (FDRE) to 's00_nodes/s00_w_node/inst/inst_mi_handler/gen_normal_area.gen_upsizer.inst_upsizer/inst_upsizer_target_pipeline/gen_pipe[1].pipe_reg[1][20]'
INFO: [Synth 8-3886] merging instance 's00_nodes/s00_w_node/inst/inst_mi_handler/gen_normal_area.gen_upsizer.inst_upsizer/inst_upsizer_target_pipeline/gen_pipe[1].pipe_reg[1][8]' (FDRE) to 's00_nodes/s00_w_node/inst/inst_mi_handler/gen_normal_area.gen_upsizer.inst_upsizer/inst_upsizer_target_pipeline/gen_pipe[1].pipe_reg[1][20]'
INFO: [Synth 8-3886] merging instance 's00_nodes/s00_w_node/inst/inst_mi_handler/gen_normal_area.gen_upsizer.inst_upsizer/inst_upsizer_target_pipeline/gen_pipe[1].pipe_reg[1][9]' (FDRE) to 's00_nodes/s00_w_node/inst/inst_mi_handler/gen_normal_area.gen_upsizer.inst_upsizer/inst_upsizer_target_pipeline/gen_pipe[1].pipe_reg[1][20]'
INFO: [Synth 8-3886] merging instance 's00_nodes/s00_w_node/inst/inst_mi_handler/gen_normal_area.gen_upsizer.inst_upsizer/inst_upsizer_target_pipeline/gen_pipe[1].pipe_reg[1][10]' (FDRE) to 's00_nodes/s00_w_node/inst/inst_mi_handler/gen_normal_area.gen_upsizer.inst_upsizer/inst_upsizer_target_pipeline/gen_pipe[1].pipe_reg[1][20]'
INFO: [Synth 8-3886] merging instance 's00_nodes/s00_w_node/inst/inst_mi_handler/gen_normal_area.gen_upsizer.inst_upsizer/inst_upsizer_target_pipeline/gen_pipe[1].pipe_reg[1][11]' (FDRE) to 's00_nodes/s00_w_node/inst/inst_mi_handler/gen_normal_area.gen_upsizer.inst_upsizer/inst_upsizer_target_pipeline/gen_pipe[1].pipe_reg[1][20]'
INFO: [Synth 8-3886] merging instance 's00_nodes/s00_w_node/inst/inst_mi_handler/gen_normal_area.gen_upsizer.inst_upsizer/inst_upsizer_target_pipeline/gen_pipe[1].pipe_reg[1][12]' (FDRE) to 's00_nodes/s00_w_node/inst/inst_mi_handler/gen_normal_area.gen_upsizer.inst_upsizer/inst_upsizer_target_pipeline/gen_pipe[1].pipe_reg[1][20]'
INFO: [Synth 8-3886] merging instance 's00_nodes/s00_w_node/inst/inst_mi_handler/gen_normal_area.gen_upsizer.inst_upsizer/inst_upsizer_target_pipeline/gen_pipe[1].pipe_reg[1][13]' (FDRE) to 's00_nodes/s00_w_node/inst/inst_mi_handler/gen_normal_area.gen_upsizer.inst_upsizer/inst_upsizer_target_pipeline/gen_pipe[1].pipe_reg[1][20]'
INFO: [Synth 8-3886] merging instance 's00_nodes/s00_w_node/inst/inst_mi_handler/gen_normal_area.gen_upsizer.inst_upsizer/inst_upsizer_target_pipeline/gen_pipe[1].pipe_reg[1][15]' (FDRE) to 's00_nodes/s00_w_node/inst/inst_mi_handler/gen_normal_area.gen_upsizer.inst_upsizer/inst_upsizer_target_pipeline/gen_pipe[1].pipe_reg[1][20]'
INFO: [Synth 8-3886] merging instance 's00_nodes/s00_w_node/inst/inst_mi_handler/gen_normal_area.gen_upsizer.inst_upsizer/inst_upsizer_target_pipeline/gen_pipe[1].pipe_reg[1][16]' (FDRE) to 's00_nodes/s00_w_node/inst/inst_mi_handler/gen_normal_area.gen_upsizer.inst_upsizer/inst_upsizer_target_pipeline/gen_pipe[1].pipe_reg[1][20]'
INFO: [Synth 8-3886] merging instance 's00_nodes/s00_w_node/inst/inst_mi_handler/gen_normal_area.gen_upsizer.inst_upsizer/inst_upsizer_target_pipeline/gen_pipe[1].pipe_reg[1][17]' (FDRE) to 's00_nodes/s00_w_node/inst/inst_mi_handler/gen_normal_area.gen_upsizer.inst_upsizer/inst_upsizer_target_pipeline/gen_pipe[1].pipe_reg[1][20]'
INFO: [Synth 8-3886] merging instance 's00_nodes/s00_w_node/inst/inst_mi_handler/gen_normal_area.gen_upsizer.inst_upsizer/inst_upsizer_target_pipeline/gen_pipe[1].pipe_reg[1][18]' (FDRE) to 's00_nodes/s00_w_node/inst/inst_mi_handler/gen_normal_area.gen_upsizer.inst_upsizer/inst_upsizer_target_pipeline/gen_pipe[1].pipe_reg[1][20]'
INFO: [Synth 8-3886] merging instance 's00_nodes/s00_w_node/inst/inst_mi_handler/gen_normal_area.gen_upsizer.inst_upsizer/inst_upsizer_target_pipeline/gen_pipe[1].pipe_reg[1][19]' (FDRE) to 's00_nodes/s00_w_node/inst/inst_mi_handler/gen_normal_area.gen_upsizer.inst_upsizer/inst_upsizer_target_pipeline/gen_pipe[1].pipe_reg[1][20]'
INFO: [Synth 8-3333] propagating constant 0 across sequential element (\s00_nodes/s00_w_node/inst /\inst_mi_handler/gen_normal_area.gen_upsizer.inst_upsizer/inst_upsizer_target_pipeline/gen_pipe[1].pipe_reg[1][20] )
INFO: [Synth 8-3886] merging instance 'switchboards/w_switchboard/inst/gen_mi[3].inst_opipe_payld/gen_pipe[1].pipe_reg[1][0]' (FDRE) to 'switchboards/w_switchboard/inst/gen_mi[2].inst_opipe_payld/gen_pipe[1].pipe_reg[1][0]'
INFO: [Synth 8-3886] merging instance 'switchboards/w_switchboard/inst/gen_mi[3].inst_opipe_payld/gen_pipe[1].pipe_reg[1][1]' (FDRE) to 'switchboards/w_switchboard/inst/gen_mi[2].inst_opipe_payld/gen_pipe[1].pipe_reg[1][1]'
INFO: [Synth 8-3886] merging instance 'switchboards/w_switchboard/inst/gen_mi[3].inst_opipe_payld/gen_pipe[1].pipe_reg[1][2]' (FDRE) to 'switchboards/w_switchboard/inst/gen_mi[2].inst_opipe_payld/gen_pipe[1].pipe_reg[1][2]'
INFO: [Synth 8-3886] merging instance 'switchboards/w_switchboard/inst/gen_mi[3].inst_opipe_payld/gen_pipe[1].pipe_reg[1][3]' (FDRE) to 'switchboards/w_switchboard/inst/gen_mi[2].inst_opipe_payld/gen_pipe[1].pipe_reg[1][3]'
INFO: [Synth 8-3886] merging instance 'switchboards/w_switchboard/inst/gen_mi[3].inst_opipe_payld/gen_pipe[1].pipe_reg[1][4]' (FDRE) to 'switchboards/w_switchboard/inst/gen_mi[2].inst_opipe_payld/gen_pipe[1].pipe_reg[1][4]'
INFO: [Synth 8-3886] merging instance 'switchboards/w_switchboard/inst/gen_mi[3].inst_opipe_payld/gen_pipe[1].pipe_reg[1][5]' (FDRE) to 'switchboards/w_switchboard/inst/gen_mi[2].inst_opipe_payld/gen_pipe[1].pipe_reg[1][5]'
INFO: [Synth 8-3886] merging instance 'switchboards/w_switchboard/inst/gen_mi[3].inst_opipe_payld/gen_pipe[1].pipe_reg[1][6]' (FDRE) to 'switchboards/w_switchboard/inst/gen_mi[2].inst_opipe_payld/gen_pipe[1].pipe_reg[1][6]'
INFO: [Synth 8-3886] merging instance 'switchboards/w_switchboard/inst/gen_mi[3].inst_opipe_payld/gen_pipe[1].pipe_reg[1][7]' (FDRE) to 'switchboards/w_switchboard/inst/gen_mi[2].inst_opipe_payld/gen_pipe[1].pipe_reg[1][7]'
INFO: [Synth 8-3886] merging instance 'switchboards/w_switchboard/inst/gen_mi[3].inst_opipe_payld/gen_pipe[1].pipe_reg[1][8]' (FDRE) to 'switchboards/w_switchboard/inst/gen_mi[2].inst_opipe_payld/gen_pipe[1].pipe_reg[1][8]'
INFO: [Synth 8-3886] merging instance 'switchboards/w_switchboard/inst/gen_mi[3].inst_opipe_payld/gen_pipe[1].pipe_reg[1][9]' (FDRE) to 'switchboards/w_switchboard/inst/gen_mi[2].inst_opipe_payld/gen_pipe[1].pipe_reg[1][9]'
INFO: [Synth 8-3886] merging instance 'switchboards/w_switchboard/inst/gen_mi[3].inst_opipe_payld/gen_pipe[1].pipe_reg[1][10]' (FDRE) to 'switchboards/w_switchboard/inst/gen_mi[2].inst_opipe_payld/gen_pipe[1].pipe_reg[1][10]'
INFO: [Synth 8-3886] merging instance 'switchboards/w_switchboard/inst/gen_mi[3].inst_opipe_payld/gen_pipe[1].pipe_reg[1][11]' (FDRE) to 'switchboards/w_switchboard/inst/gen_mi[2].inst_opipe_payld/gen_pipe[1].pipe_reg[1][11]'
INFO: [Synth 8-3886] merging instance 'switchboards/w_switchboard/inst/gen_mi[3].inst_opipe_payld/gen_pipe[1].pipe_reg[1][12]' (FDRE) to 'switchboards/w_switchboard/inst/gen_mi[2].inst_opipe_payld/gen_pipe[1].pipe_reg[1][12]'
INFO: [Synth 8-3886] merging instance 'switchboards/w_switchboard/inst/gen_mi[3].inst_opipe_payld/gen_pipe[1].pipe_reg[1][13]' (FDRE) to 'switchboards/w_switchboard/inst/gen_mi[2].inst_opipe_payld/gen_pipe[1].pipe_reg[1][13]'
INFO: [Synth 8-3886] merging instance 'switchboards/w_switchboard/inst/gen_mi[3].inst_opipe_payld/gen_pipe[1].pipe_reg[1][14]' (FDRE) to 'switchboards/w_switchboard/inst/gen_mi[2].inst_opipe_payld/gen_pipe[1].pipe_reg[1][14]'
INFO: [Synth 8-3886] merging instance 'switchboards/w_switchboard/inst/gen_mi[3].inst_opipe_payld/gen_pipe[1].pipe_reg[1][15]' (FDRE) to 'switchboards/w_switchboard/inst/gen_mi[2].inst_opipe_payld/gen_pipe[1].pipe_reg[1][15]'
INFO: [Synth 8-3886] merging instance 'switchboards/w_switchboard/inst/gen_mi[3].inst_opipe_payld/gen_pipe[1].pipe_reg[1][16]' (FDRE) to 'switchboards/w_switchboard/inst/gen_mi[2].inst_opipe_payld/gen_pipe[1].pipe_reg[1][16]'
INFO: [Synth 8-3886] merging instance 'switchboards/w_switchboard/inst/gen_mi[3].inst_opipe_payld/gen_pipe[1].pipe_reg[1][17]' (FDRE) to 'switchboards/w_switchboard/inst/gen_mi[2].inst_opipe_payld/gen_pipe[1].pipe_reg[1][17]'
INFO: [Synth 8-3886] merging instance 'switchboards/w_switchboard/inst/gen_mi[3].inst_opipe_payld/gen_pipe[1].pipe_reg[1][18]' (FDRE) to 'switchboards/w_switchboard/inst/gen_mi[2].inst_opipe_payld/gen_pipe[1].pipe_reg[1][18]'
INFO: [Synth 8-3886] merging instance 'switchboards/w_switchboard/inst/gen_mi[3].inst_opipe_payld/gen_pipe[1].pipe_reg[1][19]' (FDRE) to 'switchboards/w_switchboard/inst/gen_mi[2].inst_opipe_payld/gen_pipe[1].pipe_reg[1][19]'
INFO: [Synth 8-3886] merging instance 'switchboards/w_switchboard/inst/gen_mi[3].inst_opipe_payld/gen_pipe[1].pipe_reg[1][20]' (FDRE) to 'switchboards/w_switchboard/inst/gen_mi[2].inst_opipe_payld/gen_pipe[1].pipe_reg[1][20]'
INFO: [Synth 8-3886] merging instance 'switchboards/w_switchboard/inst/gen_mi[3].inst_opipe_payld/gen_pipe[1].pipe_reg[1][21]' (FDRE) to 'switchboards/w_switchboard/inst/gen_mi[2].inst_opipe_payld/gen_pipe[1].pipe_reg[1][21]'
INFO: [Synth 8-3886] merging instance 'switchboards/w_switchboard/inst/gen_mi[3].inst_opipe_payld/gen_pipe[1].pipe_reg[1][22]' (FDRE) to 'switchboards/w_switchboard/inst/gen_mi[2].inst_opipe_payld/gen_pipe[1].pipe_reg[1][22]'
INFO: [Synth 8-3886] merging instance 'switchboards/w_switchboard/inst/gen_mi[3].inst_opipe_payld/gen_pipe[1].pipe_reg[1][23]' (FDRE) to 'switchboards/w_switchboard/inst/gen_mi[2].inst_opipe_payld/gen_pipe[1].pipe_reg[1][23]'
INFO: [Synth 8-3886] merging instance 'switchboards/w_switchboard/inst/gen_mi[3].inst_opipe_payld/gen_pipe[1].pipe_reg[1][24]' (FDRE) to 'switchboards/w_switchboard/inst/gen_mi[2].inst_opipe_payld/gen_pipe[1].pipe_reg[1][24]'
INFO: [Synth 8-3886] merging instance 'switchboards/w_switchboard/inst/gen_mi[3].inst_opipe_payld/gen_pipe[1].pipe_reg[1][25]' (FDRE) to 'switchboards/w_switchboard/inst/gen_mi[2].inst_opipe_payld/gen_pipe[1].pipe_reg[1][25]'
INFO: [Synth 8-3886] merging instance 'switchboards/w_switchboard/inst/gen_mi[3].inst_opipe_payld/gen_pipe[1].pipe_reg[1][26]' (FDRE) to 'switchboards/w_switchboard/inst/gen_mi[2].inst_opipe_payld/gen_pipe[1].pipe_reg[1][26]'
INFO: [Synth 8-3886] merging instance 'switchboards/w_switchboard/inst/gen_mi[3].inst_opipe_payld/gen_pipe[1].pipe_reg[1][27]' (FDRE) to 'switchboards/w_switchboard/inst/gen_mi[2].inst_opipe_payld/gen_pipe[1].pipe_reg[1][27]'
INFO: [Synth 8-3886] merging instance 'switchboards/w_switchboard/inst/gen_mi[3].inst_opipe_payld/gen_pipe[1].pipe_reg[1][28]' (FDRE) to 'switchboards/w_switchboard/inst/gen_mi[2].inst_opipe_payld/gen_pipe[1].pipe_reg[1][28]'
INFO: [Synth 8-3886] merging instance 'switchboards/w_switchboard/inst/gen_mi[3].inst_opipe_payld/gen_pipe[1].pipe_reg[1][29]' (FDRE) to 'switchboards/w_switchboard/inst/gen_mi[2].inst_opipe_payld/gen_pipe[1].pipe_reg[1][29]'
INFO: [Synth 8-3886] merging instance 'switchboards/w_switchboard/inst/gen_mi[3].inst_opipe_payld/gen_pipe[1].pipe_reg[1][30]' (FDRE) to 'switchboards/w_switchboard/inst/gen_mi[2].inst_opipe_payld/gen_pipe[1].pipe_reg[1][30]'
INFO: [Synth 8-3886] merging instance 'switchboards/w_switchboard/inst/gen_mi[3].inst_opipe_payld/gen_pipe[1].pipe_reg[1][31]' (FDRE) to 'switchboards/w_switchboard/inst/gen_mi[2].inst_opipe_payld/gen_pipe[1].pipe_reg[1][31]'
INFO: [Synth 8-3886] merging instance 'switchboards/w_switchboard/inst/gen_mi[3].inst_opipe_payld/gen_pipe[1].pipe_reg[1][32]' (FDRE) to 'switchboards/w_switchboard/inst/gen_mi[2].inst_opipe_payld/gen_pipe[1].pipe_reg[1][32]'
INFO: [Synth 8-3886] merging instance 'switchboards/w_switchboard/inst/gen_mi[3].inst_opipe_payld/gen_pipe[1].pipe_reg[1][33]' (FDRE) to 'switchboards/w_switchboard/inst/gen_mi[2].inst_opipe_payld/gen_pipe[1].pipe_reg[1][33]'
INFO: [Synth 8-3886] merging instance 'switchboards/w_switchboard/inst/gen_mi[3].inst_opipe_payld/gen_pipe[1].pipe_reg[1][34]' (FDRE) to 'switchboards/w_switchboard/inst/gen_mi[2].inst_opipe_payld/gen_pipe[1].pipe_reg[1][34]'
INFO: [Synth 8-3886] merging instance 'switchboards/w_switchboard/inst/gen_mi[3].inst_opipe_payld/gen_pipe[1].pipe_reg[1][35]' (FDRE) to 'switchboards/w_switchboard/inst/gen_mi[2].inst_opipe_payld/gen_pipe[1].pipe_reg[1][35]'
INFO: [Synth 8-3886] merging instance 'switchboards/w_switchboard/inst/gen_mi[3].inst_opipe_payld/gen_pipe[1].pipe_reg[1][36]' (FDRE) to 'switchboards/w_switchboard/inst/gen_mi[2].inst_opipe_payld/gen_pipe[1].pipe_reg[1][36]'
INFO: [Synth 8-3886] merging instance 'switchboards/w_switchboard/inst/gen_mi[3].inst_opipe_payld/gen_pipe[1].pipe_reg[1][37]' (FDRE) to 'switchboards/w_switchboard/inst/gen_mi[2].inst_opipe_payld/gen_pipe[1].pipe_reg[1][37]'
INFO: [Synth 8-3886] merging instance 'switchboards/w_switchboard/inst/gen_mi[3].inst_opipe_payld/gen_pipe[1].pipe_reg[1][38]' (FDRE) to 'switchboards/w_switchboard/inst/gen_mi[2].inst_opipe_payld/gen_pipe[1].pipe_reg[1][38]'
INFO: [Synth 8-3886] merging instance 'switchboards/w_switchboard/inst/gen_mi[3].inst_opipe_payld/gen_pipe[1].pipe_reg[1][39]' (FDRE) to 'switchboards/w_switchboard/inst/gen_mi[2].inst_opipe_payld/gen_pipe[1].pipe_reg[1][39]'
INFO: [Synth 8-3886] merging instance 'switchboards/w_switchboard/inst/gen_mi[3].inst_opipe_payld/gen_pipe[1].pipe_reg[1][40]' (FDRE) to 'switchboards/w_switchboard/inst/gen_mi[2].inst_opipe_payld/gen_pipe[1].pipe_reg[1][40]'
INFO: [Synth 8-3886] merging instance 'switchboards/w_switchboard/inst/gen_mi[3].inst_opipe_payld/gen_pipe[1].pipe_reg[1][41]' (FDRE) to 'switchboards/w_switchboard/inst/gen_mi[2].inst_opipe_payld/gen_pipe[1].pipe_reg[1][41]'
INFO: [Synth 8-3886] merging instance 'switchboards/w_switchboard/inst/gen_mi[3].inst_opipe_payld/gen_pipe[1].pipe_reg[1][42]' (FDRE) to 'switchboards/w_switchboard/inst/gen_mi[2].inst_opipe_payld/gen_pipe[1].pipe_reg[1][42]'
INFO: [Synth 8-3886] merging instance 'switchboards/w_switchboard/inst/gen_mi[3].inst_opipe_payld/gen_pipe[1].pipe_reg[1][43]' (FDRE) to 'switchboards/w_switchboard/inst/gen_mi[2].inst_opipe_payld/gen_pipe[1].pipe_reg[1][43]'
INFO: [Synth 8-3886] merging instance 'switchboards/w_switchboard/inst/gen_mi[3].inst_opipe_payld/gen_pipe[1].pipe_reg[1][44]' (FDRE) to 'switchboards/w_switchboard/inst/gen_mi[2].inst_opipe_payld/gen_pipe[1].pipe_reg[1][44]'
INFO: [Synth 8-3886] merging instance 'switchboards/w_switchboard/inst/gen_mi[3].inst_opipe_payld/gen_pipe[1].pipe_reg[1][45]' (FDRE) to 'switchboards/w_switchboard/inst/gen_mi[2].inst_opipe_payld/gen_pipe[1].pipe_reg[1][45]'
INFO: [Synth 8-3886] merging instance 'switchboards/w_switchboard/inst/gen_mi[3].inst_opipe_payld/gen_pipe[1].pipe_reg[1][46]' (FDRE) to 'switchboards/w_switchboard/inst/gen_mi[2].inst_opipe_payld/gen_pipe[1].pipe_reg[1][46]'
INFO: [Synth 8-3886] merging instance 'switchboards/w_switchboard/inst/gen_mi[3].inst_opipe_payld/gen_pipe[1].pipe_reg[1][47]' (FDRE) to 'switchboards/w_switchboard/inst/gen_mi[2].inst_opipe_payld/gen_pipe[1].pipe_reg[1][47]'
INFO: [Synth 8-3886] merging instance 'switchboards/w_switchboard/inst/gen_mi[3].inst_opipe_payld/gen_pipe[1].pipe_reg[1][48]' (FDRE) to 'switchboards/w_switchboard/inst/gen_mi[2].inst_opipe_payld/gen_pipe[1].pipe_reg[1][48]'
INFO: [Synth 8-3886] merging instance 'switchboards/w_switchboard/inst/gen_mi[3].inst_opipe_payld/gen_pipe[1].pipe_reg[1][49]' (FDRE) to 'switchboards/w_switchboard/inst/gen_mi[2].inst_opipe_payld/gen_pipe[1].pipe_reg[1][49]'
INFO: [Synth 8-3886] merging instance 'switchboards/w_switchboard/inst/gen_mi[3].inst_opipe_payld/gen_pipe[1].pipe_reg[1][50]' (FDRE) to 'switchboards/w_switchboard/inst/gen_mi[2].inst_opipe_payld/gen_pipe[1].pipe_reg[1][50]'
INFO: [Synth 8-3886] merging instance 'switchboards/w_switchboard/inst/gen_mi[3].inst_opipe_payld/gen_pipe[1].pipe_reg[1][51]' (FDRE) to 'switchboards/w_switchboard/inst/gen_mi[2].inst_opipe_payld/gen_pipe[1].pipe_reg[1][51]'
INFO: [Synth 8-3886] merging instance 'switchboards/w_switchboard/inst/gen_mi[3].inst_opipe_payld/gen_pipe[1].pipe_reg[1][52]' (FDRE) to 'switchboards/w_switchboard/inst/gen_mi[2].inst_opipe_payld/gen_pipe[1].pipe_reg[1][52]'
INFO: [Synth 8-3886] merging instance 'switchboards/w_switchboard/inst/gen_mi[3].inst_opipe_payld/gen_pipe[1].pipe_reg[1][53]' (FDRE) to 'switchboards/w_switchboard/inst/gen_mi[2].inst_opipe_payld/gen_pipe[1].pipe_reg[1][53]'
INFO: [Synth 8-3886] merging instance 'switchboards/w_switchboard/inst/gen_mi[3].inst_opipe_payld/gen_pipe[1].pipe_reg[1][54]' (FDRE) to 'switchboards/w_switchboard/inst/gen_mi[2].inst_opipe_payld/gen_pipe[1].pipe_reg[1][54]'
INFO: [Synth 8-3886] merging instance 'switchboards/w_switchboard/inst/gen_mi[3].inst_opipe_payld/gen_pipe[1].pipe_reg[1][55]' (FDRE) to 'switchboards/w_switchboard/inst/gen_mi[2].inst_opipe_payld/gen_pipe[1].pipe_reg[1][55]'
INFO: [Synth 8-3886] merging instance 'switchboards/w_switchboard/inst/gen_mi[3].inst_opipe_payld/gen_pipe[1].pipe_reg[1][56]' (FDRE) to 'switchboards/w_switchboard/inst/gen_mi[2].inst_opipe_payld/gen_pipe[1].pipe_reg[1][56]'
INFO: [Synth 8-3886] merging instance 'switchboards/w_switchboard/inst/gen_mi[3].inst_opipe_payld/gen_pipe[1].pipe_reg[1][57]' (FDRE) to 'switchboards/w_switchboard/inst/gen_mi[2].inst_opipe_payld/gen_pipe[1].pipe_reg[1][57]'
INFO: [Synth 8-3886] merging instance 'switchboards/w_switchboard/inst/gen_mi[3].inst_opipe_payld/gen_pipe[1].pipe_reg[1][58]' (FDRE) to 'switchboards/w_switchboard/inst/gen_mi[2].inst_opipe_payld/gen_pipe[1].pipe_reg[1][58]'
INFO: [Synth 8-3886] merging instance 'switchboards/w_switchboard/inst/gen_mi[3].inst_opipe_payld/gen_pipe[1].pipe_reg[1][59]' (FDRE) to 'switchboards/w_switchboard/inst/gen_mi[2].inst_opipe_payld/gen_pipe[1].pipe_reg[1][59]'
INFO: [Synth 8-3886] merging instance 'switchboards/w_switchboard/inst/gen_mi[3].inst_opipe_payld/gen_pipe[1].pipe_reg[1][60]' (FDRE) to 'switchboards/w_switchboard/inst/gen_mi[2].inst_opipe_payld/gen_pipe[1].pipe_reg[1][60]'
INFO: [Synth 8-3886] merging instance 'switchboards/w_switchboard/inst/gen_mi[3].inst_opipe_payld/gen_pipe[1].pipe_reg[1][61]' (FDRE) to 'switchboards/w_switchboard/inst/gen_mi[2].inst_opipe_payld/gen_pipe[1].pipe_reg[1][61]'
INFO: [Synth 8-3886] merging instance 'switchboards/w_switchboard/inst/gen_mi[3].inst_opipe_payld/gen_pipe[1].pipe_reg[1][62]' (FDRE) to 'switchboards/w_switchboard/inst/gen_mi[2].inst_opipe_payld/gen_pipe[1].pipe_reg[1][62]'
INFO: [Synth 8-3886] merging instance 'switchboards/w_switchboard/inst/gen_mi[3].inst_opipe_payld/gen_pipe[1].pipe_reg[1][63]' (FDRE) to 'switchboards/w_switchboard/inst/gen_mi[2].inst_opipe_payld/gen_pipe[1].pipe_reg[1][63]'
INFO: [Synth 8-3886] merging instance 'switchboards/w_switchboard/inst/gen_mi[3].inst_opipe_payld/gen_pipe[1].pipe_reg[1][64]' (FDRE) to 'switchboards/w_switchboard/inst/gen_mi[2].inst_opipe_payld/gen_pipe[1].pipe_reg[1][64]'
INFO: [Synth 8-3886] merging instance 'switchboards/w_switchboard/inst/gen_mi[3].inst_opipe_payld/gen_pipe[1].pipe_reg[1][65]' (FDRE) to 'switchboards/w_switchboard/inst/gen_mi[2].inst_opipe_payld/gen_pipe[1].pipe_reg[1][65]'
INFO: [Synth 8-3886] merging instance 'switchboards/w_switchboard/inst/gen_mi[3].inst_opipe_payld/gen_pipe[1].pipe_reg[1][66]' (FDRE) to 'switchboards/w_switchboard/inst/gen_mi[2].inst_opipe_payld/gen_pipe[1].pipe_reg[1][66]'
INFO: [Synth 8-3886] merging instance 'switchboards/w_switchboard/inst/gen_mi[3].inst_opipe_payld/gen_pipe[1].pipe_reg[1][67]' (FDRE) to 'switchboards/w_switchboard/inst/gen_mi[2].inst_opipe_payld/gen_pipe[1].pipe_reg[1][67]'
INFO: [Synth 8-3886] merging instance 'switchboards/w_switchboard/inst/gen_mi[3].inst_opipe_payld/gen_pipe[1].pipe_reg[1][68]' (FDRE) to 'switchboards/w_switchboard/inst/gen_mi[2].inst_opipe_payld/gen_pipe[1].pipe_reg[1][68]'
INFO: [Synth 8-3886] merging instance 'switchboards/w_switchboard/inst/gen_mi[3].inst_opipe_payld/gen_pipe[1].pipe_reg[1][69]' (FDRE) to 'switchboards/w_switchboard/inst/gen_mi[2].inst_opipe_payld/gen_pipe[1].pipe_reg[1][69]'
INFO: [Synth 8-3886] merging instance 'switchboards/w_switchboard/inst/gen_mi[3].inst_opipe_payld/gen_pipe[1].pipe_reg[1][70]' (FDRE) to 'switchboards/w_switchboard/inst/gen_mi[2].inst_opipe_payld/gen_pipe[1].pipe_reg[1][70]'
INFO: [Synth 8-3886] merging instance 'switchboards/w_switchboard/inst/gen_mi[3].inst_opipe_payld/gen_pipe[1].pipe_reg[1][71]' (FDRE) to 'switchboards/w_switchboard/inst/gen_mi[2].inst_opipe_payld/gen_pipe[1].pipe_reg[1][71]'
INFO: [Synth 8-3886] merging instance 'switchboards/w_switchboard/inst/gen_mi[3].inst_opipe_payld/gen_pipe[1].pipe_reg[1][72]' (FDRE) to 'switchboards/w_switchboard/inst/gen_mi[2].inst_opipe_payld/gen_pipe[1].pipe_reg[1][72]'
INFO: [Synth 8-3886] merging instance 'switchboards/w_switchboard/inst/gen_mi[3].inst_opipe_payld/gen_pipe[1].pipe_reg[1][73]' (FDRE) to 'switchboards/w_switchboard/inst/gen_mi[2].inst_opipe_payld/gen_pipe[1].pipe_reg[1][73]'
INFO: [Synth 8-3886] merging instance 'switchboards/w_switchboard/inst/gen_mi[3].inst_opipe_payld/gen_pipe[1].pipe_reg[1][74]' (FDRE) to 'switchboards/w_switchboard/inst/gen_mi[2].inst_opipe_payld/gen_pipe[1].pipe_reg[1][74]'
INFO: [Synth 8-3886] merging instance 'switchboards/w_switchboard/inst/gen_mi[3].inst_opipe_payld/gen_pipe[1].pipe_reg[1][75]' (FDRE) to 'switchboards/w_switchboard/inst/gen_mi[2].inst_opipe_payld/gen_pipe[1].pipe_reg[1][75]'
INFO: [Common 17-14] Message 'Synth 8-3886' appears 100 times and further instances of the messages will be disabled. Use the Tcl command set_msg_config to change the current settings.
