#-----------------------------------------------------------
# Vivado v2019.2 (64-bit)
# SW Build 2708876 on Wed Nov  6 21:39:14 MST 2019
# IP Build 2700528 on Thu Nov  7 00:09:20 MST 2019
# Start of session at: Mon Feb  8 18:15:15 2021
# Process ID: 21181
# Current directory: /home/rsaradhy/Work/trenz/vivado
# Command line: vivado project_2_bram/project_2_bram.xpr
# Log file: /home/rsaradhy/Work/trenz/vivado/vivado.log
# Journal file: /home/rsaradhy/Work/trenz/vivado/vivado.jou
#-----------------------------------------------------------
start_gui
open_project project_2_bram/project_2_bram.xpr
Scanning sources...
Finished scanning sources
INFO: [IP_Flow 19-234] Refreshing IP repositories
INFO: [IP_Flow 19-1704] No user IP repositories specified
INFO: [IP_Flow 19-2313] Loaded Vivado IP repository '/home/rsaradhy/Software/Vivado/Vivado/2019.2/data/ip'.
open_project: Time (s): cpu = 00:00:23 ; elapsed = 00:00:13 . Memory (MB): peak = 6645.840 ; gain = 140.301 ; free physical = 1915 ; free virtual = 7046
open_bd_design {/home/rsaradhy/Work/trenz/vivado/project_2_bram/project_2_bram.srcs/sources_1/bd/design_1/design_1.bd}
Adding component instance block -- xilinx.com:ip:zynq_ultra_ps_e:3.3 - zynq_ultra_ps_e_0
Adding component instance block -- xilinx.com:ip:smartconnect:1.0 - axi_smc
Adding component instance block -- xilinx.com:ip:proc_sys_reset:5.0 - rst_ps8_0_200M
Adding component instance block -- xilinx.com:ip:axi_gpio:2.0 - axi_gpio_0
Adding component instance block -- xilinx.com:ip:axi_bram_ctrl:4.1 - axi_bram_ctrl_0
Adding component instance block -- xilinx.com:ip:blk_mem_gen:8.4 - axi_bram_ctrl_0_bram
Adding component instance block -- xilinx.com:ip:axi_bram_ctrl:4.1 - axi_bram_ctrl_1
Adding component instance block -- xilinx.com:ip:blk_mem_gen:8.4 - axi_bram_ctrl_0_bram1
Adding component instance block -- xilinx.com:ip:blk_mem_gen:8.4 - axi_bram_ctrl_0_bram2
Adding component instance block -- xilinx.com:ip:axi_bram_ctrl:4.1 - axi_bram_ctrl_2
Successfully read diagram <design_1> from BD file </home/rsaradhy/Work/trenz/vivado/project_2_bram/project_2_bram.srcs/sources_1/bd/design_1/design_1.bd>
open_bd_design: Time (s): cpu = 00:00:17 ; elapsed = 00:00:09 . Memory (MB): peak = 6918.262 ; gain = 0.000 ; free physical = 1578 ; free virtual = 6788
exit
INFO: [Common 17-206] Exiting Vivado at Mon Feb  8 18:22:00 2021...
