#-----------------------------------------------------------
# Vivado v2019.2 (64-bit)
# SW Build 2708876 on Wed Nov  6 21:39:14 MST 2019
# IP Build 2700528 on Thu Nov  7 00:09:20 MST 2019
# Start of session at: Mon Sep 14 02:27:04 2020
# Process ID: 3248
# Current directory: /home/rsaradhy/Work/trenz/vivado
# Command line: vivado project_2_bram/
# Log file: /home/rsaradhy/Work/trenz/vivado/vivado.log
# Journal file: /home/rsaradhy/Work/trenz/vivado/vivado.jou
#-----------------------------------------------------------
start_gui
open_project /home/rsaradhy/Work/trenz/vivado/project_2_bram/project_2_bram.xpr
Scanning sources...
Finished scanning sources
INFO: [IP_Flow 19-234] Refreshing IP repositories
INFO: [IP_Flow 19-1704] No user IP repositories specified
INFO: [IP_Flow 19-2313] Loaded Vivado IP repository '/home/rsaradhy/Software/Xilinx/Vivado/2019.2/data/ip'.
open_project: Time (s): cpu = 00:00:11 ; elapsed = 00:00:08 . Memory (MB): peak = 6593.500 ; gain = 109.086 ; free physical = 28600 ; free virtual = 32828
update_compile_order -fileset sources_1
open_bd_design {/home/rsaradhy/Work/trenz/vivado/project_2_bram/project_2_bram.srcs/sources_1/bd/design_1/design_1.bd}
Adding component instance block -- xilinx.com:ip:zynq_ultra_ps_e:3.3 - zynq_ultra_ps_e_0
Adding component instance block -- xilinx.com:ip:smartconnect:1.0 - axi_smc
Adding component instance block -- xilinx.com:ip:proc_sys_reset:5.0 - rst_ps8_0_200M
Adding component instance block -- xilinx.com:ip:axi_bram_ctrl:4.1 - axi_bram_ctrl_0
Adding component instance block -- xilinx.com:ip:blk_mem_gen:8.4 - axi_bram_ctrl_0_bram
Successfully read diagram <design_1> from BD file </home/rsaradhy/Work/trenz/vivado/project_2_bram/project_2_bram.srcs/sources_1/bd/design_1/design_1.bd>
delete_bd_objs [get_bd_intf_nets axi_smc_M00_AXI] [get_bd_intf_nets axi_bram_ctrl_0_BRAM_PORTA] [get_bd_cells axi_bram_ctrl_0]
delete_bd_objs [get_bd_intf_nets BRAM_PORTB_0_1] [get_bd_cells axi_bram_ctrl_0_bram]
delete_bd_objs [get_bd_intf_ports BRAM_PORTB_0]
startgroup
create_bd_cell -type ip -vlnv xilinx.com:ip:blk_mem_gen:8.4 blk_mem_gen_0
endgroup
WARNING: [IP_Flow 19-4067] Ignoring invalid widget type specified checkbox.Providing a default widget
WARNING: [IP_Flow 19-4067] Ignoring invalid widget type specified checkbox.Providing a default widget
startgroup
create_bd_cell -type ip -vlnv xilinx.com:ip:axi_gpio:2.0 axi_gpio_0
endgroup
startgroup
apply_bd_automation -rule xilinx.com:bd_rule:board -config { Manual_Source {Auto}}  [get_bd_intf_pins axi_gpio_0/GPIO]
INFO: [board_rule 100-100] create_bd_intf_port -mode Master -vlnv xilinx.com:interface:gpio_rtl:1.0 gpio_rtl
INFO: [board_rule 100-100] connect_bd_intf_net /gpio_rtl /axi_gpio_0/GPIO
WARNING: [board_rule 100-100] Board automation did not generate location constraint for /axi_gpio_0/GPIO. Users may need to specify the location constraint manually.
apply_bd_automation -rule xilinx.com:bd_rule:axi4 -config { Clk_master {/zynq_ultra_ps_e_0/pl_clk0 (300 MHz)} Clk_slave {Auto} Clk_xbar {/zynq_ultra_ps_e_0/pl_clk0 (300 MHz)} Master {/zynq_ultra_ps_e_0/M_AXI_HPM0_LPD} Slave {/axi_gpio_0/S_AXI} ddr_seg {Auto} intc_ip {/axi_smc} master_apm {0}}  [get_bd_intf_pins axi_gpio_0/S_AXI]
Slave segment </axi_gpio_0/S_AXI/Reg> is being mapped into address space </zynq_ultra_ps_e_0/Data> at <0x8000_0000 [ 64K ]>
endgroup
set_property location {3 1041 386} [get_bd_cells axi_gpio_0]
delete_bd_objs [get_bd_intf_nets axi_gpio_0_GPIO] [get_bd_intf_ports gpio_rtl]
INFO: [Ipptcl 7-1463] No Compatible Board Interface found. Board Tab not created in customize GUI
INFO: [Ipptcl 7-1463] No Compatible Board Interface found. Board Tab not created in customize GUI
startgroup
make_bd_intf_pins_external  [get_bd_intf_pins axi_gpio_0/GPIO]
endgroup
WARNING: [IP_Flow 19-4067] Ignoring invalid widget type specified checkbox.Providing a default widget
WARNING: [IP_Flow 19-4067] Ignoring invalid widget type specified checkbox.Providing a default widget
set_property -dict [list CONFIG.Memory_Type {True_Dual_Port_RAM} CONFIG.Enable_32bit_Address {false} CONFIG.Use_Byte_Write_Enable {false} CONFIG.Byte_Size {9} CONFIG.Write_Width_B {256} CONFIG.Read_Width_B {256} CONFIG.Enable_B {Use_ENB_Pin} CONFIG.Register_PortA_Output_of_Memory_Primitives {true} CONFIG.Register_PortB_Output_of_Memory_Primitives {true} CONFIG.Use_RSTA_Pin {false} CONFIG.Use_RSTB_Pin {false} CONFIG.Port_B_Clock {100} CONFIG.Port_B_Write_Rate {50} CONFIG.Port_B_Enable_Rate {100} CONFIG.use_bram_block {Stand_Alone} CONFIG.EN_SAFETY_CKT {false}] [get_bd_cells blk_mem_gen_0]
WARNING: [IP_Flow 19-4067] Ignoring invalid widget type specified checkbox.Providing a default widget
WARNING: [IP_Flow 19-4067] Ignoring invalid widget type specified checkbox.Providing a default widget
set_property -dict [list CONFIG.Enable_32bit_Address {true} CONFIG.Use_Byte_Write_Enable {true} CONFIG.Byte_Size {8} CONFIG.Write_Width_A {256} CONFIG.Write_Depth_A {1024} CONFIG.Read_Width_A {256} CONFIG.Write_Width_B {256} CONFIG.Read_Width_B {256} CONFIG.Register_PortA_Output_of_Memory_Primitives {false} CONFIG.Register_PortB_Output_of_Memory_Primitives {false} CONFIG.Use_RSTA_Pin {true} CONFIG.Use_RSTB_Pin {true} CONFIG.use_bram_block {BRAM_Controller} CONFIG.EN_SAFETY_CKT {true}] [get_bd_cells blk_mem_gen_0]
startgroup
create_bd_cell -type ip -vlnv xilinx.com:ip:axi_bram_ctrl:4.1 axi_bram_ctrl_0
INFO: [xilinx.com:ip:axi_bram_ctrl:4.1-2] design_1_axi_bram_ctrl_0_9: In IP Integrator, please note that memory depth value gets calculated based on the Data Width of the IP and Address range selected in the Address Editor.Incase a validation error occured on the range of this parameter, please check if the selected Data width and the Address Range are valid. For valid Data width and memory depth values, please refer to the AXI BRAM Controller Product Guide.
INFO: [xilinx.com:ip:axi_bram_ctrl:4.1-1] design_1_axi_bram_ctrl_0_9: In IP Integrator, The Maximum address range supported is 2G. Selecting the address range more than 2G in the address editor may resets the value of Memory depth to default value (1024). please refer to the AXI BRAM Controller Product Guide.
endgroup
WARNING: [IP_Flow 19-465] param 'READ_LATENCY' already exists. Ignoring.
WARNING: [IP_Flow 19-465] param 'RD_CMD_OPTIMIZATION' already exists. Ignoring.
set_property -dict [list CONFIG.SINGLE_PORT_BRAM {1}] [get_bd_cells axi_bram_ctrl_0]
set_property location {2 425 226} [get_bd_cells axi_bram_ctrl_0]
connect_bd_intf_net [get_bd_intf_pins axi_bram_ctrl_0/BRAM_PORTA] [get_bd_intf_pins blk_mem_gen_0/BRAM_PORTA]
apply_bd_automation -rule xilinx.com:bd_rule:axi4 -config { Clk_master {/zynq_ultra_ps_e_0/pl_clk0 (300 MHz)} Clk_slave {Auto} Clk_xbar {/zynq_ultra_ps_e_0/pl_clk0 (300 MHz)} Master {/zynq_ultra_ps_e_0/M_AXI_HPM0_LPD} Slave {/axi_bram_ctrl_0/S_AXI} ddr_seg {Auto} intc_ip {/axi_smc} master_apm {0}}  [get_bd_intf_pins axi_bram_ctrl_0/S_AXI]
Slave segment </axi_bram_ctrl_0/S_AXI/Mem0> is being mapped into address space </zynq_ultra_ps_e_0/Data> at <0x8200_0000 [ 8K ]>
startgroup
make_bd_intf_pins_external  [get_bd_intf_pins blk_mem_gen_0/BRAM_PORTB]
endgroup
validate_bd_design
WARNING: [BD 41-702] Propagation TCL tries to overwrite USER strength parameter WRITE_WIDTH_A(256) on '/blk_mem_gen_0' with propagated value(32). Command ignored
WARNING: [BD 41-702] Propagation TCL tries to overwrite USER strength parameter READ_WIDTH_A(256) on '/blk_mem_gen_0' with propagated value(32). Command ignored
WARNING: [BD 41-702] Propagation TCL tries to overwrite USER strength parameter WRITE_WIDTH_B(256) on '/blk_mem_gen_0' with propagated value(32). Command ignored
WARNING: [BD 41-702] Propagation TCL tries to overwrite USER strength parameter READ_WIDTH_B(256) on '/blk_mem_gen_0' with propagated value(32). Command ignored
INFO: [Ipptcl 7-1463] No Compatible Board Interface found. Board Tab not created in customize GUI
WARNING: [BD 41-2180] Resetting the memory initialization file of </blk_mem_gen_0> to default.
WARNING: [BD 41-237] Bus Interface property AWUSER_WIDTH does not match between /axi_bram_ctrl_0/S_AXI(0) and /axi_smc/M01_AXI(16)
WARNING: [BD 41-237] Bus Interface property ARUSER_WIDTH does not match between /axi_bram_ctrl_0/S_AXI(0) and /axi_smc/M01_AXI(16)
WARNING: [IP_Flow 19-465] param 'READ_LATENCY' already exists. Ignoring.
WARNING: [IP_Flow 19-465] param 'RD_CMD_OPTIMIZATION' already exists. Ignoring.
WARNING: [IP_Flow 19-4067] Ignoring invalid widget type specified checkbox.Providing a default widget
WARNING: [IP_Flow 19-4067] Ignoring invalid widget type specified checkbox.Providing a default widget
startgroup
endgroup
WARNING: [IP_Flow 19-465] param 'READ_LATENCY' already exists. Ignoring.
WARNING: [IP_Flow 19-465] param 'RD_CMD_OPTIMIZATION' already exists. Ignoring.
INFO: [xilinx.com:ip:axi_bram_ctrl:4.1-2] design_1_axi_bram_ctrl_0_9: In IP Integrator, please note that memory depth value gets calculated based on the Data Width of the IP and Address range selected in the Address Editor.Incase a validation error occured on the range of this parameter, please check if the selected Data width and the Address Range are valid. For valid Data width and memory depth values, please refer to the AXI BRAM Controller Product Guide.
INFO: [xilinx.com:ip:axi_bram_ctrl:4.1-1] design_1_axi_bram_ctrl_0_9: In IP Integrator, The Maximum address range supported is 2G. Selecting the address range more than 2G in the address editor may resets the value of Memory depth to default value (1024). please refer to the AXI BRAM Controller Product Guide.
startgroup
set_property -dict [list CONFIG.DATA_WIDTH {256} CONFIG.ECC_TYPE {0}] [get_bd_cells axi_bram_ctrl_0]
INFO: [xilinx.com:ip:axi_bram_ctrl:4.1-2] design_1_axi_bram_ctrl_0_9: In IP Integrator, please note that memory depth value gets calculated based on the Data Width of the IP and Address range selected in the Address Editor.Incase a validation error occured on the range of this parameter, please check if the selected Data width and the Address Range are valid. For valid Data width and memory depth values, please refer to the AXI BRAM Controller Product Guide.
INFO: [xilinx.com:ip:axi_bram_ctrl:4.1-1] design_1_axi_bram_ctrl_0_9: In IP Integrator, The Maximum address range supported is 2G. Selecting the address range more than 2G in the address editor may resets the value of Memory depth to default value (1024). please refer to the AXI BRAM Controller Product Guide.
endgroup
validate_bd_design
WARNING: [BD 41-702] Propagation TCL tries to overwrite USER strength parameter WRITE_WIDTH_B(256) on '/blk_mem_gen_0' with propagated value(32). Command ignored
WARNING: [BD 41-702] Propagation TCL tries to overwrite USER strength parameter READ_WIDTH_B(256) on '/blk_mem_gen_0' with propagated value(32). Command ignored
INFO: [Ipptcl 7-1463] No Compatible Board Interface found. Board Tab not created in customize GUI
WARNING: [BD 41-2180] Resetting the memory initialization file of </blk_mem_gen_0> to default.
WARNING: [BD 41-237] Bus Interface property AWUSER_WIDTH does not match between /axi_bram_ctrl_0/S_AXI(0) and /axi_smc/M01_AXI(16)
WARNING: [BD 41-237] Bus Interface property ARUSER_WIDTH does not match between /axi_bram_ctrl_0/S_AXI(0) and /axi_smc/M01_AXI(16)
WARNING: [IP_Flow 19-4067] Ignoring invalid widget type specified checkbox.Providing a default widget
WARNING: [IP_Flow 19-4067] Ignoring invalid widget type specified checkbox.Providing a default widget
startgroup
endgroup
WARNING: [IP_Flow 19-465] param 'READ_LATENCY' already exists. Ignoring.
WARNING: [IP_Flow 19-465] param 'RD_CMD_OPTIMIZATION' already exists. Ignoring.
startgroup
endgroup
WARNING: [IP_Flow 19-465] param 'READ_LATENCY' already exists. Ignoring.
WARNING: [IP_Flow 19-465] param 'RD_CMD_OPTIMIZATION' already exists. Ignoring.
startgroup
endgroup
make_wrapper -files [get_files /home/rsaradhy/Work/trenz/vivado/project_2_bram/project_2_bram.srcs/sources_1/bd/design_1/design_1.bd] -top
INFO: [BD 41-1662] The design 'design_1.bd' is already validated. Therefore parameter propagation will not be re-run.
WARNING: [BD 41-2180] Resetting the memory initialization file of </blk_mem_gen_0> to default.
Wrote  : </home/rsaradhy/Work/trenz/vivado/project_2_bram/project_2_bram.srcs/sources_1/bd/design_1/design_1.bd> 
Wrote  : </home/rsaradhy/Work/trenz/vivado/project_2_bram/project_2_bram.srcs/sources_1/bd/design_1/ui/bd_1f5defd0.ui> 
WARNING: [BD 41-235] Width mismatch when connecting pin: '/blk_mem_gen_0/addra'(32) to net 'axi_bram_ctrl_0_BRAM_PORTA_ADDR'(14) - Only lower order bits will be connected.
VHDL Output written to : /home/rsaradhy/Work/trenz/vivado/project_2_bram/project_2_bram.srcs/sources_1/bd/design_1/synth/design_1.v
WARNING: [BD 41-235] Width mismatch when connecting pin: '/blk_mem_gen_0/addra'(32) to net 'axi_bram_ctrl_0_BRAM_PORTA_ADDR'(14) - Only lower order bits will be connected.
VHDL Output written to : /home/rsaradhy/Work/trenz/vivado/project_2_bram/project_2_bram.srcs/sources_1/bd/design_1/sim/design_1.v
VHDL Output written to : /home/rsaradhy/Work/trenz/vivado/project_2_bram/project_2_bram.srcs/sources_1/bd/design_1/hdl/design_1_wrapper.v
INFO: [Ipptcl 7-1463] No Compatible Board Interface found. Board Tab not created in customize GUI
startgroup
set_property -dict [list CONFIG.C_ALL_OUTPUTS {1}] [get_bd_cells axi_gpio_0]
endgroup
make_wrapper -files [get_files /home/rsaradhy/Work/trenz/vivado/project_2_bram/project_2_bram.srcs/sources_1/bd/design_1/design_1.bd] -top
WARNING: [BD 41-702] Propagation TCL tries to overwrite USER strength parameter WRITE_WIDTH_B(256) on '/blk_mem_gen_0' with propagated value(32). Command ignored
WARNING: [BD 41-702] Propagation TCL tries to overwrite USER strength parameter READ_WIDTH_B(256) on '/blk_mem_gen_0' with propagated value(32). Command ignored
INFO: [Ipptcl 7-1463] No Compatible Board Interface found. Board Tab not created in customize GUI
WARNING: [BD 41-2180] Resetting the memory initialization file of </blk_mem_gen_0> to default.
WARNING: [BD 41-237] Bus Interface property AWUSER_WIDTH does not match between /axi_bram_ctrl_0/S_AXI(0) and /axi_smc/M01_AXI(16)
WARNING: [BD 41-237] Bus Interface property ARUSER_WIDTH does not match between /axi_bram_ctrl_0/S_AXI(0) and /axi_smc/M01_AXI(16)
Wrote  : </home/rsaradhy/Work/trenz/vivado/project_2_bram/project_2_bram.srcs/sources_1/bd/design_1/design_1.bd> 
Wrote  : </home/rsaradhy/Work/trenz/vivado/project_2_bram/project_2_bram.srcs/sources_1/bd/design_1/ui/bd_1f5defd0.ui> 
WARNING: [BD 41-235] Width mismatch when connecting pin: '/blk_mem_gen_0/addra'(32) to net 'axi_bram_ctrl_0_BRAM_PORTA_ADDR'(14) - Only lower order bits will be connected.
VHDL Output written to : /home/rsaradhy/Work/trenz/vivado/project_2_bram/project_2_bram.srcs/sources_1/bd/design_1/synth/design_1.v
WARNING: [BD 41-235] Width mismatch when connecting pin: '/blk_mem_gen_0/addra'(32) to net 'axi_bram_ctrl_0_BRAM_PORTA_ADDR'(14) - Only lower order bits will be connected.
VHDL Output written to : /home/rsaradhy/Work/trenz/vivado/project_2_bram/project_2_bram.srcs/sources_1/bd/design_1/sim/design_1.v
VHDL Output written to : /home/rsaradhy/Work/trenz/vivado/project_2_bram/project_2_bram.srcs/sources_1/bd/design_1/hdl/design_1_wrapper.v
make_wrapper: Time (s): cpu = 00:00:09 ; elapsed = 00:00:05 . Memory (MB): peak = 7358.449 ; gain = 0.000 ; free physical = 25314 ; free virtual = 30903
delete_bd_objs [get_bd_intf_nets axi_gpio_0_GPIO] [get_bd_intf_ports GPIO_0]
startgroup
make_bd_intf_pins_external  [get_bd_intf_pins axi_gpio_0/GPIO]
endgroup
make_wrapper -files [get_files /home/rsaradhy/Work/trenz/vivado/project_2_bram/project_2_bram.srcs/sources_1/bd/design_1/design_1.bd] -fileset [get_filesets sources_1] -inst_template
WARNING: [BD 41-702] Propagation TCL tries to overwrite USER strength parameter WRITE_WIDTH_B(256) on '/blk_mem_gen_0' with propagated value(32). Command ignored
WARNING: [BD 41-702] Propagation TCL tries to overwrite USER strength parameter READ_WIDTH_B(256) on '/blk_mem_gen_0' with propagated value(32). Command ignored
INFO: [Ipptcl 7-1463] No Compatible Board Interface found. Board Tab not created in customize GUI
WARNING: [BD 41-2180] Resetting the memory initialization file of </blk_mem_gen_0> to default.
WARNING: [BD 41-237] Bus Interface property AWUSER_WIDTH does not match between /axi_bram_ctrl_0/S_AXI(0) and /axi_smc/M01_AXI(16)
WARNING: [BD 41-237] Bus Interface property ARUSER_WIDTH does not match between /axi_bram_ctrl_0/S_AXI(0) and /axi_smc/M01_AXI(16)
Wrote  : </home/rsaradhy/Work/trenz/vivado/project_2_bram/project_2_bram.srcs/sources_1/bd/design_1/design_1.bd> 
Wrote  : </home/rsaradhy/Work/trenz/vivado/project_2_bram/project_2_bram.srcs/sources_1/bd/design_1/ui/bd_1f5defd0.ui> 
WARNING: [BD 41-235] Width mismatch when connecting pin: '/blk_mem_gen_0/addra'(32) to net 'axi_bram_ctrl_0_BRAM_PORTA_ADDR'(14) - Only lower order bits will be connected.
VHDL Output written to : /home/rsaradhy/Work/trenz/vivado/project_2_bram/project_2_bram.srcs/sources_1/bd/design_1/synth/design_1.v
WARNING: [BD 41-235] Width mismatch when connecting pin: '/blk_mem_gen_0/addra'(32) to net 'axi_bram_ctrl_0_BRAM_PORTA_ADDR'(14) - Only lower order bits will be connected.
VHDL Output written to : /home/rsaradhy/Work/trenz/vivado/project_2_bram/project_2_bram.srcs/sources_1/bd/design_1/sim/design_1.v
VHDL Output written to : /home/rsaradhy/Work/trenz/vivado/project_2_bram/project_2_bram.srcs/sources_1/bd/design_1/hdl/design_1_wrapper.v
delete_bd_objs [get_bd_intf_nets axi_gpio_0_GPIO]
delete_bd_objs [get_bd_intf_ports GPIO_0]
apply_bd_automation -rule xilinx.com:bd_rule:board -config { Manual_Source {Auto}}  [get_bd_intf_pins axi_gpio_0/GPIO]
INFO: [board_rule 100-100] create_bd_intf_port -mode Master -vlnv xilinx.com:interface:gpio_rtl:1.0 gpio_rtl
INFO: [board_rule 100-100] connect_bd_intf_net /gpio_rtl /axi_gpio_0/GPIO
WARNING: [board_rule 100-100] Board automation did not generate location constraint for /axi_gpio_0/GPIO. Users may need to specify the location constraint manually.
make_wrapper -files [get_files /home/rsaradhy/Work/trenz/vivado/project_2_bram/project_2_bram.srcs/sources_1/bd/design_1/design_1.bd] -top
WARNING: [BD 41-702] Propagation TCL tries to overwrite USER strength parameter WRITE_WIDTH_B(256) on '/blk_mem_gen_0' with propagated value(32). Command ignored
WARNING: [BD 41-702] Propagation TCL tries to overwrite USER strength parameter READ_WIDTH_B(256) on '/blk_mem_gen_0' with propagated value(32). Command ignored
INFO: [Ipptcl 7-1463] No Compatible Board Interface found. Board Tab not created in customize GUI
WARNING: [BD 41-2180] Resetting the memory initialization file of </blk_mem_gen_0> to default.
WARNING: [BD 41-237] Bus Interface property AWUSER_WIDTH does not match between /axi_bram_ctrl_0/S_AXI(0) and /axi_smc/M01_AXI(16)
WARNING: [BD 41-237] Bus Interface property ARUSER_WIDTH does not match between /axi_bram_ctrl_0/S_AXI(0) and /axi_smc/M01_AXI(16)
Wrote  : </home/rsaradhy/Work/trenz/vivado/project_2_bram/project_2_bram.srcs/sources_1/bd/design_1/design_1.bd> 
Wrote  : </home/rsaradhy/Work/trenz/vivado/project_2_bram/project_2_bram.srcs/sources_1/bd/design_1/ui/bd_1f5defd0.ui> 
WARNING: [BD 41-235] Width mismatch when connecting pin: '/blk_mem_gen_0/addra'(32) to net 'axi_bram_ctrl_0_BRAM_PORTA_ADDR'(14) - Only lower order bits will be connected.
VHDL Output written to : /home/rsaradhy/Work/trenz/vivado/project_2_bram/project_2_bram.srcs/sources_1/bd/design_1/synth/design_1.v
WARNING: [BD 41-235] Width mismatch when connecting pin: '/blk_mem_gen_0/addra'(32) to net 'axi_bram_ctrl_0_BRAM_PORTA_ADDR'(14) - Only lower order bits will be connected.
VHDL Output written to : /home/rsaradhy/Work/trenz/vivado/project_2_bram/project_2_bram.srcs/sources_1/bd/design_1/sim/design_1.v
VHDL Output written to : /home/rsaradhy/Work/trenz/vivado/project_2_bram/project_2_bram.srcs/sources_1/bd/design_1/hdl/design_1_wrapper.v
update_compile_order -fileset sources_1
update_compile_order -fileset sources_1
launch_runs impl_1 -to_step write_bitstream -jobs 12
INFO: [BD 41-1662] The design 'design_1.bd' is already validated. Therefore parameter propagation will not be re-run.
WARNING: [BD 41-2180] Resetting the memory initialization file of </blk_mem_gen_0> to default.
Wrote  : </home/rsaradhy/Work/trenz/vivado/project_2_bram/project_2_bram.srcs/sources_1/bd/design_1/design_1.bd> 
Wrote  : </home/rsaradhy/Work/trenz/vivado/project_2_bram/project_2_bram.srcs/sources_1/bd/design_1/ui/bd_1f5defd0.ui> 
WARNING: [BD 41-235] Width mismatch when connecting pin: '/blk_mem_gen_0/addra'(32) to net 'axi_bram_ctrl_0_BRAM_PORTA_ADDR'(14) - Only lower order bits will be connected.
VHDL Output written to : /home/rsaradhy/Work/trenz/vivado/project_2_bram/project_2_bram.srcs/sources_1/bd/design_1/synth/design_1.v
WARNING: [BD 41-235] Width mismatch when connecting pin: '/blk_mem_gen_0/addra'(32) to net 'axi_bram_ctrl_0_BRAM_PORTA_ADDR'(14) - Only lower order bits will be connected.
VHDL Output written to : /home/rsaradhy/Work/trenz/vivado/project_2_bram/project_2_bram.srcs/sources_1/bd/design_1/sim/design_1.v
VHDL Output written to : /home/rsaradhy/Work/trenz/vivado/project_2_bram/project_2_bram.srcs/sources_1/bd/design_1/hdl/design_1_wrapper.v
INFO: [xilinx.com:ip:zynq_ultra_ps_e:3.3-0] design_1_zynq_ultra_ps_e_0_1: 
Changes in your design (including the PCW configuration settings) are not automatically exported from Vivado to Xilinx's SDK, Petalinux or Yocto.
This is by design to avoid disrupting existing embedded development efforts. To have any changes of your design taking effect in the embedded software flow please export your
design by going through Vivado's main menu, click on File, then Export finally select Export Hardware, please ensure you click on the Include BitStream option.
The auto-generated HDF file is all you need to import in Xilinx's SDK, Petalinux or Yocto for your changes to be reflected in the Embedded Software Flow.
For more information, please consult PG201, section: Exporting PCW Settings to Embedded Software Flows
INFO: [PSU-0] Address Range of DDR (0x7ff00000 to 0x7fffffff) is reserved by PMU for internal purpose.
WARNING: [IP_Flow 19-5611] Unable to find an associated reset port for the interface 'M_AXI_HPM0_LPD'. A default connection has been created.
INFO: [BD 41-1029] Generation completed for the IP Integrator block zynq_ultra_ps_e_0 .
WARNING: [IP_Flow 19-5611] Unable to find an associated reset port for the interface 'S00_AXI'. A default connection has been created.
WARNING: [IP_Flow 19-5611] Unable to find an associated reset port for the interface 'M00_AXI'. A default connection has been created.
WARNING: [IP_Flow 19-5611] Unable to find an associated reset port for the interface 'M01_AXI'. A default connection has been created.
Exporting to file /home/rsaradhy/Work/trenz/vivado/project_2_bram/project_2_bram.srcs/sources_1/bd/design_1/ip/design_1_axi_smc_1/bd_0/hw_handoff/design_1_axi_smc_1.hwh
Generated Block Design Tcl file /home/rsaradhy/Work/trenz/vivado/project_2_bram/project_2_bram.srcs/sources_1/bd/design_1/ip/design_1_axi_smc_1/bd_0/hw_handoff/design_1_axi_smc_1_bd.tcl
Generated Hardware Definition File /home/rsaradhy/Work/trenz/vivado/project_2_bram/project_2_bram.srcs/sources_1/bd/design_1/ip/design_1_axi_smc_1/bd_0/synth/design_1_axi_smc_1.hwdef
INFO: [BD 41-1029] Generation completed for the IP Integrator block axi_smc .
INFO: [BD 41-1029] Generation completed for the IP Integrator block rst_ps8_0_200M .
INFO: [BD 41-1029] Generation completed for the IP Integrator block blk_mem_gen_0 .
INFO: [BD 41-1029] Generation completed for the IP Integrator block axi_gpio_0 .
INFO: [BD 41-1029] Generation completed for the IP Integrator block axi_bram_ctrl_0 .
Exporting to file /home/rsaradhy/Work/trenz/vivado/project_2_bram/project_2_bram.srcs/sources_1/bd/design_1/hw_handoff/design_1.hwh
Generated Block Design Tcl file /home/rsaradhy/Work/trenz/vivado/project_2_bram/project_2_bram.srcs/sources_1/bd/design_1/hw_handoff/design_1_bd.tcl
Generated Hardware Definition File /home/rsaradhy/Work/trenz/vivado/project_2_bram/project_2_bram.srcs/sources_1/bd/design_1/synth/design_1.hwdef
INFO: [IP_Flow 19-5642] Done with IP cache export for multiple IPs
[Mon Sep 14 02:48:54 2020] Launched design_1_axi_bram_ctrl_0_9_synth_1, design_1_axi_gpio_0_0_synth_1, design_1_zynq_ultra_ps_e_0_1_synth_1, design_1_axi_smc_1_synth_1, design_1_rst_ps8_0_200M_0_synth_1, design_1_blk_mem_gen_0_0_synth_1, synth_1...
Run output will be captured here:
design_1_axi_bram_ctrl_0_9_synth_1: /home/rsaradhy/Work/trenz/vivado/project_2_bram/project_2_bram.runs/design_1_axi_bram_ctrl_0_9_synth_1/runme.log
design_1_axi_gpio_0_0_synth_1: /home/rsaradhy/Work/trenz/vivado/project_2_bram/project_2_bram.runs/design_1_axi_gpio_0_0_synth_1/runme.log
design_1_zynq_ultra_ps_e_0_1_synth_1: /home/rsaradhy/Work/trenz/vivado/project_2_bram/project_2_bram.runs/design_1_zynq_ultra_ps_e_0_1_synth_1/runme.log
design_1_axi_smc_1_synth_1: /home/rsaradhy/Work/trenz/vivado/project_2_bram/project_2_bram.runs/design_1_axi_smc_1_synth_1/runme.log
design_1_rst_ps8_0_200M_0_synth_1: /home/rsaradhy/Work/trenz/vivado/project_2_bram/project_2_bram.runs/design_1_rst_ps8_0_200M_0_synth_1/runme.log
design_1_blk_mem_gen_0_0_synth_1: /home/rsaradhy/Work/trenz/vivado/project_2_bram/project_2_bram.runs/design_1_blk_mem_gen_0_0_synth_1/runme.log
synth_1: /home/rsaradhy/Work/trenz/vivado/project_2_bram/project_2_bram.runs/synth_1/runme.log
[Mon Sep 14 02:48:54 2020] Launched impl_1...
Run output will be captured here: /home/rsaradhy/Work/trenz/vivado/project_2_bram/project_2_bram.runs/impl_1/runme.log
launch_runs: Time (s): cpu = 00:00:37 ; elapsed = 00:00:29 . Memory (MB): peak = 8109.672 ; gain = 222.961 ; free physical = 24911 ; free virtual = 30641
reset_run synth_1
reset_run design_1_axi_smc_1_synth_1
launch_runs impl_1 -to_step write_bitstream -jobs 12
[Mon Sep 14 02:52:26 2020] Launched design_1_axi_smc_1_synth_1, synth_1...
Run output will be captured here:
design_1_axi_smc_1_synth_1: /home/rsaradhy/Work/trenz/vivado/project_2_bram/project_2_bram.runs/design_1_axi_smc_1_synth_1/runme.log
synth_1: /home/rsaradhy/Work/trenz/vivado/project_2_bram/project_2_bram.runs/synth_1/runme.log
[Mon Sep 14 02:52:26 2020] Launched impl_1...
Run output will be captured here: /home/rsaradhy/Work/trenz/vivado/project_2_bram/project_2_bram.runs/impl_1/runme.log
ERROR: [Vivado 12-106] *** Exception: java.lang.IllegalArgumentException: Width (0) and height (0) cannot be <= 0 (See /home/rsaradhy/Work/trenz/vivado/vivado_pid3248.debug)
reset_run impl_1
reset_run synth_1
exit
INFO: [Common 17-206] Exiting Vivado at Mon Sep 14 02:57:43 2020...
