#-----------------------------------------------------------
# Vivado v2019.2 (64-bit)
# SW Build 2708876 on Wed Nov  6 21:39:14 MST 2019
# IP Build 2700528 on Thu Nov  7 00:09:20 MST 2019
# Start of session at: Tue Feb 16 20:17:36 2021
# Process ID: 8073
# Current directory: /home/rsaradhy/Work/trenz/vivado
# Command line: vivado project_2_bram/project_2_bram.xpr
# Log file: /home/rsaradhy/Work/trenz/vivado/vivado.log
# Journal file: /home/rsaradhy/Work/trenz/vivado/vivado.jou
#-----------------------------------------------------------
start_gui
open_project project_2_bram/project_2_bram.xpr
Scanning sources...
Finished scanning sources
INFO: [IP_Flow 19-234] Refreshing IP repositories
INFO: [IP_Flow 19-1704] No user IP repositories specified
INFO: [IP_Flow 19-2313] Loaded Vivado IP repository '/home/rsaradhy/Software/Vivado/Vivado/2019.2/data/ip'.
open_project: Time (s): cpu = 00:00:25 ; elapsed = 00:00:13 . Memory (MB): peak = 6634.340 ; gain = 152.512 ; free physical = 9749 ; free virtual = 12604
exit
INFO: [Common 17-206] Exiting Vivado at Tue Feb 16 20:19:03 2021...
