#-----------------------------------------------------------
# Vivado v2019.2 (64-bit)
# SW Build 2708876 on Wed Nov  6 21:39:14 MST 2019
# IP Build 2700528 on Thu Nov  7 00:09:20 MST 2019
# Start of session at: Thu Sep 17 09:11:04 2020
# Process ID: 10101
# Current directory: /home/rsaradhy/Work/trenz/vivado/project_2_bram
# Command line: vivado project_2_bram.xpr
# Log file: /home/rsaradhy/Work/trenz/vivado/project_2_bram/vivado.log
# Journal file: /home/rsaradhy/Work/trenz/vivado/project_2_bram/vivado.jou
#-----------------------------------------------------------
start_gui
open_project project_2_bram.xpr
Scanning sources...
Finished scanning sources
INFO: [IP_Flow 19-234] Refreshing IP repositories
INFO: [IP_Flow 19-1704] No user IP repositories specified
INFO: [IP_Flow 19-2313] Loaded Vivado IP repository '/home/rsaradhy/Software/Xilinx/Vivado/2019.2/data/ip'.
open_project: Time (s): cpu = 00:00:28 ; elapsed = 00:00:17 . Memory (MB): peak = 6651.113 ; gain = 187.840 ; free physical = 16176 ; free virtual = 30121
update_compile_order -fileset sources_1
update_compile_order -fileset sources_1
update_compile_order -fileset sources_1
reset_run synth_1
launch_runs impl_1 -to_step write_bitstream -jobs 12
INFO: [Vivado 12-4149] The synthesis checkpoint for IP '/home/rsaradhy/Work/trenz/vivado/project_2_bram/project_2_bram.srcs/sources_1/ip/FIFO_10/FIFO_10.xci' is already up-to-date
[Thu Sep 17 09:18:12 2020] Launched synth_1...
Run output will be captured here: /home/rsaradhy/Work/trenz/vivado/project_2_bram/project_2_bram.runs/synth_1/runme.log
[Thu Sep 17 09:18:12 2020] Launched impl_1...
Run output will be captured here: /home/rsaradhy/Work/trenz/vivado/project_2_bram/project_2_bram.runs/impl_1/runme.log
reset_run synth_1
launch_runs impl_1 -to_step write_bitstream -jobs 12
INFO: [Vivado 12-4149] The synthesis checkpoint for IP '/home/rsaradhy/Work/trenz/vivado/project_2_bram/project_2_bram.srcs/sources_1/ip/FIFO_10/FIFO_10.xci' is already up-to-date
[Thu Sep 17 09:20:12 2020] Launched synth_1...
Run output will be captured here: /home/rsaradhy/Work/trenz/vivado/project_2_bram/project_2_bram.runs/synth_1/runme.log
[Thu Sep 17 09:20:13 2020] Launched impl_1...
Run output will be captured here: /home/rsaradhy/Work/trenz/vivado/project_2_bram/project_2_bram.runs/impl_1/runme.log
reset_run synth_1
launch_runs impl_1 -to_step write_bitstream -jobs 12
INFO: [Vivado 12-4149] The synthesis checkpoint for IP '/home/rsaradhy/Work/trenz/vivado/project_2_bram/project_2_bram.srcs/sources_1/ip/FIFO_10/FIFO_10.xci' is already up-to-date
[Thu Sep 17 09:21:11 2020] Launched synth_1...
Run output will be captured here: /home/rsaradhy/Work/trenz/vivado/project_2_bram/project_2_bram.runs/synth_1/runme.log
[Thu Sep 17 09:21:11 2020] Launched impl_1...
Run output will be captured here: /home/rsaradhy/Work/trenz/vivado/project_2_bram/project_2_bram.runs/impl_1/runme.log
