#-----------------------------------------------------------
# Vivado v2019.2 (64-bit)
# SW Build 2708876 on Wed Nov  6 21:39:14 MST 2019
# IP Build 2700528 on Thu Nov  7 00:09:20 MST 2019
# Start of session at: Mon Sep 14 21:30:29 2020
# Process ID: 3454
# Current directory: /home/rsaradhy/Work/trenz/vivado/project_2_bram
# Command line: vivado project_2_bram.xpr
# Log file: /home/rsaradhy/Work/trenz/vivado/project_2_bram/vivado.log
# Journal file: /home/rsaradhy/Work/trenz/vivado/project_2_bram/vivado.jou
#-----------------------------------------------------------
start_gui
open_project project_2_bram.xpr
Scanning sources...
Finished scanning sources
INFO: [IP_Flow 19-234] Refreshing IP repositories
INFO: [IP_Flow 19-1704] No user IP repositories specified
INFO: [IP_Flow 19-2313] Loaded Vivado IP repository '/home/rsaradhy/Software/Xilinx/Vivado/2019.2/data/ip'.
open_project: Time (s): cpu = 00:00:20 ; elapsed = 00:00:10 . Memory (MB): peak = 6666.117 ; gain = 192.680 ; free physical = 28455 ; free virtual = 32764
update_compile_order -fileset sources_1
update_compile_order -fileset sources_1
update_compile_order -fileset sources_1
reset_run synth_1
launch_runs impl_1 -to_step write_bitstream -jobs 12
[Mon Sep 14 21:33:21 2020] Launched synth_1...
Run output will be captured here: /home/rsaradhy/Work/trenz/vivado/project_2_bram/project_2_bram.runs/synth_1/runme.log
[Mon Sep 14 21:33:21 2020] Launched impl_1...
Run output will be captured here: /home/rsaradhy/Work/trenz/vivado/project_2_bram/project_2_bram.runs/impl_1/runme.log
reset_run synth_1
launch_runs impl_1 -to_step write_bitstream -jobs 12
[Mon Sep 14 21:57:15 2020] Launched synth_1...
Run output will be captured here: /home/rsaradhy/Work/trenz/vivado/project_2_bram/project_2_bram.runs/synth_1/runme.log
[Mon Sep 14 21:57:15 2020] Launched impl_1...
Run output will be captured here: /home/rsaradhy/Work/trenz/vivado/project_2_bram/project_2_bram.runs/impl_1/runme.log
reset_run synth_1
launch_runs impl_1 -to_step write_bitstream -jobs 12
[Mon Sep 14 21:58:19 2020] Launched synth_1...
Run output will be captured here: /home/rsaradhy/Work/trenz/vivado/project_2_bram/project_2_bram.runs/synth_1/runme.log
[Mon Sep 14 21:58:19 2020] Launched impl_1...
Run output will be captured here: /home/rsaradhy/Work/trenz/vivado/project_2_bram/project_2_bram.runs/impl_1/runme.log
open_bd_design {/home/rsaradhy/Work/trenz/vivado/project_2_bram/project_2_bram.srcs/sources_1/bd/design_1/design_1.bd}
Adding component instance block -- xilinx.com:ip:zynq_ultra_ps_e:3.3 - zynq_ultra_ps_e_0
Adding component instance block -- xilinx.com:ip:smartconnect:1.0 - axi_smc
Adding component instance block -- xilinx.com:ip:proc_sys_reset:5.0 - rst_ps8_0_200M
Adding component instance block -- xilinx.com:ip:axi_gpio:2.0 - axi_gpio_0
Adding component instance block -- xilinx.com:ip:axi_bram_ctrl:4.1 - axi_bram_ctrl_0
Adding component instance block -- xilinx.com:ip:blk_mem_gen:8.4 - axi_bram_ctrl_0_bram
Successfully read diagram <design_1> from BD file </home/rsaradhy/Work/trenz/vivado/project_2_bram/project_2_bram.srcs/sources_1/bd/design_1/design_1.bd>
WARNING: [IP_Flow 19-4067] Ignoring invalid widget type specified checkbox.Providing a default widget
WARNING: [IP_Flow 19-4067] Ignoring invalid widget type specified checkbox.Providing a default widget
WARNING: [IP_Flow 19-465] param 'READ_LATENCY' already exists. Ignoring.
WARNING: [IP_Flow 19-465] param 'RD_CMD_OPTIMIZATION' already exists. Ignoring.
startgroup
create_bd_cell -type ip -vlnv xilinx.com:ip:axi_bram_ctrl:4.1 axi_bram_ctrl_1
INFO: [xilinx.com:ip:axi_bram_ctrl:4.1-2] design_1_axi_bram_ctrl_1_0: In IP Integrator, please note that memory depth value gets calculated based on the Data Width of the IP and Address range selected in the Address Editor.Incase a validation error occured on the range of this parameter, please check if the selected Data width and the Address Range are valid. For valid Data width and memory depth values, please refer to the AXI BRAM Controller Product Guide.
INFO: [xilinx.com:ip:axi_bram_ctrl:4.1-1] design_1_axi_bram_ctrl_1_0: In IP Integrator, The Maximum address range supported is 2G. Selecting the address range more than 2G in the address editor may resets the value of Memory depth to default value (1024). please refer to the AXI BRAM Controller Product Guide.
endgroup
startgroup
apply_bd_automation -rule xilinx.com:bd_rule:bram_cntlr -config {BRAM "Auto" }  [get_bd_intf_pins axi_bram_ctrl_1/BRAM_PORTA]
apply_bd_automation -rule xilinx.com:bd_rule:bram_cntlr -config {BRAM "Auto" }  [get_bd_intf_pins axi_bram_ctrl_1/BRAM_PORTB]
apply_bd_automation -rule xilinx.com:bd_rule:axi4 -config { Clk_master {/zynq_ultra_ps_e_0/pl_clk0 (100 MHz)} Clk_slave {Auto} Clk_xbar {/zynq_ultra_ps_e_0/pl_clk0 (100 MHz)} Master {/zynq_ultra_ps_e_0/M_AXI_HPM0_LPD} Slave {/axi_bram_ctrl_1/S_AXI} ddr_seg {Auto} intc_ip {/axi_smc} master_apm {0}}  [get_bd_intf_pins axi_bram_ctrl_1/S_AXI]
Slave segment </axi_bram_ctrl_1/S_AXI/Mem0> is being mapped into address space </zynq_ultra_ps_e_0/Data> at <0x8400_0000 [ 8K ]>
endgroup
WARNING: [IP_Flow 19-465] param 'READ_LATENCY' already exists. Ignoring.
WARNING: [IP_Flow 19-465] param 'RD_CMD_OPTIMIZATION' already exists. Ignoring.
startgroup
set_property -dict [list CONFIG.SINGLE_PORT_BRAM {1}] [get_bd_cells axi_bram_ctrl_1]
delete_bd_objs [get_bd_intf_nets axi_bram_ctrl_1_BRAM_PORTB]
endgroup
set_property range 4K [get_bd_addr_segs {zynq_ultra_ps_e_0/Data/SEG_axi_bram_ctrl_1_Mem0}]
validate_bd_design
INFO: [Ipptcl 7-1463] No Compatible Board Interface found. Board Tab not created in customize GUI
WARNING: [BD 41-2180] Resetting the memory initialization file of </axi_bram_ctrl_0_bram> to default.
WARNING: [BD 41-2180] Resetting the memory initialization file of </axi_bram_ctrl_1_bram> to default.
WARNING: [BD 41-237] Bus Interface property AWUSER_WIDTH does not match between /axi_bram_ctrl_0/S_AXI(0) and /axi_smc/M01_AXI(16)
WARNING: [BD 41-237] Bus Interface property ARUSER_WIDTH does not match between /axi_bram_ctrl_0/S_AXI(0) and /axi_smc/M01_AXI(16)
WARNING: [BD 41-237] Bus Interface property AWUSER_WIDTH does not match between /axi_bram_ctrl_1/S_AXI(0) and /axi_smc/M02_AXI(16)
WARNING: [BD 41-237] Bus Interface property ARUSER_WIDTH does not match between /axi_bram_ctrl_1/S_AXI(0) and /axi_smc/M02_AXI(16)
validate_bd_design: Time (s): cpu = 00:00:08 ; elapsed = 00:00:07 . Memory (MB): peak = 7573.332 ; gain = 0.000 ; free physical = 24062 ; free virtual = 30088
WARNING: [IP_Flow 19-465] param 'READ_LATENCY' already exists. Ignoring.
WARNING: [IP_Flow 19-465] param 'RD_CMD_OPTIMIZATION' already exists. Ignoring.
WARNING: [IP_Flow 19-465] param 'READ_LATENCY' already exists. Ignoring.
WARNING: [IP_Flow 19-465] param 'RD_CMD_OPTIMIZATION' already exists. Ignoring.
startgroup
make_bd_intf_pins_external  [get_bd_intf_pins axi_bram_ctrl_1_bram/BRAM_PORTB]
endgroup
set_property location {1 130 -161} [get_bd_cells axi_bram_ctrl_1_bram]
validate_bd_design
INFO: [Ipptcl 7-1463] No Compatible Board Interface found. Board Tab not created in customize GUI
WARNING: [BD 41-2180] Resetting the memory initialization file of </axi_bram_ctrl_0_bram> to default.
WARNING: [BD 41-2180] Resetting the memory initialization file of </axi_bram_ctrl_1_bram> to default.
WARNING: [BD 41-237] Bus Interface property AWUSER_WIDTH does not match between /axi_bram_ctrl_0/S_AXI(0) and /axi_smc/M01_AXI(16)
WARNING: [BD 41-237] Bus Interface property ARUSER_WIDTH does not match between /axi_bram_ctrl_0/S_AXI(0) and /axi_smc/M01_AXI(16)
WARNING: [BD 41-237] Bus Interface property AWUSER_WIDTH does not match between /axi_bram_ctrl_1/S_AXI(0) and /axi_smc/M02_AXI(16)
WARNING: [BD 41-237] Bus Interface property ARUSER_WIDTH does not match between /axi_bram_ctrl_1/S_AXI(0) and /axi_smc/M02_AXI(16)
validate_bd_design: Time (s): cpu = 00:00:08 ; elapsed = 00:00:07 . Memory (MB): peak = 7573.332 ; gain = 0.000 ; free physical = 24051 ; free virtual = 30072
undo
INFO: [Common 17-17] undo 'set_property location {1 130 -161} [get_bd_cells axi_bram_ctrl_1_bram]'
undo
INFO: [Common 17-17] undo 'endgroup'
INFO: [Common 17-17] undo 'make_bd_intf_pins_external  [get_bd_intf_pins axi_bram_ctrl_1_bram/BRAM_PORTB]'
INFO: [Common 17-17] undo 'startgroup'
undo
INFO: [Common 17-17] undo 'set_property range 4K [get_bd_addr_segs {zynq_ultra_ps_e_0/Data/SEG_axi_bram_ctrl_1_Mem0}]'
undo
INFO: [Common 17-17] undo 'endgroup'
INFO: [Common 17-17] undo 'delete_bd_objs [get_bd_intf_nets axi_bram_ctrl_1_BRAM_PORTB]'
INFO: [Common 17-17] undo 'set_property -dict [list CONFIG.SINGLE_PORT_BRAM {1}] [get_bd_cells axi_bram_ctrl_1]'
INFO: [Common 17-17] undo 'startgroup'
undo
INFO: [Common 17-17] undo 'endgroup'
INFO: [Common 17-17] undo 'apply_bd_automation -rule xilinx.com:bd_rule:axi4 -config { Clk_master {/zynq_ultra_ps_e_0/pl_clk0 (100 MHz)} Clk_slave {Auto} Clk_xbar {/zynq_ultra_ps_e_0/pl_clk0 (100 MHz)} Master {/zynq_ultra_ps_e_0/M_AXI_HPM0_LPD} Slave {/axi_bram_ctrl_1/S_AXI} ddr_seg {Auto} intc_ip {/axi_smc} master_apm {0}}  [get_bd_intf_pins axi_bram_ctrl_1/S_AXI]'
INFO: [Common 17-17] undo 'apply_bd_automation -rule xilinx.com:bd_rule:bram_cntlr -config {BRAM "Auto" }  [get_bd_intf_pins axi_bram_ctrl_1/BRAM_PORTB]'
INFO: [Common 17-17] undo 'apply_bd_automation -rule xilinx.com:bd_rule:bram_cntlr -config {BRAM "Auto" }  [get_bd_intf_pins axi_bram_ctrl_1/BRAM_PORTA]'
INFO: [Common 17-17] undo 'startgroup'
undo
INFO: [Common 17-17] undo 'endgroup'
INFO: [Common 17-17] undo 'create_bd_cell -type ip -vlnv xilinx.com:ip:axi_bram_ctrl:4.1 axi_bram_ctrl_1'
INFO: [Common 17-17] undo 'startgroup'
WARNING: [IP_Flow 19-465] param 'READ_LATENCY' already exists. Ignoring.
WARNING: [IP_Flow 19-465] param 'RD_CMD_OPTIMIZATION' already exists. Ignoring.
validate_bd_design -force
INFO: [Ipptcl 7-1463] No Compatible Board Interface found. Board Tab not created in customize GUI
WARNING: [BD 41-2180] Resetting the memory initialization file of </axi_bram_ctrl_0_bram> to default.
WARNING: [BD 41-237] Bus Interface property AWUSER_WIDTH does not match between /axi_bram_ctrl_0/S_AXI(0) and /axi_smc/M01_AXI(16)
WARNING: [BD 41-237] Bus Interface property ARUSER_WIDTH does not match between /axi_bram_ctrl_0/S_AXI(0) and /axi_smc/M01_AXI(16)
WARNING: [IP_Flow 19-4067] Ignoring invalid widget type specified checkbox.Providing a default widget
WARNING: [IP_Flow 19-4067] Ignoring invalid widget type specified checkbox.Providing a default widget
WARNING: [IP_Flow 19-4067] Ignoring invalid widget type specified checkbox.Providing a default widget
WARNING: [IP_Flow 19-4067] Ignoring invalid widget type specified checkbox.Providing a default widget
save_bd_design
Wrote  : </home/rsaradhy/Work/trenz/vivado/project_2_bram/project_2_bram.srcs/sources_1/bd/design_1/design_1.bd> 
Wrote  : </home/rsaradhy/Work/trenz/vivado/project_2_bram/project_2_bram.srcs/sources_1/bd/design_1/ui/bd_1f5defd0.ui> 
reset_run synth_1
reset_run design_1_axi_smc_1_synth_1
launch_runs impl_1 -to_step write_bitstream -jobs 12
INFO: [BD 41-1662] The design 'design_1.bd' is already validated. Therefore parameter propagation will not be re-run.
WARNING: [BD 41-2180] Resetting the memory initialization file of </axi_bram_ctrl_0_bram> to default.
WARNING: [BD 41-235] Width mismatch when connecting pin: '/axi_bram_ctrl_0_bram/addra'(32) to net 'axi_bram_ctrl_0_BRAM_PORTA_ADDR'(15) - Only lower order bits will be connected.
VHDL Output written to : /home/rsaradhy/Work/trenz/vivado/project_2_bram/project_2_bram.srcs/sources_1/bd/design_1/synth/design_1.v
WARNING: [BD 41-235] Width mismatch when connecting pin: '/axi_bram_ctrl_0_bram/addra'(32) to net 'axi_bram_ctrl_0_BRAM_PORTA_ADDR'(15) - Only lower order bits will be connected.
VHDL Output written to : /home/rsaradhy/Work/trenz/vivado/project_2_bram/project_2_bram.srcs/sources_1/bd/design_1/sim/design_1.v
VHDL Output written to : /home/rsaradhy/Work/trenz/vivado/project_2_bram/project_2_bram.srcs/sources_1/bd/design_1/hdl/design_1_wrapper.v
INFO: [BD 41-1029] Generation completed for the IP Integrator block zynq_ultra_ps_e_0 .
Exporting to file /home/rsaradhy/Work/trenz/vivado/project_2_bram/project_2_bram.srcs/sources_1/bd/design_1/ip/design_1_axi_smc_1/bd_0/hw_handoff/design_1_axi_smc_1.hwh
Generated Block Design Tcl file /home/rsaradhy/Work/trenz/vivado/project_2_bram/project_2_bram.srcs/sources_1/bd/design_1/ip/design_1_axi_smc_1/bd_0/hw_handoff/design_1_axi_smc_1_bd.tcl
Generated Hardware Definition File /home/rsaradhy/Work/trenz/vivado/project_2_bram/project_2_bram.srcs/sources_1/bd/design_1/ip/design_1_axi_smc_1/bd_0/synth/design_1_axi_smc_1.hwdef
INFO: [BD 41-1029] Generation completed for the IP Integrator block axi_smc .
INFO: [BD 41-1029] Generation completed for the IP Integrator block rst_ps8_0_200M .
INFO: [BD 41-1029] Generation completed for the IP Integrator block axi_gpio_0 .
INFO: [BD 41-1029] Generation completed for the IP Integrator block axi_bram_ctrl_0 .
INFO: [BD 41-1029] Generation completed for the IP Integrator block axi_bram_ctrl_0_bram .
Exporting to file /home/rsaradhy/Work/trenz/vivado/project_2_bram/project_2_bram.srcs/sources_1/bd/design_1/hw_handoff/design_1.hwh
Generated Block Design Tcl file /home/rsaradhy/Work/trenz/vivado/project_2_bram/project_2_bram.srcs/sources_1/bd/design_1/hw_handoff/design_1_bd.tcl
Generated Hardware Definition File /home/rsaradhy/Work/trenz/vivado/project_2_bram/project_2_bram.srcs/sources_1/bd/design_1/synth/design_1.hwdef
[Mon Sep 14 22:22:40 2020] Launched design_1_axi_smc_1_synth_1, synth_1...
Run output will be captured here:
design_1_axi_smc_1_synth_1: /home/rsaradhy/Work/trenz/vivado/project_2_bram/project_2_bram.runs/design_1_axi_smc_1_synth_1/runme.log
synth_1: /home/rsaradhy/Work/trenz/vivado/project_2_bram/project_2_bram.runs/synth_1/runme.log
[Mon Sep 14 22:22:40 2020] Launched impl_1...
Run output will be captured here: /home/rsaradhy/Work/trenz/vivado/project_2_bram/project_2_bram.runs/impl_1/runme.log
launch_runs: Time (s): cpu = 00:00:09 ; elapsed = 00:00:08 . Memory (MB): peak = 7846.254 ; gain = 48.484 ; free physical = 23711 ; free virtual = 29745
WARNING: [IP_Flow 19-465] param 'READ_LATENCY' already exists. Ignoring.
WARNING: [IP_Flow 19-465] param 'RD_CMD_OPTIMIZATION' already exists. Ignoring.
update_compile_order -fileset sources_1
reset_run synth_1
launch_runs impl_1 -to_step write_bitstream -jobs 12
[Mon Sep 14 22:33:32 2020] Launched synth_1...
Run output will be captured here: /home/rsaradhy/Work/trenz/vivado/project_2_bram/project_2_bram.runs/synth_1/runme.log
[Mon Sep 14 22:33:32 2020] Launched impl_1...
Run output will be captured here: /home/rsaradhy/Work/trenz/vivado/project_2_bram/project_2_bram.runs/impl_1/runme.log
reset_run synth_1
launch_runs impl_1 -to_step write_bitstream -jobs 12
[Mon Sep 14 22:46:39 2020] Launched synth_1...
Run output will be captured here: /home/rsaradhy/Work/trenz/vivado/project_2_bram/project_2_bram.runs/synth_1/runme.log
[Mon Sep 14 22:46:39 2020] Launched impl_1...
Run output will be captured here: /home/rsaradhy/Work/trenz/vivado/project_2_bram/project_2_bram.runs/impl_1/runme.log
reset_run synth_1
launch_runs impl_1 -to_step write_bitstream -jobs 12
[Mon Sep 14 23:01:50 2020] Launched synth_1...
Run output will be captured here: /home/rsaradhy/Work/trenz/vivado/project_2_bram/project_2_bram.runs/synth_1/runme.log
[Mon Sep 14 23:01:50 2020] Launched impl_1...
Run output will be captured here: /home/rsaradhy/Work/trenz/vivado/project_2_bram/project_2_bram.runs/impl_1/runme.log
reset_run impl_1
reset_run synth_1
launch_runs impl_1 -to_step write_bitstream -jobs 12
[Mon Sep 14 23:08:02 2020] Launched synth_1...
Run output will be captured here: /home/rsaradhy/Work/trenz/vivado/project_2_bram/project_2_bram.runs/synth_1/runme.log
[Mon Sep 14 23:08:02 2020] Launched impl_1...
Run output will be captured here: /home/rsaradhy/Work/trenz/vivado/project_2_bram/project_2_bram.runs/impl_1/runme.log
reset_run synth_1
launch_runs impl_1 -to_step write_bitstream -jobs 12
[Mon Sep 14 23:15:31 2020] Launched synth_1...
Run output will be captured here: /home/rsaradhy/Work/trenz/vivado/project_2_bram/project_2_bram.runs/synth_1/runme.log
[Mon Sep 14 23:15:31 2020] Launched impl_1...
Run output will be captured here: /home/rsaradhy/Work/trenz/vivado/project_2_bram/project_2_bram.runs/impl_1/runme.log
reset_run synth_1
launch_runs impl_1 -to_step write_bitstream -jobs 12
[Mon Sep 14 23:16:16 2020] Launched synth_1...
Run output will be captured here: /home/rsaradhy/Work/trenz/vivado/project_2_bram/project_2_bram.runs/synth_1/runme.log
[Mon Sep 14 23:16:16 2020] Launched impl_1...
Run output will be captured here: /home/rsaradhy/Work/trenz/vivado/project_2_bram/project_2_bram.runs/impl_1/runme.log
reset_run synth_1
launch_runs impl_1 -to_step write_bitstream -jobs 12
[Mon Sep 14 23:46:22 2020] Launched synth_1...
Run output will be captured here: /home/rsaradhy/Work/trenz/vivado/project_2_bram/project_2_bram.runs/synth_1/runme.log
[Mon Sep 14 23:46:22 2020] Launched impl_1...
Run output will be captured here: /home/rsaradhy/Work/trenz/vivado/project_2_bram/project_2_bram.runs/impl_1/runme.log
reset_run impl_1
reset_run synth_1
launch_runs impl_1 -to_step write_bitstream -jobs 12
[Mon Sep 14 23:49:07 2020] Launched synth_1...
Run output will be captured here: /home/rsaradhy/Work/trenz/vivado/project_2_bram/project_2_bram.runs/synth_1/runme.log
[Mon Sep 14 23:49:07 2020] Launched impl_1...
Run output will be captured here: /home/rsaradhy/Work/trenz/vivado/project_2_bram/project_2_bram.runs/impl_1/runme.log
reset_run impl_1
reset_run synth_1
launch_runs impl_1 -to_step write_bitstream -jobs 12
[Mon Sep 14 23:51:46 2020] Launched synth_1...
Run output will be captured here: /home/rsaradhy/Work/trenz/vivado/project_2_bram/project_2_bram.runs/synth_1/runme.log
[Mon Sep 14 23:51:46 2020] Launched impl_1...
Run output will be captured here: /home/rsaradhy/Work/trenz/vivado/project_2_bram/project_2_bram.runs/impl_1/runme.log
reset_run synth_1
launch_runs impl_1 -to_step write_bitstream -jobs 12
[Tue Sep 15 00:02:30 2020] Launched synth_1...
Run output will be captured here: /home/rsaradhy/Work/trenz/vivado/project_2_bram/project_2_bram.runs/synth_1/runme.log
[Tue Sep 15 00:02:30 2020] Launched impl_1...
Run output will be captured here: /home/rsaradhy/Work/trenz/vivado/project_2_bram/project_2_bram.runs/impl_1/runme.log
reset_run synth_1
launch_runs impl_1 -to_step write_bitstream -jobs 12
[Tue Sep 15 00:12:29 2020] Launched synth_1...
Run output will be captured here: /home/rsaradhy/Work/trenz/vivado/project_2_bram/project_2_bram.runs/synth_1/runme.log
[Tue Sep 15 00:12:29 2020] Launched impl_1...
Run output will be captured here: /home/rsaradhy/Work/trenz/vivado/project_2_bram/project_2_bram.runs/impl_1/runme.log
reset_run synth_1
launch_runs impl_1 -to_step write_bitstream -jobs 12
[Tue Sep 15 00:17:48 2020] Launched synth_1...
Run output will be captured here: /home/rsaradhy/Work/trenz/vivado/project_2_bram/project_2_bram.runs/synth_1/runme.log
[Tue Sep 15 00:17:48 2020] Launched impl_1...
Run output will be captured here: /home/rsaradhy/Work/trenz/vivado/project_2_bram/project_2_bram.runs/impl_1/runme.log
WARNING: [IP_Flow 19-465] param 'READ_LATENCY' already exists. Ignoring.
WARNING: [IP_Flow 19-465] param 'RD_CMD_OPTIMIZATION' already exists. Ignoring.
reset_run synth_1
launch_runs impl_1 -to_step write_bitstream -jobs 12
[Tue Sep 15 01:26:52 2020] Launched synth_1...
Run output will be captured here: /home/rsaradhy/Work/trenz/vivado/project_2_bram/project_2_bram.runs/synth_1/runme.log
[Tue Sep 15 01:26:52 2020] Launched impl_1...
Run output will be captured here: /home/rsaradhy/Work/trenz/vivado/project_2_bram/project_2_bram.runs/impl_1/runme.log
reset_run synth_1
launch_runs impl_1 -to_step write_bitstream -jobs 12
[Tue Sep 15 01:36:28 2020] Launched synth_1...
Run output will be captured here: /home/rsaradhy/Work/trenz/vivado/project_2_bram/project_2_bram.runs/synth_1/runme.log
[Tue Sep 15 01:36:28 2020] Launched impl_1...
Run output will be captured here: /home/rsaradhy/Work/trenz/vivado/project_2_bram/project_2_bram.runs/impl_1/runme.log
reset_run impl_1
WARNING: [IP_Flow 19-465] param 'READ_LATENCY' already exists. Ignoring.
WARNING: [IP_Flow 19-465] param 'RD_CMD_OPTIMIZATION' already exists. Ignoring.
set_property range 64K [get_bd_addr_segs {zynq_ultra_ps_e_0/Data/SEG_axi_bram_ctrl_0_Mem0}]
validate_bd_design
INFO: [Ipptcl 7-1463] No Compatible Board Interface found. Board Tab not created in customize GUI
WARNING: [BD 41-2180] Resetting the memory initialization file of </axi_bram_ctrl_0_bram> to default.
WARNING: [BD 41-237] Bus Interface property AWUSER_WIDTH does not match between /axi_bram_ctrl_0/S_AXI(0) and /axi_smc/M01_AXI(16)
WARNING: [BD 41-237] Bus Interface property ARUSER_WIDTH does not match between /axi_bram_ctrl_0/S_AXI(0) and /axi_smc/M01_AXI(16)
validate_bd_design: Time (s): cpu = 00:00:10 ; elapsed = 00:00:09 . Memory (MB): peak = 9027.473 ; gain = 0.000 ; free physical = 21713 ; free virtual = 28913
WARNING: [IP_Flow 19-4067] Ignoring invalid widget type specified checkbox.Providing a default widget
WARNING: [IP_Flow 19-4067] Ignoring invalid widget type specified checkbox.Providing a default widget
WARNING: [IP_Flow 19-465] param 'READ_LATENCY' already exists. Ignoring.
WARNING: [IP_Flow 19-465] param 'RD_CMD_OPTIMIZATION' already exists. Ignoring.
save_bd_design
Wrote  : </home/rsaradhy/Work/trenz/vivado/project_2_bram/project_2_bram.srcs/sources_1/bd/design_1/design_1.bd> 
Wrote  : </home/rsaradhy/Work/trenz/vivado/project_2_bram/project_2_bram.srcs/sources_1/bd/design_1/ui/bd_1f5defd0.ui> 
reset_run synth_1
reset_run design_1_axi_bram_ctrl_0_bram_7_synth_1
reset_run design_1_axi_bram_ctrl_0_11_synth_1
reset_run design_1_axi_smc_1_synth_1
launch_runs impl_1 -to_step write_bitstream -jobs 12
INFO: [BD 41-1662] The design 'design_1.bd' is already validated. Therefore parameter propagation will not be re-run.
WARNING: [BD 41-2180] Resetting the memory initialization file of </axi_bram_ctrl_0_bram> to default.
WARNING: [BD 41-235] Width mismatch when connecting pin: '/axi_bram_ctrl_0_bram/addra'(32) to net 'axi_bram_ctrl_0_BRAM_PORTA_ADDR'(16) - Only lower order bits will be connected.
VHDL Output written to : /home/rsaradhy/Work/trenz/vivado/project_2_bram/project_2_bram.srcs/sources_1/bd/design_1/synth/design_1.v
WARNING: [BD 41-235] Width mismatch when connecting pin: '/axi_bram_ctrl_0_bram/addra'(32) to net 'axi_bram_ctrl_0_BRAM_PORTA_ADDR'(16) - Only lower order bits will be connected.
VHDL Output written to : /home/rsaradhy/Work/trenz/vivado/project_2_bram/project_2_bram.srcs/sources_1/bd/design_1/sim/design_1.v
VHDL Output written to : /home/rsaradhy/Work/trenz/vivado/project_2_bram/project_2_bram.srcs/sources_1/bd/design_1/hdl/design_1_wrapper.v
INFO: [BD 41-1029] Generation completed for the IP Integrator block zynq_ultra_ps_e_0 .
WARNING: [IP_Flow 19-5611] Unable to find an associated reset port for the interface 'S00_AXI'. A default connection has been created.
WARNING: [IP_Flow 19-5611] Unable to find an associated reset port for the interface 'M00_AXI'. A default connection has been created.
WARNING: [IP_Flow 19-5611] Unable to find an associated reset port for the interface 'M01_AXI'. A default connection has been created.
Exporting to file /home/rsaradhy/Work/trenz/vivado/project_2_bram/project_2_bram.srcs/sources_1/bd/design_1/ip/design_1_axi_smc_1/bd_0/hw_handoff/design_1_axi_smc_1.hwh
Generated Block Design Tcl file /home/rsaradhy/Work/trenz/vivado/project_2_bram/project_2_bram.srcs/sources_1/bd/design_1/ip/design_1_axi_smc_1/bd_0/hw_handoff/design_1_axi_smc_1_bd.tcl
Generated Hardware Definition File /home/rsaradhy/Work/trenz/vivado/project_2_bram/project_2_bram.srcs/sources_1/bd/design_1/ip/design_1_axi_smc_1/bd_0/synth/design_1_axi_smc_1.hwdef
INFO: [BD 41-1029] Generation completed for the IP Integrator block axi_smc .
INFO: [BD 41-1029] Generation completed for the IP Integrator block rst_ps8_0_200M .
INFO: [BD 41-1029] Generation completed for the IP Integrator block axi_gpio_0 .
INFO: [BD 41-1029] Generation completed for the IP Integrator block axi_bram_ctrl_0 .
INFO: [BD 41-1029] Generation completed for the IP Integrator block axi_bram_ctrl_0_bram .
Exporting to file /home/rsaradhy/Work/trenz/vivado/project_2_bram/project_2_bram.srcs/sources_1/bd/design_1/hw_handoff/design_1.hwh
Generated Block Design Tcl file /home/rsaradhy/Work/trenz/vivado/project_2_bram/project_2_bram.srcs/sources_1/bd/design_1/hw_handoff/design_1_bd.tcl
Generated Hardware Definition File /home/rsaradhy/Work/trenz/vivado/project_2_bram/project_2_bram.srcs/sources_1/bd/design_1/synth/design_1.hwdef
INFO: [IP_Flow 19-5642] Done with IP cache export for multiple IPs
[Tue Sep 15 01:40:58 2020] Launched design_1_axi_bram_ctrl_0_bram_7_synth_1, design_1_axi_bram_ctrl_0_11_synth_1, design_1_axi_smc_1_synth_1, synth_1...
Run output will be captured here:
design_1_axi_bram_ctrl_0_bram_7_synth_1: /home/rsaradhy/Work/trenz/vivado/project_2_bram/project_2_bram.runs/design_1_axi_bram_ctrl_0_bram_7_synth_1/runme.log
design_1_axi_bram_ctrl_0_11_synth_1: /home/rsaradhy/Work/trenz/vivado/project_2_bram/project_2_bram.runs/design_1_axi_bram_ctrl_0_11_synth_1/runme.log
design_1_axi_smc_1_synth_1: /home/rsaradhy/Work/trenz/vivado/project_2_bram/project_2_bram.runs/design_1_axi_smc_1_synth_1/runme.log
synth_1: /home/rsaradhy/Work/trenz/vivado/project_2_bram/project_2_bram.runs/synth_1/runme.log
[Tue Sep 15 01:40:58 2020] Launched impl_1...
Run output will be captured here: /home/rsaradhy/Work/trenz/vivado/project_2_bram/project_2_bram.runs/impl_1/runme.log
launch_runs: Time (s): cpu = 00:00:08 ; elapsed = 00:00:08 . Memory (MB): peak = 9063.695 ; gain = 0.000 ; free physical = 21729 ; free virtual = 28911
reset_run synth_1
reset_run design_1_axi_bram_ctrl_0_bram_7_synth_1
reset_run design_1_axi_bram_ctrl_0_11_synth_1
reset_run design_1_axi_smc_1_synth_1
launch_runs impl_1 -to_step write_bitstream -jobs 12
INFO: [IP_Flow 19-5642] Done with IP cache export for multiple IPs
[Tue Sep 15 01:42:10 2020] Launched design_1_axi_bram_ctrl_0_bram_7_synth_1, design_1_axi_bram_ctrl_0_11_synth_1, design_1_axi_smc_1_synth_1, synth_1...
Run output will be captured here:
design_1_axi_bram_ctrl_0_bram_7_synth_1: /home/rsaradhy/Work/trenz/vivado/project_2_bram/project_2_bram.runs/design_1_axi_bram_ctrl_0_bram_7_synth_1/runme.log
design_1_axi_bram_ctrl_0_11_synth_1: /home/rsaradhy/Work/trenz/vivado/project_2_bram/project_2_bram.runs/design_1_axi_bram_ctrl_0_11_synth_1/runme.log
design_1_axi_smc_1_synth_1: /home/rsaradhy/Work/trenz/vivado/project_2_bram/project_2_bram.runs/design_1_axi_smc_1_synth_1/runme.log
synth_1: /home/rsaradhy/Work/trenz/vivado/project_2_bram/project_2_bram.runs/synth_1/runme.log
[Tue Sep 15 01:42:11 2020] Launched impl_1...
Run output will be captured here: /home/rsaradhy/Work/trenz/vivado/project_2_bram/project_2_bram.runs/impl_1/runme.log
reset_run synth_1
reset_run design_1_axi_bram_ctrl_0_bram_7_synth_1
reset_run design_1_axi_bram_ctrl_0_11_synth_1
reset_run design_1_axi_smc_1_synth_1
WARNING: [IP_Flow 19-474] Invalid Parameter 'Component_Name'
startgroup
set_property -dict [list CONFIG.PSU__FPGA_PL1_ENABLE {1} CONFIG.PSU__CRL_APB__PL0_REF_CTRL__FREQMHZ {50}] [get_bd_cells zynq_ultra_ps_e_0]
endgroup
startgroup
create_bd_port -dir O -type clk CLK_REF
connect_bd_net [get_bd_pins /zynq_ultra_ps_e_0/pl_clk1] [get_bd_ports CLK_REF]
endgroup
set_property location {-64 6} [get_bd_ports CLK_REF]
make_wrapper -files [get_files /home/rsaradhy/Work/trenz/vivado/project_2_bram/project_2_bram.srcs/sources_1/bd/design_1/design_1.bd] -top
INFO: [Ipptcl 7-1463] No Compatible Board Interface found. Board Tab not created in customize GUI
WARNING: [BD 41-2180] Resetting the memory initialization file of </axi_bram_ctrl_0_bram> to default.
WARNING: [BD 41-237] Bus Interface property AWUSER_WIDTH does not match between /axi_bram_ctrl_0/S_AXI(0) and /axi_smc/M01_AXI(16)
WARNING: [BD 41-237] Bus Interface property ARUSER_WIDTH does not match between /axi_bram_ctrl_0/S_AXI(0) and /axi_smc/M01_AXI(16)
Wrote  : </home/rsaradhy/Work/trenz/vivado/project_2_bram/project_2_bram.srcs/sources_1/bd/design_1/design_1.bd> 
Wrote  : </home/rsaradhy/Work/trenz/vivado/project_2_bram/project_2_bram.srcs/sources_1/bd/design_1/ui/bd_1f5defd0.ui> 
WARNING: [BD 41-235] Width mismatch when connecting pin: '/axi_bram_ctrl_0_bram/addra'(32) to net 'axi_bram_ctrl_0_BRAM_PORTA_ADDR'(16) - Only lower order bits will be connected.
VHDL Output written to : /home/rsaradhy/Work/trenz/vivado/project_2_bram/project_2_bram.srcs/sources_1/bd/design_1/synth/design_1.v
WARNING: [BD 41-235] Width mismatch when connecting pin: '/axi_bram_ctrl_0_bram/addra'(32) to net 'axi_bram_ctrl_0_BRAM_PORTA_ADDR'(16) - Only lower order bits will be connected.
VHDL Output written to : /home/rsaradhy/Work/trenz/vivado/project_2_bram/project_2_bram.srcs/sources_1/bd/design_1/sim/design_1.v
VHDL Output written to : /home/rsaradhy/Work/trenz/vivado/project_2_bram/project_2_bram.srcs/sources_1/bd/design_1/hdl/design_1_wrapper.v
make_wrapper: Time (s): cpu = 00:00:14 ; elapsed = 00:00:11 . Memory (MB): peak = 9281.062 ; gain = 0.000 ; free physical = 21598 ; free virtual = 28793
WARNING: [IP_Flow 19-474] Invalid Parameter 'Component_Name'
startgroup
set_property -dict [list CONFIG.PSU__CRL_APB__PL0_REF_CTRL__FREQMHZ {100} CONFIG.PSU__CRL_APB__PL1_REF_CTRL__FREQMHZ {50}] [get_bd_cells zynq_ultra_ps_e_0]
endgroup
validate_bd_design
INFO: [Ipptcl 7-1463] No Compatible Board Interface found. Board Tab not created in customize GUI
WARNING: [BD 41-2180] Resetting the memory initialization file of </axi_bram_ctrl_0_bram> to default.
WARNING: [BD 41-237] Bus Interface property AWUSER_WIDTH does not match between /axi_bram_ctrl_0/S_AXI(0) and /axi_smc/M01_AXI(16)
WARNING: [BD 41-237] Bus Interface property ARUSER_WIDTH does not match between /axi_bram_ctrl_0/S_AXI(0) and /axi_smc/M01_AXI(16)
validate_bd_design: Time (s): cpu = 00:00:12 ; elapsed = 00:00:09 . Memory (MB): peak = 9319.273 ; gain = 0.000 ; free physical = 21608 ; free virtual = 28796
make_wrapper -files [get_files /home/rsaradhy/Work/trenz/vivado/project_2_bram/project_2_bram.srcs/sources_1/bd/design_1/design_1.bd] -top
INFO: [BD 41-1662] The design 'design_1.bd' is already validated. Therefore parameter propagation will not be re-run.
WARNING: [BD 41-2180] Resetting the memory initialization file of </axi_bram_ctrl_0_bram> to default.
Wrote  : </home/rsaradhy/Work/trenz/vivado/project_2_bram/project_2_bram.srcs/sources_1/bd/design_1/design_1.bd> 
Wrote  : </home/rsaradhy/Work/trenz/vivado/project_2_bram/project_2_bram.srcs/sources_1/bd/design_1/ui/bd_1f5defd0.ui> 
WARNING: [BD 41-235] Width mismatch when connecting pin: '/axi_bram_ctrl_0_bram/addra'(32) to net 'axi_bram_ctrl_0_BRAM_PORTA_ADDR'(16) - Only lower order bits will be connected.
VHDL Output written to : /home/rsaradhy/Work/trenz/vivado/project_2_bram/project_2_bram.srcs/sources_1/bd/design_1/synth/design_1.v
WARNING: [BD 41-235] Width mismatch when connecting pin: '/axi_bram_ctrl_0_bram/addra'(32) to net 'axi_bram_ctrl_0_BRAM_PORTA_ADDR'(16) - Only lower order bits will be connected.
VHDL Output written to : /home/rsaradhy/Work/trenz/vivado/project_2_bram/project_2_bram.srcs/sources_1/bd/design_1/sim/design_1.v
VHDL Output written to : /home/rsaradhy/Work/trenz/vivado/project_2_bram/project_2_bram.srcs/sources_1/bd/design_1/hdl/design_1_wrapper.v
reset_run design_1_zynq_ultra_ps_e_0_1_synth_1
launch_runs impl_1 -to_step write_bitstream -jobs 12
INFO: [BD 41-1662] The design 'design_1.bd' is already validated. Therefore parameter propagation will not be re-run.
WARNING: [BD 41-2180] Resetting the memory initialization file of </axi_bram_ctrl_0_bram> to default.
Wrote  : </home/rsaradhy/Work/trenz/vivado/project_2_bram/project_2_bram.srcs/sources_1/bd/design_1/design_1.bd> 
WARNING: [BD 41-235] Width mismatch when connecting pin: '/axi_bram_ctrl_0_bram/addra'(32) to net 'axi_bram_ctrl_0_BRAM_PORTA_ADDR'(16) - Only lower order bits will be connected.
VHDL Output written to : /home/rsaradhy/Work/trenz/vivado/project_2_bram/project_2_bram.srcs/sources_1/bd/design_1/synth/design_1.v
WARNING: [BD 41-235] Width mismatch when connecting pin: '/axi_bram_ctrl_0_bram/addra'(32) to net 'axi_bram_ctrl_0_BRAM_PORTA_ADDR'(16) - Only lower order bits will be connected.
VHDL Output written to : /home/rsaradhy/Work/trenz/vivado/project_2_bram/project_2_bram.srcs/sources_1/bd/design_1/sim/design_1.v
VHDL Output written to : /home/rsaradhy/Work/trenz/vivado/project_2_bram/project_2_bram.srcs/sources_1/bd/design_1/hdl/design_1_wrapper.v
INFO: [xilinx.com:ip:zynq_ultra_ps_e:3.3-0] design_1_zynq_ultra_ps_e_0_1: 
Changes in your design (including the PCW configuration settings) are not automatically exported from Vivado to Xilinx's SDK, Petalinux or Yocto.
This is by design to avoid disrupting existing embedded development efforts. To have any changes of your design taking effect in the embedded software flow please export your
design by going through Vivado's main menu, click on File, then Export finally select Export Hardware, please ensure you click on the Include BitStream option.
The auto-generated HDF file is all you need to import in Xilinx's SDK, Petalinux or Yocto for your changes to be reflected in the Embedded Software Flow.
For more information, please consult PG201, section: Exporting PCW Settings to Embedded Software Flows
INFO: [PSU-0] Address Range of DDR (0x7ff00000 to 0x7fffffff) is reserved by PMU for internal purpose.
WARNING: [IP_Flow 19-5611] Unable to find an associated reset port for the interface 'M_AXI_HPM0_LPD'. A default connection has been created.
INFO: [BD 41-1029] Generation completed for the IP Integrator block zynq_ultra_ps_e_0 .
Exporting to file /home/rsaradhy/Work/trenz/vivado/project_2_bram/project_2_bram.srcs/sources_1/bd/design_1/ip/design_1_axi_smc_1/bd_0/hw_handoff/design_1_axi_smc_1.hwh
Generated Block Design Tcl file /home/rsaradhy/Work/trenz/vivado/project_2_bram/project_2_bram.srcs/sources_1/bd/design_1/ip/design_1_axi_smc_1/bd_0/hw_handoff/design_1_axi_smc_1_bd.tcl
Generated Hardware Definition File /home/rsaradhy/Work/trenz/vivado/project_2_bram/project_2_bram.srcs/sources_1/bd/design_1/ip/design_1_axi_smc_1/bd_0/synth/design_1_axi_smc_1.hwdef
INFO: [BD 41-1029] Generation completed for the IP Integrator block axi_smc .
INFO: [BD 41-1029] Generation completed for the IP Integrator block rst_ps8_0_200M .
INFO: [BD 41-1029] Generation completed for the IP Integrator block axi_gpio_0 .
INFO: [BD 41-1029] Generation completed for the IP Integrator block axi_bram_ctrl_0 .
INFO: [BD 41-1029] Generation completed for the IP Integrator block axi_bram_ctrl_0_bram .
Exporting to file /home/rsaradhy/Work/trenz/vivado/project_2_bram/project_2_bram.srcs/sources_1/bd/design_1/hw_handoff/design_1.hwh
Generated Block Design Tcl file /home/rsaradhy/Work/trenz/vivado/project_2_bram/project_2_bram.srcs/sources_1/bd/design_1/hw_handoff/design_1_bd.tcl
Generated Hardware Definition File /home/rsaradhy/Work/trenz/vivado/project_2_bram/project_2_bram.srcs/sources_1/bd/design_1/synth/design_1.hwdef
INFO: [IP_Flow 19-5642] Done with IP cache export for multiple IPs
[Tue Sep 15 01:46:57 2020] Launched design_1_axi_bram_ctrl_0_bram_7_synth_1, design_1_axi_bram_ctrl_0_11_synth_1, design_1_zynq_ultra_ps_e_0_1_synth_1, design_1_axi_smc_1_synth_1, synth_1...
Run output will be captured here:
design_1_axi_bram_ctrl_0_bram_7_synth_1: /home/rsaradhy/Work/trenz/vivado/project_2_bram/project_2_bram.runs/design_1_axi_bram_ctrl_0_bram_7_synth_1/runme.log
design_1_axi_bram_ctrl_0_11_synth_1: /home/rsaradhy/Work/trenz/vivado/project_2_bram/project_2_bram.runs/design_1_axi_bram_ctrl_0_11_synth_1/runme.log
design_1_zynq_ultra_ps_e_0_1_synth_1: /home/rsaradhy/Work/trenz/vivado/project_2_bram/project_2_bram.runs/design_1_zynq_ultra_ps_e_0_1_synth_1/runme.log
design_1_axi_smc_1_synth_1: /home/rsaradhy/Work/trenz/vivado/project_2_bram/project_2_bram.runs/design_1_axi_smc_1_synth_1/runme.log
synth_1: /home/rsaradhy/Work/trenz/vivado/project_2_bram/project_2_bram.runs/synth_1/runme.log
[Tue Sep 15 01:46:57 2020] Launched impl_1...
Run output will be captured here: /home/rsaradhy/Work/trenz/vivado/project_2_bram/project_2_bram.runs/impl_1/runme.log
launch_runs: Time (s): cpu = 00:00:32 ; elapsed = 00:00:28 . Memory (MB): peak = 9506.352 ; gain = 0.000 ; free physical = 21534 ; free virtual = 28747
write_hw_platform -fixed -force  -include_bit -file /home/rsaradhy/Work/trenz/vivado/project_2_bram/main.xsa
INFO: [Vivado 12-4895] Creating Hardware Platform: /home/rsaradhy/Work/trenz/vivado/project_2_bram/main.xsa ...
INFO: [Hsi 55-2053] elapsed time for repository (/home/rsaradhy/Software/Xilinx/Vivado/2019.2/data/embeddedsw) loading 0 seconds
INFO: [Vivado 12-4896] Successfully created Hardware Platform: /home/rsaradhy/Work/trenz/vivado/project_2_bram/main.xsa
write_hw_platform: Time (s): cpu = 00:00:13 ; elapsed = 00:00:12 . Memory (MB): peak = 9506.352 ; gain = 0.000 ; free physical = 21075 ; free virtual = 28729
set_property -dict [list CONFIG.Write_Clock_Frequency {50}] [get_ips FIFO_10]
generate_target all [get_files  /home/rsaradhy/Work/trenz/vivado/project_2_bram/project_2_bram.srcs/sources_1/ip/FIFO_10/FIFO_10.xci]
INFO: [IP_Flow 19-1686] Generating 'Instantiation Template' target for IP 'FIFO_10'...
INFO: [IP_Flow 19-1686] Generating 'Synthesis' target for IP 'FIFO_10'...
INFO: [IP_Flow 19-1686] Generating 'Simulation' target for IP 'FIFO_10'...
INFO: [IP_Flow 19-1686] Generating 'Change Log' target for IP 'FIFO_10'...
catch { config_ip_cache -export [get_ips -all FIFO_10] }
export_ip_user_files -of_objects [get_files /home/rsaradhy/Work/trenz/vivado/project_2_bram/project_2_bram.srcs/sources_1/ip/FIFO_10/FIFO_10.xci] -no_script -sync -force -quiet
reset_run FIFO_10_synth_1
launch_runs -jobs 12 FIFO_10_synth_1
[Tue Sep 15 02:17:09 2020] Launched FIFO_10_synth_1...
Run output will be captured here: /home/rsaradhy/Work/trenz/vivado/project_2_bram/project_2_bram.runs/FIFO_10_synth_1/runme.log
export_simulation -of_objects [get_files /home/rsaradhy/Work/trenz/vivado/project_2_bram/project_2_bram.srcs/sources_1/ip/FIFO_10/FIFO_10.xci] -directory /home/rsaradhy/Work/trenz/vivado/project_2_bram/project_2_bram.ip_user_files/sim_scripts -ip_user_files_dir /home/rsaradhy/Work/trenz/vivado/project_2_bram/project_2_bram.ip_user_files -ipstatic_source_dir /home/rsaradhy/Work/trenz/vivado/project_2_bram/project_2_bram.ip_user_files/ipstatic -lib_map_path [list {modelsim=/home/rsaradhy/Work/trenz/vivado/project_2_bram/project_2_bram.cache/compile_simlib/modelsim} {questa=/home/rsaradhy/Work/trenz/vivado/project_2_bram/project_2_bram.cache/compile_simlib/questa} {ies=/home/rsaradhy/Work/trenz/vivado/project_2_bram/project_2_bram.cache/compile_simlib/ies} {xcelium=/home/rsaradhy/Work/trenz/vivado/project_2_bram/project_2_bram.cache/compile_simlib/xcelium} {vcs=/home/rsaradhy/Work/trenz/vivado/project_2_bram/project_2_bram.cache/compile_simlib/vcs} {riviera=/home/rsaradhy/Work/trenz/vivado/project_2_bram/project_2_bram.cache/compile_simlib/riviera}] -use_ip_compiled_libs -force -quiet
reset_run synth_1
launch_runs impl_1 -to_step write_bitstream -jobs 12
[Tue Sep 15 02:17:19 2020] Launched FIFO_10_synth_1, synth_1...
Run output will be captured here:
FIFO_10_synth_1: /home/rsaradhy/Work/trenz/vivado/project_2_bram/project_2_bram.runs/FIFO_10_synth_1/runme.log
synth_1: /home/rsaradhy/Work/trenz/vivado/project_2_bram/project_2_bram.runs/synth_1/runme.log
[Tue Sep 15 02:17:19 2020] Launched impl_1...
Run output will be captured here: /home/rsaradhy/Work/trenz/vivado/project_2_bram/project_2_bram.runs/impl_1/runme.log
update_compile_order -fileset sources_1
update_compile_order -fileset sources_1
reset_run synth_1
launch_runs impl_1 -to_step write_bitstream -jobs 12
[Tue Sep 15 02:29:07 2020] Launched synth_1...
Run output will be captured here: /home/rsaradhy/Work/trenz/vivado/project_2_bram/project_2_bram.runs/synth_1/runme.log
[Tue Sep 15 02:29:07 2020] Launched impl_1...
Run output will be captured here: /home/rsaradhy/Work/trenz/vivado/project_2_bram/project_2_bram.runs/impl_1/runme.log
WARNING: [IP_Flow 19-474] Invalid Parameter 'Component_Name'
startgroup
set_property -dict [list CONFIG.PSU__CRL_APB__PL0_REF_CTRL__FREQMHZ {300}] [get_bd_cells zynq_ultra_ps_e_0]
endgroup
validate_bd_design
INFO: [Ipptcl 7-1463] No Compatible Board Interface found. Board Tab not created in customize GUI
WARNING: [BD 41-2180] Resetting the memory initialization file of </axi_bram_ctrl_0_bram> to default.
WARNING: [BD 41-237] Bus Interface property AWUSER_WIDTH does not match between /axi_bram_ctrl_0/S_AXI(0) and /axi_smc/M01_AXI(16)
WARNING: [BD 41-237] Bus Interface property ARUSER_WIDTH does not match between /axi_bram_ctrl_0/S_AXI(0) and /axi_smc/M01_AXI(16)
validate_bd_design: Time (s): cpu = 00:00:15 ; elapsed = 00:00:11 . Memory (MB): peak = 9872.512 ; gain = 0.000 ; free physical = 13756 ; free virtual = 27867
set_property -dict [list CONFIG.Read_Clock_Frequency {160} CONFIG.Write_Clock_Frequency {300}] [get_ips FIFO_10]
generate_target all [get_files  /home/rsaradhy/Work/trenz/vivado/project_2_bram/project_2_bram.srcs/sources_1/ip/FIFO_10/FIFO_10.xci]
INFO: [IP_Flow 19-1686] Generating 'Instantiation Template' target for IP 'FIFO_10'...
INFO: [IP_Flow 19-1686] Generating 'Synthesis' target for IP 'FIFO_10'...
INFO: [IP_Flow 19-1686] Generating 'Simulation' target for IP 'FIFO_10'...
INFO: [IP_Flow 19-1686] Generating 'Change Log' target for IP 'FIFO_10'...
catch { config_ip_cache -export [get_ips -all FIFO_10] }
export_ip_user_files -of_objects [get_files /home/rsaradhy/Work/trenz/vivado/project_2_bram/project_2_bram.srcs/sources_1/ip/FIFO_10/FIFO_10.xci] -no_script -sync -force -quiet
reset_run FIFO_10_synth_1
launch_runs -jobs 12 FIFO_10_synth_1
[Tue Sep 15 03:01:00 2020] Launched FIFO_10_synth_1...
Run output will be captured here: /home/rsaradhy/Work/trenz/vivado/project_2_bram/project_2_bram.runs/FIFO_10_synth_1/runme.log
export_simulation -of_objects [get_files /home/rsaradhy/Work/trenz/vivado/project_2_bram/project_2_bram.srcs/sources_1/ip/FIFO_10/FIFO_10.xci] -directory /home/rsaradhy/Work/trenz/vivado/project_2_bram/project_2_bram.ip_user_files/sim_scripts -ip_user_files_dir /home/rsaradhy/Work/trenz/vivado/project_2_bram/project_2_bram.ip_user_files -ipstatic_source_dir /home/rsaradhy/Work/trenz/vivado/project_2_bram/project_2_bram.ip_user_files/ipstatic -lib_map_path [list {modelsim=/home/rsaradhy/Work/trenz/vivado/project_2_bram/project_2_bram.cache/compile_simlib/modelsim} {questa=/home/rsaradhy/Work/trenz/vivado/project_2_bram/project_2_bram.cache/compile_simlib/questa} {ies=/home/rsaradhy/Work/trenz/vivado/project_2_bram/project_2_bram.cache/compile_simlib/ies} {xcelium=/home/rsaradhy/Work/trenz/vivado/project_2_bram/project_2_bram.cache/compile_simlib/xcelium} {vcs=/home/rsaradhy/Work/trenz/vivado/project_2_bram/project_2_bram.cache/compile_simlib/vcs} {riviera=/home/rsaradhy/Work/trenz/vivado/project_2_bram/project_2_bram.cache/compile_simlib/riviera}] -use_ip_compiled_libs -force -quiet
save_bd_design
Wrote  : </home/rsaradhy/Work/trenz/vivado/project_2_bram/project_2_bram.srcs/sources_1/bd/design_1/design_1.bd> 
reset_run synth_1
reset_run design_1_axi_bram_ctrl_0_11_synth_1
reset_run design_1_zynq_ultra_ps_e_0_1_synth_1
reset_run design_1_axi_smc_1_synth_1
reset_run design_1_rst_ps8_0_200M_0_synth_1
launch_runs impl_1 -to_step write_bitstream -jobs 12
INFO: [BD 41-1662] The design 'design_1.bd' is already validated. Therefore parameter propagation will not be re-run.
WARNING: [BD 41-2180] Resetting the memory initialization file of </axi_bram_ctrl_0_bram> to default.
WARNING: [BD 41-235] Width mismatch when connecting pin: '/axi_bram_ctrl_0_bram/addra'(32) to net 'axi_bram_ctrl_0_BRAM_PORTA_ADDR'(16) - Only lower order bits will be connected.
VHDL Output written to : /home/rsaradhy/Work/trenz/vivado/project_2_bram/project_2_bram.srcs/sources_1/bd/design_1/synth/design_1.v
WARNING: [BD 41-235] Width mismatch when connecting pin: '/axi_bram_ctrl_0_bram/addra'(32) to net 'axi_bram_ctrl_0_BRAM_PORTA_ADDR'(16) - Only lower order bits will be connected.
VHDL Output written to : /home/rsaradhy/Work/trenz/vivado/project_2_bram/project_2_bram.srcs/sources_1/bd/design_1/sim/design_1.v
VHDL Output written to : /home/rsaradhy/Work/trenz/vivado/project_2_bram/project_2_bram.srcs/sources_1/bd/design_1/hdl/design_1_wrapper.v
INFO: [xilinx.com:ip:zynq_ultra_ps_e:3.3-0] design_1_zynq_ultra_ps_e_0_1: 
Changes in your design (including the PCW configuration settings) are not automatically exported from Vivado to Xilinx's SDK, Petalinux or Yocto.
This is by design to avoid disrupting existing embedded development efforts. To have any changes of your design taking effect in the embedded software flow please export your
design by going through Vivado's main menu, click on File, then Export finally select Export Hardware, please ensure you click on the Include BitStream option.
The auto-generated HDF file is all you need to import in Xilinx's SDK, Petalinux or Yocto for your changes to be reflected in the Embedded Software Flow.
For more information, please consult PG201, section: Exporting PCW Settings to Embedded Software Flows
INFO: [PSU-0] Address Range of DDR (0x7ff00000 to 0x7fffffff) is reserved by PMU for internal purpose.
WARNING: [IP_Flow 19-5611] Unable to find an associated reset port for the interface 'M_AXI_HPM0_LPD'. A default connection has been created.
INFO: [BD 41-1029] Generation completed for the IP Integrator block zynq_ultra_ps_e_0 .
WARNING: [IP_Flow 19-5611] Unable to find an associated reset port for the interface 'S00_AXI'. A default connection has been created.
WARNING: [IP_Flow 19-5611] Unable to find an associated reset port for the interface 'M00_AXI'. A default connection has been created.
WARNING: [IP_Flow 19-5611] Unable to find an associated reset port for the interface 'M01_AXI'. A default connection has been created.
Exporting to file /home/rsaradhy/Work/trenz/vivado/project_2_bram/project_2_bram.srcs/sources_1/bd/design_1/ip/design_1_axi_smc_1/bd_0/hw_handoff/design_1_axi_smc_1.hwh
Generated Block Design Tcl file /home/rsaradhy/Work/trenz/vivado/project_2_bram/project_2_bram.srcs/sources_1/bd/design_1/ip/design_1_axi_smc_1/bd_0/hw_handoff/design_1_axi_smc_1_bd.tcl
Generated Hardware Definition File /home/rsaradhy/Work/trenz/vivado/project_2_bram/project_2_bram.srcs/sources_1/bd/design_1/ip/design_1_axi_smc_1/bd_0/synth/design_1_axi_smc_1.hwdef
INFO: [BD 41-1029] Generation completed for the IP Integrator block axi_smc .
INFO: [BD 41-1029] Generation completed for the IP Integrator block rst_ps8_0_200M .
INFO: [BD 41-1029] Generation completed for the IP Integrator block axi_gpio_0 .
INFO: [BD 41-1029] Generation completed for the IP Integrator block axi_bram_ctrl_0 .
INFO: [BD 41-1029] Generation completed for the IP Integrator block axi_bram_ctrl_0_bram .
Exporting to file /home/rsaradhy/Work/trenz/vivado/project_2_bram/project_2_bram.srcs/sources_1/bd/design_1/hw_handoff/design_1.hwh
Generated Block Design Tcl file /home/rsaradhy/Work/trenz/vivado/project_2_bram/project_2_bram.srcs/sources_1/bd/design_1/hw_handoff/design_1_bd.tcl
Generated Hardware Definition File /home/rsaradhy/Work/trenz/vivado/project_2_bram/project_2_bram.srcs/sources_1/bd/design_1/synth/design_1.hwdef
INFO: [IP_Flow 19-4993] Using cached IP synthesis design for IP design_1_rst_ps8_0_200M_0, cache-ID = 8f3ebaf28c6b2bf9; cache size = 185.550 MB.
INFO: [IP_Flow 19-5642] Done with IP cache export for multiple IPs
[Tue Sep 15 03:01:40 2020] Launched design_1_axi_bram_ctrl_0_11_synth_1, design_1_zynq_ultra_ps_e_0_1_synth_1, design_1_axi_smc_1_synth_1, FIFO_10_synth_1, synth_1...
Run output will be captured here:
design_1_axi_bram_ctrl_0_11_synth_1: /home/rsaradhy/Work/trenz/vivado/project_2_bram/project_2_bram.runs/design_1_axi_bram_ctrl_0_11_synth_1/runme.log
design_1_zynq_ultra_ps_e_0_1_synth_1: /home/rsaradhy/Work/trenz/vivado/project_2_bram/project_2_bram.runs/design_1_zynq_ultra_ps_e_0_1_synth_1/runme.log
design_1_axi_smc_1_synth_1: /home/rsaradhy/Work/trenz/vivado/project_2_bram/project_2_bram.runs/design_1_axi_smc_1_synth_1/runme.log
FIFO_10_synth_1: /home/rsaradhy/Work/trenz/vivado/project_2_bram/project_2_bram.runs/FIFO_10_synth_1/runme.log
synth_1: /home/rsaradhy/Work/trenz/vivado/project_2_bram/project_2_bram.runs/synth_1/runme.log
[Tue Sep 15 03:01:40 2020] Launched impl_1...
Run output will be captured here: /home/rsaradhy/Work/trenz/vivado/project_2_bram/project_2_bram.runs/impl_1/runme.log
launch_runs: Time (s): cpu = 00:00:34 ; elapsed = 00:00:29 . Memory (MB): peak = 9872.512 ; gain = 0.000 ; free physical = 12723 ; free virtual = 26759
WARNING: [IP_Flow 19-465] param 'READ_LATENCY' already exists. Ignoring.
WARNING: [IP_Flow 19-465] param 'RD_CMD_OPTIMIZATION' already exists. Ignoring.
INFO: [xilinx.com:ip:axi_bram_ctrl:4.1-2] design_1_axi_bram_ctrl_0_11: In IP Integrator, please note that memory depth value gets calculated based on the Data Width of the IP and Address range selected in the Address Editor.Incase a validation error occured on the range of this parameter, please check if the selected Data width and the Address Range are valid. For valid Data width and memory depth values, please refer to the AXI BRAM Controller Product Guide.
INFO: [xilinx.com:ip:axi_bram_ctrl:4.1-1] design_1_axi_bram_ctrl_0_11: In IP Integrator, The Maximum address range supported is 2G. Selecting the address range more than 2G in the address editor may resets the value of Memory depth to default value (1024). please refer to the AXI BRAM Controller Product Guide.
startgroup
set_property -dict [list CONFIG.DATA_WIDTH {1024}] [get_bd_cells axi_bram_ctrl_0]
INFO: [xilinx.com:ip:axi_bram_ctrl:4.1-2] design_1_axi_bram_ctrl_0_11: In IP Integrator, please note that memory depth value gets calculated based on the Data Width of the IP and Address range selected in the Address Editor.Incase a validation error occured on the range of this parameter, please check if the selected Data width and the Address Range are valid. For valid Data width and memory depth values, please refer to the AXI BRAM Controller Product Guide.
INFO: [xilinx.com:ip:axi_bram_ctrl:4.1-1] design_1_axi_bram_ctrl_0_11: In IP Integrator, The Maximum address range supported is 2G. Selecting the address range more than 2G in the address editor may resets the value of Memory depth to default value (1024). please refer to the AXI BRAM Controller Product Guide.
endgroup
validate_bd_design
INFO: [Ipptcl 7-1463] No Compatible Board Interface found. Board Tab not created in customize GUI
WARNING: [BD 41-2180] Resetting the memory initialization file of </axi_bram_ctrl_0_bram> to default.
WARNING: [BD 41-237] Bus Interface property AWUSER_WIDTH does not match between /axi_bram_ctrl_0/S_AXI(0) and /axi_smc/M01_AXI(16)
WARNING: [BD 41-237] Bus Interface property ARUSER_WIDTH does not match between /axi_bram_ctrl_0/S_AXI(0) and /axi_smc/M01_AXI(16)
validate_bd_design: Time (s): cpu = 00:00:15 ; elapsed = 00:00:10 . Memory (MB): peak = 10182.645 ; gain = 0.000 ; free physical = 11875 ; free virtual = 26319
WARNING: [IP_Flow 19-465] param 'READ_LATENCY' already exists. Ignoring.
WARNING: [IP_Flow 19-465] param 'RD_CMD_OPTIMIZATION' already exists. Ignoring.
WARNING: [IP_Flow 19-474] Invalid Parameter 'Component_Name'
make_wrapper -files [get_files /home/rsaradhy/Work/trenz/vivado/project_2_bram/project_2_bram.srcs/sources_1/bd/design_1/design_1.bd] -top
INFO: [BD 41-1662] The design 'design_1.bd' is already validated. Therefore parameter propagation will not be re-run.
WARNING: [BD 41-2180] Resetting the memory initialization file of </axi_bram_ctrl_0_bram> to default.
Wrote  : </home/rsaradhy/Work/trenz/vivado/project_2_bram/project_2_bram.srcs/sources_1/bd/design_1/design_1.bd> 
Wrote  : </home/rsaradhy/Work/trenz/vivado/project_2_bram/project_2_bram.srcs/sources_1/bd/design_1/ui/bd_1f5defd0.ui> 
WARNING: [BD 41-235] Width mismatch when connecting pin: '/axi_bram_ctrl_0_bram/addra'(32) to net 'axi_bram_ctrl_0_BRAM_PORTA_ADDR'(16) - Only lower order bits will be connected.
VHDL Output written to : /home/rsaradhy/Work/trenz/vivado/project_2_bram/project_2_bram.srcs/sources_1/bd/design_1/synth/design_1.v
WARNING: [BD 41-235] Width mismatch when connecting pin: '/axi_bram_ctrl_0_bram/addra'(32) to net 'axi_bram_ctrl_0_BRAM_PORTA_ADDR'(16) - Only lower order bits will be connected.
VHDL Output written to : /home/rsaradhy/Work/trenz/vivado/project_2_bram/project_2_bram.srcs/sources_1/bd/design_1/sim/design_1.v
VHDL Output written to : /home/rsaradhy/Work/trenz/vivado/project_2_bram/project_2_bram.srcs/sources_1/bd/design_1/hdl/design_1_wrapper.v
WARNING: [IP_Flow 19-465] param 'READ_LATENCY' already exists. Ignoring.
WARNING: [IP_Flow 19-465] param 'RD_CMD_OPTIMIZATION' already exists. Ignoring.
startgroup
set_property -dict [list CONFIG.SINGLE_PORT_BRAM {0}] [get_bd_cells axi_bram_ctrl_0]
endgroup
delete_bd_objs [get_bd_intf_nets BRAM_PORTB_0_1]
connect_bd_intf_net [get_bd_intf_pins axi_bram_ctrl_0_bram/BRAM_PORTB] [get_bd_intf_pins axi_bram_ctrl_0/BRAM_PORTB]
validate_bd_design
INFO: [Ipptcl 7-1463] No Compatible Board Interface found. Board Tab not created in customize GUI
WARNING: [BD 41-2180] Resetting the memory initialization file of </axi_bram_ctrl_0_bram> to default.
WARNING: [BD 41-237] Bus Interface property AWUSER_WIDTH does not match between /axi_bram_ctrl_0/S_AXI(0) and /axi_smc/M01_AXI(16)
WARNING: [BD 41-237] Bus Interface property ARUSER_WIDTH does not match between /axi_bram_ctrl_0/S_AXI(0) and /axi_smc/M01_AXI(16)
validate_bd_design: Time (s): cpu = 00:00:10 ; elapsed = 00:00:06 . Memory (MB): peak = 10227.668 ; gain = 0.000 ; free physical = 11895 ; free virtual = 26340
WARNING: [IP_Flow 19-465] param 'READ_LATENCY' already exists. Ignoring.
WARNING: [IP_Flow 19-465] param 'RD_CMD_OPTIMIZATION' already exists. Ignoring.
set_property range 128K [get_bd_addr_segs {zynq_ultra_ps_e_0/Data/SEG_axi_gpio_0_Reg}]
validate_bd_design
INFO: [Ipptcl 7-1463] No Compatible Board Interface found. Board Tab not created in customize GUI
WARNING: [BD 41-2180] Resetting the memory initialization file of </axi_bram_ctrl_0_bram> to default.
WARNING: [BD 41-237] Bus Interface property AWUSER_WIDTH does not match between /axi_bram_ctrl_0/S_AXI(0) and /axi_smc/M01_AXI(16)
WARNING: [BD 41-237] Bus Interface property ARUSER_WIDTH does not match between /axi_bram_ctrl_0/S_AXI(0) and /axi_smc/M01_AXI(16)
validate_bd_design: Time (s): cpu = 00:00:12 ; elapsed = 00:00:06 . Memory (MB): peak = 10227.668 ; gain = 0.000 ; free physical = 11896 ; free virtual = 26341
set_property range 64K [get_bd_addr_segs {zynq_ultra_ps_e_0/Data/SEG_axi_gpio_0_Reg}]
set_property range 128K [get_bd_addr_segs {zynq_ultra_ps_e_0/Data/SEG_axi_bram_ctrl_0_Mem0}]
validate_bd_design
INFO: [Ipptcl 7-1463] No Compatible Board Interface found. Board Tab not created in customize GUI
WARNING: [BD 41-2180] Resetting the memory initialization file of </axi_bram_ctrl_0_bram> to default.
WARNING: [BD 41-237] Bus Interface property AWUSER_WIDTH does not match between /axi_bram_ctrl_0/S_AXI(0) and /axi_smc/M01_AXI(16)
WARNING: [BD 41-237] Bus Interface property ARUSER_WIDTH does not match between /axi_bram_ctrl_0/S_AXI(0) and /axi_smc/M01_AXI(16)
validate_bd_design: Time (s): cpu = 00:00:09 ; elapsed = 00:00:06 . Memory (MB): peak = 10227.668 ; gain = 0.000 ; free physical = 11893 ; free virtual = 26338
WARNING: [IP_Flow 19-465] param 'READ_LATENCY' already exists. Ignoring.
WARNING: [IP_Flow 19-465] param 'RD_CMD_OPTIMIZATION' already exists. Ignoring.
startgroup
endgroup
WARNING: [IP_Flow 19-4067] Ignoring invalid widget type specified checkbox.Providing a default widget
WARNING: [IP_Flow 19-4067] Ignoring invalid widget type specified checkbox.Providing a default widget
delete_bd_objs [get_bd_intf_nets axi_bram_ctrl_0_BRAM_PORTB]
delete_bd_objs [get_bd_intf_ports BRAM_PORTB_0]
startgroup
make_bd_intf_pins_external  [get_bd_intf_pins axi_bram_ctrl_0_bram/BRAM_PORTB]
endgroup
WARNING: [IP_Flow 19-465] param 'READ_LATENCY' already exists. Ignoring.
WARNING: [IP_Flow 19-465] param 'RD_CMD_OPTIMIZATION' already exists. Ignoring.
startgroup
set_property -dict [list CONFIG.SINGLE_PORT_BRAM {1}] [get_bd_cells axi_bram_ctrl_0]
endgroup
validate_bd_design
INFO: [Ipptcl 7-1463] No Compatible Board Interface found. Board Tab not created in customize GUI
WARNING: [BD 41-2180] Resetting the memory initialization file of </axi_bram_ctrl_0_bram> to default.
WARNING: [BD 41-237] Bus Interface property AWUSER_WIDTH does not match between /axi_bram_ctrl_0/S_AXI(0) and /axi_smc/M01_AXI(16)
WARNING: [BD 41-237] Bus Interface property ARUSER_WIDTH does not match between /axi_bram_ctrl_0/S_AXI(0) and /axi_smc/M01_AXI(16)
validate_bd_design: Time (s): cpu = 00:00:10 ; elapsed = 00:00:06 . Memory (MB): peak = 10227.668 ; gain = 0.000 ; free physical = 11874 ; free virtual = 26319
WARNING: [IP_Flow 19-4067] Ignoring invalid widget type specified checkbox.Providing a default widget
WARNING: [IP_Flow 19-4067] Ignoring invalid widget type specified checkbox.Providing a default widget
save_bd_design
Wrote  : </home/rsaradhy/Work/trenz/vivado/project_2_bram/project_2_bram.srcs/sources_1/bd/design_1/design_1.bd> 
Wrote  : </home/rsaradhy/Work/trenz/vivado/project_2_bram/project_2_bram.srcs/sources_1/bd/design_1/ui/bd_1f5defd0.ui> 
reset_run synth_1
reset_run design_1_axi_bram_ctrl_0_bram_7_synth_1
reset_run design_1_axi_bram_ctrl_0_11_synth_1
reset_run design_1_axi_smc_1_synth_1
launch_runs impl_1 -to_step write_bitstream -jobs 12
INFO: [BD 41-1662] The design 'design_1.bd' is already validated. Therefore parameter propagation will not be re-run.
WARNING: [BD 41-2180] Resetting the memory initialization file of </axi_bram_ctrl_0_bram> to default.
WARNING: [BD 41-235] Width mismatch when connecting pin: '/axi_bram_ctrl_0_bram/addra'(32) to net 'axi_bram_ctrl_0_BRAM_PORTA_ADDR'(17) - Only lower order bits will be connected.
VHDL Output written to : /home/rsaradhy/Work/trenz/vivado/project_2_bram/project_2_bram.srcs/sources_1/bd/design_1/synth/design_1.v
WARNING: [BD 41-235] Width mismatch when connecting pin: '/axi_bram_ctrl_0_bram/addra'(32) to net 'axi_bram_ctrl_0_BRAM_PORTA_ADDR'(17) - Only lower order bits will be connected.
VHDL Output written to : /home/rsaradhy/Work/trenz/vivado/project_2_bram/project_2_bram.srcs/sources_1/bd/design_1/sim/design_1.v
VHDL Output written to : /home/rsaradhy/Work/trenz/vivado/project_2_bram/project_2_bram.srcs/sources_1/bd/design_1/hdl/design_1_wrapper.v
INFO: [BD 41-1029] Generation completed for the IP Integrator block zynq_ultra_ps_e_0 .
WARNING: [IP_Flow 19-5611] Unable to find an associated reset port for the interface 'S00_AXI'. A default connection has been created.
WARNING: [IP_Flow 19-5611] Unable to find an associated reset port for the interface 'M00_AXI'. A default connection has been created.
WARNING: [IP_Flow 19-5611] Unable to find an associated reset port for the interface 'M01_AXI'. A default connection has been created.
Exporting to file /home/rsaradhy/Work/trenz/vivado/project_2_bram/project_2_bram.srcs/sources_1/bd/design_1/ip/design_1_axi_smc_1/bd_0/hw_handoff/design_1_axi_smc_1.hwh
Generated Block Design Tcl file /home/rsaradhy/Work/trenz/vivado/project_2_bram/project_2_bram.srcs/sources_1/bd/design_1/ip/design_1_axi_smc_1/bd_0/hw_handoff/design_1_axi_smc_1_bd.tcl
Generated Hardware Definition File /home/rsaradhy/Work/trenz/vivado/project_2_bram/project_2_bram.srcs/sources_1/bd/design_1/ip/design_1_axi_smc_1/bd_0/synth/design_1_axi_smc_1.hwdef
INFO: [BD 41-1029] Generation completed for the IP Integrator block axi_smc .
INFO: [BD 41-1029] Generation completed for the IP Integrator block rst_ps8_0_200M .
INFO: [BD 41-1029] Generation completed for the IP Integrator block axi_gpio_0 .
INFO: [BD 41-1029] Generation completed for the IP Integrator block axi_bram_ctrl_0 .
INFO: [BD 41-1029] Generation completed for the IP Integrator block axi_bram_ctrl_0_bram .
Exporting to file /home/rsaradhy/Work/trenz/vivado/project_2_bram/project_2_bram.srcs/sources_1/bd/design_1/hw_handoff/design_1.hwh
Generated Block Design Tcl file /home/rsaradhy/Work/trenz/vivado/project_2_bram/project_2_bram.srcs/sources_1/bd/design_1/hw_handoff/design_1_bd.tcl
Generated Hardware Definition File /home/rsaradhy/Work/trenz/vivado/project_2_bram/project_2_bram.srcs/sources_1/bd/design_1/synth/design_1.hwdef
INFO: [IP_Flow 19-5642] Done with IP cache export for multiple IPs
[Tue Sep 15 03:51:27 2020] Launched design_1_axi_bram_ctrl_0_bram_7_synth_1, design_1_axi_bram_ctrl_0_11_synth_1, design_1_axi_smc_1_synth_1, synth_1...
Run output will be captured here:
design_1_axi_bram_ctrl_0_bram_7_synth_1: /home/rsaradhy/Work/trenz/vivado/project_2_bram/project_2_bram.runs/design_1_axi_bram_ctrl_0_bram_7_synth_1/runme.log
design_1_axi_bram_ctrl_0_11_synth_1: /home/rsaradhy/Work/trenz/vivado/project_2_bram/project_2_bram.runs/design_1_axi_bram_ctrl_0_11_synth_1/runme.log
design_1_axi_smc_1_synth_1: /home/rsaradhy/Work/trenz/vivado/project_2_bram/project_2_bram.runs/design_1_axi_smc_1_synth_1/runme.log
synth_1: /home/rsaradhy/Work/trenz/vivado/project_2_bram/project_2_bram.runs/synth_1/runme.log
[Tue Sep 15 03:51:27 2020] Launched impl_1...
Run output will be captured here: /home/rsaradhy/Work/trenz/vivado/project_2_bram/project_2_bram.runs/impl_1/runme.log
launch_runs: Time (s): cpu = 00:00:11 ; elapsed = 00:00:10 . Memory (MB): peak = 10227.668 ; gain = 0.000 ; free physical = 11971 ; free virtual = 26340
write_hw_platform -fixed -force  -include_bit -file /home/rsaradhy/Work/trenz/vivado/project_2_bram/main.xsa
INFO: [Vivado 12-4895] Creating Hardware Platform: /home/rsaradhy/Work/trenz/vivado/project_2_bram/main.xsa ...
INFO: [Vivado 12-4896] Successfully created Hardware Platform: /home/rsaradhy/Work/trenz/vivado/project_2_bram/main.xsa
write_hw_platform: Time (s): cpu = 00:00:14 ; elapsed = 00:00:11 . Memory (MB): peak = 10227.668 ; gain = 0.000 ; free physical = 9505 ; free virtual = 24479
WARNING: [IP_Flow 19-465] param 'READ_LATENCY' already exists. Ignoring.
WARNING: [IP_Flow 19-465] param 'RD_CMD_OPTIMIZATION' already exists. Ignoring.
INFO: [xilinx.com:ip:axi_bram_ctrl:4.1-2] design_1_axi_bram_ctrl_0_11: In IP Integrator, please note that memory depth value gets calculated based on the Data Width of the IP and Address range selected in the Address Editor.Incase a validation error occured on the range of this parameter, please check if the selected Data width and the Address Range are valid. For valid Data width and memory depth values, please refer to the AXI BRAM Controller Product Guide.
INFO: [xilinx.com:ip:axi_bram_ctrl:4.1-1] design_1_axi_bram_ctrl_0_11: In IP Integrator, The Maximum address range supported is 2G. Selecting the address range more than 2G in the address editor may resets the value of Memory depth to default value (1024). please refer to the AXI BRAM Controller Product Guide.
startgroup
set_property -dict [list CONFIG.DATA_WIDTH {256}] [get_bd_cells axi_bram_ctrl_0]
INFO: [xilinx.com:ip:axi_bram_ctrl:4.1-2] design_1_axi_bram_ctrl_0_11: In IP Integrator, please note that memory depth value gets calculated based on the Data Width of the IP and Address range selected in the Address Editor.Incase a validation error occured on the range of this parameter, please check if the selected Data width and the Address Range are valid. For valid Data width and memory depth values, please refer to the AXI BRAM Controller Product Guide.
INFO: [xilinx.com:ip:axi_bram_ctrl:4.1-1] design_1_axi_bram_ctrl_0_11: In IP Integrator, The Maximum address range supported is 2G. Selecting the address range more than 2G in the address editor may resets the value of Memory depth to default value (1024). please refer to the AXI BRAM Controller Product Guide.
endgroup
WARNING: [IP_Flow 19-465] param 'READ_LATENCY' already exists. Ignoring.
WARNING: [IP_Flow 19-465] param 'RD_CMD_OPTIMIZATION' already exists. Ignoring.
startgroup
set_property -dict [list CONFIG.SINGLE_PORT_BRAM {0}] [get_bd_cells axi_bram_ctrl_0]
endgroup
set_property range 64K [get_bd_addr_segs {zynq_ultra_ps_e_0/Data/SEG_axi_bram_ctrl_0_Mem0}]
delete_bd_objs [get_bd_intf_nets BRAM_PORTB_0_1]
delete_bd_objs [get_bd_intf_ports BRAM_PORTB_0]
connect_bd_intf_net [get_bd_intf_pins axi_bram_ctrl_0/BRAM_PORTB] [get_bd_intf_pins axi_bram_ctrl_0_bram/BRAM_PORTB]
validate_bd_design
INFO: [Ipptcl 7-1463] No Compatible Board Interface found. Board Tab not created in customize GUI
WARNING: [BD 41-2180] Resetting the memory initialization file of </axi_bram_ctrl_0_bram> to default.
WARNING: [BD 41-237] Bus Interface property AWUSER_WIDTH does not match between /axi_bram_ctrl_0/S_AXI(0) and /axi_smc/M01_AXI(16)
WARNING: [BD 41-237] Bus Interface property ARUSER_WIDTH does not match between /axi_bram_ctrl_0/S_AXI(0) and /axi_smc/M01_AXI(16)
validate_bd_design: Time (s): cpu = 00:00:15 ; elapsed = 00:00:10 . Memory (MB): peak = 10345.691 ; gain = 0.000 ; free physical = 8611 ; free virtual = 23999
regenerate_bd_layout -routing
WARNING: [IP_Flow 19-4067] Ignoring invalid widget type specified checkbox.Providing a default widget
WARNING: [IP_Flow 19-4067] Ignoring invalid widget type specified checkbox.Providing a default widget
WARNING: [IP_Flow 19-465] param 'READ_LATENCY' already exists. Ignoring.
WARNING: [IP_Flow 19-465] param 'RD_CMD_OPTIMIZATION' already exists. Ignoring.
WARNING: [IP_Flow 19-465] param 'READ_LATENCY' already exists. Ignoring.
WARNING: [IP_Flow 19-465] param 'RD_CMD_OPTIMIZATION' already exists. Ignoring.
startgroup
set_property -dict [list CONFIG.SINGLE_PORT_BRAM {1}] [get_bd_cells axi_bram_ctrl_0]
delete_bd_objs [get_bd_intf_nets axi_bram_ctrl_0_BRAM_PORTB]
endgroup
startgroup
make_bd_intf_pins_external  [get_bd_intf_pins axi_bram_ctrl_0_bram/BRAM_PORTB]
endgroup
copy_bd_objs /  [get_bd_cells {axi_bram_ctrl_0_bram axi_bram_ctrl_0}]
INFO: [xilinx.com:ip:axi_bram_ctrl:4.1-2] design_1_axi_bram_ctrl_0_12: In IP Integrator, please note that memory depth value gets calculated based on the Data Width of the IP and Address range selected in the Address Editor.Incase a validation error occured on the range of this parameter, please check if the selected Data width and the Address Range are valid. For valid Data width and memory depth values, please refer to the AXI BRAM Controller Product Guide.
INFO: [xilinx.com:ip:axi_bram_ctrl:4.1-1] design_1_axi_bram_ctrl_0_12: In IP Integrator, The Maximum address range supported is 2G. Selecting the address range more than 2G in the address editor may resets the value of Memory depth to default value (1024). please refer to the AXI BRAM Controller Product Guide.
INFO: [xilinx.com:ip:axi_bram_ctrl:4.1-2] design_1_axi_bram_ctrl_0_12: In IP Integrator, please note that memory depth value gets calculated based on the Data Width of the IP and Address range selected in the Address Editor.Incase a validation error occured on the range of this parameter, please check if the selected Data width and the Address Range are valid. For valid Data width and memory depth values, please refer to the AXI BRAM Controller Product Guide.
INFO: [xilinx.com:ip:axi_bram_ctrl:4.1-1] design_1_axi_bram_ctrl_0_12: In IP Integrator, The Maximum address range supported is 2G. Selecting the address range more than 2G in the address editor may resets the value of Memory depth to default value (1024). please refer to the AXI BRAM Controller Product Guide.
startgroup
apply_bd_automation -rule xilinx.com:bd_rule:bram_cntlr -config {BRAM "Auto" }  [get_bd_intf_pins axi_bram_ctrl_1/BRAM_PORTA]
apply_bd_automation -rule xilinx.com:bd_rule:axi4 -config { Clk_master {/zynq_ultra_ps_e_0/pl_clk0 (300 MHz)} Clk_slave {Auto} Clk_xbar {/zynq_ultra_ps_e_0/pl_clk0 (300 MHz)} Master {/zynq_ultra_ps_e_0/M_AXI_HPM0_LPD} Slave {/axi_bram_ctrl_1/S_AXI} ddr_seg {Auto} intc_ip {/axi_smc} master_apm {0}}  [get_bd_intf_pins axi_bram_ctrl_1/S_AXI]
endgroup
WARNING: [IP_Flow 19-4067] Ignoring invalid widget type specified checkbox.Providing a default widget
WARNING: [IP_Flow 19-4067] Ignoring invalid widget type specified checkbox.Providing a default widget
startgroup
make_bd_intf_pins_external  [get_bd_intf_pins axi_bram_ctrl_0_bram1/BRAM_PORTB]
endgroup
validate_bd_design
INFO: [Ipptcl 7-1463] No Compatible Board Interface found. Board Tab not created in customize GUI
WARNING: [BD 41-2180] Resetting the memory initialization file of </axi_bram_ctrl_0_bram> to default.
WARNING: [BD 41-2180] Resetting the memory initialization file of </axi_bram_ctrl_0_bram1> to default.
WARNING: [BD 41-237] Bus Interface property AWUSER_WIDTH does not match between /axi_bram_ctrl_0/S_AXI(0) and /axi_smc/M01_AXI(16)
WARNING: [BD 41-237] Bus Interface property ARUSER_WIDTH does not match between /axi_bram_ctrl_0/S_AXI(0) and /axi_smc/M01_AXI(16)
WARNING: [BD 41-237] Bus Interface property AWUSER_WIDTH does not match between /axi_bram_ctrl_1/S_AXI(0) and /axi_smc/M02_AXI(16)
WARNING: [BD 41-237] Bus Interface property ARUSER_WIDTH does not match between /axi_bram_ctrl_1/S_AXI(0) and /axi_smc/M02_AXI(16)
validate_bd_design: Time (s): cpu = 00:00:12 ; elapsed = 00:00:07 . Memory (MB): peak = 10345.691 ; gain = 0.000 ; free physical = 8576 ; free virtual = 23963
set_property location {0.5 -116 171} [get_bd_cells axi_bram_ctrl_0_bram]
set_property location {1 -139 269} [get_bd_cells axi_bram_ctrl_0_bram1]
set_property location {2 188 289} [get_bd_cells axi_bram_ctrl_1]
regenerate_bd_layout -routing
validate_bd_design -force
INFO: [Ipptcl 7-1463] No Compatible Board Interface found. Board Tab not created in customize GUI
WARNING: [BD 41-2180] Resetting the memory initialization file of </axi_bram_ctrl_0_bram> to default.
WARNING: [BD 41-2180] Resetting the memory initialization file of </axi_bram_ctrl_0_bram1> to default.
WARNING: [BD 41-237] Bus Interface property AWUSER_WIDTH does not match between /axi_bram_ctrl_0/S_AXI(0) and /axi_smc/M01_AXI(16)
WARNING: [BD 41-237] Bus Interface property ARUSER_WIDTH does not match between /axi_bram_ctrl_0/S_AXI(0) and /axi_smc/M01_AXI(16)
WARNING: [BD 41-237] Bus Interface property AWUSER_WIDTH does not match between /axi_bram_ctrl_1/S_AXI(0) and /axi_smc/M02_AXI(16)
WARNING: [BD 41-237] Bus Interface property ARUSER_WIDTH does not match between /axi_bram_ctrl_1/S_AXI(0) and /axi_smc/M02_AXI(16)
validate_bd_design: Time (s): cpu = 00:00:14 ; elapsed = 00:00:08 . Memory (MB): peak = 10345.691 ; gain = 0.000 ; free physical = 8553 ; free virtual = 23941
WARNING: [IP_Flow 19-465] param 'READ_LATENCY' already exists. Ignoring.
WARNING: [IP_Flow 19-465] param 'RD_CMD_OPTIMIZATION' already exists. Ignoring.
WARNING: [IP_Flow 19-465] param 'READ_LATENCY' already exists. Ignoring.
WARNING: [IP_Flow 19-465] param 'RD_CMD_OPTIMIZATION' already exists. Ignoring.
make_wrapper -files [get_files /home/rsaradhy/Work/trenz/vivado/project_2_bram/project_2_bram.srcs/sources_1/bd/design_1/design_1.bd] -top
INFO: [BD 41-1662] The design 'design_1.bd' is already validated. Therefore parameter propagation will not be re-run.
WARNING: [BD 41-2180] Resetting the memory initialization file of </axi_bram_ctrl_0_bram> to default.
WARNING: [BD 41-2180] Resetting the memory initialization file of </axi_bram_ctrl_0_bram1> to default.
Wrote  : </home/rsaradhy/Work/trenz/vivado/project_2_bram/project_2_bram.srcs/sources_1/bd/design_1/design_1.bd> 
Wrote  : </home/rsaradhy/Work/trenz/vivado/project_2_bram/project_2_bram.srcs/sources_1/bd/design_1/ui/bd_1f5defd0.ui> 
WARNING: [BD 41-235] Width mismatch when connecting pin: '/axi_bram_ctrl_0_bram/addra'(32) to net 'axi_bram_ctrl_0_BRAM_PORTA_ADDR'(16) - Only lower order bits will be connected.
WARNING: [BD 41-235] Width mismatch when connecting pin: '/axi_bram_ctrl_0_bram1/addra'(32) to net 'axi_bram_ctrl_1_BRAM_PORTA_ADDR'(16) - Only lower order bits will be connected.
VHDL Output written to : /home/rsaradhy/Work/trenz/vivado/project_2_bram/project_2_bram.srcs/sources_1/bd/design_1/synth/design_1.v
WARNING: [BD 41-235] Width mismatch when connecting pin: '/axi_bram_ctrl_0_bram/addra'(32) to net 'axi_bram_ctrl_0_BRAM_PORTA_ADDR'(16) - Only lower order bits will be connected.
WARNING: [BD 41-235] Width mismatch when connecting pin: '/axi_bram_ctrl_0_bram1/addra'(32) to net 'axi_bram_ctrl_1_BRAM_PORTA_ADDR'(16) - Only lower order bits will be connected.
VHDL Output written to : /home/rsaradhy/Work/trenz/vivado/project_2_bram/project_2_bram.srcs/sources_1/bd/design_1/sim/design_1.v
VHDL Output written to : /home/rsaradhy/Work/trenz/vivado/project_2_bram/project_2_bram.srcs/sources_1/bd/design_1/hdl/design_1_wrapper.v
set_property location {-18 151} [get_bd_intf_ports BRAM_PORTB_0]
regenerate_bd_layout -routing
delete_bd_objs [get_bd_intf_nets axi_smc_M02_AXI]
apply_bd_automation -rule xilinx.com:bd_rule:axi4 -config { Clk_master {/zynq_ultra_ps_e_0/pl_clk0 (300 MHz)} Clk_slave {/zynq_ultra_ps_e_0/pl_clk0 (300 MHz)} Clk_xbar {/zynq_ultra_ps_e_0/pl_clk0 (300 MHz)} Master {/zynq_ultra_ps_e_0/M_AXI_HPM0_LPD} Slave {/axi_bram_ctrl_1/S_AXI} ddr_seg {Auto} intc_ip {/axi_smc} master_apm {0}}  [get_bd_intf_pins axi_bram_ctrl_1/S_AXI]
validate_bd_design
INFO: [Ipptcl 7-1463] No Compatible Board Interface found. Board Tab not created in customize GUI
WARNING: [BD 41-2180] Resetting the memory initialization file of </axi_bram_ctrl_0_bram> to default.
WARNING: [BD 41-2180] Resetting the memory initialization file of </axi_bram_ctrl_0_bram1> to default.
WARNING: [BD 41-237] Bus Interface property AWUSER_WIDTH does not match between /axi_bram_ctrl_0/S_AXI(0) and /axi_smc/M01_AXI(16)
WARNING: [BD 41-237] Bus Interface property ARUSER_WIDTH does not match between /axi_bram_ctrl_0/S_AXI(0) and /axi_smc/M01_AXI(16)
WARNING: [BD 41-237] Bus Interface property AWUSER_WIDTH does not match between /axi_bram_ctrl_1/S_AXI(0) and /axi_smc/M02_AXI(16)
WARNING: [BD 41-237] Bus Interface property ARUSER_WIDTH does not match between /axi_bram_ctrl_1/S_AXI(0) and /axi_smc/M02_AXI(16)
validate_bd_design: Time (s): cpu = 00:00:15 ; elapsed = 00:00:08 . Memory (MB): peak = 10409.723 ; gain = 0.000 ; free physical = 8521 ; free virtual = 23912
WARNING: [IP_Flow 19-474] Invalid Parameter 'Component_Name'
WARNING: [IP_Flow 19-474] Invalid Parameter 'Component_Name'
startgroup
set_property -dict [list CONFIG.PSU__USE__M_AXI_GP1 {1}] [get_bd_cells zynq_ultra_ps_e_0]
endgroup
apply_bd_automation -rule xilinx.com:bd_rule:axi4 -config { Clk_master {Auto} Clk_slave {/zynq_ultra_ps_e_0/pl_clk0 (300 MHz)} Clk_xbar {/zynq_ultra_ps_e_0/pl_clk0 (300 MHz)} Master {/zynq_ultra_ps_e_0/M_AXI_HPM1_FPD} Slave {/axi_bram_ctrl_0/S_AXI} ddr_seg {Auto} intc_ip {/axi_smc} master_apm {0}}  [get_bd_intf_pins zynq_ultra_ps_e_0/M_AXI_HPM1_FPD]
Slave segment </axi_bram_ctrl_1/S_AXI/Mem0> is being mapped into address space </zynq_ultra_ps_e_0/Data> at <0xB000_0000 [ 32K ]>
WARNING: [IP_Flow 19-474] Invalid Parameter 'Component_Name'
startgroup
set_property -dict [list CONFIG.PSU__USE__M_AXI_GP0 {1} CONFIG.PSU__USE__M_AXI_GP2 {0}] [get_bd_cells zynq_ultra_ps_e_0]
WARNING: [BD 41-1684] Pin /zynq_ultra_ps_e_0/maxihpm0_lpd_aclk is now disabled. All connections to this pin have been removed. 
CRITICAL WARNING: [BD 41-1740] Cannot create master segment for </axi_gpio_0/S_AXI/Reg> in Address Space </zynq_ultra_ps_e_0/Data>. The proposed address '0x8000_0000 [ 64K ]' must fit an available aperture through master interface '/zynq_ultra_ps_e_0/M_AXI_HPM1_FPD' into address space '/zynq_ultra_ps_e_0/Data'. Valid apertures are {<0xB000_0000 [ 256M ]>, <0x5_0000_0000 [ 4G ]>, <0x48_0000_0000 [ 224G ]>}.
CRITICAL WARNING: [BD 41-1740] Cannot create master segment for </axi_bram_ctrl_0/S_AXI/Mem0> in Address Space </zynq_ultra_ps_e_0/Data>. The proposed address '0x8200_0000 [ 64K ]' must fit an available aperture through master interface '/zynq_ultra_ps_e_0/M_AXI_HPM1_FPD' into address space '/zynq_ultra_ps_e_0/Data'. Valid apertures are {<0xB000_0000 [ 256M ]>, <0x5_0000_0000 [ 4G ]>, <0x48_0000_0000 [ 224G ]>}.
delete_bd_objs [get_bd_intf_nets zynq_ultra_ps_e_0_M_AXI_HPM0_LPD]
endgroup
apply_bd_automation -rule xilinx.com:bd_rule:axi4 -config { Clk_master {Auto} Clk_slave {/zynq_ultra_ps_e_0/pl_clk0 (300 MHz)} Clk_xbar {/zynq_ultra_ps_e_0/pl_clk0 (300 MHz)} Master {/zynq_ultra_ps_e_0/M_AXI_HPM0_FPD} Slave {/axi_bram_ctrl_0/S_AXI} ddr_seg {Auto} intc_ip {/axi_smc} master_apm {0}}  [get_bd_intf_pins zynq_ultra_ps_e_0/M_AXI_HPM0_FPD]
WARNING: [IP_Flow 19-474] Invalid Parameter 'Component_Name'
startgroup
set_property -dict [list CONFIG.PSU__USE__M_AXI_GP2 {1}] [get_bd_cells zynq_ultra_ps_e_0]
CRITICAL WARNING: [BD 41-1740] Cannot create master segment for </axi_gpio_0/S_AXI/Reg> in Address Space </zynq_ultra_ps_e_0/Data>. The proposed address '0x8000_0000 [ 64K ]' must fit an available aperture through master interface '/zynq_ultra_ps_e_0/M_AXI_HPM1_FPD' into address space '/zynq_ultra_ps_e_0/Data'. Valid apertures are {<0xB000_0000 [ 256M ]>, <0x5_0000_0000 [ 4G ]>, <0x48_0000_0000 [ 224G ]>}.
CRITICAL WARNING: [BD 41-1740] Cannot create master segment for </axi_bram_ctrl_0/S_AXI/Mem0> in Address Space </zynq_ultra_ps_e_0/Data>. The proposed address '0x8200_0000 [ 64K ]' must fit an available aperture through master interface '/zynq_ultra_ps_e_0/M_AXI_HPM1_FPD' into address space '/zynq_ultra_ps_e_0/Data'. Valid apertures are {<0xB000_0000 [ 256M ]>, <0x5_0000_0000 [ 4G ]>, <0x48_0000_0000 [ 224G ]>}.
endgroup
apply_bd_automation -rule xilinx.com:bd_rule:axi4 -config { Clk_master {Auto} Clk_slave {/zynq_ultra_ps_e_0/pl_clk0 (300 MHz)} Clk_xbar {/zynq_ultra_ps_e_0/pl_clk0 (300 MHz)} Master {/zynq_ultra_ps_e_0/M_AXI_HPM0_LPD} Slave {/axi_bram_ctrl_0/S_AXI} ddr_seg {Auto} intc_ip {/axi_smc} master_apm {0}}  [get_bd_intf_pins zynq_ultra_ps_e_0/M_AXI_HPM0_LPD]
regenerate_bd_layout -routing
regenerate_bd_layout -routing
set_property range 64K [get_bd_addr_segs {zynq_ultra_ps_e_0/Data/SEG_axi_bram_ctrl_1_Mem0}]
copy_bd_objs /  [get_bd_cells {axi_bram_ctrl_1 axi_bram_ctrl_0_bram1}]
INFO: [xilinx.com:ip:axi_bram_ctrl:4.1-2] design_1_axi_bram_ctrl_1_0: In IP Integrator, please note that memory depth value gets calculated based on the Data Width of the IP and Address range selected in the Address Editor.Incase a validation error occured on the range of this parameter, please check if the selected Data width and the Address Range are valid. For valid Data width and memory depth values, please refer to the AXI BRAM Controller Product Guide.
INFO: [xilinx.com:ip:axi_bram_ctrl:4.1-1] design_1_axi_bram_ctrl_1_0: In IP Integrator, The Maximum address range supported is 2G. Selecting the address range more than 2G in the address editor may resets the value of Memory depth to default value (1024). please refer to the AXI BRAM Controller Product Guide.
INFO: [xilinx.com:ip:axi_bram_ctrl:4.1-2] design_1_axi_bram_ctrl_1_0: In IP Integrator, please note that memory depth value gets calculated based on the Data Width of the IP and Address range selected in the Address Editor.Incase a validation error occured on the range of this parameter, please check if the selected Data width and the Address Range are valid. For valid Data width and memory depth values, please refer to the AXI BRAM Controller Product Guide.
INFO: [xilinx.com:ip:axi_bram_ctrl:4.1-1] design_1_axi_bram_ctrl_1_0: In IP Integrator, The Maximum address range supported is 2G. Selecting the address range more than 2G in the address editor may resets the value of Memory depth to default value (1024). please refer to the AXI BRAM Controller Product Guide.
startgroup
set_property location {2 360 527} [get_bd_cells axi_bram_ctrl_0_bram2]
set_property location {2 360 397} [get_bd_cells axi_bram_ctrl_2]
endgroup
set_property location {1 168 402} [get_bd_cells axi_bram_ctrl_0_bram2]
startgroup
apply_bd_automation -rule xilinx.com:bd_rule:bram_cntlr -config {BRAM "Auto" }  [get_bd_intf_pins axi_bram_ctrl_2/BRAM_PORTA]
apply_bd_automation -rule xilinx.com:bd_rule:axi4 -config { Clk_master {/zynq_ultra_ps_e_0/pl_clk0 (300 MHz)} Clk_slave {Auto} Clk_xbar {/zynq_ultra_ps_e_0/pl_clk0 (300 MHz)} Master {/zynq_ultra_ps_e_0/M_AXI_HPM1_FPD} Slave {/axi_bram_ctrl_2/S_AXI} ddr_seg {Auto} intc_ip {/axi_smc} master_apm {0}}  [get_bd_intf_pins axi_bram_ctrl_2/S_AXI]
Slave segment </axi_bram_ctrl_2/S_AXI/Mem0> is being mapped into address space </zynq_ultra_ps_e_0/Data> at <0x8400_0000 [ 32K ]>
endgroup
WARNING: [IP_Flow 19-4067] Ignoring invalid widget type specified checkbox.Providing a default widget
WARNING: [IP_Flow 19-4067] Ignoring invalid widget type specified checkbox.Providing a default widget
startgroup
make_bd_intf_pins_external  [get_bd_intf_pins axi_bram_ctrl_0_bram2/BRAM_PORTB]
endgroup
regenerate_bd_layout -routing
set_property location {1 176 204} [get_bd_cells axi_bram_ctrl_0_bram]
regenerate_bd_layout -routing
set_property location {1 163 366} [get_bd_cells axi_bram_ctrl_0_bram2]
set_property range 64K [get_bd_addr_segs {zynq_ultra_ps_e_0/Data/SEG_axi_bram_ctrl_2_Mem0}]
WARNING: [IP_Flow 19-4067] Ignoring invalid widget type specified checkbox.Providing a default widget
WARNING: [IP_Flow 19-4067] Ignoring invalid widget type specified checkbox.Providing a default widget
WARNING: [IP_Flow 19-465] param 'READ_LATENCY' already exists. Ignoring.
WARNING: [IP_Flow 19-465] param 'RD_CMD_OPTIMIZATION' already exists. Ignoring.
WARNING: [IP_Flow 19-465] param 'READ_LATENCY' already exists. Ignoring.
WARNING: [IP_Flow 19-465] param 'RD_CMD_OPTIMIZATION' already exists. Ignoring.
WARNING: [IP_Flow 19-465] param 'READ_LATENCY' already exists. Ignoring.
WARNING: [IP_Flow 19-465] param 'RD_CMD_OPTIMIZATION' already exists. Ignoring.
validate_bd_design
INFO: [Ipptcl 7-1463] No Compatible Board Interface found. Board Tab not created in customize GUI
WARNING: [BD 41-2180] Resetting the memory initialization file of </axi_bram_ctrl_0_bram> to default.
WARNING: [BD 41-2180] Resetting the memory initialization file of </axi_bram_ctrl_0_bram1> to default.
WARNING: [BD 41-2180] Resetting the memory initialization file of </axi_bram_ctrl_0_bram2> to default.
WARNING: [BD 41-237] Bus Interface property AWUSER_WIDTH does not match between /axi_bram_ctrl_0/S_AXI(0) and /axi_smc/M01_AXI(16)
WARNING: [BD 41-237] Bus Interface property ARUSER_WIDTH does not match between /axi_bram_ctrl_0/S_AXI(0) and /axi_smc/M01_AXI(16)
WARNING: [BD 41-237] Bus Interface property AWUSER_WIDTH does not match between /axi_bram_ctrl_1/S_AXI(0) and /axi_smc/M02_AXI(16)
WARNING: [BD 41-237] Bus Interface property ARUSER_WIDTH does not match between /axi_bram_ctrl_1/S_AXI(0) and /axi_smc/M02_AXI(16)
WARNING: [BD 41-237] Bus Interface property AWUSER_WIDTH does not match between /axi_bram_ctrl_2/S_AXI(0) and /axi_smc/M03_AXI(16)
WARNING: [BD 41-237] Bus Interface property ARUSER_WIDTH does not match between /axi_bram_ctrl_2/S_AXI(0) and /axi_smc/M03_AXI(16)
validate_bd_design: Time (s): cpu = 00:00:30 ; elapsed = 00:00:17 . Memory (MB): peak = 10514.762 ; gain = 0.000 ; free physical = 8249 ; free virtual = 23663
make_wrapper -files [get_files /home/rsaradhy/Work/trenz/vivado/project_2_bram/project_2_bram.srcs/sources_1/bd/design_1/design_1.bd] -top
INFO: [BD 41-1662] The design 'design_1.bd' is already validated. Therefore parameter propagation will not be re-run.
WARNING: [BD 41-2180] Resetting the memory initialization file of </axi_bram_ctrl_0_bram> to default.
WARNING: [BD 41-2180] Resetting the memory initialization file of </axi_bram_ctrl_0_bram1> to default.
WARNING: [BD 41-2180] Resetting the memory initialization file of </axi_bram_ctrl_0_bram2> to default.
Wrote  : </home/rsaradhy/Work/trenz/vivado/project_2_bram/project_2_bram.srcs/sources_1/bd/design_1/design_1.bd> 
Wrote  : </home/rsaradhy/Work/trenz/vivado/project_2_bram/project_2_bram.srcs/sources_1/bd/design_1/ui/bd_1f5defd0.ui> 
WARNING: [BD 41-235] Width mismatch when connecting pin: '/axi_bram_ctrl_0_bram/addra'(32) to net 'axi_bram_ctrl_0_BRAM_PORTA_ADDR'(16) - Only lower order bits will be connected.
WARNING: [BD 41-235] Width mismatch when connecting pin: '/axi_bram_ctrl_0_bram1/addra'(32) to net 'axi_bram_ctrl_1_BRAM_PORTA_ADDR'(16) - Only lower order bits will be connected.
WARNING: [BD 41-235] Width mismatch when connecting pin: '/axi_bram_ctrl_0_bram2/addra'(32) to net 'axi_bram_ctrl_2_BRAM_PORTA_ADDR'(16) - Only lower order bits will be connected.
VHDL Output written to : /home/rsaradhy/Work/trenz/vivado/project_2_bram/project_2_bram.srcs/sources_1/bd/design_1/synth/design_1.v
WARNING: [BD 41-235] Width mismatch when connecting pin: '/axi_bram_ctrl_0_bram/addra'(32) to net 'axi_bram_ctrl_0_BRAM_PORTA_ADDR'(16) - Only lower order bits will be connected.
WARNING: [BD 41-235] Width mismatch when connecting pin: '/axi_bram_ctrl_0_bram1/addra'(32) to net 'axi_bram_ctrl_1_BRAM_PORTA_ADDR'(16) - Only lower order bits will be connected.
WARNING: [BD 41-235] Width mismatch when connecting pin: '/axi_bram_ctrl_0_bram2/addra'(32) to net 'axi_bram_ctrl_2_BRAM_PORTA_ADDR'(16) - Only lower order bits will be connected.
VHDL Output written to : /home/rsaradhy/Work/trenz/vivado/project_2_bram/project_2_bram.srcs/sources_1/bd/design_1/sim/design_1.v
VHDL Output written to : /home/rsaradhy/Work/trenz/vivado/project_2_bram/project_2_bram.srcs/sources_1/bd/design_1/hdl/design_1_wrapper.v
WARNING: [IP_Flow 19-4067] Ignoring invalid widget type specified checkbox.Providing a default widget
WARNING: [IP_Flow 19-4067] Ignoring invalid widget type specified checkbox.Providing a default widget
reset_run synth_1
reset_run design_1_axi_bram_ctrl_0_bram_7_synth_1
reset_run design_1_axi_bram_ctrl_0_11_synth_1
reset_run design_1_zynq_ultra_ps_e_0_1_synth_1
reset_run design_1_axi_smc_1_synth_1
launch_runs impl_1 -to_step write_bitstream -jobs 12
INFO: [BD 41-1662] The design 'design_1.bd' is already validated. Therefore parameter propagation will not be re-run.
WARNING: [BD 41-2180] Resetting the memory initialization file of </axi_bram_ctrl_0_bram> to default.
WARNING: [BD 41-2180] Resetting the memory initialization file of </axi_bram_ctrl_0_bram1> to default.
WARNING: [BD 41-2180] Resetting the memory initialization file of </axi_bram_ctrl_0_bram2> to default.
Wrote  : </home/rsaradhy/Work/trenz/vivado/project_2_bram/project_2_bram.srcs/sources_1/bd/design_1/design_1.bd> 
WARNING: [BD 41-235] Width mismatch when connecting pin: '/axi_bram_ctrl_0_bram/addra'(32) to net 'axi_bram_ctrl_0_BRAM_PORTA_ADDR'(16) - Only lower order bits will be connected.
WARNING: [BD 41-235] Width mismatch when connecting pin: '/axi_bram_ctrl_0_bram1/addra'(32) to net 'axi_bram_ctrl_1_BRAM_PORTA_ADDR'(16) - Only lower order bits will be connected.
WARNING: [BD 41-235] Width mismatch when connecting pin: '/axi_bram_ctrl_0_bram2/addra'(32) to net 'axi_bram_ctrl_2_BRAM_PORTA_ADDR'(16) - Only lower order bits will be connected.
VHDL Output written to : /home/rsaradhy/Work/trenz/vivado/project_2_bram/project_2_bram.srcs/sources_1/bd/design_1/synth/design_1.v
WARNING: [BD 41-235] Width mismatch when connecting pin: '/axi_bram_ctrl_0_bram/addra'(32) to net 'axi_bram_ctrl_0_BRAM_PORTA_ADDR'(16) - Only lower order bits will be connected.
WARNING: [BD 41-235] Width mismatch when connecting pin: '/axi_bram_ctrl_0_bram1/addra'(32) to net 'axi_bram_ctrl_1_BRAM_PORTA_ADDR'(16) - Only lower order bits will be connected.
WARNING: [BD 41-235] Width mismatch when connecting pin: '/axi_bram_ctrl_0_bram2/addra'(32) to net 'axi_bram_ctrl_2_BRAM_PORTA_ADDR'(16) - Only lower order bits will be connected.
VHDL Output written to : /home/rsaradhy/Work/trenz/vivado/project_2_bram/project_2_bram.srcs/sources_1/bd/design_1/sim/design_1.v
VHDL Output written to : /home/rsaradhy/Work/trenz/vivado/project_2_bram/project_2_bram.srcs/sources_1/bd/design_1/hdl/design_1_wrapper.v
INFO: [xilinx.com:ip:zynq_ultra_ps_e:3.3-0] design_1_zynq_ultra_ps_e_0_1: 
Changes in your design (including the PCW configuration settings) are not automatically exported from Vivado to Xilinx's SDK, Petalinux or Yocto.
This is by design to avoid disrupting existing embedded development efforts. To have any changes of your design taking effect in the embedded software flow please export your
design by going through Vivado's main menu, click on File, then Export finally select Export Hardware, please ensure you click on the Include BitStream option.
The auto-generated HDF file is all you need to import in Xilinx's SDK, Petalinux or Yocto for your changes to be reflected in the Embedded Software Flow.
For more information, please consult PG201, section: Exporting PCW Settings to Embedded Software Flows
INFO: [PSU-0] Address Range of DDR (0x7ff00000 to 0x7fffffff) is reserved by PMU for internal purpose.
WARNING: [IP_Flow 19-5611] Unable to find an associated reset port for the interface 'M_AXI_HPM0_FPD'. A default connection has been created.
WARNING: [IP_Flow 19-5611] Unable to find an associated reset port for the interface 'M_AXI_HPM1_FPD'. A default connection has been created.
WARNING: [IP_Flow 19-5611] Unable to find an associated reset port for the interface 'M_AXI_HPM0_LPD'. A default connection has been created.
INFO: [BD 41-1029] Generation completed for the IP Integrator block zynq_ultra_ps_e_0 .
WARNING: [IP_Flow 19-5611] Unable to find an associated reset port for the interface 'S00_AXI'. A default connection has been created.
WARNING: [IP_Flow 19-5611] Unable to find an associated reset port for the interface 'S01_AXI'. A default connection has been created.
WARNING: [IP_Flow 19-5611] Unable to find an associated reset port for the interface 'S02_AXI'. A default connection has been created.
WARNING: [IP_Flow 19-5611] Unable to find an associated reset port for the interface 'M00_AXI'. A default connection has been created.
WARNING: [IP_Flow 19-5611] Unable to find an associated reset port for the interface 'M01_AXI'. A default connection has been created.
WARNING: [IP_Flow 19-5611] Unable to find an associated reset port for the interface 'M02_AXI'. A default connection has been created.
WARNING: [IP_Flow 19-5611] Unable to find an associated reset port for the interface 'M03_AXI'. A default connection has been created.
Exporting to file /home/rsaradhy/Work/trenz/vivado/project_2_bram/project_2_bram.srcs/sources_1/bd/design_1/ip/design_1_axi_smc_1/bd_0/hw_handoff/design_1_axi_smc_1.hwh
Generated Block Design Tcl file /home/rsaradhy/Work/trenz/vivado/project_2_bram/project_2_bram.srcs/sources_1/bd/design_1/ip/design_1_axi_smc_1/bd_0/hw_handoff/design_1_axi_smc_1_bd.tcl
Generated Hardware Definition File /home/rsaradhy/Work/trenz/vivado/project_2_bram/project_2_bram.srcs/sources_1/bd/design_1/ip/design_1_axi_smc_1/bd_0/synth/design_1_axi_smc_1.hwdef
INFO: [BD 41-1029] Generation completed for the IP Integrator block axi_smc .
INFO: [BD 41-1029] Generation completed for the IP Integrator block rst_ps8_0_200M .
INFO: [BD 41-1029] Generation completed for the IP Integrator block axi_gpio_0 .
INFO: [BD 41-1029] Generation completed for the IP Integrator block axi_bram_ctrl_0 .
INFO: [BD 41-1029] Generation completed for the IP Integrator block axi_bram_ctrl_0_bram .
INFO: [BD 41-1029] Generation completed for the IP Integrator block axi_bram_ctrl_1 .
INFO: [BD 41-1029] Generation completed for the IP Integrator block axi_bram_ctrl_0_bram1 .
INFO: [BD 41-1029] Generation completed for the IP Integrator block axi_bram_ctrl_0_bram2 .
INFO: [BD 41-1029] Generation completed for the IP Integrator block axi_bram_ctrl_2 .
Exporting to file /home/rsaradhy/Work/trenz/vivado/project_2_bram/project_2_bram.srcs/sources_1/bd/design_1/hw_handoff/design_1.hwh
Generated Block Design Tcl file /home/rsaradhy/Work/trenz/vivado/project_2_bram/project_2_bram.srcs/sources_1/bd/design_1/hw_handoff/design_1_bd.tcl
Generated Hardware Definition File /home/rsaradhy/Work/trenz/vivado/project_2_bram/project_2_bram.srcs/sources_1/bd/design_1/synth/design_1.hwdef
INFO: [IP_Flow 19-4993] Using cached IP synthesis design for IP design_1_axi_bram_ctrl_0_11, cache-ID = fc7373904d9a066d; cache size = 256.945 MB.
INFO: [IP_Flow 19-4993] Using cached IP synthesis design for IP design_1_axi_bram_ctrl_0_bram_8, cache-ID = 40bb7cf65bfc100a; cache size = 256.945 MB.
INFO: [IP_Flow 19-4993] Using cached IP synthesis design for IP design_1_axi_bram_ctrl_0_12, cache-ID = fc7373904d9a066d; cache size = 256.945 MB.
INFO: [IP_Flow 19-4993] Using cached IP synthesis design for IP design_1_axi_bram_ctrl_0_bram1_0, cache-ID = 40bb7cf65bfc100a; cache size = 256.945 MB.
INFO: [IP_Flow 19-4993] Using cached IP synthesis design for IP design_1_axi_bram_ctrl_0_bram_7, cache-ID = 40bb7cf65bfc100a; cache size = 256.945 MB.
INFO: [IP_Flow 19-4993] Using cached IP synthesis design for IP design_1_axi_bram_ctrl_1_0, cache-ID = fc7373904d9a066d; cache size = 256.945 MB.
INFO: [IP_Flow 19-5642] Done with IP cache export for multiple IPs
[Tue Sep 15 04:48:19 2020] Launched design_1_zynq_ultra_ps_e_0_1_synth_1, design_1_axi_smc_1_synth_1, synth_1...
Run output will be captured here:
design_1_zynq_ultra_ps_e_0_1_synth_1: /home/rsaradhy/Work/trenz/vivado/project_2_bram/project_2_bram.runs/design_1_zynq_ultra_ps_e_0_1_synth_1/runme.log
design_1_axi_smc_1_synth_1: /home/rsaradhy/Work/trenz/vivado/project_2_bram/project_2_bram.runs/design_1_axi_smc_1_synth_1/runme.log
synth_1: /home/rsaradhy/Work/trenz/vivado/project_2_bram/project_2_bram.runs/synth_1/runme.log
[Tue Sep 15 04:48:19 2020] Launched impl_1...
Run output will be captured here: /home/rsaradhy/Work/trenz/vivado/project_2_bram/project_2_bram.runs/impl_1/runme.log
launch_runs: Time (s): cpu = 00:00:50 ; elapsed = 00:00:42 . Memory (MB): peak = 10880.938 ; gain = 0.000 ; free physical = 8275 ; free virtual = 23574
WARNING: [IP_Flow 19-465] param 'READ_LATENCY' already exists. Ignoring.
WARNING: [IP_Flow 19-465] param 'RD_CMD_OPTIMIZATION' already exists. Ignoring.
write_hw_platform -fixed -force  -include_bit -file /home/rsaradhy/Work/trenz/vivado/project_2_bram/main.xsa
INFO: [Vivado 12-4895] Creating Hardware Platform: /home/rsaradhy/Work/trenz/vivado/project_2_bram/main.xsa ...
INFO: [Vivado 12-4896] Successfully created Hardware Platform: /home/rsaradhy/Work/trenz/vivado/project_2_bram/main.xsa
write_hw_platform: Time (s): cpu = 00:00:16 ; elapsed = 00:00:13 . Memory (MB): peak = 10880.938 ; gain = 0.000 ; free physical = 9003 ; free virtual = 23302
WARNING: [IP_Flow 19-474] Invalid Parameter 'Component_Name'
startgroup
set_property -dict [list CONFIG.PSU__USE__M_AXI_GP2 {0}] [get_bd_cells zynq_ultra_ps_e_0]
WARNING: [BD 41-1684] Pin /zynq_ultra_ps_e_0/maxihpm0_lpd_aclk is now disabled. All connections to this pin have been removed. 
CRITICAL WARNING: [BD 41-1740] Cannot create master segment for </axi_gpio_0/S_AXI/Reg> in Address Space </zynq_ultra_ps_e_0/Data>. The proposed address '0x8000_0000 [ 64K ]' must fit an available aperture through master interface '/zynq_ultra_ps_e_0/M_AXI_HPM1_FPD' into address space '/zynq_ultra_ps_e_0/Data'. Valid apertures are {<0xB000_0000 [ 256M ]>, <0x5_0000_0000 [ 4G ]>, <0x48_0000_0000 [ 224G ]>}.
CRITICAL WARNING: [BD 41-1740] Cannot create master segment for </axi_bram_ctrl_0/S_AXI/Mem0> in Address Space </zynq_ultra_ps_e_0/Data>. The proposed address '0x8200_0000 [ 64K ]' must fit an available aperture through master interface '/zynq_ultra_ps_e_0/M_AXI_HPM1_FPD' into address space '/zynq_ultra_ps_e_0/Data'. Valid apertures are {<0xB000_0000 [ 256M ]>, <0x5_0000_0000 [ 4G ]>, <0x48_0000_0000 [ 224G ]>}.
CRITICAL WARNING: [BD 41-1740] Cannot create master segment for </axi_bram_ctrl_2/S_AXI/Mem0> in Address Space </zynq_ultra_ps_e_0/Data>. The proposed address '0x8400_0000 [ 64K ]' must fit an available aperture through master interface '/zynq_ultra_ps_e_0/M_AXI_HPM1_FPD' into address space '/zynq_ultra_ps_e_0/Data'. Valid apertures are {<0xB000_0000 [ 256M ]>, <0x5_0000_0000 [ 4G ]>, <0x48_0000_0000 [ 224G ]>}.
delete_bd_objs [get_bd_intf_nets zynq_ultra_ps_e_0_M_AXI_HPM0_LPD]
endgroup
WARNING: [IP_Flow 19-474] Invalid Parameter 'Component_Name'
startgroup
set_property -dict [list CONFIG.PSU__USE__M_AXI_GP1 {0}] [get_bd_cells zynq_ultra_ps_e_0]
WARNING: [BD 41-1684] Pin /zynq_ultra_ps_e_0/maxihpm1_fpd_aclk is now disabled. All connections to this pin have been removed. 
CRITICAL WARNING: [BD 41-1740] Cannot create master segment for </axi_gpio_0/S_AXI/Reg> in Address Space </zynq_ultra_ps_e_0/Data>. The proposed address '0x8000_0000 [ 64K ]' must fit an available aperture through master interface '/zynq_ultra_ps_e_0/M_AXI_HPM0_FPD' into address space '/zynq_ultra_ps_e_0/Data'. Valid apertures are {<0xA000_0000 [ 256M ]>, <0x4_0000_0000 [ 4G ]>, <0x10_0000_0000 [ 224G ]>}.
CRITICAL WARNING: [BD 41-1740] Cannot create master segment for </axi_bram_ctrl_0/S_AXI/Mem0> in Address Space </zynq_ultra_ps_e_0/Data>. The proposed address '0x8200_0000 [ 64K ]' must fit an available aperture through master interface '/zynq_ultra_ps_e_0/M_AXI_HPM0_FPD' into address space '/zynq_ultra_ps_e_0/Data'. Valid apertures are {<0xA000_0000 [ 256M ]>, <0x4_0000_0000 [ 4G ]>, <0x10_0000_0000 [ 224G ]>}.
CRITICAL WARNING: [BD 41-1740] Cannot create master segment for </axi_bram_ctrl_2/S_AXI/Mem0> in Address Space </zynq_ultra_ps_e_0/Data>. The proposed address '0x8400_0000 [ 64K ]' must fit an available aperture through master interface '/zynq_ultra_ps_e_0/M_AXI_HPM0_FPD' into address space '/zynq_ultra_ps_e_0/Data'. Valid apertures are {<0xA000_0000 [ 256M ]>, <0x4_0000_0000 [ 4G ]>, <0x10_0000_0000 [ 224G ]>}.
delete_bd_objs [get_bd_intf_nets zynq_ultra_ps_e_0_M_AXI_HPM1_FPD]
