#-----------------------------------------------------------
# Vivado v2019.2 (64-bit)
# SW Build 2708876 on Wed Nov  6 21:40:23 MST 2019
# IP Build 2700528 on Thu Nov  7 00:09:20 MST 2019
# Start of session at: Sat Dec 19 05:46:35 2020
# Process ID: 6108
# Current directory: C:/FromLinux/Work/trenz/vivado/project_2_bram
# Command line: vivado.exe -gui_launcher_event rodinguilauncherevent3784 C:\FromLinux\Work\trenz\vivado\project_2_bram\project_2_bram.xpr
# Log file: C:/FromLinux/Work/trenz/vivado/project_2_bram/vivado.log
# Journal file: C:/FromLinux/Work/trenz/vivado/project_2_bram\vivado.jou
#-----------------------------------------------------------
start_gui
open_project C:/FromLinux/Work/trenz/vivado/project_2_bram/project_2_bram.xpr
INFO: [Project 1-313] Project file moved from '/home/rsaradhy/Work/trenz/vivado/project_2_bram' since last save.
Scanning sources...
Finished scanning sources
CRITICAL WARNING: [Board 49-67] The board_part definition was not found for trenz.biz:te0820_2cg_1e:part0:2.0. This can happen sometimes when you use custom board part. You can resolve this issue by setting 'board.repoPaths' parameter, pointing to the location of custom board files. Valid board_part values can be retrieved with the 'get_board_parts' Tcl command.
INFO: [IP_Flow 19-234] Refreshing IP repositories
INFO: [IP_Flow 19-1704] No user IP repositories specified
INFO: [IP_Flow 19-2313] Loaded Vivado IP repository 'C:/Xilinx/Vivado/2019.2/data/ip'.
WARNING: [BD 41-1661] One or more IPs have been locked in the design 'design_1.bd'. Please run report_ip_status for more details and recommendations on how to fix this issue.
List of locked IPs:
design_1_axi_smc_1
design_1_rst_ps8_0_200M_0
design_1_axi_gpio_0_0

open_project: Time (s): cpu = 00:00:24 ; elapsed = 00:00:12 . Memory (MB): peak = 1000.125 ; gain = 315.078
exit
INFO: [Common 17-206] Exiting Vivado at Sat Dec 19 05:47:29 2020...

