#-----------------------------------------------------------
# Vivado v2019.2 (64-bit)
# SW Build 2708876 on Wed Nov  6 21:39:14 MST 2019
# IP Build 2700528 on Thu Nov  7 00:09:20 MST 2019
# Start of session at: Fri Dec 18 17:22:20 2020
# Process ID: 17032
# Current directory: /home/rsaradhy/Work/trenz/vivado/project_2_bram
# Command line: vivado project_2_bram.xpr
# Log file: /home/rsaradhy/Work/trenz/vivado/project_2_bram/vivado.log
# Journal file: /home/rsaradhy/Work/trenz/vivado/project_2_bram/vivado.jou
#-----------------------------------------------------------
start_gui
open_project project_2_bram.xpr
Scanning sources...
Finished scanning sources
INFO: [IP_Flow 19-234] Refreshing IP repositories
INFO: [IP_Flow 19-1704] No user IP repositories specified
INFO: [IP_Flow 19-2313] Loaded Vivado IP repository '/home/rsaradhy/Software/Vivado/Vivado/2019.2/data/ip'.
open_project: Time (s): cpu = 00:00:23 ; elapsed = 00:00:10 . Memory (MB): peak = 6842.445 ; gain = 153.145 ; free physical = 2617 ; free virtual = 12275
reset_run synth_1
launch_runs impl_1 -to_step write_bitstream -jobs 16
INFO: [Vivado 12-4149] The synthesis checkpoint for IP '/home/rsaradhy/Work/trenz/vivado/project_2_bram/project_2_bram.srcs/sources_1/ip/FIFO_10/FIFO_10.xci' is already up-to-date
[Fri Dec 18 17:24:24 2020] Launched synth_1...
Run output will be captured here: /home/rsaradhy/Work/trenz/vivado/project_2_bram/project_2_bram.runs/synth_1/runme.log
[Fri Dec 18 17:24:24 2020] Launched impl_1...
Run output will be captured here: /home/rsaradhy/Work/trenz/vivado/project_2_bram/project_2_bram.runs/impl_1/runme.log
reset_run synth_1
launch_runs impl_1 -to_step write_bitstream -jobs 16
INFO: [Vivado 12-4149] The synthesis checkpoint for IP '/home/rsaradhy/Work/trenz/vivado/project_2_bram/project_2_bram.srcs/sources_1/ip/FIFO_10/FIFO_10.xci' is already up-to-date
[Fri Dec 18 18:34:22 2020] Launched synth_1...
Run output will be captured here: /home/rsaradhy/Work/trenz/vivado/project_2_bram/project_2_bram.runs/synth_1/runme.log
[Fri Dec 18 18:34:23 2020] Launched impl_1...
Run output will be captured here: /home/rsaradhy/Work/trenz/vivado/project_2_bram/project_2_bram.runs/impl_1/runme.log
exit
INFO: [Common 17-206] Exiting Vivado at Fri Dec 18 20:16:58 2020...
