INFO: [VRFC 10-2263] Analyzing Verilog file "/home/rsaradhy/Work/trenz/vivado/project_1/project_1.ip_user_files/bd/design_1/ip/design_1_axi_smc_0/bd_0/sim/bd_afc3.v" into library xil_defaultlib
INFO: [VRFC 10-311] analyzing module bd_afc3
INFO: [VRFC 10-311] analyzing module clk_map_imp_5Y9LOC
INFO: [VRFC 10-311] analyzing module m00_exit_pipeline_imp_1TZX5BB
INFO: [VRFC 10-311] analyzing module s00_entry_pipeline_imp_USCCV8
INFO: [VRFC 10-311] analyzing module s00_nodes_imp_Y7M43I
INFO: [VRFC 10-2263] Analyzing Verilog file "/home/rsaradhy/Work/trenz/vivado/project_1/project_1.ip_user_files/bd/design_1/ip/design_1_axi_smc_0/sim/design_1_axi_smc_0.v" into library xil_defaultlib
INFO: [VRFC 10-311] analyzing module design_1_axi_smc_0
INFO: [VRFC 10-2263] Analyzing Verilog file "/home/rsaradhy/Work/trenz/vivado/project_1/project_1.ip_user_files/bd/design_1/ipshared/5920/hdl/data_transfer_v1_0_M_AXIS.v" into library xil_defaultlib
INFO: [VRFC 10-311] analyzing module data_transfer_v1_0_M_AXIS
INFO: [VRFC 10-2263] Analyzing Verilog file "/home/rsaradhy/Work/trenz/vivado/project_1/project_1.ip_user_files/bd/design_1/ipshared/5920/hdl/data_transfer_v1_0.v" into library xil_defaultlib
INFO: [VRFC 10-311] analyzing module data_transfer_v1_0
INFO: [VRFC 10-2263] Analyzing Verilog file "/home/rsaradhy/Work/trenz/vivado/project_1/project_1.ip_user_files/bd/design_1/ip/design_1_data_transfer_0_0/sim/design_1_data_transfer_0_0.v" into library xil_defaultlib
INFO: [VRFC 10-311] analyzing module design_1_data_transfer_0_0
INFO: [VRFC 10-2263] Analyzing Verilog file "/home/rsaradhy/Work/trenz/vivado/project_1/project_1.ip_user_files/bd/design_1/ip/design_1_auto_pc_0/sim/design_1_auto_pc_0.v" into library xil_defaultlib
INFO: [VRFC 10-311] analyzing module design_1_auto_pc_0
INFO: [VRFC 10-2263] Analyzing Verilog file "/home/rsaradhy/Work/trenz/vivado/project_1/project_1.ip_user_files/bd/design_1/sim/design_1.v" into library xil_defaultlib
INFO: [VRFC 10-311] analyzing module design_1
INFO: [VRFC 10-311] analyzing module design_1_ps8_0_axi_periph_0
INFO: [VRFC 10-311] analyzing module m00_couplers_imp_QJIMLI
INFO: [VRFC 10-311] analyzing module m01_couplers_imp_1D3SAH3
INFO: [VRFC 10-311] analyzing module s00_couplers_imp_1A7ZMW4
INFO: [VRFC 10-2263] Analyzing Verilog file "/home/rsaradhy/Work/trenz/vivado/project_1/project_1.srcs/sources_1/new/DDMTD_Sampler.v" into library xil_defaultlib
INFO: [VRFC 10-311] analyzing module DDMTD_Sampler
INFO: [VRFC 10-2458] undeclared symbol ARESETN, assumed default net type wire [/home/rsaradhy/Work/trenz/vivado/project_1/project_1.srcs/sources_1/new/DDMTD_Sampler.v:64]
INFO: [VRFC 10-2263] Analyzing Verilog file "/home/rsaradhy/Work/trenz/vivado/project_1/project_1.srcs/sources_1/bd/design_1/hdl/design_1_wrapper.v" into library xil_defaultlib
INFO: [VRFC 10-311] analyzing module design_1_wrapper
INFO: [VRFC 10-2263] Analyzing Verilog file "/home/rsaradhy/Work/trenz/vivado/project_1/project_1.srcs/sources_1/new/main.v" into library xil_defaultlib
INFO: [VRFC 10-311] analyzing module main
INFO: [VRFC 10-2458] undeclared symbol reset_DDMTD_Sample_n, assumed default net type wire [/home/rsaradhy/Work/trenz/vivado/project_1/project_1.srcs/sources_1/new/main.v:132]
INFO: [VRFC 10-2458] undeclared symbol CLK_400, assumed default net type wire [/home/rsaradhy/Work/trenz/vivado/project_1/project_1.srcs/sources_1/new/main.v:313]
INFO: [VRFC 10-2263] Analyzing Verilog file "/home/rsaradhy/Work/trenz/vivado/project_1/project_1.srcs/sim_1/new/testbench_DDMTDSampler.v" into library xil_defaultlib
INFO: [VRFC 10-311] analyzing module testbench_DDMTDSampler
INFO: [VRFC 10-2263] Analyzing Verilog file "/home/rsaradhy/Work/trenz/vivado/project_1/project_1.srcs/sim_1/new/testbench_fifochain.v" into library xil_defaultlib
INFO: [VRFC 10-311] analyzing module testbench_fifochain
