Vivado Simulator 2019.2
Copyright 1986-1999, 2001-2019 Xilinx, Inc. All Rights Reserved.
Running: /home/rsaradhy/Software/Xilinx/Vivado/2019.2/bin/unwrapped/lnx64.o/xelab -wto 07ed4253ce224be2afe0fc0be078be9c --incr --debug typical --relax --mt 8 -L xil_defaultlib -L xilinx_vip -L unisims_ver -L unimacro_ver -L secureip -L xpm --snapshot testbench_DDMTDSampler_behav xil_defaultlib.testbench_DDMTDSampler xil_defaultlib.glbl -log elaborate.log 
Using 8 slave threads.
Starting static elaboration
Pass Through NonSizing Optimizer
WARNING: [VRFC 10-3091] actual bit length 36 differs from formal bit length 64 for port 'CASDOUT' [/home/rsaradhy/Work/trenz/vivado/project_1/project_1.srcs/sources_1/new/FIFOs_Ultrascale.v:119]
WARNING: [VRFC 10-3091] actual bit length 36 differs from formal bit length 64 for port 'DIN' [/home/rsaradhy/Work/trenz/vivado/project_1/project_1.srcs/sources_1/new/FIFOs_Ultrascale.v:135]
WARNING: [VRFC 10-3091] actual bit length 36 differs from formal bit length 64 for port 'CASDIN' [/home/rsaradhy/Work/trenz/vivado/project_1/project_1.srcs/sources_1/new/FIFOs_Ultrascale.v:270]
WARNING: [VRFC 10-3091] actual bit length 36 differs from formal bit length 64 for port 'DOUT' [/home/rsaradhy/Work/trenz/vivado/project_1/project_1.srcs/sources_1/new/FIFOs_Ultrascale.v:282]
WARNING: [VRFC 10-3091] actual bit length 36 differs from formal bit length 64 for port 'CASDOUT' [/home/rsaradhy/Work/trenz/vivado/project_1/project_1.srcs/sources_1/new/FIFOs_Ultrascale.v:197]
WARNING: [VRFC 10-3091] actual bit length 36 differs from formal bit length 64 for port 'CASDIN' [/home/rsaradhy/Work/trenz/vivado/project_1/project_1.srcs/sources_1/new/FIFOs_Ultrascale.v:198]
Completed static elaboration
Starting simulation data flow analysis
Completed simulation data flow analysis
Time Resolution for simulation is 1ps
Compiling module unisims_ver.FIFO36E2(CASCADE_ORDER="FIRST",F...
Compiling module unisims_ver.FIFO36E2(CASCADE_ORDER="MIDDLE",...
Compiling module unisims_ver.FIFO36E2(CASCADE_ORDER="LAST",FI...
Compiling module xil_defaultlib.FIFOs_Ultrascale(num_fifo=4)
Compiling module xil_defaultlib.DDMTD_Sampler
Compiling module xil_defaultlib.testbench_DDMTDSampler
Compiling module xil_defaultlib.glbl
Built simulation snapshot testbench_DDMTDSampler_behav
