#
# An unexpected error has occurred (11)
#
Stack:
/home/rsaradhy/Software/Xilinx/Vivado/2019.2/tps/lnx64/jre9.0.4/lib//server/libjvm.so(+0xb6aadb) [0x7f10595f8adb]
/home/rsaradhy/Software/Xilinx/Vivado/2019.2/tps/lnx64/jre9.0.4/lib//server/libjvm.so(JVM_handle_linux_signal+0xbb) [0x7f10595fde1b]
/home/rsaradhy/Software/Xilinx/Vivado/2019.2/tps/lnx64/jre9.0.4/lib//server/libjvm.so(+0xb647b8) [0x7f10595f27b8]
/lib/x86_64-linux-gnu/libc.so.6(+0x3efd0) [0x7f10a589ffd0]
/home/rsaradhy/Software/Xilinx/Vivado/2019.2/lib/lnx64.o/librdi_simbridge_kernel.so(SimBridge::CArray::empty() const+0) [0x7f105ee7f540]
/home/rsaradhy/Software/Xilinx/Vivado/2019.2/lib/lnx64.o/librdi_simbridge_kernel.so(SimBridge::WdbEventBlock::addBlock(SimBridge::WdbIBlockManager&, unsigned int&) const+0x1e) [0x7f105ee7fc1e]
/home/rsaradhy/Software/Xilinx/Vivado/2019.2/lib/lnx64.o/librdi_simbridge_kernel.so(SimBridge::WdbMultipleBucketEventDatabase::getEventBlockDatabaseIterator(std::vector<SimBridge::WdbScalarBTree*, std::allocator<SimBridge::WdbScalarBTree*> > const&, std::vector<boost::shared_ptr<SimBridge::WdbIEventBlockIterator>, std::allocator<boost::shared_ptr<SimBridge::WdbIEventBlockIterator> > >&, std::vector<std::vector<SimBridge::WdbScalarBTree*, std::allocator<SimBridge::WdbScalarBTree*> >, std::allocator<std::vector<SimBridge::WdbScalarBTree*, std::allocator<SimBridge::WdbScalarBTree*> > > >&) const+0x691) [0x7f105ee98fd1]
/home/rsaradhy/Software/Xilinx/Vivado/2019.2/lib/lnx64.o/librdi_simbridge_kernel.so(SimBridge::WdbAddressBTreeManager::scanWdbDatabaseMultiThread(std::vector<SimBridge::WdbScalarBTree*, std::allocator<SimBridge::WdbScalarBTree*> > const&, ISIM::IGuiStatus*)+0xc4) [0x7f105ee76b74]
/home/rsaradhy/Software/Xilinx/Vivado/2019.2/lib/lnx64.o/librdi_wavedata.so(SimBridge::DataObjMgr::createDrawingBTree(std::vector<SimBridge::IDataObj const*, std::allocator<SimBridge::IDataObj const*> > const&, ISIM::IGuiStatus*, bool)+0x32a) [0x7f1068457c1a]
/home/rsaradhy/Software/Xilinx/Vivado/2019.2/lib/lnx64.o/librdi_wavedata.so(SG_Model::Model::createDrawingBTree(std::vector<SG_Model::WVDataObject*, std::allocator<SG_Model::WVDataObject*> > const&, ISIM::IGuiStatus*) const+0x21b) [0x7f106850a6eb]
/home/rsaradhy/Software/Xilinx/Vivado/2019.2/lib/lnx64.o/librdi_wavedata.so(SG_Model::Model::addWVObject(std::vector<SG_Model::WVDataObject*, std::allocator<SG_Model::WVDataObject*> > const&, SG_Model::WVDataObject*, int)+0x23f) [0x7f106850d38f]
/home/rsaradhy/Software/Xilinx/Vivado/2019.2/lib/lnx64.o/librdi_wavedata.so(SG_Controller::AddWaveformCommand::doCommand()+0x33) [0x7f10684d85d3]
/home/rsaradhy/Software/Xilinx/Vivado/2019.2/lib/lnx64.o/librdi_wavedata.so(SG_Controller::CommandManager::executeOrAppendMacro(SG_Controller::Command*, bool)+0x4d) [0x7f10684d78fd]
/home/rsaradhy/Software/Xilinx/Vivado/2019.2/lib/lnx64.o/librdi_wavedata.so(SG_Controller::CommandManager::createAndExecute(std::__cxx11::basic_string<char, std::char_traits<char>, std::allocator<char> > const&, SG_Common::StringArray const&, SG_Model::Model&, SG_Controller::CommandFactory&)+0x151) [0x7f10684d7c91]
/home/rsaradhy/Software/Xilinx/Vivado/2019.2/lib/lnx64.o/librdi_wavedata.so(WVDAppInterface::WVDWaveConfigurationImp::execute(std::__cxx11::basic_string<char, std::char_traits<char>, std::allocator<char> > const&, SG_Common::StringArray const&)+0x1b) [0x7f10683c9ceb]
/home/rsaradhy/Software/Xilinx/Vivado/2019.2/lib/lnx64.o/librdi_wavedata.so(WVDAppInterface::WVDWaveConfiguration::addWaveObject(std::vector<SG_Model::WVDataObject*, std::allocator<SG_Model::WVDataObject*> > const&, int, int, WVDAppInterface::WVDWaveDisplayOption const&, ISIM::IGuiStatus*)+0x52f) [0x7f10683ccc8f]
/home/rsaradhy/Software/Xilinx/Vivado/2019.2/lib/lnx64.o/librdi_wavedata.so(WVDAppInterface::WVDWaveConfiguration::addWave(std::vector<SimBridge::IObject const*, std::allocator<SimBridge::IObject const*> > const&, int, int, bool, WVDAppInterface::WVDWaveDisplayOption const&, ISIM::IGuiStatus*)+0x22c) [0x7f10683cd2bc]
/home/rsaradhy/Software/Xilinx/Vivado/2019.2/lib/lnx64.o/librdi_wavedatatasks.so(+0xdd8cd) [0x7f10235588cd]
/home/rsaradhy/Software/Xilinx/Vivado/2019.2/lib/lnx64.o/librdi_common.so(+0x86eca2) [0x7f10a6c72ca2]
/home/rsaradhy/Software/Xilinx/Vivado/2019.2/lib/lnx64.o/libtcl8.5.so(+0x334af) [0x7f10a0d1b4af]
/home/rsaradhy/Software/Xilinx/Vivado/2019.2/lib/lnx64.o/libtcl8.5.so(+0x76875) [0x7f10a0d5e875]
/home/rsaradhy/Software/Xilinx/Vivado/2019.2/lib/lnx64.o/libtcl8.5.so(+0x7e029) [0x7f10a0d66029]
/home/rsaradhy/Software/Xilinx/Vivado/2019.2/lib/lnx64.o/libtcl8.5.so(TclEvalObjEx+0x76) [0x7f10a0d1d156]
/home/rsaradhy/Software/Xilinx/Vivado/2019.2/lib/lnx64.o/libtcl8.5.so(+0x3e754) [0x7f10a0d26754]
/home/rsaradhy/Software/Xilinx/Vivado/2019.2/lib/lnx64.o/libtcl8.5.so(+0x334af) [0x7f10a0d1b4af]
/home/rsaradhy/Software/Xilinx/Vivado/2019.2/lib/lnx64.o/libtcl8.5.so(+0x76875) [0x7f10a0d5e875]
/home/rsaradhy/Software/Xilinx/Vivado/2019.2/lib/lnx64.o/libtcl8.5.so(+0x7e029) [0x7f10a0d66029]
/home/rsaradhy/Software/Xilinx/Vivado/2019.2/lib/lnx64.o/libtcl8.5.so(TclEvalObjEx+0x76) [0x7f10a0d1d156]
/home/rsaradhy/Software/Xilinx/Vivado/2019.2/lib/lnx64.o/libtcl8.5.so(+0x3e754) [0x7f10a0d26754]
/home/rsaradhy/Software/Xilinx/Vivado/2019.2/lib/lnx64.o/libtcl8.5.so(+0x334af) [0x7f10a0d1b4af]
/home/rsaradhy/Software/Xilinx/Vivado/2019.2/lib/lnx64.o/libtcl8.5.so(+0x34b38) [0x7f10a0d1cb38]
/home/rsaradhy/Software/Xilinx/Vivado/2019.2/lib/lnx64.o/libtcl8.5.so(Tcl_EvalEx+0x13) [0x7f10a0d1d0a3]
/home/rsaradhy/Software/Xilinx/Vivado/2019.2/lib/lnx64.o/libtcl8.5.so(Tcl_FSEvalFileEx+0x1da) [0x7f10a0d81c5a]
/home/rsaradhy/Software/Xilinx/Vivado/2019.2/lib/lnx64.o/librdi_commontasks.so(+0x2b1d8d) [0x7f109ad33d8d]
/home/rsaradhy/Software/Xilinx/Vivado/2019.2/lib/lnx64.o/librdi_common.so(+0x86eca2) [0x7f10a6c72ca2]
/home/rsaradhy/Software/Xilinx/Vivado/2019.2/lib/lnx64.o/libtcl8.5.so(+0x334af) [0x7f10a0d1b4af]
/home/rsaradhy/Software/Xilinx/Vivado/2019.2/lib/lnx64.o/libtcl8.5.so(Tcl_EvalObjv+0x32) [0x7f10a0d1b5e2]
/home/rsaradhy/Software/Xilinx/Vivado/2019.2/lib/lnx64.o/libtcl8.5.so(TclEvalObjEx+0x322) [0x7f10a0d1d402]
/home/rsaradhy/Software/Xilinx/Vivado/2019.2/lib/lnx64.o/librdi_common.so(hdi::tcltasks::task_manager::eval_in_tcl(Tcl_Interp*, Tcl_Obj*, char const*, bool)+0xab9) [0x7f10a6c74ad9]
/home/rsaradhy/Software/Xilinx/Vivado/2019.2/lib/lnx64.o/librdi_simtcltasks.so(RSTTclHelper::processTclbatchOption(hdi::tcltasks::task_options_base&, Tcl_Interp*)+0x114) [0x7f101d3c57b4]
/home/rsaradhy/Software/Xilinx/Vivado/2019.2/lib/lnx64.o/librdi_simtcltasks.so(+0x13b1ae) [0x7f101d43f1ae]
/home/rsaradhy/Software/Xilinx/Vivado/2019.2/lib/lnx64.o/librdi_common.so(+0x86eca2) [0x7f10a6c72ca2]
/home/rsaradhy/Software/Xilinx/Vivado/2019.2/lib/lnx64.o/libtcl8.5.so(+0x334af) [0x7f10a0d1b4af]
/home/rsaradhy/Software/Xilinx/Vivado/2019.2/lib/lnx64.o/libtcl8.5.so(+0x34b38) [0x7f10a0d1cb38]
/home/rsaradhy/Software/Xilinx/Vivado/2019.2/lib/lnx64.o/libtcl8.5.so(Tcl_EvalEx+0x13) [0x7f10a0d1d0a3]
/home/rsaradhy/Software/Xilinx/Vivado/2019.2/lib/lnx64.o/libtcl8.5.so(TclEvalObjEx+0x1e0) [0x7f10a0d1d2c0]
/home/rsaradhy/Software/Xilinx/Vivado/2019.2/lib/lnx64.o/libtcl8.5.so(+0x3b375) [0x7f10a0d23375]
/home/rsaradhy/Software/Xilinx/Vivado/2019.2/lib/lnx64.o/libtcl8.5.so(+0x334af) [0x7f10a0d1b4af]
/home/rsaradhy/Software/Xilinx/Vivado/2019.2/lib/lnx64.o/libtcl8.5.so(+0x76875) [0x7f10a0d5e875]
/home/rsaradhy/Software/Xilinx/Vivado/2019.2/lib/lnx64.o/libtcl8.5.so(+0x7e029) [0x7f10a0d66029]
/home/rsaradhy/Software/Xilinx/Vivado/2019.2/lib/lnx64.o/libtcl8.5.so(TclEvalObjEx+0x76) [0x7f10a0d1d156]
/home/rsaradhy/Software/Xilinx/Vivado/2019.2/lib/lnx64.o/librdi_commontasks.so(+0x294bf4) [0x7f109ad16bf4]
/home/rsaradhy/Software/Xilinx/Vivado/2019.2/lib/lnx64.o/libtcl8.5.so(+0x334af) [0x7f10a0d1b4af]
/home/rsaradhy/Software/Xilinx/Vivado/2019.2/lib/lnx64.o/libtcl8.5.so(+0x76875) [0x7f10a0d5e875]
/home/rsaradhy/Software/Xilinx/Vivado/2019.2/lib/lnx64.o/libtcl8.5.so(TclObjInterpProcCore+0x420) [0x7f10a0d9fdf0]
/home/rsaradhy/Software/Xilinx/Vivado/2019.2/lib/lnx64.o/libtcl8.5.so(+0x334af) [0x7f10a0d1b4af]
/home/rsaradhy/Software/Xilinx/Vivado/2019.2/lib/lnx64.o/libtcl8.5.so(Tcl_EvalObjv+0x32) [0x7f10a0d1b5e2]
/home/rsaradhy/Software/Xilinx/Vivado/2019.2/lib/lnx64.o/libtcl8.5.so(TclEvalObjEx+0x322) [0x7f10a0d1d402]
/home/rsaradhy/Software/Xilinx/Vivado/2019.2/lib/lnx64.o/librdi_tcltasks.so(SimUtils::detail::execStep(Tcl_Interp*, std::__cxx11::basic_ostringstream<char, std::char_traits<char>, std::allocator<char> >&, std::__cxx11::basic_string<char, std::char_traits<char>, std::allocator<char> > const&, std::__cxx11::basic_string<char, std::char_traits<char>, std::allocator<char> > const&, std::__cxx11::basic_string<char, std::char_traits<char>, std::allocator<char> >&, bool&)+0x1fe) [0x7f1097bf8fde]
/home/rsaradhy/Software/Xilinx/Vivado/2019.2/lib/lnx64.o/librdi_tcltasks.so(SimUtils::detail::execSimStep(Tcl_Interp*, std::__cxx11::basic_ostringstream<char, std::char_traits<char>, std::allocator<char> >&, HAPUFSimulator*, HAPUFSimulator::TclProc, std::__cxx11::basic_string<char, std::char_traits<char>, std::allocator<char> > const&, bool, HADAFileSet*, std::__cxx11::basic_string<char, std::char_traits<char>, std::allocator<char> > const&, HAPUFSimulator::SimulationStep, bool, HDGUIStatus*)+0x75) [0x7f1097bf92f5]
/home/rsaradhy/Software/Xilinx/Vivado/2019.2/lib/lnx64.o/librdi_tcltasks.so(HTCSimUtils::executeStep(Tcl_Interp*, HADAFileSet*, HADAFileSet*, HAPUFSimulator*, HDGUIStatus*, std::__cxx11::basic_string<char, std::char_traits<char>, std::allocator<char> > const&, std::__cxx11::basic_string<char, std::char_traits<char>, std::allocator<char> > const&, std::__cxx11::basic_string<char, std::char_traits<char>, std::allocator<char> > const&, bool, bool, bool, std::__cxx11::basic_ostringstream<char, std::char_traits<char>, std::allocator<char> >&)+0x4b7) [0x7f1097bf9957]
/home/rsaradhy/Software/Xilinx/Vivado/2019.2/lib/lnx64.o/librdi_tcltasks.so(+0x182d0c6) [0x7f1097ba30c6]
/home/rsaradhy/Software/Xilinx/Vivado/2019.2/lib/lnx64.o/librdi_common.so(+0x86eca2) [0x7f10a6c72ca2]
/home/rsaradhy/Software/Xilinx/Vivado/2019.2/lib/lnx64.o/libtcl8.5.so(+0x334af) [0x7f10a0d1b4af]
/home/rsaradhy/Software/Xilinx/Vivado/2019.2/lib/lnx64.o/libtcl8.5.so(+0x76875) [0x7f10a0d5e875]
/home/rsaradhy/Software/Xilinx/Vivado/2019.2/lib/lnx64.o/libtcl8.5.so(+0x7e029) [0x7f10a0d66029]
/home/rsaradhy/Software/Xilinx/Vivado/2019.2/lib/lnx64.o/libtcl8.5.so(TclEvalObjEx+0x76) [0x7f10a0d1d156]
/home/rsaradhy/Software/Xilinx/Vivado/2019.2/lib/lnx64.o/librdi_common.so(+0x86d1b1) [0x7f10a6c711b1]
/home/rsaradhy/Software/Xilinx/Vivado/2019.2/lib/lnx64.o/libtcl8.5.so(Tcl_ServiceEvent+0x7f) [0x7f10a0d8fb0f]
/home/rsaradhy/Software/Xilinx/Vivado/2019.2/lib/lnx64.o/libtcl8.5.so(Tcl_DoOneEvent+0x154) [0x7f10a0d8fe44]
/home/rsaradhy/Software/Xilinx/Vivado/2019.2/lib/lnx64.o/librdi_commontasks.so(+0x2da555) [0x7f109ad5c555]
/home/rsaradhy/Software/Xilinx/Vivado/2019.2/lib/lnx64.o/librdi_commontasks.so(+0x2df101) [0x7f109ad61101]
/home/rsaradhy/Software/Xilinx/Vivado/2019.2/lib/lnx64.o/librdi_commontasks.so(+0x2e011e) [0x7f109ad6211e]
/home/rsaradhy/Software/Xilinx/Vivado/2019.2/lib/lnx64.o/librdi_common.so(+0x86eca2) [0x7f10a6c72ca2]
/home/rsaradhy/Software/Xilinx/Vivado/2019.2/lib/lnx64.o/libtcl8.5.so(+0x334af) [0x7f10a0d1b4af]
/home/rsaradhy/Software/Xilinx/Vivado/2019.2/lib/lnx64.o/libtcl8.5.so(Tcl_EvalObjv+0x32) [0x7f10a0d1b5e2]
/home/rsaradhy/Software/Xilinx/Vivado/2019.2/lib/lnx64.o/libtcl8.5.so(TclEvalObjEx+0x322) [0x7f10a0d1d402]
/home/rsaradhy/Software/Xilinx/Vivado/2019.2/lib/lnx64.o/librdi_commonmain.so(+0x7af3) [0x7f10a61fdaf3]
/home/rsaradhy/Software/Xilinx/Vivado/2019.2/lib/lnx64.o/libtcl8.5.so(Tcl_Main+0x1d0) [0x7f10a0d88210]
/home/rsaradhy/Software/Xilinx/Vivado/2019.2/lib/lnx64.o/librdi_common.so(+0x8b30cb) [0x7f10a6cb70cb]
/lib/x86_64-linux-gnu/libpthread.so.0(+0x76db) [0x7f10a56496db]
/lib/x86_64-linux-gnu/libc.so.6(clone+0x3f) [0x7f10a5982a3f]
