INFO: [VRFC 10-2263] Analyzing Verilog file "/home/rsaradhy/Work/trenz/vivado/project_1/project_1.ip_user_files/bd/design_1/ip/design_1_zynq_ultra_ps_e_0_0/sim/design_1_zynq_ultra_ps_e_0_0_vip_wrapper.v" into library xil_defaultlib
INFO: [VRFC 10-311] analyzing module design_1_zynq_ultra_ps_e_0_0
INFO: [VRFC 10-2458] undeclared symbol pl_clk0, assumed default net type wire [/home/rsaradhy/Work/trenz/vivado/project_1/project_1.ip_user_files/bd/design_1/ip/design_1_zynq_ultra_ps_e_0_0/sim/design_1_zynq_ultra_ps_e_0_0_vip_wrapper.v:244]
INFO: [VRFC 10-2458] undeclared symbol pl_clk1, assumed default net type wire [/home/rsaradhy/Work/trenz/vivado/project_1/project_1.ip_user_files/bd/design_1/ip/design_1_zynq_ultra_ps_e_0_0/sim/design_1_zynq_ultra_ps_e_0_0_vip_wrapper.v:246]
INFO: [VRFC 10-2458] undeclared symbol pl_clk2, assumed default net type wire [/home/rsaradhy/Work/trenz/vivado/project_1/project_1.ip_user_files/bd/design_1/ip/design_1_zynq_ultra_ps_e_0_0/sim/design_1_zynq_ultra_ps_e_0_0_vip_wrapper.v:248]
INFO: [VRFC 10-2458] undeclared symbol pl_clk3, assumed default net type wire [/home/rsaradhy/Work/trenz/vivado/project_1/project_1.ip_user_files/bd/design_1/ip/design_1_zynq_ultra_ps_e_0_0/sim/design_1_zynq_ultra_ps_e_0_0_vip_wrapper.v:250]
INFO: [VRFC 10-2458] undeclared symbol saxigp0_racount, assumed default net type wire [/home/rsaradhy/Work/trenz/vivado/project_1/project_1.ip_user_files/bd/design_1/ip/design_1_zynq_ultra_ps_e_0_0/sim/design_1_zynq_ultra_ps_e_0_0_vip_wrapper.v:419]
INFO: [VRFC 10-2458] undeclared symbol saxigp0_wacount, assumed default net type wire [/home/rsaradhy/Work/trenz/vivado/project_1/project_1.ip_user_files/bd/design_1/ip/design_1_zynq_ultra_ps_e_0_0/sim/design_1_zynq_ultra_ps_e_0_0_vip_wrapper.v:420]
INFO: [VRFC 10-2458] undeclared symbol saxigp0_rcount, assumed default net type wire [/home/rsaradhy/Work/trenz/vivado/project_1/project_1.ip_user_files/bd/design_1/ip/design_1_zynq_ultra_ps_e_0_0/sim/design_1_zynq_ultra_ps_e_0_0_vip_wrapper.v:421]
INFO: [VRFC 10-2458] undeclared symbol saxigp0_wcount, assumed default net type wire [/home/rsaradhy/Work/trenz/vivado/project_1/project_1.ip_user_files/bd/design_1/ip/design_1_zynq_ultra_ps_e_0_0/sim/design_1_zynq_ultra_ps_e_0_0_vip_wrapper.v:422]
INFO: [VRFC 10-2263] Analyzing Verilog file "/home/rsaradhy/Work/trenz/vivado/project_1/project_1.ip_user_files/bd/design_1/ip/design_1_xbar_0/sim/design_1_xbar_0.v" into library xil_defaultlib
INFO: [VRFC 10-311] analyzing module design_1_xbar_0
INFO: [VRFC 10-2263] Analyzing Verilog file "/home/rsaradhy/Work/trenz/vivado/project_1/project_1.ip_user_files/bd/design_1/ip/design_1_axi_smc_0/bd_0/ip/ip_0/sim/bd_afc3_one_0.v" into library xil_defaultlib
INFO: [VRFC 10-311] analyzing module bd_afc3_one_0
INFO: [VRFC 10-2263] Analyzing SystemVerilog file "/home/rsaradhy/Work/trenz/vivado/project_1/project_1.ip_user_files/bd/design_1/ip/design_1_axi_smc_0/bd_0/ip/ip_2/sim/bd_afc3_arsw_0.sv" into library xil_defaultlib
INFO: [VRFC 10-311] analyzing module bd_afc3_arsw_0
INFO: [VRFC 10-2263] Analyzing SystemVerilog file "/home/rsaradhy/Work/trenz/vivado/project_1/project_1.ip_user_files/bd/design_1/ip/design_1_axi_smc_0/bd_0/ip/ip_3/sim/bd_afc3_rsw_0.sv" into library xil_defaultlib
INFO: [VRFC 10-311] analyzing module bd_afc3_rsw_0
INFO: [VRFC 10-2263] Analyzing SystemVerilog file "/home/rsaradhy/Work/trenz/vivado/project_1/project_1.ip_user_files/bd/design_1/ip/design_1_axi_smc_0/bd_0/ip/ip_4/sim/bd_afc3_awsw_0.sv" into library xil_defaultlib
INFO: [VRFC 10-311] analyzing module bd_afc3_awsw_0
INFO: [VRFC 10-2263] Analyzing SystemVerilog file "/home/rsaradhy/Work/trenz/vivado/project_1/project_1.ip_user_files/bd/design_1/ip/design_1_axi_smc_0/bd_0/ip/ip_5/sim/bd_afc3_wsw_0.sv" into library xil_defaultlib
INFO: [VRFC 10-311] analyzing module bd_afc3_wsw_0
INFO: [VRFC 10-2263] Analyzing SystemVerilog file "/home/rsaradhy/Work/trenz/vivado/project_1/project_1.ip_user_files/bd/design_1/ip/design_1_axi_smc_0/bd_0/ip/ip_6/sim/bd_afc3_bsw_0.sv" into library xil_defaultlib
INFO: [VRFC 10-311] analyzing module bd_afc3_bsw_0
INFO: [VRFC 10-2263] Analyzing SystemVerilog file "/home/rsaradhy/Work/trenz/vivado/project_1/project_1.ip_user_files/bd/design_1/ip/design_1_axi_smc_0/bd_0/ip/ip_7/sim/bd_afc3_s00mmu_0.sv" into library xil_defaultlib
INFO: [VRFC 10-311] analyzing module bd_afc3_s00mmu_0
INFO: [VRFC 10-2263] Analyzing SystemVerilog file "/home/rsaradhy/Work/trenz/vivado/project_1/project_1.ip_user_files/bd/design_1/ip/design_1_axi_smc_0/bd_0/ip/ip_8/sim/bd_afc3_s00tr_0.sv" into library xil_defaultlib
INFO: [VRFC 10-311] analyzing module bd_afc3_s00tr_0
INFO: [VRFC 10-2263] Analyzing SystemVerilog file "/home/rsaradhy/Work/trenz/vivado/project_1/project_1.ip_user_files/bd/design_1/ip/design_1_axi_smc_0/bd_0/ip/ip_9/sim/bd_afc3_s00sic_0.sv" into library xil_defaultlib
INFO: [VRFC 10-311] analyzing module bd_afc3_s00sic_0
INFO: [VRFC 10-2263] Analyzing SystemVerilog file "/home/rsaradhy/Work/trenz/vivado/project_1/project_1.ip_user_files/bd/design_1/ip/design_1_axi_smc_0/bd_0/ip/ip_10/sim/bd_afc3_s00a2s_0.sv" into library xil_defaultlib
INFO: [VRFC 10-311] analyzing module bd_afc3_s00a2s_0
INFO: [VRFC 10-2263] Analyzing SystemVerilog file "/home/rsaradhy/Work/trenz/vivado/project_1/project_1.ip_user_files/bd/design_1/ip/design_1_axi_smc_0/bd_0/ip/ip_11/sim/bd_afc3_sawn_0.sv" into library xil_defaultlib
INFO: [VRFC 10-311] analyzing module bd_afc3_sawn_0
INFO: [VRFC 10-2263] Analyzing SystemVerilog file "/home/rsaradhy/Work/trenz/vivado/project_1/project_1.ip_user_files/bd/design_1/ip/design_1_axi_smc_0/bd_0/ip/ip_12/sim/bd_afc3_swn_0.sv" into library xil_defaultlib
INFO: [VRFC 10-311] analyzing module bd_afc3_swn_0
INFO: [VRFC 10-2263] Analyzing SystemVerilog file "/home/rsaradhy/Work/trenz/vivado/project_1/project_1.ip_user_files/bd/design_1/ip/design_1_axi_smc_0/bd_0/ip/ip_13/sim/bd_afc3_sbn_0.sv" into library xil_defaultlib
INFO: [VRFC 10-311] analyzing module bd_afc3_sbn_0
INFO: [VRFC 10-2263] Analyzing SystemVerilog file "/home/rsaradhy/Work/trenz/vivado/project_1/project_1.ip_user_files/bd/design_1/ip/design_1_axi_smc_0/bd_0/ip/ip_14/sim/bd_afc3_s01mmu_0.sv" into library xil_defaultlib
INFO: [VRFC 10-311] analyzing module bd_afc3_s01mmu_0
INFO: [VRFC 10-2263] Analyzing SystemVerilog file "/home/rsaradhy/Work/trenz/vivado/project_1/project_1.ip_user_files/bd/design_1/ip/design_1_axi_smc_0/bd_0/ip/ip_15/sim/bd_afc3_s01tr_0.sv" into library xil_defaultlib
INFO: [VRFC 10-311] analyzing module bd_afc3_s01tr_0
INFO: [VRFC 10-2263] Analyzing SystemVerilog file "/home/rsaradhy/Work/trenz/vivado/project_1/project_1.ip_user_files/bd/design_1/ip/design_1_axi_smc_0/bd_0/ip/ip_16/sim/bd_afc3_s01sic_0.sv" into library xil_defaultlib
INFO: [VRFC 10-311] analyzing module bd_afc3_s01sic_0
INFO: [VRFC 10-2263] Analyzing SystemVerilog file "/home/rsaradhy/Work/trenz/vivado/project_1/project_1.ip_user_files/bd/design_1/ip/design_1_axi_smc_0/bd_0/ip/ip_17/sim/bd_afc3_s01a2s_0.sv" into library xil_defaultlib
INFO: [VRFC 10-311] analyzing module bd_afc3_s01a2s_0
INFO: [VRFC 10-2263] Analyzing SystemVerilog file "/home/rsaradhy/Work/trenz/vivado/project_1/project_1.ip_user_files/bd/design_1/ip/design_1_axi_smc_0/bd_0/ip/ip_18/sim/bd_afc3_sarn_0.sv" into library xil_defaultlib
INFO: [VRFC 10-311] analyzing module bd_afc3_sarn_0
INFO: [VRFC 10-2263] Analyzing SystemVerilog file "/home/rsaradhy/Work/trenz/vivado/project_1/project_1.ip_user_files/bd/design_1/ip/design_1_axi_smc_0/bd_0/ip/ip_19/sim/bd_afc3_srn_0.sv" into library xil_defaultlib
INFO: [VRFC 10-311] analyzing module bd_afc3_srn_0
INFO: [VRFC 10-2263] Analyzing SystemVerilog file "/home/rsaradhy/Work/trenz/vivado/project_1/project_1.ip_user_files/bd/design_1/ip/design_1_axi_smc_0/bd_0/ip/ip_20/sim/bd_afc3_m00s2a_0.sv" into library xil_defaultlib
INFO: [VRFC 10-311] analyzing module bd_afc3_m00s2a_0
INFO: [VRFC 10-2263] Analyzing SystemVerilog file "/home/rsaradhy/Work/trenz/vivado/project_1/project_1.ip_user_files/bd/design_1/ip/design_1_axi_smc_0/bd_0/ip/ip_21/sim/bd_afc3_m00arn_0.sv" into library xil_defaultlib
INFO: [VRFC 10-311] analyzing module bd_afc3_m00arn_0
INFO: [VRFC 10-2263] Analyzing SystemVerilog file "/home/rsaradhy/Work/trenz/vivado/project_1/project_1.ip_user_files/bd/design_1/ip/design_1_axi_smc_0/bd_0/ip/ip_22/sim/bd_afc3_m00rn_0.sv" into library xil_defaultlib
INFO: [VRFC 10-311] analyzing module bd_afc3_m00rn_0
INFO: [VRFC 10-2263] Analyzing SystemVerilog file "/home/rsaradhy/Work/trenz/vivado/project_1/project_1.ip_user_files/bd/design_1/ip/design_1_axi_smc_0/bd_0/ip/ip_23/sim/bd_afc3_m00awn_0.sv" into library xil_defaultlib
INFO: [VRFC 10-311] analyzing module bd_afc3_m00awn_0
INFO: [VRFC 10-2263] Analyzing SystemVerilog file "/home/rsaradhy/Work/trenz/vivado/project_1/project_1.ip_user_files/bd/design_1/ip/design_1_axi_smc_0/bd_0/ip/ip_24/sim/bd_afc3_m00wn_0.sv" into library xil_defaultlib
INFO: [VRFC 10-311] analyzing module bd_afc3_m00wn_0
INFO: [VRFC 10-2263] Analyzing SystemVerilog file "/home/rsaradhy/Work/trenz/vivado/project_1/project_1.ip_user_files/bd/design_1/ip/design_1_axi_smc_0/bd_0/ip/ip_25/sim/bd_afc3_m00bn_0.sv" into library xil_defaultlib
INFO: [VRFC 10-311] analyzing module bd_afc3_m00bn_0
INFO: [VRFC 10-2263] Analyzing SystemVerilog file "/home/rsaradhy/Work/trenz/vivado/project_1/project_1.ip_user_files/bd/design_1/ip/design_1_axi_smc_0/bd_0/ip/ip_26/sim/bd_afc3_m00e_0.sv" into library xil_defaultlib
INFO: [VRFC 10-311] analyzing module bd_afc3_m00e_0
INFO: [VRFC 10-2263] Analyzing Verilog file "/home/rsaradhy/Work/trenz/vivado/project_1/project_1.ip_user_files/bd/design_1/ip/design_1_axi_smc_0/bd_0/sim/bd_afc3.v" into library xil_defaultlib
INFO: [VRFC 10-311] analyzing module bd_afc3
INFO: [VRFC 10-311] analyzing module clk_map_imp_5Y9LOC
INFO: [VRFC 10-311] analyzing module m00_exit_pipeline_imp_1TZX5BB
INFO: [VRFC 10-311] analyzing module m00_nodes_imp_1GOYQYZ
INFO: [VRFC 10-311] analyzing module s00_entry_pipeline_imp_USCCV8
INFO: [VRFC 10-311] analyzing module s00_nodes_imp_Y7M43I
INFO: [VRFC 10-311] analyzing module s01_entry_pipeline_imp_1W4H5O0
INFO: [VRFC 10-311] analyzing module s01_nodes_imp_1RW0SI0
INFO: [VRFC 10-311] analyzing module switchboards_imp_4N4PBE
INFO: [VRFC 10-2263] Analyzing Verilog file "/home/rsaradhy/Work/trenz/vivado/project_1/project_1.ip_user_files/bd/design_1/ip/design_1_axi_smc_0/sim/design_1_axi_smc_0.v" into library xil_defaultlib
INFO: [VRFC 10-311] analyzing module design_1_axi_smc_0
INFO: [VRFC 10-2263] Analyzing Verilog file "/home/rsaradhy/Work/trenz/vivado/project_1/project_1.ip_user_files/bd/design_1/ipshared/5920/hdl/data_transfer_v1_0_M_AXIS.v" into library xil_defaultlib
INFO: [VRFC 10-311] analyzing module data_transfer_v1_0_M_AXIS
INFO: [VRFC 10-2263] Analyzing Verilog file "/home/rsaradhy/Work/trenz/vivado/project_1/project_1.ip_user_files/bd/design_1/ipshared/5920/hdl/data_transfer_v1_0.v" into library xil_defaultlib
INFO: [VRFC 10-311] analyzing module data_transfer_v1_0
INFO: [VRFC 10-2263] Analyzing Verilog file "/home/rsaradhy/Work/trenz/vivado/project_1/project_1.ip_user_files/bd/design_1/ip/design_1_data_transfer_0_0/sim/design_1_data_transfer_0_0.v" into library xil_defaultlib
INFO: [VRFC 10-311] analyzing module design_1_data_transfer_0_0
INFO: [VRFC 10-2263] Analyzing Verilog file "/home/rsaradhy/Work/trenz/vivado/project_1/project_1.ip_user_files/bd/design_1/ip/design_1_axis_data_fifo_0_0/sim/design_1_axis_data_fifo_0_0.v" into library xil_defaultlib
INFO: [VRFC 10-311] analyzing module design_1_axis_data_fifo_0_0
INFO: [VRFC 10-2263] Analyzing Verilog file "/home/rsaradhy/Work/trenz/vivado/project_1/project_1.ip_user_files/bd/design_1/ip/design_1_xlconcat_0_0/sim/design_1_xlconcat_0_0.v" into library xil_defaultlib
INFO: [VRFC 10-311] analyzing module design_1_xlconcat_0_0
INFO: [VRFC 10-2263] Analyzing Verilog file "/home/rsaradhy/Work/trenz/vivado/project_1/project_1.ip_user_files/bd/design_1/ip/design_1_auto_pc_0/sim/design_1_auto_pc_0.v" into library xil_defaultlib
INFO: [VRFC 10-311] analyzing module design_1_auto_pc_0
INFO: [VRFC 10-2263] Analyzing Verilog file "/home/rsaradhy/Work/trenz/vivado/project_1/project_1.ip_user_files/bd/design_1/sim/design_1.v" into library xil_defaultlib
INFO: [VRFC 10-311] analyzing module design_1
INFO: [VRFC 10-311] analyzing module design_1_ps8_0_axi_periph_0
INFO: [VRFC 10-311] analyzing module m00_couplers_imp_QJIMLI
INFO: [VRFC 10-311] analyzing module m01_couplers_imp_1D3SAH3
INFO: [VRFC 10-311] analyzing module s00_couplers_imp_1A7ZMW4
INFO: [VRFC 10-2263] Analyzing Verilog file "/home/rsaradhy/Work/trenz/vivado/project_1/project_1.srcs/sources_1/new/DDMTD_Sampler.v" into library xil_defaultlib
INFO: [VRFC 10-311] analyzing module DDMTD_Sampler
INFO: [VRFC 10-2263] Analyzing Verilog file "/home/rsaradhy/Work/trenz/vivado/project_1/project_1.srcs/sources_1/bd/design_1/hdl/design_1_wrapper.v" into library xil_defaultlib
INFO: [VRFC 10-311] analyzing module design_1_wrapper
INFO: [VRFC 10-2263] Analyzing Verilog file "/home/rsaradhy/Work/trenz/vivado/project_1/project_1.srcs/sources_1/new/main.v" into library xil_defaultlib
INFO: [VRFC 10-311] analyzing module main
INFO: [VRFC 10-2263] Analyzing Verilog file "/home/rsaradhy/Work/trenz/vivado/project_1/project_1.srcs/sources_1/new/sychronizer.v" into library xil_defaultlib
INFO: [VRFC 10-2263] Analyzing Verilog file "/home/rsaradhy/Work/trenz/vivado/project_1/project_1.srcs/sources_1/new/DDMTD_Array.v" into library xil_defaultlib
INFO: [VRFC 10-311] analyzing module DDMTD_Array
INFO: [VRFC 10-2263] Analyzing Verilog file "/home/rsaradhy/Work/trenz/vivado/project_1/project_1.srcs/sources_1/ip/FIFO_10/sim/FIFO_10.v" into library xil_defaultlib
INFO: [VRFC 10-311] analyzing module FIFO_10
INFO: [VRFC 10-2263] Analyzing Verilog file "/home/rsaradhy/Work/trenz/vivado/project_1/project_1.srcs/sources_1/new/Hard_Sync_Chain.v" into library xil_defaultlib
INFO: [VRFC 10-311] analyzing module Hard_Sync_Chain
INFO: [VRFC 10-2263] Analyzing Verilog file "/home/rsaradhy/Work/trenz/vivado/project_1/project_1.srcs/sources_1/new/test_bench_HARD_SYNC.v" into library xil_defaultlib
INFO: [VRFC 10-311] analyzing module test_bench_HARD_SYNC
INFO: [VRFC 10-2263] Analyzing Verilog file "/home/rsaradhy/Work/trenz/vivado/project_1/project_1.srcs/sim_1/new/testbench_DDMTDSampler.v" into library xil_defaultlib
INFO: [VRFC 10-311] analyzing module testbench_DDMTDSampler
INFO: [VRFC 10-2263] Analyzing Verilog file "/home/rsaradhy/Work/trenz/vivado/project_1/project_1.srcs/sim_1/new/testbench_fifochain.v" into library xil_defaultlib
INFO: [VRFC 10-311] analyzing module testbench_fifochain
INFO: [VRFC 10-2263] Analyzing Verilog file "/home/rsaradhy/Work/trenz/vivado/project_1/project_1.srcs/sim_1/new/testbench_reset.v" into library xil_defaultlib
INFO: [VRFC 10-311] analyzing module testbench_reset
