INFO: [VRFC 10-2263] Analyzing Verilog file "/home/rsaradhy/Work/trenz/vivado/project_1/project_1.sim/sim_1/impl/func/xsim/testbench_DDMTDSampler_func_impl.v" into library xil_defaultlib
INFO: [VRFC 10-311] analyzing module MAXIS_WriteData
INFO: [VRFC 10-311] analyzing module design_1
INFO: [VRFC 10-311] analyzing module design_1_auto_pc_0
INFO: [VRFC 10-311] analyzing module design_1_auto_pc_0__axi_protocol_converter_v2_1_20_axi_protocol_converter
INFO: [VRFC 10-311] analyzing module design_1_auto_pc_0__axi_protocol_converter_v2_1_20_b2s
INFO: [VRFC 10-311] analyzing module design_1_auto_pc_0__axi_protocol_converter_v2_1_20_b2s_ar_channel
INFO: [VRFC 10-311] analyzing module design_1_auto_pc_0__axi_protocol_converter_v2_1_20_b2s_aw_channel
INFO: [VRFC 10-311] analyzing module design_1_auto_pc_0__axi_protocol_converter_v2_1_20_b2s_b_channel
INFO: [VRFC 10-311] analyzing module design_1_auto_pc_0__axi_protocol_converter_v2_1_20_b2s_cmd_translator
INFO: [VRFC 10-311] analyzing module design_1_auto_pc_0__axi_protocol_converter_v2_1_20_b2s_cmd_translator_1
INFO: [VRFC 10-311] analyzing module design_1_auto_pc_0__axi_protocol_converter_v2_1_20_b2s_incr_cmd
INFO: [VRFC 10-311] analyzing module design_1_auto_pc_0__axi_protocol_converter_v2_1_20_b2s_incr_cmd_2
INFO: [VRFC 10-311] analyzing module design_1_auto_pc_0__axi_protocol_converter_v2_1_20_b2s_r_channel
INFO: [VRFC 10-311] analyzing module design_1_auto_pc_0__axi_protocol_converter_v2_1_20_b2s_rd_cmd_fsm
INFO: [VRFC 10-311] analyzing module design_1_auto_pc_0__axi_protocol_converter_v2_1_20_b2s_simple_fifo
INFO: [VRFC 10-311] analyzing module design_1_auto_pc_0__axi_protocol_converter_v2_1_20_b2s_simple_fifo__parameterized0
INFO: [VRFC 10-311] analyzing module design_1_auto_pc_0__axi_protocol_converter_v2_1_20_b2s_simple_fifo__parameterized1
INFO: [VRFC 10-311] analyzing module design_1_auto_pc_0__axi_protocol_converter_v2_1_20_b2s_simple_fifo__parameterized2
INFO: [VRFC 10-311] analyzing module design_1_auto_pc_0__axi_protocol_converter_v2_1_20_b2s_wr_cmd_fsm
INFO: [VRFC 10-311] analyzing module design_1_auto_pc_0__axi_protocol_converter_v2_1_20_b2s_wrap_cmd
INFO: [VRFC 10-311] analyzing module design_1_auto_pc_0__axi_protocol_converter_v2_1_20_b2s_wrap_cmd_3
INFO: [VRFC 10-311] analyzing module design_1_auto_pc_0__axi_register_slice_v2_1_20_axi_register_slice
INFO: [VRFC 10-311] analyzing module design_1_auto_pc_0__axi_register_slice_v2_1_20_axic_register_slice
INFO: [VRFC 10-311] analyzing module design_1_auto_pc_0__axi_register_slice_v2_1_20_axic_register_slice_0
INFO: [VRFC 10-311] analyzing module design_1_auto_pc_0__axi_register_slice_v2_1_20_axic_register_slice__parameterized1
INFO: [VRFC 10-311] analyzing module design_1_auto_pc_0__axi_register_slice_v2_1_20_axic_register_slice__parameterized2
INFO: [VRFC 10-311] analyzing module design_1_axi_dma_0_0
INFO: [VRFC 10-311] analyzing module design_1_axi_dma_0_0__axi_datamover
INFO: [VRFC 10-311] analyzing module design_1_axi_dma_0_0__axi_datamover_addr_cntl
INFO: [VRFC 10-311] analyzing module design_1_axi_dma_0_0__axi_datamover_cmd_status
INFO: [VRFC 10-311] analyzing module design_1_axi_dma_0_0__axi_datamover_fifo
INFO: [VRFC 10-311] analyzing module design_1_axi_dma_0_0__axi_datamover_fifo__parameterized0
INFO: [VRFC 10-311] analyzing module design_1_axi_dma_0_0__axi_datamover_fifo__parameterized1
INFO: [VRFC 10-311] analyzing module design_1_axi_dma_0_0__axi_datamover_fifo__parameterized2
INFO: [VRFC 10-311] analyzing module design_1_axi_dma_0_0__axi_datamover_fifo__parameterized3
INFO: [VRFC 10-311] analyzing module design_1_axi_dma_0_0__axi_datamover_fifo__parameterized4
INFO: [VRFC 10-311] analyzing module design_1_axi_dma_0_0__axi_datamover_fifo__parameterized5
INFO: [VRFC 10-311] analyzing module design_1_axi_dma_0_0__axi_datamover_fifo__parameterized6
INFO: [VRFC 10-311] analyzing module design_1_axi_dma_0_0__axi_datamover_ibttcc
INFO: [VRFC 10-311] analyzing module design_1_axi_dma_0_0__axi_datamover_indet_btt
INFO: [VRFC 10-311] analyzing module design_1_axi_dma_0_0__axi_datamover_mssai_skid_buf
INFO: [VRFC 10-311] analyzing module design_1_axi_dma_0_0__axi_datamover_reset
INFO: [VRFC 10-311] analyzing module design_1_axi_dma_0_0__axi_datamover_s2mm_full_wrap
INFO: [VRFC 10-311] analyzing module design_1_axi_dma_0_0__axi_datamover_s2mm_realign
INFO: [VRFC 10-311] analyzing module design_1_axi_dma_0_0__axi_datamover_s2mm_scatter
INFO: [VRFC 10-311] analyzing module design_1_axi_dma_0_0__axi_datamover_sfifo_autord
INFO: [VRFC 10-311] analyzing module design_1_axi_dma_0_0__axi_datamover_sfifo_autord__parameterized0
INFO: [VRFC 10-311] analyzing module design_1_axi_dma_0_0__axi_datamover_skid2mm_buf
INFO: [VRFC 10-311] analyzing module design_1_axi_dma_0_0__axi_datamover_skid_buf
INFO: [VRFC 10-311] analyzing module design_1_axi_dma_0_0__axi_datamover_skid_buf__parameterized0
INFO: [VRFC 10-311] analyzing module design_1_axi_dma_0_0__axi_datamover_slice
INFO: [VRFC 10-311] analyzing module design_1_axi_dma_0_0__axi_datamover_strb_gen2
INFO: [VRFC 10-311] analyzing module design_1_axi_dma_0_0__axi_datamover_wr_status_cntl
INFO: [VRFC 10-311] analyzing module design_1_axi_dma_0_0__axi_datamover_wrdata_cntl
INFO: [VRFC 10-311] analyzing module design_1_axi_dma_0_0__axi_dma
INFO: [VRFC 10-311] analyzing module design_1_axi_dma_0_0__axi_dma_lite_if
INFO: [VRFC 10-311] analyzing module design_1_axi_dma_0_0__axi_dma_reg_module
INFO: [VRFC 10-311] analyzing module design_1_axi_dma_0_0__axi_dma_register_s2mm
INFO: [VRFC 10-311] analyzing module design_1_axi_dma_0_0__axi_dma_reset
INFO: [VRFC 10-311] analyzing module design_1_axi_dma_0_0__axi_dma_rst_module
INFO: [VRFC 10-311] analyzing module design_1_axi_dma_0_0__axi_dma_s2mm_cmdsts_if
INFO: [VRFC 10-311] analyzing module design_1_axi_dma_0_0__axi_dma_s2mm_mngr
INFO: [VRFC 10-311] analyzing module design_1_axi_dma_0_0__axi_dma_s2mm_sts_mngr
INFO: [VRFC 10-311] analyzing module design_1_axi_dma_0_0__axi_dma_smple_sm
INFO: [VRFC 10-311] analyzing module design_1_axi_dma_0_0__cdc_sync
INFO: [VRFC 10-311] analyzing module design_1_axi_dma_0_0__cdc_sync_0
INFO: [VRFC 10-311] analyzing module design_1_axi_dma_0_0__cntr_incr_decr_addn_f
INFO: [VRFC 10-311] analyzing module design_1_axi_dma_0_0__cntr_incr_decr_addn_f_1
INFO: [VRFC 10-311] analyzing module design_1_axi_dma_0_0__cntr_incr_decr_addn_f__parameterized0
INFO: [VRFC 10-311] analyzing module design_1_axi_dma_0_0__cntr_incr_decr_addn_f__parameterized0_2
INFO: [VRFC 10-311] analyzing module design_1_axi_dma_0_0__cntr_incr_decr_addn_f__parameterized0_3
INFO: [VRFC 10-311] analyzing module design_1_axi_dma_0_0__cntr_incr_decr_addn_f__parameterized1
INFO: [VRFC 10-311] analyzing module design_1_axi_dma_0_0__dynshreg_f
INFO: [VRFC 10-311] analyzing module design_1_axi_dma_0_0__dynshreg_f__parameterized0
INFO: [VRFC 10-311] analyzing module design_1_axi_dma_0_0__dynshreg_f__parameterized1
INFO: [VRFC 10-311] analyzing module design_1_axi_dma_0_0__dynshreg_f__parameterized2
INFO: [VRFC 10-311] analyzing module design_1_axi_dma_0_0__dynshreg_f__parameterized3
INFO: [VRFC 10-311] analyzing module design_1_axi_dma_0_0__dynshreg_f__parameterized4
INFO: [VRFC 10-311] analyzing module design_1_axi_dma_0_0__srl_fifo_f
INFO: [VRFC 10-311] analyzing module design_1_axi_dma_0_0__srl_fifo_f__parameterized0
INFO: [VRFC 10-311] analyzing module design_1_axi_dma_0_0__srl_fifo_f__parameterized1
INFO: [VRFC 10-311] analyzing module design_1_axi_dma_0_0__srl_fifo_f__parameterized2
INFO: [VRFC 10-311] analyzing module design_1_axi_dma_0_0__srl_fifo_f__parameterized3
INFO: [VRFC 10-311] analyzing module design_1_axi_dma_0_0__srl_fifo_f__parameterized4
INFO: [VRFC 10-311] analyzing module design_1_axi_dma_0_0__srl_fifo_rbu_f
INFO: [VRFC 10-311] analyzing module design_1_axi_dma_0_0__srl_fifo_rbu_f__parameterized0
INFO: [VRFC 10-311] analyzing module design_1_axi_dma_0_0__srl_fifo_rbu_f__parameterized1
INFO: [VRFC 10-311] analyzing module design_1_axi_dma_0_0__srl_fifo_rbu_f__parameterized2
INFO: [VRFC 10-311] analyzing module design_1_axi_dma_0_0__srl_fifo_rbu_f__parameterized3
INFO: [VRFC 10-311] analyzing module design_1_axi_dma_0_0__srl_fifo_rbu_f__parameterized4
INFO: [VRFC 10-311] analyzing module design_1_axi_dma_0_0__sync_fifo_fg
INFO: [VRFC 10-311] analyzing module design_1_axi_dma_0_0__sync_fifo_fg__parameterized0
INFO: [VRFC 10-311] analyzing module design_1_axi_dma_0_0__xpm_counter_updn__parameterized1
INFO: [VRFC 10-311] analyzing module design_1_axi_dma_0_0__xpm_counter_updn__parameterized2
INFO: [VRFC 10-311] analyzing module design_1_axi_dma_0_0__xpm_counter_updn__parameterized2_4
INFO: [VRFC 10-311] analyzing module design_1_axi_dma_0_0__xpm_counter_updn__parameterized3
INFO: [VRFC 10-311] analyzing module design_1_axi_dma_0_0__xpm_counter_updn__parameterized3_5
INFO: [VRFC 10-311] analyzing module design_1_axi_dma_0_0__xpm_counter_updn__parameterized6
INFO: [VRFC 10-311] analyzing module design_1_axi_dma_0_0__xpm_counter_updn__parameterized6_8
INFO: [VRFC 10-311] analyzing module design_1_axi_dma_0_0__xpm_counter_updn__parameterized7
INFO: [VRFC 10-311] analyzing module design_1_axi_dma_0_0__xpm_counter_updn__parameterized7_9
INFO: [VRFC 10-311] analyzing module design_1_axi_dma_0_0__xpm_fifo_base
INFO: [VRFC 10-311] analyzing module design_1_axi_dma_0_0__xpm_fifo_base__parameterized0
INFO: [VRFC 10-311] analyzing module design_1_axi_dma_0_0__xpm_fifo_reg_bit
INFO: [VRFC 10-311] analyzing module design_1_axi_dma_0_0__xpm_fifo_reg_bit_7
INFO: [VRFC 10-311] analyzing module design_1_axi_dma_0_0__xpm_fifo_rst
INFO: [VRFC 10-311] analyzing module design_1_axi_dma_0_0__xpm_fifo_rst_10
INFO: [VRFC 10-311] analyzing module design_1_axi_dma_0_0__xpm_fifo_sync
INFO: [VRFC 10-311] analyzing module design_1_axi_dma_0_0__xpm_fifo_sync__parameterized1
INFO: [VRFC 10-311] analyzing module design_1_axi_dma_0_0__xpm_memory_base
INFO: [VRFC 10-311] analyzing module design_1_axi_dma_0_0__xpm_memory_base__parameterized0
INFO: [VRFC 10-311] analyzing module design_1_axi_gpio_0_0
INFO: [VRFC 10-311] analyzing module design_1_axi_gpio_0_0_GPIO_Core
INFO: [VRFC 10-311] analyzing module design_1_axi_gpio_0_0_address_decoder
INFO: [VRFC 10-311] analyzing module design_1_axi_gpio_0_0_axi_gpio
INFO: [VRFC 10-311] analyzing module design_1_axi_gpio_0_0_axi_lite_ipif
INFO: [VRFC 10-311] analyzing module design_1_axi_gpio_0_0_cdc_sync
INFO: [VRFC 10-311] analyzing module design_1_axi_gpio_0_0_pselect_f
INFO: [VRFC 10-311] analyzing module design_1_axi_gpio_0_0_pselect_f__parameterized1
INFO: [VRFC 10-311] analyzing module design_1_axi_gpio_0_0_slave_attachment
INFO: [VRFC 10-311] analyzing module design_1_axi_smc_0
INFO: [VRFC 10-311] analyzing module design_1_axi_smc_0__bd_afc3
INFO: [VRFC 10-311] analyzing module design_1_axi_smc_0__bd_afc3_m00e_0
INFO: [VRFC 10-311] analyzing module design_1_axi_smc_0__bd_afc3_psr_aclk_0
INFO: [VRFC 10-311] analyzing module design_1_axi_smc_0__bd_afc3_s00mmu_0
INFO: [VRFC 10-311] analyzing module design_1_axi_smc_0__bd_afc3_s00sic_0
INFO: [VRFC 10-311] analyzing module design_1_axi_smc_0__bd_afc3_s00tr_0
INFO: [VRFC 10-311] analyzing module design_1_axi_smc_0__bd_afc3_sawn_0
INFO: [VRFC 10-311] analyzing module design_1_axi_smc_0__bd_afc3_sbn_0
INFO: [VRFC 10-311] analyzing module design_1_axi_smc_0__bd_afc3_swn_0
INFO: [VRFC 10-311] analyzing module design_1_axi_smc_0__cdc_sync
INFO: [VRFC 10-311] analyzing module design_1_axi_smc_0__clk_map_imp_5Y9LOC
INFO: [VRFC 10-311] analyzing module design_1_axi_smc_0__lpf
INFO: [VRFC 10-311] analyzing module design_1_axi_smc_0__m00_exit_pipeline_imp_1TZX5BB
INFO: [VRFC 10-311] analyzing module design_1_axi_smc_0__proc_sys_reset
INFO: [VRFC 10-311] analyzing module design_1_axi_smc_0__s00_entry_pipeline_imp_USCCV8
INFO: [VRFC 10-311] analyzing module design_1_axi_smc_0__s00_nodes_imp_Y7M43I
INFO: [VRFC 10-311] analyzing module design_1_axi_smc_0__sequence_psr
INFO: [VRFC 10-311] analyzing module design_1_axi_smc_0__upcnt_n
INFO: [VRFC 10-311] analyzing module design_1_axi_smc_0__xpm_memory_base
INFO: [VRFC 10-311] analyzing module design_1_axi_smc_0__xpm_memory_base__parameterized0
INFO: [VRFC 10-311] analyzing module design_1_axi_smc_0__xpm_memory_base__parameterized1
INFO: [VRFC 10-311] analyzing module design_1_axi_smc_0__xpm_memory_sdpram
INFO: [VRFC 10-311] analyzing module design_1_axi_smc_0__xpm_memory_sdpram__parameterized0
INFO: [VRFC 10-311] analyzing module design_1_axi_smc_0__xpm_memory_sdpram__parameterized1
INFO: [VRFC 10-311] analyzing module design_1_axis_data_fifo_0_0
INFO: [VRFC 10-311] analyzing module design_1_axis_data_fifo_0_0__axis_data_fifo_v2_0_2_top
INFO: [VRFC 10-311] analyzing module design_1_axis_data_fifo_0_0__xpm_cdc_sync_rst
INFO: [VRFC 10-311] analyzing module design_1_axis_data_fifo_0_0__xpm_counter_updn__parameterized0
INFO: [VRFC 10-311] analyzing module design_1_axis_data_fifo_0_0__xpm_counter_updn__parameterized0_0
INFO: [VRFC 10-311] analyzing module design_1_axis_data_fifo_0_0__xpm_counter_updn__parameterized1
INFO: [VRFC 10-311] analyzing module design_1_axis_data_fifo_0_0__xpm_counter_updn__parameterized1_1
INFO: [VRFC 10-311] analyzing module design_1_axis_data_fifo_0_0__xpm_fifo_axis
INFO: [VRFC 10-311] analyzing module design_1_axis_data_fifo_0_0__xpm_fifo_base
INFO: [VRFC 10-311] analyzing module design_1_axis_data_fifo_0_0__xpm_fifo_reg_bit
INFO: [VRFC 10-311] analyzing module design_1_axis_data_fifo_0_0__xpm_fifo_rst
INFO: [VRFC 10-311] analyzing module design_1_axis_data_fifo_0_0__xpm_memory_base
INFO: [VRFC 10-311] analyzing module design_1_data_transfer_0_0
INFO: [VRFC 10-311] analyzing module design_1_data_transfer_0_0_data_transfer_v1_0
INFO: [VRFC 10-311] analyzing module design_1_data_transfer_0_0_data_transfer_v1_0_M_AXIS
INFO: [VRFC 10-311] analyzing module design_1_ps8_0_axi_periph_0
INFO: [VRFC 10-311] analyzing module design_1_rst_ps8_0_100M_0
INFO: [VRFC 10-311] analyzing module design_1_rst_ps8_0_100M_0__cdc_sync
INFO: [VRFC 10-311] analyzing module design_1_rst_ps8_0_100M_0__cdc_sync_0
INFO: [VRFC 10-311] analyzing module design_1_rst_ps8_0_100M_0__lpf
INFO: [VRFC 10-311] analyzing module design_1_rst_ps8_0_100M_0__proc_sys_reset
INFO: [VRFC 10-311] analyzing module design_1_rst_ps8_0_100M_0__sequence_psr
INFO: [VRFC 10-311] analyzing module design_1_rst_ps8_0_100M_0__upcnt_n
INFO: [VRFC 10-311] analyzing module design_1_wrapper
INFO: [VRFC 10-311] analyzing module design_1_xbar_0
INFO: [VRFC 10-311] analyzing module design_1_xbar_0__axi_crossbar_v2_1_21_addr_arbiter_sasd
INFO: [VRFC 10-311] analyzing module design_1_xbar_0__axi_crossbar_v2_1_21_axi_crossbar
INFO: [VRFC 10-311] analyzing module design_1_xbar_0__axi_crossbar_v2_1_21_crossbar_sasd
INFO: [VRFC 10-311] analyzing module design_1_xbar_0__axi_crossbar_v2_1_21_decerr_slave
INFO: [VRFC 10-311] analyzing module design_1_xbar_0__axi_crossbar_v2_1_21_splitter
INFO: [VRFC 10-311] analyzing module design_1_xbar_0__axi_crossbar_v2_1_21_splitter__parameterized0
INFO: [VRFC 10-311] analyzing module design_1_xbar_0__axi_register_slice_v2_1_20_axic_register_slice
INFO: [VRFC 10-311] analyzing module design_1_zynq_ultra_ps_e_0_0
INFO: [VRFC 10-311] analyzing module design_1_zynq_ultra_ps_e_0_0_zynq_ultra_ps_e_v3_3_1_zynq_ultra_ps_e
INFO: [VRFC 10-311] analyzing module main
INFO: [VRFC 10-311] analyzing module s00_couplers_imp_1A7ZMW4
INFO: [VRFC 10-311] analyzing module design_1_axi_smc_0__sc_exit_v1_0_9_exit
INFO: [VRFC 10-311] analyzing module design_1_axi_smc_0__sc_exit_v1_0_9_top
INFO: [VRFC 10-311] analyzing module design_1_axi_smc_0__sc_mmu_v1_0_8_top
INFO: [VRFC 10-311] analyzing module design_1_axi_smc_0__sc_node_v1_0_10_fi_regulator
INFO: [VRFC 10-311] analyzing module design_1_axi_smc_0__sc_node_v1_0_10_fifo
INFO: [VRFC 10-311] analyzing module design_1_axi_smc_0__sc_node_v1_0_10_fifo__parameterized0
INFO: [VRFC 10-311] analyzing module design_1_axi_smc_0__sc_node_v1_0_10_fifo__parameterized1
INFO: [VRFC 10-311] analyzing module design_1_axi_smc_0__sc_node_v1_0_10_mi_handler
INFO: [VRFC 10-311] analyzing module design_1_axi_smc_0__sc_node_v1_0_10_mi_handler__parameterized0
INFO: [VRFC 10-311] analyzing module design_1_axi_smc_0__sc_node_v1_0_10_mi_handler__parameterized1
INFO: [VRFC 10-311] analyzing module design_1_axi_smc_0__sc_node_v1_0_10_si_handler
INFO: [VRFC 10-311] analyzing module design_1_axi_smc_0__sc_node_v1_0_10_si_handler__parameterized0
INFO: [VRFC 10-311] analyzing module design_1_axi_smc_0__sc_node_v1_0_10_si_handler__parameterized1
INFO: [VRFC 10-311] analyzing module design_1_axi_smc_0__sc_node_v1_0_10_top
INFO: [VRFC 10-311] analyzing module design_1_axi_smc_0__sc_node_v1_0_10_top__parameterized0
INFO: [VRFC 10-311] analyzing module design_1_axi_smc_0__sc_node_v1_0_10_top__parameterized1
INFO: [VRFC 10-311] analyzing module design_1_axi_smc_0__sc_node_v1_0_10_upsizer
INFO: [VRFC 10-311] analyzing module design_1_axi_smc_0__sc_si_converter_v1_0_9_splitter
INFO: [VRFC 10-311] analyzing module design_1_axi_smc_0__sc_si_converter_v1_0_9_top
INFO: [VRFC 10-311] analyzing module design_1_axi_smc_0__sc_transaction_regulator_v1_0_8_singleorder
INFO: [VRFC 10-311] analyzing module design_1_axi_smc_0__sc_transaction_regulator_v1_0_8_top
INFO: [VRFC 10-311] analyzing module design_1_axi_smc_0__sc_util_v1_0_4_axi_reg_stall__parameterized0
INFO: [VRFC 10-311] analyzing module design_1_axi_smc_0__sc_util_v1_0_4_axic_reg_srl_fifo__parameterized0
INFO: [VRFC 10-311] analyzing module design_1_axi_smc_0__sc_util_v1_0_4_axic_reg_srl_fifo__parameterized1
INFO: [VRFC 10-311] analyzing module design_1_axi_smc_0__sc_util_v1_0_4_counter
INFO: [VRFC 10-311] analyzing module design_1_axi_smc_0__sc_util_v1_0_4_counter_0
INFO: [VRFC 10-311] analyzing module design_1_axi_smc_0__sc_util_v1_0_4_counter_2
INFO: [VRFC 10-311] analyzing module design_1_axi_smc_0__sc_util_v1_0_4_counter_3
INFO: [VRFC 10-311] analyzing module design_1_axi_smc_0__sc_util_v1_0_4_counter_6
INFO: [VRFC 10-311] analyzing module design_1_axi_smc_0__sc_util_v1_0_4_counter_7
INFO: [VRFC 10-311] analyzing module design_1_axi_smc_0__sc_util_v1_0_4_counter__parameterized0
INFO: [VRFC 10-311] analyzing module design_1_axi_smc_0__sc_util_v1_0_4_counter__parameterized0_4
INFO: [VRFC 10-311] analyzing module design_1_axi_smc_0__sc_util_v1_0_4_counter__parameterized0_8
INFO: [VRFC 10-311] analyzing module design_1_axi_smc_0__sc_util_v1_0_4_pipeline
INFO: [VRFC 10-311] analyzing module design_1_axi_smc_0__sc_util_v1_0_4_pipeline_1
INFO: [VRFC 10-311] analyzing module design_1_axi_smc_0__sc_util_v1_0_4_pipeline_5
INFO: [VRFC 10-311] analyzing module design_1_axi_smc_0__sc_util_v1_0_4_pipeline__parameterized4
INFO: [VRFC 10-311] analyzing module design_1_axi_smc_0__sc_util_v1_0_4_srl_rtl
INFO: [VRFC 10-311] analyzing module design_1_axi_smc_0__sc_util_v1_0_4_srl_rtl_12
INFO: [VRFC 10-311] analyzing module design_1_axi_smc_0__sc_util_v1_0_4_srl_rtl_13
INFO: [VRFC 10-311] analyzing module design_1_axi_smc_0__sc_util_v1_0_4_srl_rtl_14
INFO: [VRFC 10-311] analyzing module design_1_axi_smc_0__sc_util_v1_0_4_srl_rtl_15
INFO: [VRFC 10-311] analyzing module design_1_axi_smc_0__sc_util_v1_0_4_srl_rtl_16
INFO: [VRFC 10-311] analyzing module design_1_axi_smc_0__sc_util_v1_0_4_srl_rtl_17
INFO: [VRFC 10-311] analyzing module design_1_axi_smc_0__sc_util_v1_0_4_srl_rtl_18
INFO: [VRFC 10-311] analyzing module design_1_axi_smc_0__sc_util_v1_0_4_srl_rtl_19
INFO: [VRFC 10-311] analyzing module design_1_axi_smc_0__sc_util_v1_0_4_srl_rtl_22
INFO: [VRFC 10-311] analyzing module design_1_axi_smc_0__sc_util_v1_0_4_srl_rtl_9
INFO: [VRFC 10-311] analyzing module design_1_axi_smc_0__sc_util_v1_0_4_xpm_memory_fifo
INFO: [VRFC 10-311] analyzing module design_1_axi_smc_0__sc_util_v1_0_4_xpm_memory_fifo__parameterized0
INFO: [VRFC 10-311] analyzing module design_1_axi_smc_0__sc_util_v1_0_4_xpm_memory_fifo__parameterized1
INFO: [VRFC 10-311] analyzing module glbl
INFO: [VRFC 10-2263] Analyzing Verilog file "/home/rsaradhy/Work/trenz/vivado/project_1/project_1.srcs/sources_1/new/DDMTD_Sampler.v" into library xil_defaultlib
INFO: [VRFC 10-311] analyzing module DDMTD_Sampler
INFO: [VRFC 10-2263] Analyzing Verilog file "/home/rsaradhy/Work/trenz/vivado/project_1/project_1.srcs/sources_1/new/fifo_chain.v" into library xil_defaultlib
INFO: [VRFC 10-311] analyzing module fifo_chain
INFO: [VRFC 10-2263] Analyzing Verilog file "/home/rsaradhy/Work/trenz/vivado/project_1/project_1.srcs/sim_1/new/testbench_DDMTDSampler.v" into library xil_defaultlib
INFO: [VRFC 10-311] analyzing module testbench_DDMTDSampler
