Copyright 1986-2019 Xilinx, Inc. All Rights Reserved.
------------------------------------------------------------------------------------
| Tool Version : Vivado v.2019.2 (lin64) Build 2708876 Wed Nov  6 21:39:14 MST 2019
| Date         : Fri Sep 11 03:10:59 2020
| Host         : rsaradhy-acer running 64-bit Ubuntu 18.04.5 LTS
| Command      : upgrade_ip
| Device       : xczu2cg-sfvc784-1-e
------------------------------------------------------------------------------------

Upgrade Log for IP 'design_1_data_transfer_0_0'

1. Summary
----------

SUCCESS in the upgrade of design_1_data_transfer_0_0 (user.org:user:data_transfer:1.0) from (Rev. 5) to (Rev. 6)






Copyright 1986-2019 Xilinx, Inc. All Rights Reserved.
------------------------------------------------------------------------------------
| Tool Version : Vivado v.2019.2 (lin64) Build 2708876 Wed Nov  6 21:39:14 MST 2019
| Date         : Wed Jul 22 05:38:40 2020
| Host         : rsaradhy-acer running 64-bit Ubuntu 18.04.4 LTS
| Command      : upgrade_ip
| Device       : xczu2cg-sfvc784-1-e
------------------------------------------------------------------------------------

Upgrade Log for IP 'design_1_data_transfer_0_0'

1. Summary
----------

SUCCESS in the conversion of design_1_data_transfer_0_0 (user.org:user:data_transfer:1.0 (Rev. 5)) to Vivado generation flows.






Copyright 1986-2019 Xilinx, Inc. All Rights Reserved.
------------------------------------------------------------------------------------
| Tool Version : Vivado v.2019.2 (lin64) Build 2708876 Wed Nov  6 21:39:14 MST 2019
| Date         : Wed Jul 22 05:24:23 2020
| Host         : rsaradhy-acer running 64-bit Ubuntu 18.04.4 LTS
| Command      : upgrade_ip
| Device       : xczu2cg-sfvc784-1-e
------------------------------------------------------------------------------------

Upgrade Log for IP 'design_1_data_transfer_0_0'

1. Summary
----------

SUCCESS in the upgrade of design_1_data_transfer_0_0 (user.org:user:data_transfer:1.0) from (Rev. 4) to (Rev. 5)

