#-----------------------------------------------------------
# Vivado v2019.2 (64-bit)
# SW Build 2708876 on Wed Nov  6 21:39:14 MST 2019
# IP Build 2700528 on Thu Nov  7 00:09:20 MST 2019
# Start of session at: Sat Sep 12 20:20:13 2020
# Process ID: 28139
# Current directory: /home/rsaradhy/Work/trenz/vivado/project_1
# Command line: vivado project_1.xpr
# Log file: /home/rsaradhy/Work/trenz/vivado/project_1/vivado.log
# Journal file: /home/rsaradhy/Work/trenz/vivado/project_1/vivado.jou
#-----------------------------------------------------------
start_gui
open_project project_1.xpr
Scanning sources...
Finished scanning sources
INFO: [IP_Flow 19-234] Refreshing IP repositories
INFO: [IP_Flow 19-1700] Loaded user IP repository '/home/rsaradhy/Work/trenz/vivado/ip_repo/AXIS_distributor_1.0'.
INFO: [IP_Flow 19-1700] Loaded user IP repository '/home/rsaradhy/Work/trenz/mycores/ip_repo'.
INFO: [IP_Flow 19-2313] Loaded Vivado IP repository '/home/rsaradhy/Software/Xilinx/Vivado/2019.2/data/ip'.
open_project: Time (s): cpu = 00:00:16 ; elapsed = 00:00:09 . Memory (MB): peak = 6672.492 ; gain = 206.852 ; free physical = 15487 ; free virtual = 26044
open_bd_design {/home/rsaradhy/Work/trenz/vivado/project_1/project_1.srcs/sources_1/bd/design_1/design_1.bd}
Adding component instance block -- xilinx.com:ip:zynq_ultra_ps_e:3.3 - zynq_ultra_ps_e_0
Adding component instance block -- xilinx.com:ip:axi_dma:7.1 - axi_dma_0
Adding component instance block -- xilinx.com:ip:axi_interconnect:2.1 - ps8_0_axi_periph
Adding component instance block -- xilinx.com:ip:axi_crossbar:2.1 - xbar
Adding component instance block -- xilinx.com:ip:axi_protocol_converter:2.1 - auto_pc
Adding component instance block -- xilinx.com:ip:proc_sys_reset:5.0 - rst_ps8_0_100M
Adding component instance block -- xilinx.com:ip:smartconnect:1.0 - axi_smc
Adding component instance block -- xilinx.com:ip:axi_gpio:2.0 - axi_gpio_0
Adding component instance block -- user.org:user:data_transfer:1.0 - data_transfer_0
Excluding slave segment /zynq_ultra_ps_e_0/SAXIGP0/HPC0_LPS_OCM from address space /axi_dma_0/Data_S2MM.
Successfully read diagram <design_1> from BD file </home/rsaradhy/Work/trenz/vivado/project_1/project_1.srcs/sources_1/bd/design_1/design_1.bd>
WARNING: [IP_Flow 19-474] Invalid Parameter 'Component_Name'
startgroup
endgroup
startgroup
endgroup
make_wrapper -files [get_files /home/rsaradhy/Work/trenz/vivado/project_1/project_1.srcs/sources_1/bd/design_1/design_1.bd] -top
INFO: [Ipptcl 7-1463] No Compatible Board Interface found. Board Tab not created in customize GUI
WARNING: [BD 41-237] Bus Interface property AWUSER_WIDTH does not match between /ps8_0_axi_periph/s00_couplers/auto_pc/S_AXI(0) and /zynq_ultra_ps_e_0/M_AXI_HPM0_LPD(16)
WARNING: [BD 41-237] Bus Interface property ARUSER_WIDTH does not match between /ps8_0_axi_periph/s00_couplers/auto_pc/S_AXI(0) and /zynq_ultra_ps_e_0/M_AXI_HPM0_LPD(16)
WARNING: [BD 41-237] Bus Interface property AWUSER_WIDTH does not match between /zynq_ultra_ps_e_0/S_AXI_HPC0_FPD(1) and /axi_smc/M00_AXI(0)
WARNING: [BD 41-237] Bus Interface property ARUSER_WIDTH does not match between /zynq_ultra_ps_e_0/S_AXI_HPC0_FPD(1) and /axi_smc/M00_AXI(0)
Wrote  : </home/rsaradhy/Work/trenz/vivado/project_1/project_1.srcs/sources_1/bd/design_1/design_1.bd> 
Wrote  : </home/rsaradhy/Work/trenz/vivado/project_1/project_1.srcs/sources_1/bd/design_1/ui/bd_1f5defd0.ui> 
VHDL Output written to : /home/rsaradhy/Work/trenz/vivado/project_1/project_1.srcs/sources_1/bd/design_1/synth/design_1.v
VHDL Output written to : /home/rsaradhy/Work/trenz/vivado/project_1/project_1.srcs/sources_1/bd/design_1/sim/design_1.v
VHDL Output written to : /home/rsaradhy/Work/trenz/vivado/project_1/project_1.srcs/sources_1/bd/design_1/hdl/design_1_wrapper.v
make_wrapper: Time (s): cpu = 00:00:15 ; elapsed = 00:00:09 . Memory (MB): peak = 7101.965 ; gain = 70.707 ; free physical = 15212 ; free virtual = 26087
set_property -dict [list CONFIG.Fifo_Implementation {Independent_Clocks_Builtin_FIFO} CONFIG.INTERFACE_TYPE {Native} CONFIG.Input_Depth {8192} CONFIG.Output_Depth {8192} CONFIG.Reset_Type {Synchronous_Reset} CONFIG.Full_Flags_Reset_Value {0} CONFIG.Use_Extra_Logic {false} CONFIG.Data_Count_Width {13} CONFIG.Write_Data_Count_Width {13} CONFIG.Read_Data_Count_Width {13} CONFIG.Read_Clock_Frequency {320} CONFIG.Write_Clock_Frequency {160} CONFIG.Full_Threshold_Assert_Value {8184} CONFIG.Full_Threshold_Negate_Value {8183} CONFIG.FIFO_Implementation_wach {Common_Clock_Distributed_RAM} CONFIG.Full_Threshold_Assert_Value_wach {15} CONFIG.Empty_Threshold_Assert_Value_wach {14} CONFIG.FIFO_Implementation_wdch {Common_Clock_Block_RAM} CONFIG.FIFO_Implementation_wrch {Common_Clock_Distributed_RAM} CONFIG.Full_Threshold_Assert_Value_wrch {15} CONFIG.Empty_Threshold_Assert_Value_wrch {14} CONFIG.FIFO_Implementation_rach {Common_Clock_Distributed_RAM} CONFIG.Full_Threshold_Assert_Value_rach {15} CONFIG.Empty_Threshold_Assert_Value_rach {14} CONFIG.FIFO_Implementation_rdch {Common_Clock_Block_RAM} CONFIG.FIFO_Implementation_axis {Common_Clock_Block_RAM} CONFIG.Enable_Safety_Circuit {false}] [get_ips FIFO_10]
WARNING: [IP_Flow 19-3374] An attempt to modify the value of disabled parameter 'Empty_Threshold_Assert_Value_wrch' from '1022' to '14' has been ignored for IP 'FIFO_10'
WARNING: [IP_Flow 19-3374] An attempt to modify the value of disabled parameter 'Empty_Threshold_Assert_Value_wach' from '1022' to '14' has been ignored for IP 'FIFO_10'
WARNING: [IP_Flow 19-3374] An attempt to modify the value of disabled parameter 'Empty_Threshold_Assert_Value_rach' from '1022' to '14' has been ignored for IP 'FIFO_10'
WARNING: [IP_Flow 19-3374] An attempt to modify the value of disabled parameter 'Full_Threshold_Assert_Value_wrch' from '1023' to '15' has been ignored for IP 'FIFO_10'
WARNING: [IP_Flow 19-3374] An attempt to modify the value of disabled parameter 'Full_Threshold_Assert_Value_wach' from '1023' to '15' has been ignored for IP 'FIFO_10'
WARNING: [IP_Flow 19-3374] An attempt to modify the value of disabled parameter 'Full_Threshold_Assert_Value_rach' from '1023' to '15' has been ignored for IP 'FIFO_10'
generate_target all [get_files  /home/rsaradhy/Work/trenz/vivado/project_1/project_1.srcs/sources_1/ip/FIFO_10/FIFO_10.xci]
INFO: [IP_Flow 19-1686] Generating 'Instantiation Template' target for IP 'FIFO_10'...
INFO: [IP_Flow 19-1686] Generating 'Synthesis' target for IP 'FIFO_10'...
INFO: [IP_Flow 19-1686] Generating 'Simulation' target for IP 'FIFO_10'...
INFO: [IP_Flow 19-1686] Generating 'Change Log' target for IP 'FIFO_10'...
catch { config_ip_cache -export [get_ips -all FIFO_10] }
export_ip_user_files -of_objects [get_files /home/rsaradhy/Work/trenz/vivado/project_1/project_1.srcs/sources_1/ip/FIFO_10/FIFO_10.xci] -no_script -sync -force -quiet
reset_run FIFO_10_synth_1
launch_runs -jobs 12 FIFO_10_synth_1
[Sat Sep 12 21:56:28 2020] Launched FIFO_10_synth_1...
Run output will be captured here: /home/rsaradhy/Work/trenz/vivado/project_1/project_1.runs/FIFO_10_synth_1/runme.log
export_simulation -of_objects [get_files /home/rsaradhy/Work/trenz/vivado/project_1/project_1.srcs/sources_1/ip/FIFO_10/FIFO_10.xci] -directory /home/rsaradhy/Work/trenz/vivado/project_1/project_1.ip_user_files/sim_scripts -ip_user_files_dir /home/rsaradhy/Work/trenz/vivado/project_1/project_1.ip_user_files -ipstatic_source_dir /home/rsaradhy/Work/trenz/vivado/project_1/project_1.ip_user_files/ipstatic -lib_map_path [list {modelsim=/home/rsaradhy/Work/trenz/vivado/project_1/project_1.cache/compile_simlib/modelsim} {questa=/home/rsaradhy/Work/trenz/vivado/project_1/project_1.cache/compile_simlib/questa} {ies=/home/rsaradhy/Work/trenz/vivado/project_1/project_1.cache/compile_simlib/ies} {xcelium=/home/rsaradhy/Work/trenz/vivado/project_1/project_1.cache/compile_simlib/xcelium} {vcs=/home/rsaradhy/Work/trenz/vivado/project_1/project_1.cache/compile_simlib/vcs} {riviera=/home/rsaradhy/Work/trenz/vivado/project_1/project_1.cache/compile_simlib/riviera}] -use_ip_compiled_libs -force -quiet
convert_ips [get_files  /home/rsaradhy/Work/trenz/vivado/project_1/project_1.srcs/sources_1/ip/clock_pll/clock_pll.xci]
INFO: [filemgmt 56-106] Converting IP 'clock_pll' into core container format.
INFO: [filemgmt 56-101] Creating core container '/home/rsaradhy/Work/trenz/vivado/project_1/project_1.srcs/sources_1/ip/clock_pll.xcix' for IP 'clock_pll'
export_ip_user_files -of_objects  [get_files  /home/rsaradhy/Work/trenz/vivado/project_1/project_1.srcs/sources_1/ip/clock_pll/clock_pll.xci] -sync -lib_map_path [list {modelsim=/home/rsaradhy/Work/trenz/vivado/project_1/project_1.cache/compile_simlib/modelsim} {questa=/home/rsaradhy/Work/trenz/vivado/project_1/project_1.cache/compile_simlib/questa} {ies=/home/rsaradhy/Work/trenz/vivado/project_1/project_1.cache/compile_simlib/ies} {xcelium=/home/rsaradhy/Work/trenz/vivado/project_1/project_1.cache/compile_simlib/xcelium} {vcs=/home/rsaradhy/Work/trenz/vivado/project_1/project_1.cache/compile_simlib/vcs} {riviera=/home/rsaradhy/Work/trenz/vivado/project_1/project_1.cache/compile_simlib/riviera}] -force -quiet
set_property coreContainer.enable 1 [current_project]
set_property is_enabled true [get_files  /home/rsaradhy/Work/trenz/vivado/project_1/project_1.srcs/sources_1/ip/clock_pll/clock_pll.xci]
INFO: [Ipptcl 7-1463] No Compatible Board Interface found. Board Tab not created in customize GUI
INFO: [Ipptcl 7-1463] No Compatible Board Interface found. Board Tab not created in customize GUI
reset_target all [get_files  /home/rsaradhy/Work/trenz/vivado/project_1/project_1.srcs/sources_1/bd/design_1/design_1.bd]
export_ip_user_files -of_objects  [get_files  /home/rsaradhy/Work/trenz/vivado/project_1/project_1.srcs/sources_1/bd/design_1/design_1.bd] -sync -no_script -force -quiet
delete_ip_run [get_files -of_objects [get_fileset sources_1] /home/rsaradhy/Work/trenz/vivado/project_1/project_1.srcs/sources_1/bd/design_1/design_1.bd]
open_bd_design {/home/rsaradhy/Work/trenz/vivado/project_1/project_1.srcs/sources_1/bd/design_1/design_1.bd}
set_property -dict [list CONFIG.FREQ_HZ {320000000}] [get_bd_ports CLK_IN]
reset_target all [get_files  /home/rsaradhy/Work/trenz/vivado/project_1/project_1.srcs/sources_1/bd/design_1/design_1.bd]
export_ip_user_files -of_objects  [get_files  /home/rsaradhy/Work/trenz/vivado/project_1/project_1.srcs/sources_1/bd/design_1/design_1.bd] -sync -no_script -force -quiet
validate_bd_design
INFO: [Ipptcl 7-1463] No Compatible Board Interface found. Board Tab not created in customize GUI
WARNING: [BD 41-237] Bus Interface property AWUSER_WIDTH does not match between /ps8_0_axi_periph/s00_couplers/auto_pc/S_AXI(0) and /zynq_ultra_ps_e_0/M_AXI_HPM0_LPD(16)
WARNING: [BD 41-237] Bus Interface property ARUSER_WIDTH does not match between /ps8_0_axi_periph/s00_couplers/auto_pc/S_AXI(0) and /zynq_ultra_ps_e_0/M_AXI_HPM0_LPD(16)
WARNING: [BD 41-237] Bus Interface property AWUSER_WIDTH does not match between /zynq_ultra_ps_e_0/S_AXI_HPC0_FPD(1) and /axi_smc/M00_AXI(0)
WARNING: [BD 41-237] Bus Interface property ARUSER_WIDTH does not match between /zynq_ultra_ps_e_0/S_AXI_HPC0_FPD(1) and /axi_smc/M00_AXI(0)
validate_bd_design: Time (s): cpu = 00:00:13 ; elapsed = 00:00:07 . Memory (MB): peak = 8425.785 ; gain = 0.000 ; free physical = 13662 ; free virtual = 24783
startgroup
set_property -dict [list CONFIG.NUM_SI {1}] [get_bd_cells axi_smc]
endgroup
validate_bd_design
INFO: [Ipptcl 7-1463] No Compatible Board Interface found. Board Tab not created in customize GUI
WARNING: [xilinx.com:ip:smartconnect:1.0-1] design_1_axi_smc_0: Endpoint Slave READ_WRITE_MODE is WRITE_ONLY. To prevent illegal transaction from master to slave enable SUPPORTS_DECERR for S00_Entry through Advanced Properties.
WARNING: [BD 41-237] Bus Interface property AWUSER_WIDTH does not match between /ps8_0_axi_periph/s00_couplers/auto_pc/S_AXI(0) and /zynq_ultra_ps_e_0/M_AXI_HPM0_LPD(16)
WARNING: [BD 41-237] Bus Interface property ARUSER_WIDTH does not match between /ps8_0_axi_periph/s00_couplers/auto_pc/S_AXI(0) and /zynq_ultra_ps_e_0/M_AXI_HPM0_LPD(16)
WARNING: [BD 41-237] Bus Interface property AWUSER_WIDTH does not match between /zynq_ultra_ps_e_0/S_AXI_HPC0_FPD(1) and /axi_smc/M00_AXI(0)
WARNING: [BD 41-237] Bus Interface property ARUSER_WIDTH does not match between /zynq_ultra_ps_e_0/S_AXI_HPC0_FPD(1) and /axi_smc/M00_AXI(0)
regenerate_bd_layout -routing
INFO: [Ipptcl 7-1463] No Compatible Board Interface found. Board Tab not created in customize GUI
startgroup
set_property -dict [list CONFIG.C_IS_DUAL {0} CONFIG.C_ALL_INPUTS_2 {1}] [get_bd_cells axi_gpio_0]
delete_bd_objs [get_bd_intf_nets axi_gpio_0_GPIO2]
endgroup
delete_bd_objs [get_bd_intf_ports gpio_rtl_0]
INFO: [Ipptcl 7-1463] No Compatible Board Interface found. Board Tab not created in customize GUI
undo
INFO: [Common 17-17] undo 'delete_bd_objs [get_bd_intf_ports gpio_rtl_0]'
undo
INFO: [Common 17-17] undo 'endgroup'
INFO: [Common 17-17] undo 'delete_bd_objs [get_bd_intf_nets axi_gpio_0_GPIO2]'
INFO: [Common 17-17] undo 'set_property -dict [list CONFIG.C_IS_DUAL {0} CONFIG.C_ALL_INPUTS_2 {1}] [get_bd_cells axi_gpio_0]'
INFO: [Common 17-17] undo 'startgroup'
WARNING: [IP_Flow 19-474] Invalid Parameter 'Component_Name'
generate_target all [get_files  /home/rsaradhy/Work/trenz/vivado/project_1/project_1.srcs/sources_1/bd/design_1/design_1.bd]
INFO: [BD 41-1662] The design 'design_1.bd' is already validated. Therefore parameter propagation will not be re-run.
Wrote  : </home/rsaradhy/Work/trenz/vivado/project_1/project_1.srcs/sources_1/bd/design_1/design_1.bd> 
Wrote  : </home/rsaradhy/Work/trenz/vivado/project_1/project_1.srcs/sources_1/bd/design_1/ui/bd_1f5defd0.ui> 
VHDL Output written to : /home/rsaradhy/Work/trenz/vivado/project_1/project_1.srcs/sources_1/bd/design_1/synth/design_1.v
VHDL Output written to : /home/rsaradhy/Work/trenz/vivado/project_1/project_1.srcs/sources_1/bd/design_1/sim/design_1.v
VHDL Output written to : /home/rsaradhy/Work/trenz/vivado/project_1/project_1.srcs/sources_1/bd/design_1/hdl/design_1_wrapper.v
INFO: [xilinx.com:ip:zynq_ultra_ps_e:3.3-0] design_1_zynq_ultra_ps_e_0_0: 
Changes in your design (including the PCW configuration settings) are not automatically exported from Vivado to Xilinx's SDK, Petalinux or Yocto.
This is by design to avoid disrupting existing embedded development efforts. To have any changes of your design taking effect in the embedded software flow please export your
design by going through Vivado's main menu, click on File, then Export finally select Export Hardware, please ensure you click on the Include BitStream option.
The auto-generated HDF file is all you need to import in Xilinx's SDK, Petalinux or Yocto for your changes to be reflected in the Embedded Software Flow.
For more information, please consult PG201, section: Exporting PCW Settings to Embedded Software Flows
INFO: [PSU-0] Address Range of DDR (0x7ff00000 to 0x7fffffff) is reserved by PMU for internal purpose.
WARNING: [IP_Flow 19-5611] Unable to find an associated reset port for the interface 'M_AXI_HPM0_LPD'. A default connection has been created.
WARNING: [IP_Flow 19-5611] Unable to find an associated reset port for the interface 'S_AXI_HPC0_FPD'. A default connection has been created.
INFO: [BD 41-1029] Generation completed for the IP Integrator block zynq_ultra_ps_e_0 .
INFO: [BD 41-1029] Generation completed for the IP Integrator block axi_dma_0 .
INFO: [BD 41-1029] Generation completed for the IP Integrator block ps8_0_axi_periph/xbar .
INFO: [BD 41-1029] Generation completed for the IP Integrator block rst_ps8_0_100M .
WARNING: [IP_Flow 19-5611] Unable to find an associated reset port for the interface 'S00_AXI'. A default connection has been created.
WARNING: [IP_Flow 19-5611] Unable to find an associated reset port for the interface 'M00_AXI'. A default connection has been created.
Exporting to file /home/rsaradhy/Work/trenz/vivado/project_1/project_1.srcs/sources_1/bd/design_1/ip/design_1_axi_smc_0/bd_0/hw_handoff/design_1_axi_smc_0.hwh
Generated Block Design Tcl file /home/rsaradhy/Work/trenz/vivado/project_1/project_1.srcs/sources_1/bd/design_1/ip/design_1_axi_smc_0/bd_0/hw_handoff/design_1_axi_smc_0_bd.tcl
Generated Hardware Definition File /home/rsaradhy/Work/trenz/vivado/project_1/project_1.srcs/sources_1/bd/design_1/ip/design_1_axi_smc_0/bd_0/synth/design_1_axi_smc_0.hwdef
INFO: [BD 41-1029] Generation completed for the IP Integrator block axi_smc .
INFO: [BD 41-1029] Generation completed for the IP Integrator block axi_gpio_0 .
INFO: [BD 41-1029] Generation completed for the IP Integrator block data_transfer_0 .
WARNING: [IP_Flow 19-4994] Overwriting existing constraint file '/home/rsaradhy/Work/trenz/vivado/project_1/project_1.srcs/sources_1/bd/design_1/ip/design_1_auto_pc_0/design_1_auto_pc_0_ooc.xdc'
INFO: [BD 41-1029] Generation completed for the IP Integrator block ps8_0_axi_periph/s00_couplers/auto_pc .
Exporting to file /home/rsaradhy/Work/trenz/vivado/project_1/project_1.srcs/sources_1/bd/design_1/hw_handoff/design_1.hwh
Generated Block Design Tcl file /home/rsaradhy/Work/trenz/vivado/project_1/project_1.srcs/sources_1/bd/design_1/hw_handoff/design_1_bd.tcl
Generated Hardware Definition File /home/rsaradhy/Work/trenz/vivado/project_1/project_1.srcs/sources_1/bd/design_1/synth/design_1.hwdef
generate_target: Time (s): cpu = 00:00:29 ; elapsed = 00:00:26 . Memory (MB): peak = 8555.430 ; gain = 0.000 ; free physical = 13579 ; free virtual = 24759
catch { config_ip_cache -export [get_ips -all design_1_zynq_ultra_ps_e_0_0] }
catch { config_ip_cache -export [get_ips -all design_1_axi_dma_0_0] }
catch { config_ip_cache -export [get_ips -all design_1_xbar_0] }
catch { config_ip_cache -export [get_ips -all design_1_rst_ps8_0_100M_0] }
catch { config_ip_cache -export [get_ips -all design_1_axi_smc_0] }
catch { config_ip_cache -export [get_ips -all design_1_axi_gpio_0_0] }
catch { config_ip_cache -export [get_ips -all design_1_data_transfer_0_0] }
catch { config_ip_cache -export [get_ips -all design_1_auto_pc_0] }
export_ip_user_files -of_objects [get_files /home/rsaradhy/Work/trenz/vivado/project_1/project_1.srcs/sources_1/bd/design_1/design_1.bd] -no_script -sync -force -quiet
create_ip_run [get_files -of_objects [get_fileset sources_1] /home/rsaradhy/Work/trenz/vivado/project_1/project_1.srcs/sources_1/bd/design_1/design_1.bd]
launch_runs -jobs 12 {design_1_zynq_ultra_ps_e_0_0_synth_1 design_1_axi_dma_0_0_synth_1 design_1_xbar_0_synth_1 design_1_rst_ps8_0_100M_0_synth_1 design_1_axi_smc_0_synth_1 design_1_axi_gpio_0_0_synth_1 design_1_data_transfer_0_0_synth_1 design_1_auto_pc_0_synth_1}
[Sat Sep 12 22:08:36 2020] Launched design_1_zynq_ultra_ps_e_0_0_synth_1, design_1_axi_dma_0_0_synth_1, design_1_xbar_0_synth_1, design_1_rst_ps8_0_100M_0_synth_1, design_1_axi_smc_0_synth_1, design_1_axi_gpio_0_0_synth_1, design_1_data_transfer_0_0_synth_1, design_1_auto_pc_0_synth_1...
Run output will be captured here:
design_1_zynq_ultra_ps_e_0_0_synth_1: /home/rsaradhy/Work/trenz/vivado/project_1/project_1.runs/design_1_zynq_ultra_ps_e_0_0_synth_1/runme.log
design_1_axi_dma_0_0_synth_1: /home/rsaradhy/Work/trenz/vivado/project_1/project_1.runs/design_1_axi_dma_0_0_synth_1/runme.log
design_1_xbar_0_synth_1: /home/rsaradhy/Work/trenz/vivado/project_1/project_1.runs/design_1_xbar_0_synth_1/runme.log
design_1_rst_ps8_0_100M_0_synth_1: /home/rsaradhy/Work/trenz/vivado/project_1/project_1.runs/design_1_rst_ps8_0_100M_0_synth_1/runme.log
design_1_axi_smc_0_synth_1: /home/rsaradhy/Work/trenz/vivado/project_1/project_1.runs/design_1_axi_smc_0_synth_1/runme.log
design_1_axi_gpio_0_0_synth_1: /home/rsaradhy/Work/trenz/vivado/project_1/project_1.runs/design_1_axi_gpio_0_0_synth_1/runme.log
design_1_data_transfer_0_0_synth_1: /home/rsaradhy/Work/trenz/vivado/project_1/project_1.runs/design_1_data_transfer_0_0_synth_1/runme.log
design_1_auto_pc_0_synth_1: /home/rsaradhy/Work/trenz/vivado/project_1/project_1.runs/design_1_auto_pc_0_synth_1/runme.log
export_simulation -of_objects [get_files /home/rsaradhy/Work/trenz/vivado/project_1/project_1.srcs/sources_1/bd/design_1/design_1.bd] -directory /home/rsaradhy/Work/trenz/vivado/project_1/project_1.ip_user_files/sim_scripts -ip_user_files_dir /home/rsaradhy/Work/trenz/vivado/project_1/project_1.ip_user_files -ipstatic_source_dir /home/rsaradhy/Work/trenz/vivado/project_1/project_1.ip_user_files/ipstatic -lib_map_path [list {modelsim=/home/rsaradhy/Work/trenz/vivado/project_1/project_1.cache/compile_simlib/modelsim} {questa=/home/rsaradhy/Work/trenz/vivado/project_1/project_1.cache/compile_simlib/questa} {ies=/home/rsaradhy/Work/trenz/vivado/project_1/project_1.cache/compile_simlib/ies} {xcelium=/home/rsaradhy/Work/trenz/vivado/project_1/project_1.cache/compile_simlib/xcelium} {vcs=/home/rsaradhy/Work/trenz/vivado/project_1/project_1.cache/compile_simlib/vcs} {riviera=/home/rsaradhy/Work/trenz/vivado/project_1/project_1.cache/compile_simlib/riviera}] -use_ip_compiled_libs -force -quiet
reset_run synth_1
launch_runs impl_1 -to_step write_bitstream -jobs 12
INFO: [IP_Flow 19-5642] Done with IP cache export for multiple IPs
[Sat Sep 12 22:11:30 2020] Launched design_1_zynq_ultra_ps_e_0_0_synth_1, design_1_axi_dma_0_0_synth_1, design_1_axi_smc_0_synth_1, design_1_auto_pc_0_synth_1, synth_1...
Run output will be captured here:
design_1_zynq_ultra_ps_e_0_0_synth_1: /home/rsaradhy/Work/trenz/vivado/project_1/project_1.runs/design_1_zynq_ultra_ps_e_0_0_synth_1/runme.log
design_1_axi_dma_0_0_synth_1: /home/rsaradhy/Work/trenz/vivado/project_1/project_1.runs/design_1_axi_dma_0_0_synth_1/runme.log
design_1_axi_smc_0_synth_1: /home/rsaradhy/Work/trenz/vivado/project_1/project_1.runs/design_1_axi_smc_0_synth_1/runme.log
design_1_auto_pc_0_synth_1: /home/rsaradhy/Work/trenz/vivado/project_1/project_1.runs/design_1_auto_pc_0_synth_1/runme.log
synth_1: /home/rsaradhy/Work/trenz/vivado/project_1/project_1.runs/synth_1/runme.log
[Sat Sep 12 22:11:30 2020] Launched impl_1...
Run output will be captured here: /home/rsaradhy/Work/trenz/vivado/project_1/project_1.runs/impl_1/runme.log
regenerate_bd_layout -routing
startgroup
set_property -dict [list CONFIG.C_M_AXIS_TDATA_WIDTH {64}] [get_bd_cells data_transfer_0]
endgroup
validate_bd_design
INFO: [Ipptcl 7-1463] No Compatible Board Interface found. Board Tab not created in customize GUI
WARNING: [xilinx.com:ip:smartconnect:1.0-1] design_1_axi_smc_0: Endpoint Slave READ_WRITE_MODE is WRITE_ONLY. To prevent illegal transaction from master to slave enable SUPPORTS_DECERR for S00_Entry through Advanced Properties.
WARNING: [BD 41-237] Bus Interface property AWUSER_WIDTH does not match between /ps8_0_axi_periph/s00_couplers/auto_pc/S_AXI(0) and /zynq_ultra_ps_e_0/M_AXI_HPM0_LPD(16)
WARNING: [BD 41-237] Bus Interface property ARUSER_WIDTH does not match between /ps8_0_axi_periph/s00_couplers/auto_pc/S_AXI(0) and /zynq_ultra_ps_e_0/M_AXI_HPM0_LPD(16)
WARNING: [BD 41-237] Bus Interface property AWUSER_WIDTH does not match between /zynq_ultra_ps_e_0/S_AXI_HPC0_FPD(1) and /axi_smc/M00_AXI(0)
WARNING: [BD 41-237] Bus Interface property ARUSER_WIDTH does not match between /zynq_ultra_ps_e_0/S_AXI_HPC0_FPD(1) and /axi_smc/M00_AXI(0)
validate_bd_design: Time (s): cpu = 00:00:11 ; elapsed = 00:00:08 . Memory (MB): peak = 8806.547 ; gain = 0.000 ; free physical = 13968 ; free virtual = 25058
startgroup
set_property -dict [list CONFIG.c_s2mm_burst_size {256}] [get_bd_cells axi_dma_0]
endgroup
set_property -dict [list CONFIG.Performance_Options {Standard_FIFO} CONFIG.Input_Depth {4096} CONFIG.Output_Depth {4096} CONFIG.Data_Count_Width {12} CONFIG.Write_Data_Count_Width {12} CONFIG.Read_Data_Count_Width {12} CONFIG.Full_Threshold_Assert_Value {4092} CONFIG.Full_Threshold_Negate_Value {4090} CONFIG.Programmable_Empty_Type {No_Programmable_Empty_Threshold} CONFIG.Empty_Threshold_Assert_Value {8} CONFIG.Empty_Threshold_Negate_Value {9} CONFIG.enable_low_latency {true} CONFIG.use_dout_register {true}] [get_ips FIFO_10]
generate_target all [get_files  /home/rsaradhy/Work/trenz/vivado/project_1/project_1.srcs/sources_1/ip/FIFO_10/FIFO_10.xci]
INFO: [IP_Flow 19-1686] Generating 'Instantiation Template' target for IP 'FIFO_10'...
INFO: [IP_Flow 19-1686] Generating 'Synthesis' target for IP 'FIFO_10'...
INFO: [IP_Flow 19-1686] Generating 'Simulation' target for IP 'FIFO_10'...
INFO: [IP_Flow 19-1686] Generating 'Change Log' target for IP 'FIFO_10'...
catch { config_ip_cache -export [get_ips -all FIFO_10] }
export_ip_user_files -of_objects [get_files /home/rsaradhy/Work/trenz/vivado/project_1/project_1.srcs/sources_1/ip/FIFO_10/FIFO_10.xci] -no_script -sync -force -quiet
reset_run FIFO_10_synth_1
launch_runs -jobs 12 FIFO_10_synth_1
[Sat Sep 12 22:27:51 2020] Launched FIFO_10_synth_1...
Run output will be captured here: /home/rsaradhy/Work/trenz/vivado/project_1/project_1.runs/FIFO_10_synth_1/runme.log
export_simulation -of_objects [get_files /home/rsaradhy/Work/trenz/vivado/project_1/project_1.srcs/sources_1/ip/FIFO_10/FIFO_10.xci] -directory /home/rsaradhy/Work/trenz/vivado/project_1/project_1.ip_user_files/sim_scripts -ip_user_files_dir /home/rsaradhy/Work/trenz/vivado/project_1/project_1.ip_user_files -ipstatic_source_dir /home/rsaradhy/Work/trenz/vivado/project_1/project_1.ip_user_files/ipstatic -lib_map_path [list {modelsim=/home/rsaradhy/Work/trenz/vivado/project_1/project_1.cache/compile_simlib/modelsim} {questa=/home/rsaradhy/Work/trenz/vivado/project_1/project_1.cache/compile_simlib/questa} {ies=/home/rsaradhy/Work/trenz/vivado/project_1/project_1.cache/compile_simlib/ies} {xcelium=/home/rsaradhy/Work/trenz/vivado/project_1/project_1.cache/compile_simlib/xcelium} {vcs=/home/rsaradhy/Work/trenz/vivado/project_1/project_1.cache/compile_simlib/vcs} {riviera=/home/rsaradhy/Work/trenz/vivado/project_1/project_1.cache/compile_simlib/riviera}] -use_ip_compiled_libs -force -quiet
save_bd_design
Wrote  : </home/rsaradhy/Work/trenz/vivado/project_1/project_1.srcs/sources_1/bd/design_1/design_1.bd> 
Wrote  : </home/rsaradhy/Work/trenz/vivado/project_1/project_1.srcs/sources_1/bd/design_1/ui/bd_1f5defd0.ui> 
reset_run synth_1
reset_run design_1_axi_dma_0_0_synth_1
reset_run design_1_axi_smc_0_synth_1
reset_run design_1_data_transfer_0_0_synth_1
disconnect_bd_net /zynq_ultra_ps_e_0_pl_clk0 [get_bd_ports CLK]
WARNING: [IP_Flow 19-474] Invalid Parameter 'Component_Name'
startgroup
set_property -dict [list CONFIG.PSU__USE__S_AXI_GP0 {0} CONFIG.PSU__USE__S_AXI_GP1 {1} CONFIG.PSU__USE__S_AXI_GP5 {0}] [get_bd_cells zynq_ultra_ps_e_0]
WARNING: [BD 41-1684] Pin /zynq_ultra_ps_e_0/saxihpc0_fpd_aclk is now disabled. All connections to this pin have been removed. 
delete_bd_objs [get_bd_intf_nets axi_smc_M00_AXI]
endgroup
connect_bd_intf_net [get_bd_intf_pins axi_smc/M00_AXI] [get_bd_intf_pins zynq_ultra_ps_e_0/S_AXI_HPC1_FPD]
undo
INFO: [Common 17-17] undo 'connect_bd_intf_net [get_bd_intf_pins axi_smc/M00_AXI] [get_bd_intf_pins zynq_ultra_ps_e_0/S_AXI_HPC1_FPD]'
undo
INFO: [Common 17-17] undo 'endgroup'
INFO: [Common 17-17] undo 'delete_bd_objs [get_bd_intf_nets axi_smc_M00_AXI]'
INFO: [Common 17-17] undo 'set_property -dict [list CONFIG.PSU__USE__S_AXI_GP0 {0} CONFIG.PSU__USE__S_AXI_GP1 {1} CONFIG.PSU__USE__S_AXI_GP5 {0}] [get_bd_cells zynq_ultra_ps_e_0]'
WARNING: [BD 41-1731] Type mismatch between connected pins: /CLK_IN(clk) and /zynq_ultra_ps_e_0/saxihpc0_fpd_aclk(undef)
INFO: [Common 17-17] undo 'startgroup'
WARNING: [IP_Flow 19-474] Invalid Parameter 'Component_Name'
startgroup
set_property -dict [list CONFIG.PSU__USE__S_AXI_GP0 {0} CONFIG.PSU__USE__S_AXI_GP2 {1}] [get_bd_cells zynq_ultra_ps_e_0]
WARNING: [BD 41-1684] Pin /zynq_ultra_ps_e_0/saxihpc0_fpd_aclk is now disabled. All connections to this pin have been removed. 
delete_bd_objs [get_bd_intf_nets axi_smc_M00_AXI]
endgroup
connect_bd_intf_net [get_bd_intf_pins axi_smc/M00_AXI] [get_bd_intf_pins zynq_ultra_ps_e_0/S_AXI_HP0_FPD]
connect_bd_net [get_bd_ports CLK_IN] [get_bd_pins zynq_ultra_ps_e_0/saxihp0_fpd_aclk]
save_bd_design
Wrote  : </home/rsaradhy/Work/trenz/vivado/project_1/project_1.srcs/sources_1/bd/design_1/design_1.bd> 
Wrote  : </home/rsaradhy/Work/trenz/vivado/project_1/project_1.srcs/sources_1/bd/design_1/ui/bd_1f5defd0.ui> 
reset_run design_1_zynq_ultra_ps_e_0_0_synth_1
launch_runs impl_1 -to_step write_bitstream -jobs 12
CRITICAL WARNING: [BD 41-1356] Slave segment </zynq_ultra_ps_e_0/SAXIGP2/HP0_DDR_LOW> is not assigned into address space </axi_dma_0/Data_S2MM>. Please use Address Editor to either assign or exclude it.
CRITICAL WARNING: [BD 41-1356] Slave segment </zynq_ultra_ps_e_0/SAXIGP2/HP0_QSPI> is not assigned into address space </axi_dma_0/Data_S2MM>. Please use Address Editor to either assign or exclude it.
CRITICAL WARNING: [BD 41-1356] Slave segment </zynq_ultra_ps_e_0/SAXIGP2/HP0_LPS_OCM> is not assigned into address space </axi_dma_0/Data_S2MM>. Please use Address Editor to either assign or exclude it.
INFO: [Ipptcl 7-1463] No Compatible Board Interface found. Board Tab not created in customize GUI
WARNING: [xilinx.com:ip:smartconnect:1.0-1] design_1_axi_smc_0: Endpoint Slave READ_WRITE_MODE is WRITE_ONLY. To prevent illegal transaction from master to slave enable SUPPORTS_DECERR for S00_Entry through Advanced Properties.
CRITICAL WARNING: [BD 41-1356] Slave segment </zynq_ultra_ps_e_0/SAXIGP2/HP0_DDR_LOW> is not assigned into address space </axi_dma_0/Data_S2MM>. Please use Address Editor to either assign or exclude it.
CRITICAL WARNING: [BD 41-1356] Slave segment </zynq_ultra_ps_e_0/SAXIGP2/HP0_QSPI> is not assigned into address space </axi_dma_0/Data_S2MM>. Please use Address Editor to either assign or exclude it.
CRITICAL WARNING: [BD 41-1356] Slave segment </zynq_ultra_ps_e_0/SAXIGP2/HP0_LPS_OCM> is not assigned into address space </axi_dma_0/Data_S2MM>. Please use Address Editor to either assign or exclude it.
WARNING: [BD 41-237] Bus Interface property AWUSER_WIDTH does not match between /ps8_0_axi_periph/s00_couplers/auto_pc/S_AXI(0) and /zynq_ultra_ps_e_0/M_AXI_HPM0_LPD(16)
WARNING: [BD 41-237] Bus Interface property ARUSER_WIDTH does not match between /ps8_0_axi_periph/s00_couplers/auto_pc/S_AXI(0) and /zynq_ultra_ps_e_0/M_AXI_HPM0_LPD(16)
WARNING: [BD 41-237] Bus Interface property AWUSER_WIDTH does not match between /zynq_ultra_ps_e_0/S_AXI_HP0_FPD(1) and /axi_smc/M00_AXI(0)
WARNING: [BD 41-237] Bus Interface property ARUSER_WIDTH does not match between /zynq_ultra_ps_e_0/S_AXI_HP0_FPD(1) and /axi_smc/M00_AXI(0)
Wrote  : </home/rsaradhy/Work/trenz/vivado/project_1/project_1.srcs/sources_1/bd/design_1/design_1.bd> 
CRITICAL WARNING: [BD 41-1228] Width mismatch when connecting input pin '/data_transfer_0/TDATA'(64) to net 'TDATA_1'(256) - Only lower order bits will be connected, and other input bits of this pin will be left unconnected.
CRITICAL WARNING: [BD 41-1228] Width mismatch when connecting input pin '/data_transfer_0/TSTRB'(8) to net 'TSTRB_1'(32) - Only lower order bits will be connected, and other input bits of this pin will be left unconnected.
VHDL Output written to : /home/rsaradhy/Work/trenz/vivado/project_1/project_1.srcs/sources_1/bd/design_1/synth/design_1.v
CRITICAL WARNING: [BD 41-1228] Width mismatch when connecting input pin '/data_transfer_0/TDATA'(64) to net 'TDATA_1'(256) - Only lower order bits will be connected, and other input bits of this pin will be left unconnected.
CRITICAL WARNING: [BD 41-1228] Width mismatch when connecting input pin '/data_transfer_0/TSTRB'(8) to net 'TSTRB_1'(32) - Only lower order bits will be connected, and other input bits of this pin will be left unconnected.
VHDL Output written to : /home/rsaradhy/Work/trenz/vivado/project_1/project_1.srcs/sources_1/bd/design_1/sim/design_1.v
VHDL Output written to : /home/rsaradhy/Work/trenz/vivado/project_1/project_1.srcs/sources_1/bd/design_1/hdl/design_1_wrapper.v
INFO: [xilinx.com:ip:zynq_ultra_ps_e:3.3-0] design_1_zynq_ultra_ps_e_0_0: 
Changes in your design (including the PCW configuration settings) are not automatically exported from Vivado to Xilinx's SDK, Petalinux or Yocto.
This is by design to avoid disrupting existing embedded development efforts. To have any changes of your design taking effect in the embedded software flow please export your
design by going through Vivado's main menu, click on File, then Export finally select Export Hardware, please ensure you click on the Include BitStream option.
The auto-generated HDF file is all you need to import in Xilinx's SDK, Petalinux or Yocto for your changes to be reflected in the Embedded Software Flow.
For more information, please consult PG201, section: Exporting PCW Settings to Embedded Software Flows
INFO: [PSU-0] Address Range of DDR (0x7ff00000 to 0x7fffffff) is reserved by PMU for internal purpose.
WARNING: [IP_Flow 19-5611] Unable to find an associated reset port for the interface 'M_AXI_HPM0_LPD'. A default connection has been created.
WARNING: [IP_Flow 19-5611] Unable to find an associated reset port for the interface 'S_AXI_HP0_FPD'. A default connection has been created.
INFO: [BD 41-1029] Generation completed for the IP Integrator block zynq_ultra_ps_e_0 .
INFO: [BD 41-1029] Generation completed for the IP Integrator block axi_dma_0 .
INFO: [BD 41-1029] Generation completed for the IP Integrator block ps8_0_axi_periph/xbar .
INFO: [BD 41-1029] Generation completed for the IP Integrator block rst_ps8_0_100M .
WARNING: [IP_Flow 19-5611] Unable to find an associated reset port for the interface 'S00_AXI'. A default connection has been created.
WARNING: [IP_Flow 19-5611] Unable to find an associated reset port for the interface 'M00_AXI'. A default connection has been created.
Exporting to file /home/rsaradhy/Work/trenz/vivado/project_1/project_1.srcs/sources_1/bd/design_1/ip/design_1_axi_smc_0/bd_0/hw_handoff/design_1_axi_smc_0.hwh
Generated Block Design Tcl file /home/rsaradhy/Work/trenz/vivado/project_1/project_1.srcs/sources_1/bd/design_1/ip/design_1_axi_smc_0/bd_0/hw_handoff/design_1_axi_smc_0_bd.tcl
Generated Hardware Definition File /home/rsaradhy/Work/trenz/vivado/project_1/project_1.srcs/sources_1/bd/design_1/ip/design_1_axi_smc_0/bd_0/synth/design_1_axi_smc_0.hwdef
INFO: [BD 41-1029] Generation completed for the IP Integrator block axi_smc .
INFO: [BD 41-1029] Generation completed for the IP Integrator block axi_gpio_0 .
INFO: [BD 41-1029] Generation completed for the IP Integrator block data_transfer_0 .
WARNING: [IP_Flow 19-4994] Overwriting existing constraint file '/home/rsaradhy/Work/trenz/vivado/project_1/project_1.srcs/sources_1/bd/design_1/ip/design_1_auto_pc_0/design_1_auto_pc_0_ooc.xdc'
INFO: [BD 41-1029] Generation completed for the IP Integrator block ps8_0_axi_periph/s00_couplers/auto_pc .
Exporting to file /home/rsaradhy/Work/trenz/vivado/project_1/project_1.srcs/sources_1/bd/design_1/hw_handoff/design_1.hwh
Generated Block Design Tcl file /home/rsaradhy/Work/trenz/vivado/project_1/project_1.srcs/sources_1/bd/design_1/hw_handoff/design_1_bd.tcl
Generated Hardware Definition File /home/rsaradhy/Work/trenz/vivado/project_1/project_1.srcs/sources_1/bd/design_1/synth/design_1.hwdef
INFO: [IP_Flow 19-4993] Using cached IP synthesis design for IP design_1_auto_pc_0, cache-ID = 012ff6a7b60574a4; cache size = 524.156 MB.
INFO: [IP_Flow 19-5642] Done with IP cache export for multiple IPs
[Sat Sep 12 22:36:28 2020] Launched design_1_zynq_ultra_ps_e_0_0_synth_1, design_1_axi_dma_0_0_synth_1, design_1_axi_smc_0_synth_1, design_1_data_transfer_0_0_synth_1, synth_1...
Run output will be captured here:
design_1_zynq_ultra_ps_e_0_0_synth_1: /home/rsaradhy/Work/trenz/vivado/project_1/project_1.runs/design_1_zynq_ultra_ps_e_0_0_synth_1/runme.log
design_1_axi_dma_0_0_synth_1: /home/rsaradhy/Work/trenz/vivado/project_1/project_1.runs/design_1_axi_dma_0_0_synth_1/runme.log
design_1_axi_smc_0_synth_1: /home/rsaradhy/Work/trenz/vivado/project_1/project_1.runs/design_1_axi_smc_0_synth_1/runme.log
design_1_data_transfer_0_0_synth_1: /home/rsaradhy/Work/trenz/vivado/project_1/project_1.runs/design_1_data_transfer_0_0_synth_1/runme.log
synth_1: /home/rsaradhy/Work/trenz/vivado/project_1/project_1.runs/synth_1/runme.log
[Sat Sep 12 22:36:29 2020] Launched impl_1...
Run output will be captured here: /home/rsaradhy/Work/trenz/vivado/project_1/project_1.runs/impl_1/runme.log
launch_runs: Time (s): cpu = 00:00:47 ; elapsed = 00:00:37 . Memory (MB): peak = 8975.609 ; gain = 24.992 ; free physical = 13760 ; free virtual = 24828
reset_run synth_1
reset_run design_1_zynq_ultra_ps_e_0_0_synth_1
reset_run design_1_axi_dma_0_0_synth_1
reset_run design_1_axi_smc_0_synth_1
reset_run design_1_data_transfer_0_0_synth_1
regenerate_bd_layout -routing
validate_bd_design -force
CRITICAL WARNING: [BD 41-1356] Slave segment </zynq_ultra_ps_e_0/SAXIGP2/HP0_DDR_LOW> is not assigned into address space </axi_dma_0/Data_S2MM>. Please use Address Editor to either assign or exclude it.
CRITICAL WARNING: [BD 41-1356] Slave segment </zynq_ultra_ps_e_0/SAXIGP2/HP0_QSPI> is not assigned into address space </axi_dma_0/Data_S2MM>. Please use Address Editor to either assign or exclude it.
CRITICAL WARNING: [BD 41-1356] Slave segment </zynq_ultra_ps_e_0/SAXIGP2/HP0_LPS_OCM> is not assigned into address space </axi_dma_0/Data_S2MM>. Please use Address Editor to either assign or exclude it.
INFO: [Ipptcl 7-1463] No Compatible Board Interface found. Board Tab not created in customize GUI
WARNING: [xilinx.com:ip:smartconnect:1.0-1] design_1_axi_smc_0: Endpoint Slave READ_WRITE_MODE is WRITE_ONLY. To prevent illegal transaction from master to slave enable SUPPORTS_DECERR for S00_Entry through Advanced Properties.
WARNING: [BD 41-237] Bus Interface property AWUSER_WIDTH does not match between /ps8_0_axi_periph/s00_couplers/auto_pc/S_AXI(0) and /zynq_ultra_ps_e_0/M_AXI_HPM0_LPD(16)
WARNING: [BD 41-237] Bus Interface property ARUSER_WIDTH does not match between /ps8_0_axi_periph/s00_couplers/auto_pc/S_AXI(0) and /zynq_ultra_ps_e_0/M_AXI_HPM0_LPD(16)
WARNING: [BD 41-237] Bus Interface property AWUSER_WIDTH does not match between /zynq_ultra_ps_e_0/S_AXI_HP0_FPD(1) and /axi_smc/M00_AXI(0)
WARNING: [BD 41-237] Bus Interface property ARUSER_WIDTH does not match between /zynq_ultra_ps_e_0/S_AXI_HP0_FPD(1) and /axi_smc/M00_AXI(0)
validate_bd_design: Time (s): cpu = 00:00:11 ; elapsed = 00:00:08 . Memory (MB): peak = 8975.609 ; gain = 0.000 ; free physical = 13701 ; free virtual = 24768
assign_bd_address
Slave segment </zynq_ultra_ps_e_0/SAXIGP2/HP0_DDR_LOW> is being mapped into address space </axi_dma_0/Data_S2MM> at <0x0000_0000 [ 2G ]>
Slave segment </zynq_ultra_ps_e_0/SAXIGP2/HP0_QSPI> is being mapped into address space </axi_dma_0/Data_S2MM> at <0xC000_0000 [ 512M ]>
Slave segment </zynq_ultra_ps_e_0/SAXIGP2/HP0_LPS_OCM> is being mapped into address space </axi_dma_0/Data_S2MM> at <0xFF00_0000 [ 16M ]>
INFO: [BD 41-1051] The usage register of slave segment /zynq_ultra_ps_e_0/SAXIGP2/HP0_LPS_OCM does not match the usage memory of address space /axi_dma_0/Data_S2MM and will be excluded. Use the include_bd_addr_seg command to override this precaution and make the slave segment visible within this address space.
Excluding slave segment /zynq_ultra_ps_e_0/SAXIGP2/HP0_LPS_OCM from address space /axi_dma_0/Data_S2MM.
validate_bd_design
INFO: [Ipptcl 7-1463] No Compatible Board Interface found. Board Tab not created in customize GUI
WARNING: [xilinx.com:ip:smartconnect:1.0-1] design_1_axi_smc_0: Endpoint Slave READ_WRITE_MODE is WRITE_ONLY. To prevent illegal transaction from master to slave enable SUPPORTS_DECERR for S00_Entry through Advanced Properties.
WARNING: [BD 41-237] Bus Interface property AWUSER_WIDTH does not match between /ps8_0_axi_periph/s00_couplers/auto_pc/S_AXI(0) and /zynq_ultra_ps_e_0/M_AXI_HPM0_LPD(16)
WARNING: [BD 41-237] Bus Interface property ARUSER_WIDTH does not match between /ps8_0_axi_periph/s00_couplers/auto_pc/S_AXI(0) and /zynq_ultra_ps_e_0/M_AXI_HPM0_LPD(16)
WARNING: [BD 41-237] Bus Interface property AWUSER_WIDTH does not match between /zynq_ultra_ps_e_0/S_AXI_HP0_FPD(1) and /axi_smc/M00_AXI(0)
WARNING: [BD 41-237] Bus Interface property ARUSER_WIDTH does not match between /zynq_ultra_ps_e_0/S_AXI_HP0_FPD(1) and /axi_smc/M00_AXI(0)
validate_bd_design: Time (s): cpu = 00:00:07 ; elapsed = 00:00:06 . Memory (MB): peak = 9004.621 ; gain = 0.000 ; free physical = 13708 ; free virtual = 24782
save_bd_design
Wrote  : </home/rsaradhy/Work/trenz/vivado/project_1/project_1.srcs/sources_1/bd/design_1/design_1.bd> 
Wrote  : </home/rsaradhy/Work/trenz/vivado/project_1/project_1.srcs/sources_1/bd/design_1/ui/bd_1f5defd0.ui> 
launch_runs impl_1 -to_step write_bitstream -jobs 12
INFO: [BD 41-1662] The design 'design_1.bd' is already validated. Therefore parameter propagation will not be re-run.
CRITICAL WARNING: [BD 41-1228] Width mismatch when connecting input pin '/data_transfer_0/TDATA'(64) to net 'TDATA_1'(256) - Only lower order bits will be connected, and other input bits of this pin will be left unconnected.
CRITICAL WARNING: [BD 41-1228] Width mismatch when connecting input pin '/data_transfer_0/TSTRB'(8) to net 'TSTRB_1'(32) - Only lower order bits will be connected, and other input bits of this pin will be left unconnected.
VHDL Output written to : /home/rsaradhy/Work/trenz/vivado/project_1/project_1.srcs/sources_1/bd/design_1/synth/design_1.v
CRITICAL WARNING: [BD 41-1228] Width mismatch when connecting input pin '/data_transfer_0/TDATA'(64) to net 'TDATA_1'(256) - Only lower order bits will be connected, and other input bits of this pin will be left unconnected.
CRITICAL WARNING: [BD 41-1228] Width mismatch when connecting input pin '/data_transfer_0/TSTRB'(8) to net 'TSTRB_1'(32) - Only lower order bits will be connected, and other input bits of this pin will be left unconnected.
VHDL Output written to : /home/rsaradhy/Work/trenz/vivado/project_1/project_1.srcs/sources_1/bd/design_1/sim/design_1.v
VHDL Output written to : /home/rsaradhy/Work/trenz/vivado/project_1/project_1.srcs/sources_1/bd/design_1/hdl/design_1_wrapper.v
INFO: [BD 41-1029] Generation completed for the IP Integrator block zynq_ultra_ps_e_0 .
INFO: [BD 41-1029] Generation completed for the IP Integrator block axi_dma_0 .
INFO: [BD 41-1029] Generation completed for the IP Integrator block ps8_0_axi_periph/xbar .
INFO: [BD 41-1029] Generation completed for the IP Integrator block rst_ps8_0_100M .
Exporting to file /home/rsaradhy/Work/trenz/vivado/project_1/project_1.srcs/sources_1/bd/design_1/ip/design_1_axi_smc_0/bd_0/hw_handoff/design_1_axi_smc_0.hwh
Generated Block Design Tcl file /home/rsaradhy/Work/trenz/vivado/project_1/project_1.srcs/sources_1/bd/design_1/ip/design_1_axi_smc_0/bd_0/hw_handoff/design_1_axi_smc_0_bd.tcl
Generated Hardware Definition File /home/rsaradhy/Work/trenz/vivado/project_1/project_1.srcs/sources_1/bd/design_1/ip/design_1_axi_smc_0/bd_0/synth/design_1_axi_smc_0.hwdef
INFO: [BD 41-1029] Generation completed for the IP Integrator block axi_smc .
INFO: [BD 41-1029] Generation completed for the IP Integrator block axi_gpio_0 .
INFO: [BD 41-1029] Generation completed for the IP Integrator block data_transfer_0 .
WARNING: [IP_Flow 19-4994] Overwriting existing constraint file '/home/rsaradhy/Work/trenz/vivado/project_1/project_1.srcs/sources_1/bd/design_1/ip/design_1_auto_pc_0/design_1_auto_pc_0_ooc.xdc'
INFO: [BD 41-1029] Generation completed for the IP Integrator block ps8_0_axi_periph/s00_couplers/auto_pc .
Exporting to file /home/rsaradhy/Work/trenz/vivado/project_1/project_1.srcs/sources_1/bd/design_1/hw_handoff/design_1.hwh
Generated Block Design Tcl file /home/rsaradhy/Work/trenz/vivado/project_1/project_1.srcs/sources_1/bd/design_1/hw_handoff/design_1_bd.tcl
Generated Hardware Definition File /home/rsaradhy/Work/trenz/vivado/project_1/project_1.srcs/sources_1/bd/design_1/synth/design_1.hwdef
INFO: [IP_Flow 19-4993] Using cached IP synthesis design for IP design_1_auto_pc_0, cache-ID = 012ff6a7b60574a4; cache size = 524.156 MB.
INFO: [IP_Flow 19-5642] Done with IP cache export for multiple IPs
[Sat Sep 12 22:38:05 2020] Launched design_1_zynq_ultra_ps_e_0_0_synth_1, design_1_axi_dma_0_0_synth_1, design_1_axi_smc_0_synth_1, design_1_data_transfer_0_0_synth_1, synth_1...
Run output will be captured here:
design_1_zynq_ultra_ps_e_0_0_synth_1: /home/rsaradhy/Work/trenz/vivado/project_1/project_1.runs/design_1_zynq_ultra_ps_e_0_0_synth_1/runme.log
design_1_axi_dma_0_0_synth_1: /home/rsaradhy/Work/trenz/vivado/project_1/project_1.runs/design_1_axi_dma_0_0_synth_1/runme.log
design_1_axi_smc_0_synth_1: /home/rsaradhy/Work/trenz/vivado/project_1/project_1.runs/design_1_axi_smc_0_synth_1/runme.log
design_1_data_transfer_0_0_synth_1: /home/rsaradhy/Work/trenz/vivado/project_1/project_1.runs/design_1_data_transfer_0_0_synth_1/runme.log
synth_1: /home/rsaradhy/Work/trenz/vivado/project_1/project_1.runs/synth_1/runme.log
[Sat Sep 12 22:38:05 2020] Launched impl_1...
Run output will be captured here: /home/rsaradhy/Work/trenz/vivado/project_1/project_1.runs/impl_1/runme.log
launch_runs: Time (s): cpu = 00:00:10 ; elapsed = 00:00:08 . Memory (MB): peak = 9087.660 ; gain = 83.039 ; free physical = 13672 ; free virtual = 24767
reset_run synth_1
reset_run design_1_zynq_ultra_ps_e_0_0_synth_1
reset_run design_1_axi_dma_0_0_synth_1
reset_run design_1_axi_smc_0_synth_1
reset_run design_1_data_transfer_0_0_synth_1
delete_bd_objs [get_bd_nets TDATA_1] [get_bd_ports TDATA]
delete_bd_objs [get_bd_nets TSTRB_1] [get_bd_ports TSTRB]
startgroup
create_bd_port -dir I -from 7 -to 0 -type data TSTRB
connect_bd_net [get_bd_pins /data_transfer_0/TSTRB] [get_bd_ports TSTRB]
endgroup
startgroup
create_bd_port -dir I -from 63 -to 0 -type data TDATA
connect_bd_net [get_bd_pins /data_transfer_0/TDATA] [get_bd_ports TDATA]
endgroup
save_bd_design
Wrote  : </home/rsaradhy/Work/trenz/vivado/project_1/project_1.srcs/sources_1/bd/design_1/design_1.bd> 
Wrote  : </home/rsaradhy/Work/trenz/vivado/project_1/project_1.srcs/sources_1/bd/design_1/ui/bd_1f5defd0.ui> 
launch_runs impl_1 -to_step write_bitstream -jobs 12
INFO: [Ipptcl 7-1463] No Compatible Board Interface found. Board Tab not created in customize GUI
WARNING: [xilinx.com:ip:smartconnect:1.0-1] design_1_axi_smc_0: Endpoint Slave READ_WRITE_MODE is WRITE_ONLY. To prevent illegal transaction from master to slave enable SUPPORTS_DECERR for S00_Entry through Advanced Properties.
WARNING: [BD 41-237] Bus Interface property AWUSER_WIDTH does not match between /ps8_0_axi_periph/s00_couplers/auto_pc/S_AXI(0) and /zynq_ultra_ps_e_0/M_AXI_HPM0_LPD(16)
WARNING: [BD 41-237] Bus Interface property ARUSER_WIDTH does not match between /ps8_0_axi_periph/s00_couplers/auto_pc/S_AXI(0) and /zynq_ultra_ps_e_0/M_AXI_HPM0_LPD(16)
WARNING: [BD 41-237] Bus Interface property AWUSER_WIDTH does not match between /zynq_ultra_ps_e_0/S_AXI_HP0_FPD(1) and /axi_smc/M00_AXI(0)
WARNING: [BD 41-237] Bus Interface property ARUSER_WIDTH does not match between /zynq_ultra_ps_e_0/S_AXI_HP0_FPD(1) and /axi_smc/M00_AXI(0)
Wrote  : </home/rsaradhy/Work/trenz/vivado/project_1/project_1.srcs/sources_1/bd/design_1/design_1.bd> 
VHDL Output written to : /home/rsaradhy/Work/trenz/vivado/project_1/project_1.srcs/sources_1/bd/design_1/synth/design_1.v
VHDL Output written to : /home/rsaradhy/Work/trenz/vivado/project_1/project_1.srcs/sources_1/bd/design_1/sim/design_1.v
VHDL Output written to : /home/rsaradhy/Work/trenz/vivado/project_1/project_1.srcs/sources_1/bd/design_1/hdl/design_1_wrapper.v
INFO: [BD 41-1029] Generation completed for the IP Integrator block zynq_ultra_ps_e_0 .
INFO: [BD 41-1029] Generation completed for the IP Integrator block axi_dma_0 .
INFO: [BD 41-1029] Generation completed for the IP Integrator block ps8_0_axi_periph/xbar .
INFO: [BD 41-1029] Generation completed for the IP Integrator block rst_ps8_0_100M .
Exporting to file /home/rsaradhy/Work/trenz/vivado/project_1/project_1.srcs/sources_1/bd/design_1/ip/design_1_axi_smc_0/bd_0/hw_handoff/design_1_axi_smc_0.hwh
Generated Block Design Tcl file /home/rsaradhy/Work/trenz/vivado/project_1/project_1.srcs/sources_1/bd/design_1/ip/design_1_axi_smc_0/bd_0/hw_handoff/design_1_axi_smc_0_bd.tcl
Generated Hardware Definition File /home/rsaradhy/Work/trenz/vivado/project_1/project_1.srcs/sources_1/bd/design_1/ip/design_1_axi_smc_0/bd_0/synth/design_1_axi_smc_0.hwdef
INFO: [BD 41-1029] Generation completed for the IP Integrator block axi_smc .
INFO: [BD 41-1029] Generation completed for the IP Integrator block axi_gpio_0 .
INFO: [BD 41-1029] Generation completed for the IP Integrator block data_transfer_0 .
WARNING: [IP_Flow 19-4994] Overwriting existing constraint file '/home/rsaradhy/Work/trenz/vivado/project_1/project_1.srcs/sources_1/bd/design_1/ip/design_1_auto_pc_0/design_1_auto_pc_0_ooc.xdc'
INFO: [BD 41-1029] Generation completed for the IP Integrator block ps8_0_axi_periph/s00_couplers/auto_pc .
Exporting to file /home/rsaradhy/Work/trenz/vivado/project_1/project_1.srcs/sources_1/bd/design_1/hw_handoff/design_1.hwh
Generated Block Design Tcl file /home/rsaradhy/Work/trenz/vivado/project_1/project_1.srcs/sources_1/bd/design_1/hw_handoff/design_1_bd.tcl
Generated Hardware Definition File /home/rsaradhy/Work/trenz/vivado/project_1/project_1.srcs/sources_1/bd/design_1/synth/design_1.hwdef
INFO: [IP_Flow 19-4993] Using cached IP synthesis design for IP design_1_auto_pc_0, cache-ID = 012ff6a7b60574a4; cache size = 524.156 MB.
INFO: [IP_Flow 19-5642] Done with IP cache export for multiple IPs
[Sat Sep 12 22:39:44 2020] Launched design_1_zynq_ultra_ps_e_0_0_synth_1, design_1_axi_dma_0_0_synth_1, design_1_axi_smc_0_synth_1, design_1_data_transfer_0_0_synth_1, synth_1...
Run output will be captured here:
design_1_zynq_ultra_ps_e_0_0_synth_1: /home/rsaradhy/Work/trenz/vivado/project_1/project_1.runs/design_1_zynq_ultra_ps_e_0_0_synth_1/runme.log
design_1_axi_dma_0_0_synth_1: /home/rsaradhy/Work/trenz/vivado/project_1/project_1.runs/design_1_axi_dma_0_0_synth_1/runme.log
design_1_axi_smc_0_synth_1: /home/rsaradhy/Work/trenz/vivado/project_1/project_1.runs/design_1_axi_smc_0_synth_1/runme.log
design_1_data_transfer_0_0_synth_1: /home/rsaradhy/Work/trenz/vivado/project_1/project_1.runs/design_1_data_transfer_0_0_synth_1/runme.log
synth_1: /home/rsaradhy/Work/trenz/vivado/project_1/project_1.runs/synth_1/runme.log
[Sat Sep 12 22:39:44 2020] Launched impl_1...
Run output will be captured here: /home/rsaradhy/Work/trenz/vivado/project_1/project_1.runs/impl_1/runme.log
launch_runs: Time (s): cpu = 00:00:15 ; elapsed = 00:00:13 . Memory (MB): peak = 9087.660 ; gain = 0.000 ; free physical = 13391 ; free virtual = 24489
ERROR: [Vivado 12-106] *** Exception: java.lang.IllegalArgumentException: Width (0) and height (0) cannot be <= 0 (See /home/rsaradhy/Work/trenz/vivado/project_1/vivado_pid28139.debug)
ERROR: [Vivado 12-106] *** Exception: java.lang.IllegalArgumentException: Width (0) and height (0) cannot be <= 0 (See /home/rsaradhy/Work/trenz/vivado/project_1/vivado_pid28139.debug)
reset_run synth_1
reset_run design_1_axi_dma_0_0_synth_1
exit
INFO: [Common 17-206] Exiting Vivado at Sat Sep 12 22:42:15 2020...
