#-----------------------------------------------------------
# Vivado v2019.2 (64-bit)
# SW Build 2708876 on Wed Nov  6 21:39:14 MST 2019
# IP Build 2700528 on Thu Nov  7 00:09:20 MST 2019
# Start of session at: Sun Aug 16 13:44:09 2020
# Process ID: 22169
# Current directory: /home/rsaradhy/Work/trenz/vivado/project_1
# Command line: vivado project_1.xpr
# Log file: /home/rsaradhy/Work/trenz/vivado/project_1/vivado.log
# Journal file: /home/rsaradhy/Work/trenz/vivado/project_1/vivado.jou
#-----------------------------------------------------------
start_gui
open_project project_1.xpr
Scanning sources...
Finished scanning sources
INFO: [IP_Flow 19-234] Refreshing IP repositories
INFO: [IP_Flow 19-1700] Loaded user IP repository '/home/rsaradhy/Work/trenz/vivado/ip_repo/AXIS_distributor_1.0'.
INFO: [IP_Flow 19-1700] Loaded user IP repository '/home/rsaradhy/Work/trenz/mycores/ip_repo'.
INFO: [IP_Flow 19-2313] Loaded Vivado IP repository '/home/rsaradhy/Software/Xilinx/Vivado/2019.2/data/ip'.
open_project: Time (s): cpu = 00:00:16 ; elapsed = 00:00:10 . Memory (MB): peak = 6654.723 ; gain = 196.133 ; free physical = 11489 ; free virtual = 29083
update_compile_order -fileset sources_1
open_bd_design {/home/rsaradhy/Work/trenz/vivado/project_1/project_1.srcs/sources_1/bd/design_1/design_1.bd}
CRITICAL WARNING: [BD 41-1287] Associated interface by name SEND2MMAP_AXIS not found for clock port /CLK
CRITICAL WARNING: [BD 41-1287] Associated interface by name S_AXIS_S2MM_0 not found for clock port /CLK
Adding component instance block -- xilinx.com:ip:zynq_ultra_ps_e:3.3 - zynq_ultra_ps_e_0
Adding component instance block -- xilinx.com:ip:axi_dma:7.1 - axi_dma_0
Adding component instance block -- xilinx.com:ip:axi_interconnect:2.1 - ps8_0_axi_periph
Adding component instance block -- xilinx.com:ip:axi_crossbar:2.1 - xbar
Adding component instance block -- xilinx.com:ip:axi_protocol_converter:2.1 - auto_pc
Adding component instance block -- xilinx.com:ip:proc_sys_reset:5.0 - rst_ps8_0_100M
Adding component instance block -- xilinx.com:ip:smartconnect:1.0 - axi_smc
Adding component instance block -- xilinx.com:ip:axi_gpio:2.0 - axi_gpio_0
Adding component instance block -- user.org:user:data_transfer:1.0 - data_transfer_0
Excluding slave segment /zynq_ultra_ps_e_0/SAXIGP2/HP0_LPS_OCM from address space /axi_dma_0/Data_S2MM.
Successfully read diagram <design_1> from BD file </home/rsaradhy/Work/trenz/vivado/project_1/project_1.srcs/sources_1/bd/design_1/design_1.bd>
ipx::edit_ip_in_project -upgrade true -name data_transfer_v1_0_project -directory /home/rsaradhy/Work/trenz/vivado/project_1/project_1.tmp/data_transfer_v1_0_project /home/rsaradhy/Work/trenz/mycores/ip_repo/data_transfer_1.0/component.xml
INFO: [IP_Flow 19-234] Refreshing IP repositories
INFO: [IP_Flow 19-1704] No user IP repositories specified
INFO: [IP_Flow 19-2313] Loaded Vivado IP repository '/home/rsaradhy/Software/Xilinx/Vivado/2019.2/data/ip'.
INFO: [IP_Flow 19-234] Refreshing IP repositories
INFO: [IP_Flow 19-1700] Loaded user IP repository '/home/rsaradhy/Work/trenz/vivado/ip_repo/AXIS_distributor_1.0'.
INFO: [IP_Flow 19-1700] Loaded user IP repository '/home/rsaradhy/Work/trenz/mycores/ip_repo'.
INFO: [IP_Flow 19-795] Syncing license key meta-data
WARNING: [filemgmt 56-99] Vivado Synthesis ignores library specification for Verilog or SystemVerilog files. [/home/rsaradhy/Work/trenz/mycores/ip_repo/data_transfer_1.0/hdl/data_transfer_v1_0_M_AXIS.v:]
WARNING: [filemgmt 56-99] Vivado Synthesis ignores library specification for Verilog or SystemVerilog files. [/home/rsaradhy/Work/trenz/mycores/ip_repo/data_transfer_1.0/hdl/data_transfer_v1_0.v:]
update_compile_order -fileset sources_1
close_project
