#-----------------------------------------------------------
# Vivado v2019.2 (64-bit)
# SW Build 2708876 on Wed Nov  6 21:39:14 MST 2019
# IP Build 2700528 on Thu Nov  7 00:09:20 MST 2019
# Start of session at: Fri Sep  4 06:28:09 2020
# Process ID: 19310
# Current directory: /home/rsaradhy/Work/trenz/vivado/project_1
# Command line: vivado project_1.xpr
# Log file: /home/rsaradhy/Work/trenz/vivado/project_1/vivado.log
# Journal file: /home/rsaradhy/Work/trenz/vivado/project_1/vivado.jou
#-----------------------------------------------------------
start_gui
open_project project_1.xpr
Scanning sources...
Finished scanning sources
INFO: [IP_Flow 19-234] Refreshing IP repositories
INFO: [IP_Flow 19-1700] Loaded user IP repository '/home/rsaradhy/Work/trenz/vivado/ip_repo/AXIS_distributor_1.0'.
INFO: [IP_Flow 19-1700] Loaded user IP repository '/home/rsaradhy/Work/trenz/mycores/ip_repo'.
INFO: [IP_Flow 19-2313] Loaded Vivado IP repository '/home/rsaradhy/Software/Xilinx/Vivado/2019.2/data/ip'.
open_project: Time (s): cpu = 00:00:18 ; elapsed = 00:00:10 . Memory (MB): peak = 6682.016 ; gain = 204.016 ; free physical = 15849 ; free virtual = 23177
reset_run synth_1
launch_runs impl_1 -to_step write_bitstream -jobs 12
[Fri Sep  4 06:30:04 2020] Launched synth_1...
Run output will be captured here: /home/rsaradhy/Work/trenz/vivado/project_1/project_1.runs/synth_1/runme.log
[Fri Sep  4 06:30:04 2020] Launched impl_1...
Run output will be captured here: /home/rsaradhy/Work/trenz/vivado/project_1/project_1.runs/impl_1/runme.log
open_bd_design {/home/rsaradhy/Work/trenz/vivado/project_1/project_1.srcs/sources_1/bd/design_1/design_1.bd}
Adding component instance block -- xilinx.com:ip:zynq_ultra_ps_e:3.3 - zynq_ultra_ps_e_0
Adding component instance block -- xilinx.com:ip:axi_dma:7.1 - axi_dma_0
Adding component instance block -- xilinx.com:ip:axi_interconnect:2.1 - ps8_0_axi_periph
Adding component instance block -- xilinx.com:ip:axi_crossbar:2.1 - xbar
Adding component instance block -- xilinx.com:ip:axi_protocol_converter:2.1 - auto_pc
Adding component instance block -- xilinx.com:ip:proc_sys_reset:5.0 - rst_ps8_0_100M
Adding component instance block -- xilinx.com:ip:smartconnect:1.0 - axi_smc
Adding component instance block -- xilinx.com:ip:axi_gpio:2.0 - axi_gpio_0
Adding component instance block -- user.org:user:data_transfer:1.0 - data_transfer_0
Excluding slave segment /zynq_ultra_ps_e_0/SAXIGP0/HPC0_LPS_OCM from address space /axi_dma_0/Data_S2MM.
Successfully read diagram <design_1> from BD file </home/rsaradhy/Work/trenz/vivado/project_1/project_1.srcs/sources_1/bd/design_1/design_1.bd>
startgroup
set_property -dict [list CONFIG.c_include_mm2s {1}] [get_bd_cells axi_dma_0]
endgroup
save_bd_design
Wrote  : </home/rsaradhy/Work/trenz/vivado/project_1/project_1.srcs/sources_1/bd/design_1/design_1.bd> 
Wrote  : </home/rsaradhy/Work/trenz/vivado/project_1/project_1.srcs/sources_1/bd/design_1/ui/bd_1f5defd0.ui> 
reset_run synth_1
reset_run design_1_axi_dma_0_0_synth_1
launch_runs impl_1 -to_step write_bitstream -jobs 12
ERROR: [BD 41-758] The following clock pins are not connected to a valid clock source: 
/axi_dma_0/m_axi_mm2s_aclk

ERROR: [BD 41-1031] Hdl Generation failed for the IP Integrator design /home/rsaradhy/Work/trenz/vivado/project_1/project_1.srcs/sources_1/bd/design_1/design_1.bd 
ERROR: [Vivado 12-4756] Launch of runs aborted due to earlier errors while preparing sub-designs for run execution.
apply_bd_automation -rule xilinx.com:bd_rule:axi4 -config { Clk_master {Auto} Clk_slave {/CLK_IN (160 MHz)} Clk_xbar {/CLK_IN (160 MHz)} Master {/axi_dma_0/M_AXI_MM2S} Slave {/zynq_ultra_ps_e_0/S_AXI_HPC0_FPD} ddr_seg {Auto} intc_ip {/axi_smc} master_apm {0}}  [get_bd_intf_pins axi_dma_0/M_AXI_MM2S]
Slave segment </zynq_ultra_ps_e_0/SAXIGP0/HPC0_DDR_LOW> is being mapped into address space </axi_dma_0/Data_MM2S> at <0x0000_0000 [ 2G ]>
Slave segment </zynq_ultra_ps_e_0/SAXIGP0/HPC0_QSPI> is being mapped into address space </axi_dma_0/Data_MM2S> at <0xC000_0000 [ 512M ]>
Slave segment </zynq_ultra_ps_e_0/SAXIGP0/HPC0_LPS_OCM> is being mapped into address space </axi_dma_0/Data_MM2S> at <0xFF00_0000 [ 16M ]>
INFO: [BD 41-1051] The usage register of slave segment /zynq_ultra_ps_e_0/SAXIGP0/HPC0_LPS_OCM does not match the usage memory of address space /axi_dma_0/Data_MM2S and will be excluded. Use the include_bd_addr_seg command to override this precaution and make the slave segment visible within this address space.
Excluding slave segment /zynq_ultra_ps_e_0/SAXIGP0/HPC0_LPS_OCM from address space /axi_dma_0/Data_MM2S.
undo
INFO: [Common 17-17] undo 'apply_bd_automation -rule xilinx.com:bd_rule:axi4 -config { Clk_master {Auto} Clk_slave {/CLK_IN (160 MHz)} Clk_xbar {/CLK_IN (160 MHz)} Master {/axi_dma_0/M_AXI_MM2S} Slave {/zynq_ultra_ps_e_0/S_AXI_HPC0_FPD} ddr_seg {Auto} intc_ip {/axi_smc} master_apm {0}}  [get_bd_intf_pins axi_dma_0/M_AXI_MM2S]'
Including slave segment </zynq_ultra_ps_e_0/SAXIGP0/HPC0_LPS_OCM> into address space </axi_dma_0/Data_MM2S>.
apply_bd_automation -rule xilinx.com:bd_rule:axi4 -config { Clk_master {Auto} Clk_slave {/CLK_IN (160 MHz)} Clk_xbar {/CLK_IN (160 MHz)} Master {/axi_dma_0/M_AXI_MM2S} Slave {/zynq_ultra_ps_e_0/S_AXI_HPC0_FPD} ddr_seg {Auto} intc_ip {/axi_smc} master_apm {0}}  [get_bd_intf_pins axi_dma_0/M_AXI_MM2S]
Slave segment </zynq_ultra_ps_e_0/SAXIGP0/HPC0_DDR_LOW> is being mapped into address space </axi_dma_0/Data_MM2S> at <0x0000_0000 [ 2G ]>
Slave segment </zynq_ultra_ps_e_0/SAXIGP0/HPC0_QSPI> is being mapped into address space </axi_dma_0/Data_MM2S> at <0xC000_0000 [ 512M ]>
Slave segment </zynq_ultra_ps_e_0/SAXIGP0/HPC0_LPS_OCM> is being mapped into address space </axi_dma_0/Data_MM2S> at <0xFF00_0000 [ 16M ]>
INFO: [BD 41-1051] The usage register of slave segment /zynq_ultra_ps_e_0/SAXIGP0/HPC0_LPS_OCM does not match the usage memory of address space /axi_dma_0/Data_MM2S and will be excluded. Use the include_bd_addr_seg command to override this precaution and make the slave segment visible within this address space.
Excluding slave segment /zynq_ultra_ps_e_0/SAXIGP0/HPC0_LPS_OCM from address space /axi_dma_0/Data_MM2S.
save_bd_design
Wrote  : </home/rsaradhy/Work/trenz/vivado/project_1/project_1.srcs/sources_1/bd/design_1/design_1.bd> 
Wrote  : </home/rsaradhy/Work/trenz/vivado/project_1/project_1.srcs/sources_1/bd/design_1/ui/bd_1f5defd0.ui> 
reset_run design_1_axi_smc_0_synth_1
launch_runs impl_1 -to_step write_bitstream -jobs 12
WARNING: [BD 41-702] Propagation TCL tries to overwrite USER strength parameter C_M_AXI_S2MM_DATA_WIDTH(128) on '/axi_dma_0' with propagated value(64). Command ignored
WARNING: [BD 41-702] Propagation TCL tries to overwrite USER strength parameter C_M_AXI_S2MM_DATA_WIDTH(128) on '/axi_dma_0' with propagated value(64). Command ignored
WARNING: [BD 41-702] Propagation TCL tries to overwrite USER strength parameter C_M_AXI_S2MM_DATA_WIDTH(128) on '/axi_dma_0' with propagated value(64). Command ignored
WARNING: [BD 41-702] Propagation TCL tries to overwrite USER strength parameter C_M_AXI_S2MM_DATA_WIDTH(128) on '/axi_dma_0' with propagated value(64). Command ignored
WARNING: [BD 41-702] Propagation TCL tries to overwrite USER strength parameter C_M_AXI_S2MM_DATA_WIDTH(128) on '/axi_dma_0' with propagated value(64). Command ignored
WARNING: [BD 41-702] Propagation TCL tries to overwrite USER strength parameter C_M_AXI_S2MM_DATA_WIDTH(128) on '/axi_dma_0' with propagated value(64). Command ignored
WARNING: [BD 41-702] Propagation TCL tries to overwrite USER strength parameter C_M_AXI_S2MM_DATA_WIDTH(128) on '/axi_dma_0' with propagated value(64). Command ignored
INFO: [Ipptcl 7-1463] No Compatible Board Interface found. Board Tab not created in customize GUI
WARNING: [BD 41-702] Propagation TCL tries to overwrite USER strength parameter C_M_AXI_S2MM_DATA_WIDTH(128) on '/axi_dma_0' with propagated value(64). Command ignored
WARNING: [BD 41-702] Propagation TCL tries to overwrite USER strength parameter C_M_AXI_S2MM_DATA_WIDTH(128) on '/axi_dma_0' with propagated value(64). Command ignored
WARNING: [BD 41-237] Bus Interface property AWUSER_WIDTH does not match between /ps8_0_axi_periph/s00_couplers/auto_pc/S_AXI(0) and /zynq_ultra_ps_e_0/M_AXI_HPM0_LPD(16)
WARNING: [BD 41-237] Bus Interface property ARUSER_WIDTH does not match between /ps8_0_axi_periph/s00_couplers/auto_pc/S_AXI(0) and /zynq_ultra_ps_e_0/M_AXI_HPM0_LPD(16)
WARNING: [BD 41-237] Bus Interface property AWUSER_WIDTH does not match between /zynq_ultra_ps_e_0/S_AXI_HPC0_FPD(1) and /axi_smc/M00_AXI(0)
WARNING: [BD 41-237] Bus Interface property ARUSER_WIDTH does not match between /zynq_ultra_ps_e_0/S_AXI_HPC0_FPD(1) and /axi_smc/M00_AXI(0)
Wrote  : </home/rsaradhy/Work/trenz/vivado/project_1/project_1.srcs/sources_1/bd/design_1/design_1.bd> 
VHDL Output written to : /home/rsaradhy/Work/trenz/vivado/project_1/project_1.srcs/sources_1/bd/design_1/synth/design_1.v
VHDL Output written to : /home/rsaradhy/Work/trenz/vivado/project_1/project_1.srcs/sources_1/bd/design_1/sim/design_1.v
VHDL Output written to : /home/rsaradhy/Work/trenz/vivado/project_1/project_1.srcs/sources_1/bd/design_1/hdl/design_1_wrapper.v
INFO: [BD 41-1029] Generation completed for the IP Integrator block zynq_ultra_ps_e_0 .
INFO: [BD 41-1029] Generation completed for the IP Integrator block axi_dma_0 .
INFO: [BD 41-1029] Generation completed for the IP Integrator block ps8_0_axi_periph/xbar .
INFO: [BD 41-1029] Generation completed for the IP Integrator block rst_ps8_0_100M .
WARNING: [IP_Flow 19-5611] Unable to find an associated reset port for the interface 'S00_AXI'. A default connection has been created.
WARNING: [IP_Flow 19-5611] Unable to find an associated reset port for the interface 'S01_AXI'. A default connection has been created.
WARNING: [IP_Flow 19-5611] Unable to find an associated reset port for the interface 'M00_AXI'. A default connection has been created.
Exporting to file /home/rsaradhy/Work/trenz/vivado/project_1/project_1.srcs/sources_1/bd/design_1/ip/design_1_axi_smc_0/bd_0/hw_handoff/design_1_axi_smc_0.hwh
Generated Block Design Tcl file /home/rsaradhy/Work/trenz/vivado/project_1/project_1.srcs/sources_1/bd/design_1/ip/design_1_axi_smc_0/bd_0/hw_handoff/design_1_axi_smc_0_bd.tcl
Generated Hardware Definition File /home/rsaradhy/Work/trenz/vivado/project_1/project_1.srcs/sources_1/bd/design_1/ip/design_1_axi_smc_0/bd_0/synth/design_1_axi_smc_0.hwdef
INFO: [BD 41-1029] Generation completed for the IP Integrator block axi_smc .
INFO: [BD 41-1029] Generation completed for the IP Integrator block axi_gpio_0 .
INFO: [BD 41-1029] Generation completed for the IP Integrator block data_transfer_0 .
WARNING: [IP_Flow 19-4994] Overwriting existing constraint file '/home/rsaradhy/Work/trenz/vivado/project_1/project_1.srcs/sources_1/bd/design_1/ip/design_1_auto_pc_0/design_1_auto_pc_0_ooc.xdc'
INFO: [BD 41-1029] Generation completed for the IP Integrator block ps8_0_axi_periph/s00_couplers/auto_pc .
Exporting to file /home/rsaradhy/Work/trenz/vivado/project_1/project_1.srcs/sources_1/bd/design_1/hw_handoff/design_1.hwh
Generated Block Design Tcl file /home/rsaradhy/Work/trenz/vivado/project_1/project_1.srcs/sources_1/bd/design_1/hw_handoff/design_1_bd.tcl
Generated Hardware Definition File /home/rsaradhy/Work/trenz/vivado/project_1/project_1.srcs/sources_1/bd/design_1/synth/design_1.hwdef
INFO: [IP_Flow 19-4993] Using cached IP synthesis design for IP design_1_auto_pc_0, cache-ID = c4c25c0fe93f46e3; cache size = 220.695 MB.
INFO: [IP_Flow 19-5642] Done with IP cache export for multiple IPs
[Fri Sep  4 10:05:54 2020] Launched design_1_axi_dma_0_0_synth_1, design_1_axi_smc_0_synth_1, synth_1...
Run output will be captured here:
design_1_axi_dma_0_0_synth_1: /home/rsaradhy/Work/trenz/vivado/project_1/project_1.runs/design_1_axi_dma_0_0_synth_1/runme.log
design_1_axi_smc_0_synth_1: /home/rsaradhy/Work/trenz/vivado/project_1/project_1.runs/design_1_axi_smc_0_synth_1/runme.log
synth_1: /home/rsaradhy/Work/trenz/vivado/project_1/project_1.runs/synth_1/runme.log
[Fri Sep  4 10:05:54 2020] Launched impl_1...
Run output will be captured here: /home/rsaradhy/Work/trenz/vivado/project_1/project_1.runs/impl_1/runme.log
launch_runs: Time (s): cpu = 00:00:17 ; elapsed = 00:00:15 . Memory (MB): peak = 7255.809 ; gain = 85.023 ; free physical = 5100 ; free virtual = 18438
write_hw_platform -fixed -force  -include_bit -file /home/rsaradhy/Work/trenz/vivado/project_1/main.xsa
INFO: [Vivado 12-4895] Creating Hardware Platform: /home/rsaradhy/Work/trenz/vivado/project_1/main.xsa ...
INFO: [Hsi 55-2053] elapsed time for repository (/home/rsaradhy/Software/Xilinx/Vivado/2019.2/data/embeddedsw) loading 0 seconds
INFO: [Vivado 12-4896] Successfully created Hardware Platform: /home/rsaradhy/Work/trenz/vivado/project_1/main.xsa
write_hw_platform: Time (s): cpu = 00:00:15 ; elapsed = 00:00:15 . Memory (MB): peak = 7330.855 ; gain = 75.047 ; free physical = 4728 ; free virtual = 18244
WARNING: [Board 49-26] cannot add Board Part digilentinc.com:genesys2:part0:1.1 available at /home/rsaradhy/Software/Xilinx/Vivado/2019.2/data/boards/board_files/genesys2/H/board.xml as part xc7k325tffg900-2 specified in board_part file is either invalid or not available
WARNING: [Board 49-26] cannot add Board Part digilentinc.com:sword:part0:1.0 available at /home/rsaradhy/Software/Xilinx/Vivado/2019.2/data/boards/board_files/sword/C.0/board.xml as part xc7k325tffg900-2 specified in board_part file is either invalid or not available
WARNING: [Board 49-26] cannot add Board Part digilentinc.com:genesys2:part0:1.1 available at /home/rsaradhy/Software/Xilinx/Vivado/2019.2/data/boards/board_files/genesys2/H/board.xml as part xc7k325tffg900-2 specified in board_part file is either invalid or not available
WARNING: [Board 49-26] cannot add Board Part digilentinc.com:sword:part0:1.0 available at /home/rsaradhy/Software/Xilinx/Vivado/2019.2/data/boards/board_files/sword/C.0/board.xml as part xc7k325tffg900-2 specified in board_part file is either invalid or not available
WARNING: [Board 49-26] cannot add Board Part digilentinc.com:genesys2:part0:1.1 available at /home/rsaradhy/Software/Xilinx/Vivado/2019.2/data/boards/board_files/genesys2/H/board.xml as part xc7k325tffg900-2 specified in board_part file is either invalid or not available
WARNING: [Board 49-26] cannot add Board Part digilentinc.com:sword:part0:1.0 available at /home/rsaradhy/Software/Xilinx/Vivado/2019.2/data/boards/board_files/sword/C.0/board.xml as part xc7k325tffg900-2 specified in board_part file is either invalid or not available
WARNING: [Board 49-26] cannot add Board Part digilentinc.com:genesys2:part0:1.1 available at /home/rsaradhy/Software/Xilinx/Vivado/2019.2/data/boards/board_files/genesys2/H/board.xml as part xc7k325tffg900-2 specified in board_part file is either invalid or not available
WARNING: [Board 49-26] cannot add Board Part digilentinc.com:sword:part0:1.0 available at /home/rsaradhy/Software/Xilinx/Vivado/2019.2/data/boards/board_files/sword/C.0/board.xml as part xc7k325tffg900-2 specified in board_part file is either invalid or not available
WARNING: [Board 49-26] cannot add Board Part digilentinc.com:genesys2:part0:1.1 available at /home/rsaradhy/Software/Xilinx/Vivado/2019.2/data/boards/board_files/genesys2/H/board.xml as part xc7k325tffg900-2 specified in board_part file is either invalid or not available
WARNING: [Board 49-26] cannot add Board Part digilentinc.com:sword:part0:1.0 available at /home/rsaradhy/Software/Xilinx/Vivado/2019.2/data/boards/board_files/sword/C.0/board.xml as part xc7k325tffg900-2 specified in board_part file is either invalid or not available
WARNING: [Board 49-26] cannot add Board Part digilentinc.com:genesys2:part0:1.1 available at /home/rsaradhy/Software/Xilinx/Vivado/2019.2/data/boards/board_files/genesys2/H/board.xml as part xc7k325tffg900-2 specified in board_part file is either invalid or not available
WARNING: [Board 49-26] cannot add Board Part digilentinc.com:sword:part0:1.0 available at /home/rsaradhy/Software/Xilinx/Vivado/2019.2/data/boards/board_files/sword/C.0/board.xml as part xc7k325tffg900-2 specified in board_part file is either invalid or not available
WARNING: [Board 49-26] cannot add Board Part digilentinc.com:genesys2:part0:1.1 available at /home/rsaradhy/Software/Xilinx/Vivado/2019.2/data/boards/board_files/genesys2/H/board.xml as part xc7k325tffg900-2 specified in board_part file is either invalid or not available
WARNING: [Board 49-26] cannot add Board Part digilentinc.com:sword:part0:1.0 available at /home/rsaradhy/Software/Xilinx/Vivado/2019.2/data/boards/board_files/sword/C.0/board.xml as part xc7k325tffg900-2 specified in board_part file is either invalid or not available
WARNING: [Board 49-26] cannot add Board Part digilentinc.com:genesys2:part0:1.1 available at /home/rsaradhy/Software/Xilinx/Vivado/2019.2/data/boards/board_files/genesys2/H/board.xml as part xc7k325tffg900-2 specified in board_part file is either invalid or not available
WARNING: [Board 49-26] cannot add Board Part digilentinc.com:sword:part0:1.0 available at /home/rsaradhy/Software/Xilinx/Vivado/2019.2/data/boards/board_files/sword/C.0/board.xml as part xc7k325tffg900-2 specified in board_part file is either invalid or not available
WARNING: [Board 49-26] cannot add Board Part digilentinc.com:genesys2:part0:1.1 available at /home/rsaradhy/Software/Xilinx/Vivado/2019.2/data/boards/board_files/genesys2/H/board.xml as part xc7k325tffg900-2 specified in board_part file is either invalid or not available
WARNING: [Board 49-26] cannot add Board Part digilentinc.com:sword:part0:1.0 available at /home/rsaradhy/Software/Xilinx/Vivado/2019.2/data/boards/board_files/sword/C.0/board.xml as part xc7k325tffg900-2 specified in board_part file is either invalid or not available
WARNING: [Board 49-26] cannot add Board Part digilentinc.com:genesys2:part0:1.1 available at /home/rsaradhy/Software/Xilinx/Vivado/2019.2/data/boards/board_files/genesys2/H/board.xml as part xc7k325tffg900-2 specified in board_part file is either invalid or not available
WARNING: [Board 49-26] cannot add Board Part digilentinc.com:sword:part0:1.0 available at /home/rsaradhy/Software/Xilinx/Vivado/2019.2/data/boards/board_files/sword/C.0/board.xml as part xc7k325tffg900-2 specified in board_part file is either invalid or not available
WARNING: [Board 49-26] cannot add Board Part digilentinc.com:genesys2:part0:1.1 available at /home/rsaradhy/Software/Xilinx/Vivado/2019.2/data/boards/board_files/genesys2/H/board.xml as part xc7k325tffg900-2 specified in board_part file is either invalid or not available
WARNING: [Board 49-26] cannot add Board Part digilentinc.com:sword:part0:1.0 available at /home/rsaradhy/Software/Xilinx/Vivado/2019.2/data/boards/board_files/sword/C.0/board.xml as part xc7k325tffg900-2 specified in board_part file is either invalid or not available
WARNING: [Board 49-26] cannot add Board Part digilentinc.com:genesys2:part0:1.1 available at /home/rsaradhy/Software/Xilinx/Vivado/2019.2/data/boards/board_files/genesys2/H/board.xml as part xc7k325tffg900-2 specified in board_part file is either invalid or not available
WARNING: [Board 49-26] cannot add Board Part digilentinc.com:sword:part0:1.0 available at /home/rsaradhy/Software/Xilinx/Vivado/2019.2/data/boards/board_files/sword/C.0/board.xml as part xc7k325tffg900-2 specified in board_part file is either invalid or not available
WARNING: [Board 49-26] cannot add Board Part digilentinc.com:genesys2:part0:1.1 available at /home/rsaradhy/Software/Xilinx/Vivado/2019.2/data/boards/board_files/genesys2/H/board.xml as part xc7k325tffg900-2 specified in board_part file is either invalid or not available
WARNING: [Board 49-26] cannot add Board Part digilentinc.com:sword:part0:1.0 available at /home/rsaradhy/Software/Xilinx/Vivado/2019.2/data/boards/board_files/sword/C.0/board.xml as part xc7k325tffg900-2 specified in board_part file is either invalid or not available
WARNING: [Board 49-26] cannot add Board Part digilentinc.com:genesys2:part0:1.1 available at /home/rsaradhy/Software/Xilinx/Vivado/2019.2/data/boards/board_files/genesys2/H/board.xml as part xc7k325tffg900-2 specified in board_part file is either invalid or not available
WARNING: [Board 49-26] cannot add Board Part digilentinc.com:sword:part0:1.0 available at /home/rsaradhy/Software/Xilinx/Vivado/2019.2/data/boards/board_files/sword/C.0/board.xml as part xc7k325tffg900-2 specified in board_part file is either invalid or not available
WARNING: [Board 49-26] cannot add Board Part digilentinc.com:genesys2:part0:1.1 available at /home/rsaradhy/Software/Xilinx/Vivado/2019.2/data/boards/board_files/genesys2/H/board.xml as part xc7k325tffg900-2 specified in board_part file is either invalid or not available
WARNING: [Board 49-26] cannot add Board Part digilentinc.com:sword:part0:1.0 available at /home/rsaradhy/Software/Xilinx/Vivado/2019.2/data/boards/board_files/sword/C.0/board.xml as part xc7k325tffg900-2 specified in board_part file is either invalid or not available
WARNING: [Board 49-26] cannot add Board Part digilentinc.com:genesys2:part0:1.1 available at /home/rsaradhy/Software/Xilinx/Vivado/2019.2/data/boards/board_files/genesys2/H/board.xml as part xc7k325tffg900-2 specified in board_part file is either invalid or not available
WARNING: [Board 49-26] cannot add Board Part digilentinc.com:sword:part0:1.0 available at /home/rsaradhy/Software/Xilinx/Vivado/2019.2/data/boards/board_files/sword/C.0/board.xml as part xc7k325tffg900-2 specified in board_part file is either invalid or not available
startgroup
create_bd_cell -type ip -vlnv xilinx.com:ip:axi_fifo_mm_s:4.2 axi_fifo_mm_s_0
endgroup
delete_bd_objs [get_bd_cells axi_fifo_mm_s_0]
startgroup
create_bd_cell -type ip -vlnv xilinx.com:ip:axis_data_fifo:2.0 axis_data_fifo_0
endgroup
connect_bd_intf_net [get_bd_intf_pins axi_dma_0/M_AXIS_MM2S] [get_bd_intf_pins axis_data_fifo_0/S_AXIS]
connect_bd_net [get_bd_pins axis_data_fifo_0/s_axis_aresetn] [get_bd_pins rst_ps8_0_100M/peripheral_aresetn]
connect_bd_net [get_bd_ports CLK_IN] [get_bd_pins axis_data_fifo_0/s_axis_aclk]
save_bd_design
Wrote  : </home/rsaradhy/Work/trenz/vivado/project_1/project_1.srcs/sources_1/bd/design_1/design_1.bd> 
Wrote  : </home/rsaradhy/Work/trenz/vivado/project_1/project_1.srcs/sources_1/bd/design_1/ui/bd_1f5defd0.ui> 
reset_run synth_1
launch_runs impl_1 -to_step write_bitstream -jobs 12
WARNING: [BD 41-702] Propagation TCL tries to overwrite USER strength parameter C_M_AXI_S2MM_DATA_WIDTH(128) on '/axi_dma_0' with propagated value(64). Command ignored
WARNING: [BD 41-702] Propagation TCL tries to overwrite USER strength parameter C_M_AXI_S2MM_DATA_WIDTH(128) on '/axi_dma_0' with propagated value(64). Command ignored
WARNING: [BD 41-702] Propagation TCL tries to overwrite USER strength parameter C_M_AXI_S2MM_DATA_WIDTH(128) on '/axi_dma_0' with propagated value(64). Command ignored
WARNING: [BD 41-702] Propagation TCL tries to overwrite USER strength parameter C_M_AXI_S2MM_DATA_WIDTH(128) on '/axi_dma_0' with propagated value(64). Command ignored
INFO: [Common 17-365] Interrupt caught but 'launch_runs' cannot be canceled. Please wait for command to finish.
WARNING: [BD 41-702] Propagation TCL tries to overwrite USER strength parameter C_M_AXI_S2MM_DATA_WIDTH(128) on '/axi_dma_0' with propagated value(64). Command ignored
WARNING: [BD 41-702] Propagation TCL tries to overwrite USER strength parameter C_M_AXI_S2MM_DATA_WIDTH(128) on '/axi_dma_0' with propagated value(64). Command ignored
WARNING: [BD 41-702] Propagation TCL tries to overwrite USER strength parameter C_M_AXI_S2MM_DATA_WIDTH(128) on '/axi_dma_0' with propagated value(64). Command ignored
INFO: [Ipptcl 7-1463] No Compatible Board Interface found. Board Tab not created in customize GUI
WARNING: [BD 41-702] Propagation TCL tries to overwrite USER strength parameter C_M_AXI_S2MM_DATA_WIDTH(128) on '/axi_dma_0' with propagated value(64). Command ignored
WARNING: [BD 41-237] Bus Interface property AWUSER_WIDTH does not match between /ps8_0_axi_periph/s00_couplers/auto_pc/S_AXI(0) and /zynq_ultra_ps_e_0/M_AXI_HPM0_LPD(16)
WARNING: [BD 41-237] Bus Interface property ARUSER_WIDTH does not match between /ps8_0_axi_periph/s00_couplers/auto_pc/S_AXI(0) and /zynq_ultra_ps_e_0/M_AXI_HPM0_LPD(16)
WARNING: [BD 41-237] Bus Interface property AWUSER_WIDTH does not match between /zynq_ultra_ps_e_0/S_AXI_HPC0_FPD(1) and /axi_smc/M00_AXI(0)
WARNING: [BD 41-237] Bus Interface property ARUSER_WIDTH does not match between /zynq_ultra_ps_e_0/S_AXI_HPC0_FPD(1) and /axi_smc/M00_AXI(0)
Wrote  : </home/rsaradhy/Work/trenz/vivado/project_1/project_1.srcs/sources_1/bd/design_1/design_1.bd> 
Wrote  : </home/rsaradhy/Work/trenz/vivado/project_1/project_1.srcs/sources_1/bd/design_1/ui/bd_1f5defd0.ui> 
VHDL Output written to : /home/rsaradhy/Work/trenz/vivado/project_1/project_1.srcs/sources_1/bd/design_1/synth/design_1.v
VHDL Output written to : /home/rsaradhy/Work/trenz/vivado/project_1/project_1.srcs/sources_1/bd/design_1/sim/design_1.v
VHDL Output written to : /home/rsaradhy/Work/trenz/vivado/project_1/project_1.srcs/sources_1/bd/design_1/hdl/design_1_wrapper.v
Wrote  : </home/rsaradhy/Work/trenz/vivado/project_1/project_1.srcs/sources_1/bd/design_1/ui/bd_1f5defd0.ui> 
INFO: [BD 41-1029] Generation completed for the IP Integrator block zynq_ultra_ps_e_0 .
INFO: [BD 41-1171] User-interrupt detected : Generation halted successfully for IP Integrator design /home/rsaradhy/Work/trenz/vivado/project_1/project_1.srcs/sources_1/bd/design_1/design_1.bd
INFO: [Common 17-681] Processing pending cancel.
startgroup
create_bd_cell -type ip -vlnv xilinx.com:ip:xlconcat:2.1 xlconcat_0
endgroup
delete_bd_objs [get_bd_nets axi_dma_0_s2mm_introut]
connect_bd_net [get_bd_pins axi_dma_0/s2mm_introut] [get_bd_pins xlconcat_0/In1]
connect_bd_net [get_bd_pins axi_dma_0/mm2s_introut] [get_bd_pins xlconcat_0/In0]
connect_bd_net [get_bd_pins xlconcat_0/dout] [get_bd_pins zynq_ultra_ps_e_0/pl_ps_irq0]
validate_bd_design
WARNING: [BD 41-702] Propagation TCL tries to overwrite USER strength parameter C_M_AXI_S2MM_DATA_WIDTH(128) on '/axi_dma_0' with propagated value(64). Command ignored
INFO: [Ipptcl 7-1463] No Compatible Board Interface found. Board Tab not created in customize GUI
WARNING: [BD 41-237] Bus Interface property AWUSER_WIDTH does not match between /ps8_0_axi_periph/s00_couplers/auto_pc/S_AXI(0) and /zynq_ultra_ps_e_0/M_AXI_HPM0_LPD(16)
WARNING: [BD 41-237] Bus Interface property ARUSER_WIDTH does not match between /ps8_0_axi_periph/s00_couplers/auto_pc/S_AXI(0) and /zynq_ultra_ps_e_0/M_AXI_HPM0_LPD(16)
WARNING: [BD 41-237] Bus Interface property AWUSER_WIDTH does not match between /zynq_ultra_ps_e_0/S_AXI_HPC0_FPD(1) and /axi_smc/M00_AXI(0)
WARNING: [BD 41-237] Bus Interface property ARUSER_WIDTH does not match between /zynq_ultra_ps_e_0/S_AXI_HPC0_FPD(1) and /axi_smc/M00_AXI(0)
validate_bd_design: Time (s): cpu = 00:00:12 ; elapsed = 00:00:10 . Memory (MB): peak = 7666.020 ; gain = 0.000 ; free physical = 5627 ; free virtual = 22671
save_bd_design
Wrote  : </home/rsaradhy/Work/trenz/vivado/project_1/project_1.srcs/sources_1/bd/design_1/design_1.bd> 
Wrote  : </home/rsaradhy/Work/trenz/vivado/project_1/project_1.srcs/sources_1/bd/design_1/ui/bd_1f5defd0.ui> 
reset_run design_1_zynq_ultra_ps_e_0_0_synth_1
reset_run design_1_xbar_0_synth_1
reset_run design_1_axi_smc_0_synth_1
launch_runs impl_1 -to_step write_bitstream -jobs 12
INFO: [BD 41-1662] The design 'design_1.bd' is already validated. Therefore parameter propagation will not be re-run.
VHDL Output written to : /home/rsaradhy/Work/trenz/vivado/project_1/project_1.srcs/sources_1/bd/design_1/synth/design_1.v
VHDL Output written to : /home/rsaradhy/Work/trenz/vivado/project_1/project_1.srcs/sources_1/bd/design_1/sim/design_1.v
VHDL Output written to : /home/rsaradhy/Work/trenz/vivado/project_1/project_1.srcs/sources_1/bd/design_1/hdl/design_1_wrapper.v
INFO: [xilinx.com:ip:zynq_ultra_ps_e:3.3-0] design_1_zynq_ultra_ps_e_0_0: 
Changes in your design (including the PCW configuration settings) are not automatically exported from Vivado to Xilinx's SDK, Petalinux or Yocto.
This is by design to avoid disrupting existing embedded development efforts. To have any changes of your design taking effect in the embedded software flow please export your
design by going through Vivado's main menu, click on File, then Export finally select Export Hardware, please ensure you click on the Include BitStream option.
The auto-generated HDF file is all you need to import in Xilinx's SDK, Petalinux or Yocto for your changes to be reflected in the Embedded Software Flow.
For more information, please consult PG201, section: Exporting PCW Settings to Embedded Software Flows
INFO: [PSU-0] Address Range of DDR (0x7ff00000 to 0x7fffffff) is reserved by PMU for internal purpose.
WARNING: [IP_Flow 19-5611] Unable to find an associated reset port for the interface 'M_AXI_HPM0_LPD'. A default connection has been created.
WARNING: [IP_Flow 19-5611] Unable to find an associated reset port for the interface 'S_AXI_HPC0_FPD'. A default connection has been created.
INFO: [BD 41-1029] Generation completed for the IP Integrator block zynq_ultra_ps_e_0 .
INFO: [BD 41-1029] Generation completed for the IP Integrator block axi_dma_0 .
INFO: [BD 41-1029] Generation completed for the IP Integrator block ps8_0_axi_periph/xbar .
INFO: [BD 41-1029] Generation completed for the IP Integrator block rst_ps8_0_100M .
Exporting to file /home/rsaradhy/Work/trenz/vivado/project_1/project_1.srcs/sources_1/bd/design_1/ip/design_1_axi_smc_0/bd_0/hw_handoff/design_1_axi_smc_0.hwh
Generated Block Design Tcl file /home/rsaradhy/Work/trenz/vivado/project_1/project_1.srcs/sources_1/bd/design_1/ip/design_1_axi_smc_0/bd_0/hw_handoff/design_1_axi_smc_0_bd.tcl
Generated Hardware Definition File /home/rsaradhy/Work/trenz/vivado/project_1/project_1.srcs/sources_1/bd/design_1/ip/design_1_axi_smc_0/bd_0/synth/design_1_axi_smc_0.hwdef
INFO: [BD 41-1029] Generation completed for the IP Integrator block axi_smc .
INFO: [BD 41-1029] Generation completed for the IP Integrator block axi_gpio_0 .
INFO: [BD 41-1029] Generation completed for the IP Integrator block data_transfer_0 .
INFO: [BD 41-1029] Generation completed for the IP Integrator block axis_data_fifo_0 .
WARNING: [IP_Flow 19-4994] Overwriting existing constraint file '/home/rsaradhy/Work/trenz/vivado/project_1/project_1.srcs/sources_1/bd/design_1/ip/design_1_auto_pc_0/design_1_auto_pc_0_ooc.xdc'
INFO: [BD 41-1029] Generation completed for the IP Integrator block ps8_0_axi_periph/s00_couplers/auto_pc .
INFO: [BD 41-1029] Generation completed for the IP Integrator block xlconcat_0 .
Exporting to file /home/rsaradhy/Work/trenz/vivado/project_1/project_1.srcs/sources_1/bd/design_1/hw_handoff/design_1.hwh
Generated Block Design Tcl file /home/rsaradhy/Work/trenz/vivado/project_1/project_1.srcs/sources_1/bd/design_1/hw_handoff/design_1_bd.tcl
Generated Hardware Definition File /home/rsaradhy/Work/trenz/vivado/project_1/project_1.srcs/sources_1/bd/design_1/synth/design_1.hwdef
INFO: [IP_Flow 19-4993] Using cached IP synthesis design for IP design_1_auto_pc_0, cache-ID = c4c25c0fe93f46e3; cache size = 237.847 MB.
INFO: [IP_Flow 19-4993] Using cached IP synthesis design for IP design_1_axi_smc_0, cache-ID = 729e811ac86bd85a; cache size = 237.847 MB.
INFO: [IP_Flow 19-4993] Using cached IP synthesis design for IP design_1_axi_dma_0_0, cache-ID = 77eed934dcefd4e1; cache size = 237.847 MB.
INFO: [IP_Flow 19-4993] Using cached IP synthesis design for IP design_1_rst_ps8_0_100M_0, cache-ID = 24d8bffffd104114; cache size = 237.847 MB.
INFO: [IP_Flow 19-4993] Using cached IP synthesis design for IP design_1_xbar_0, cache-ID = 1b6cddc659042277; cache size = 237.847 MB.
INFO: [IP_Flow 19-5642] Done with IP cache export for multiple IPs
[Fri Sep  4 13:47:43 2020] Launched design_1_zynq_ultra_ps_e_0_0_synth_1, design_1_data_transfer_0_0_synth_1, design_1_axi_gpio_0_0_synth_1, design_1_axis_data_fifo_0_0_synth_1, synth_1...
Run output will be captured here:
design_1_zynq_ultra_ps_e_0_0_synth_1: /home/rsaradhy/Work/trenz/vivado/project_1/project_1.runs/design_1_zynq_ultra_ps_e_0_0_synth_1/runme.log
design_1_data_transfer_0_0_synth_1: /home/rsaradhy/Work/trenz/vivado/project_1/project_1.runs/design_1_data_transfer_0_0_synth_1/runme.log
design_1_axi_gpio_0_0_synth_1: /home/rsaradhy/Work/trenz/vivado/project_1/project_1.runs/design_1_axi_gpio_0_0_synth_1/runme.log
design_1_axis_data_fifo_0_0_synth_1: /home/rsaradhy/Work/trenz/vivado/project_1/project_1.runs/design_1_axis_data_fifo_0_0_synth_1/runme.log
synth_1: /home/rsaradhy/Work/trenz/vivado/project_1/project_1.runs/synth_1/runme.log
[Fri Sep  4 13:47:43 2020] Launched impl_1...
Run output will be captured here: /home/rsaradhy/Work/trenz/vivado/project_1/project_1.runs/impl_1/runme.log
launch_runs: Time (s): cpu = 00:00:34 ; elapsed = 00:00:32 . Memory (MB): peak = 7751.059 ; gain = 0.000 ; free physical = 5456 ; free virtual = 22605
startgroup
set_property -dict [list CONFIG.c_include_sg {1}] [get_bd_cells axi_dma_0]
endgroup
apply_bd_automation -rule xilinx.com:bd_rule:axi4 -config { Clk_master {Auto} Clk_slave {/CLK_IN (160 MHz)} Clk_xbar {/CLK_IN (160 MHz)} Master {/axi_dma_0/M_AXI_SG} Slave {/zynq_ultra_ps_e_0/S_AXI_HPC0_FPD} ddr_seg {Auto} intc_ip {/axi_smc} master_apm {0}}  [get_bd_intf_pins axi_dma_0/M_AXI_SG]
Slave segment </zynq_ultra_ps_e_0/SAXIGP0/HPC0_DDR_LOW> is being mapped into address space </axi_dma_0/Data_SG> at <0x0000_0000 [ 2G ]>
Slave segment </zynq_ultra_ps_e_0/SAXIGP0/HPC0_QSPI> is being mapped into address space </axi_dma_0/Data_SG> at <0xC000_0000 [ 512M ]>
Slave segment </zynq_ultra_ps_e_0/SAXIGP0/HPC0_LPS_OCM> is being mapped into address space </axi_dma_0/Data_SG> at <0xFF00_0000 [ 16M ]>
INFO: [BD 41-1051] The usage register of slave segment /zynq_ultra_ps_e_0/SAXIGP0/HPC0_LPS_OCM does not match the usage memory of address space /axi_dma_0/Data_SG and will be excluded. Use the include_bd_addr_seg command to override this precaution and make the slave segment visible within this address space.
Excluding slave segment /zynq_ultra_ps_e_0/SAXIGP0/HPC0_LPS_OCM from address space /axi_dma_0/Data_SG.
save_bd_design
Wrote  : </home/rsaradhy/Work/trenz/vivado/project_1/project_1.srcs/sources_1/bd/design_1/design_1.bd> 
Wrote  : </home/rsaradhy/Work/trenz/vivado/project_1/project_1.srcs/sources_1/bd/design_1/ui/bd_1f5defd0.ui> 
reset_run synth_1
launch_runs impl_1 -to_step write_bitstream -jobs 12
WARNING: [BD 41-702] Propagation TCL tries to overwrite USER strength parameter C_M_AXI_S2MM_DATA_WIDTH(128) on '/axi_dma_0' with propagated value(64). Command ignored
WARNING: [BD 41-702] Propagation TCL tries to overwrite USER strength parameter C_M_AXI_S2MM_DATA_WIDTH(128) on '/axi_dma_0' with propagated value(64). Command ignored
WARNING: [BD 41-702] Propagation TCL tries to overwrite USER strength parameter C_M_AXI_S2MM_DATA_WIDTH(128) on '/axi_dma_0' with propagated value(64). Command ignored
WARNING: [BD 41-702] Propagation TCL tries to overwrite USER strength parameter C_M_AXI_S2MM_DATA_WIDTH(128) on '/axi_dma_0' with propagated value(64). Command ignored
WARNING: [BD 41-702] Propagation TCL tries to overwrite USER strength parameter C_M_AXI_S2MM_DATA_WIDTH(128) on '/axi_dma_0' with propagated value(64). Command ignored
WARNING: [BD 41-702] Propagation TCL tries to overwrite USER strength parameter C_M_AXI_S2MM_DATA_WIDTH(128) on '/axi_dma_0' with propagated value(64). Command ignored
WARNING: [BD 41-702] Propagation TCL tries to overwrite USER strength parameter C_M_AXI_S2MM_DATA_WIDTH(128) on '/axi_dma_0' with propagated value(64). Command ignored
INFO: [Ipptcl 7-1463] No Compatible Board Interface found. Board Tab not created in customize GUI
WARNING: [BD 41-702] Propagation TCL tries to overwrite USER strength parameter C_M_AXI_S2MM_DATA_WIDTH(128) on '/axi_dma_0' with propagated value(64). Command ignored
WARNING: [BD 41-702] Propagation TCL tries to overwrite USER strength parameter C_M_AXI_S2MM_DATA_WIDTH(128) on '/axi_dma_0' with propagated value(64). Command ignored
WARNING: [BD 41-237] Bus Interface property AWUSER_WIDTH does not match between /ps8_0_axi_periph/s00_couplers/auto_pc/S_AXI(0) and /zynq_ultra_ps_e_0/M_AXI_HPM0_LPD(16)
WARNING: [BD 41-237] Bus Interface property ARUSER_WIDTH does not match between /ps8_0_axi_periph/s00_couplers/auto_pc/S_AXI(0) and /zynq_ultra_ps_e_0/M_AXI_HPM0_LPD(16)
WARNING: [BD 41-237] Bus Interface property AWUSER_WIDTH does not match between /zynq_ultra_ps_e_0/S_AXI_HPC0_FPD(1) and /axi_smc/M00_AXI(0)
WARNING: [BD 41-237] Bus Interface property ARUSER_WIDTH does not match between /zynq_ultra_ps_e_0/S_AXI_HPC0_FPD(1) and /axi_smc/M00_AXI(0)
Wrote  : </home/rsaradhy/Work/trenz/vivado/project_1/project_1.srcs/sources_1/bd/design_1/design_1.bd> 
VHDL Output written to : /home/rsaradhy/Work/trenz/vivado/project_1/project_1.srcs/sources_1/bd/design_1/synth/design_1.v
VHDL Output written to : /home/rsaradhy/Work/trenz/vivado/project_1/project_1.srcs/sources_1/bd/design_1/sim/design_1.v
VHDL Output written to : /home/rsaradhy/Work/trenz/vivado/project_1/project_1.srcs/sources_1/bd/design_1/hdl/design_1_wrapper.v
INFO: [BD 41-1029] Generation completed for the IP Integrator block zynq_ultra_ps_e_0 .
INFO: [BD 41-1029] Generation completed for the IP Integrator block axi_dma_0 .
INFO: [BD 41-1029] Generation completed for the IP Integrator block ps8_0_axi_periph/xbar .
INFO: [BD 41-1029] Generation completed for the IP Integrator block rst_ps8_0_100M .
WARNING: [IP_Flow 19-5611] Unable to find an associated reset port for the interface 'S00_AXI'. A default connection has been created.
WARNING: [IP_Flow 19-5611] Unable to find an associated reset port for the interface 'S01_AXI'. A default connection has been created.
WARNING: [IP_Flow 19-5611] Unable to find an associated reset port for the interface 'S02_AXI'. A default connection has been created.
WARNING: [IP_Flow 19-5611] Unable to find an associated reset port for the interface 'M00_AXI'. A default connection has been created.
Exporting to file /home/rsaradhy/Work/trenz/vivado/project_1/project_1.srcs/sources_1/bd/design_1/ip/design_1_axi_smc_0/bd_0/hw_handoff/design_1_axi_smc_0.hwh
Generated Block Design Tcl file /home/rsaradhy/Work/trenz/vivado/project_1/project_1.srcs/sources_1/bd/design_1/ip/design_1_axi_smc_0/bd_0/hw_handoff/design_1_axi_smc_0_bd.tcl
Generated Hardware Definition File /home/rsaradhy/Work/trenz/vivado/project_1/project_1.srcs/sources_1/bd/design_1/ip/design_1_axi_smc_0/bd_0/synth/design_1_axi_smc_0.hwdef
INFO: [BD 41-1029] Generation completed for the IP Integrator block axi_smc .
INFO: [BD 41-1029] Generation completed for the IP Integrator block axi_gpio_0 .
INFO: [BD 41-1029] Generation completed for the IP Integrator block data_transfer_0 .
INFO: [BD 41-1029] Generation completed for the IP Integrator block axis_data_fifo_0 .
INFO: [BD 41-1029] Generation completed for the IP Integrator block xlconcat_0 .
WARNING: [IP_Flow 19-4994] Overwriting existing constraint file '/home/rsaradhy/Work/trenz/vivado/project_1/project_1.srcs/sources_1/bd/design_1/ip/design_1_auto_pc_0/design_1_auto_pc_0_ooc.xdc'
INFO: [BD 41-1029] Generation completed for the IP Integrator block ps8_0_axi_periph/s00_couplers/auto_pc .
Exporting to file /home/rsaradhy/Work/trenz/vivado/project_1/project_1.srcs/sources_1/bd/design_1/hw_handoff/design_1.hwh
Generated Block Design Tcl file /home/rsaradhy/Work/trenz/vivado/project_1/project_1.srcs/sources_1/bd/design_1/hw_handoff/design_1_bd.tcl
Generated Hardware Definition File /home/rsaradhy/Work/trenz/vivado/project_1/project_1.srcs/sources_1/bd/design_1/synth/design_1.hwdef
INFO: [IP_Flow 19-4993] Using cached IP synthesis design for IP design_1_auto_pc_0, cache-ID = c4c25c0fe93f46e3; cache size = 240.512 MB.
INFO: [IP_Flow 19-5642] Done with IP cache export for multiple IPs
[Fri Sep  4 14:25:40 2020] Launched design_1_axi_dma_0_0_synth_1, design_1_axi_smc_0_synth_1, synth_1...
Run output will be captured here:
design_1_axi_dma_0_0_synth_1: /home/rsaradhy/Work/trenz/vivado/project_1/project_1.runs/design_1_axi_dma_0_0_synth_1/runme.log
design_1_axi_smc_0_synth_1: /home/rsaradhy/Work/trenz/vivado/project_1/project_1.runs/design_1_axi_smc_0_synth_1/runme.log
synth_1: /home/rsaradhy/Work/trenz/vivado/project_1/project_1.runs/synth_1/runme.log
[Fri Sep  4 14:25:40 2020] Launched impl_1...
Run output will be captured here: /home/rsaradhy/Work/trenz/vivado/project_1/project_1.runs/impl_1/runme.log
launch_runs: Time (s): cpu = 00:00:21 ; elapsed = 00:00:17 . Memory (MB): peak = 7795.059 ; gain = 0.000 ; free physical = 6431 ; free virtual = 22598
