#-----------------------------------------------------------
# Vivado v2019.2 (64-bit)
# SW Build 2708876 on Wed Nov  6 21:39:14 MST 2019
# IP Build 2700528 on Thu Nov  7 00:09:20 MST 2019
# Start of session at: Fri Jul 17 05:32:26 2020
# Process ID: 13945
# Current directory: /home/rsaradhy/Work/trenz/vivado/project_1
# Command line: vivado project_1.xpr
# Log file: /home/rsaradhy/Work/trenz/vivado/project_1/vivado.log
# Journal file: /home/rsaradhy/Work/trenz/vivado/project_1/vivado.jou
#-----------------------------------------------------------
start_gui
open_project project_1.xpr
Scanning sources...
Finished scanning sources
INFO: [IP_Flow 19-234] Refreshing IP repositories
INFO: [IP_Flow 19-1700] Loaded user IP repository '/home/rsaradhy/Work/trenz/mycores'.
INFO: [IP_Flow 19-2313] Loaded Vivado IP repository '/home/rsaradhy/Software/Xilinx/Vivado/2019.2/data/ip'.
open_project: Time (s): cpu = 00:00:16 ; elapsed = 00:00:09 . Memory (MB): peak = 6634.836 ; gain = 194.547 ; free physical = 25041 ; free virtual = 30698
update_compile_order -fileset sources_1
open_bd_design {/home/rsaradhy/Work/trenz/vivado/project_1/project_1.srcs/sources_1/bd/design_1/design_1.bd}
Adding component instance block -- xilinx.com:ip:zynq_ultra_ps_e:3.3 - zynq_ultra_ps_e_0
Adding component instance block -- xilinx.com:ip:axi_dma:7.1 - axi_dma_0
Adding component instance block -- xilinx.com:ip:axi_interconnect:2.1 - ps8_0_axi_periph
Adding component instance block -- xilinx.com:ip:axi_crossbar:2.1 - xbar
Adding component instance block -- xilinx.com:ip:axi_protocol_converter:2.1 - auto_pc
Adding component instance block -- xilinx.com:ip:proc_sys_reset:5.0 - rst_ps8_0_100M
Adding component instance block -- xilinx.com:ip:smartconnect:1.0 - axi_smc
Adding component instance block -- xilinx.com:ip:axi_gpio:2.0 - axi_gpio_0
Excluding slave segment /zynq_ultra_ps_e_0/SAXIGP2/HP0_LPS_OCM from address space /axi_dma_0/Data_S2MM.
Successfully read diagram <design_1> from BD file </home/rsaradhy/Work/trenz/vivado/project_1/project_1.srcs/sources_1/bd/design_1/design_1.bd>
startgroup
create_bd_cell -type ip -vlnv user.org:user:sample_generator:1.0 sample_generator_0
endgroup
delete_bd_objs [get_bd_intf_nets SEND2MMAP_AXIS_1]
connect_bd_intf_net [get_bd_intf_pins sample_generator_0/M_AXIS] [get_bd_intf_pins axi_dma_0/S_AXIS_S2MM]
connect_bd_net [get_bd_pins sample_generator_0/s_axis_aclk] [get_bd_pins sample_generator_0/m_axis_aclk]
connect_bd_net [get_bd_pins sample_generator_0/s_axis_aresetn] [get_bd_pins sample_generator_0/m_axis_aresetn]
connect_bd_net [get_bd_pins sample_generator_0/m_axis_aresetn] [get_bd_pins rst_ps8_0_100M/peripheral_aresetn]
connect_bd_net [get_bd_pins sample_generator_0/s_axis_aclk] [get_bd_pins zynq_ultra_ps_e_0/pl_clk0]
startgroup
make_bd_pins_external  [get_bd_pins sample_generator_0/FrameSize]
endgroup
startgroup
make_bd_pins_external  [get_bd_pins sample_generator_0/En]
endgroup
startgroup
make_bd_pins_external  [get_bd_pins sample_generator_0/AXI_En]
endgroup
connect_bd_intf_net [get_bd_intf_ports SEND2MMAP_AXIS] [get_bd_intf_pins sample_generator_0/S_AXIS]
validate_bd_design
INFO: [Ipptcl 7-1463] No Compatible Board Interface found. Board Tab not created in customize GUI
WARNING: [xilinx.com:ip:smartconnect:1.0-1] design_1_axi_smc_0: Endpoint Slave READ_WRITE_MODE is WRITE_ONLY. To prevent illegal transaction from master to slave enable SUPPORTS_DECERR for S00_Entry through Advanced Properties.
WARNING: [BD 41-237] Bus Interface property AWUSER_WIDTH does not match between /ps8_0_axi_periph/s00_couplers/auto_pc/S_AXI(0) and /zynq_ultra_ps_e_0/M_AXI_HPM0_LPD(16)
WARNING: [BD 41-237] Bus Interface property ARUSER_WIDTH does not match between /ps8_0_axi_periph/s00_couplers/auto_pc/S_AXI(0) and /zynq_ultra_ps_e_0/M_AXI_HPM0_LPD(16)
WARNING: [BD 41-237] Bus Interface property AWUSER_WIDTH does not match between /zynq_ultra_ps_e_0/S_AXI_HP0_FPD(1) and /axi_smc/M00_AXI(0)
WARNING: [BD 41-237] Bus Interface property ARUSER_WIDTH does not match between /zynq_ultra_ps_e_0/S_AXI_HP0_FPD(1) and /axi_smc/M00_AXI(0)
validate_bd_design: Time (s): cpu = 00:00:09 ; elapsed = 00:00:07 . Memory (MB): peak = 6974.008 ; gain = 0.000 ; free physical = 24788 ; free virtual = 30447
make_wrapper -files [get_files /home/rsaradhy/Work/trenz/vivado/project_1/project_1.srcs/sources_1/bd/design_1/design_1.bd] -top
INFO: [BD 41-1662] The design 'design_1.bd' is already validated. Therefore parameter propagation will not be re-run.
Wrote  : </home/rsaradhy/Work/trenz/vivado/project_1/project_1.srcs/sources_1/bd/design_1/design_1.bd> 
Wrote  : </home/rsaradhy/Work/trenz/vivado/project_1/project_1.srcs/sources_1/bd/design_1/ui/bd_1f5defd0.ui> 
VHDL Output written to : /home/rsaradhy/Work/trenz/vivado/project_1/project_1.srcs/sources_1/bd/design_1/synth/design_1.v
VHDL Output written to : /home/rsaradhy/Work/trenz/vivado/project_1/project_1.srcs/sources_1/bd/design_1/sim/design_1.v
VHDL Output written to : /home/rsaradhy/Work/trenz/vivado/project_1/project_1.srcs/sources_1/bd/design_1/hdl/design_1_wrapper.v
make_wrapper -files [get_files /home/rsaradhy/Work/trenz/vivado/project_1/project_1.srcs/sources_1/bd/design_1/design_1.bd] -top
INFO: [BD 41-1662] The design 'design_1.bd' is already validated. Therefore parameter propagation will not be re-run.
Wrote  : </home/rsaradhy/Work/trenz/vivado/project_1/project_1.srcs/sources_1/bd/design_1/design_1.bd> 
Wrote  : </home/rsaradhy/Work/trenz/vivado/project_1/project_1.srcs/sources_1/bd/design_1/ui/bd_1f5defd0.ui> 
VHDL Output written to : /home/rsaradhy/Work/trenz/vivado/project_1/project_1.srcs/sources_1/bd/design_1/synth/design_1.v
VHDL Output written to : /home/rsaradhy/Work/trenz/vivado/project_1/project_1.srcs/sources_1/bd/design_1/sim/design_1.v
VHDL Output written to : /home/rsaradhy/Work/trenz/vivado/project_1/project_1.srcs/sources_1/bd/design_1/hdl/design_1_wrapper.v
reset_run synth_1
launch_runs impl_1 -to_step write_bitstream -jobs 11
INFO: [BD 41-1662] The design 'design_1.bd' is already validated. Therefore parameter propagation will not be re-run.
Wrote  : </home/rsaradhy/Work/trenz/vivado/project_1/project_1.srcs/sources_1/bd/design_1/design_1.bd> 
VHDL Output written to : /home/rsaradhy/Work/trenz/vivado/project_1/project_1.srcs/sources_1/bd/design_1/synth/design_1.v
VHDL Output written to : /home/rsaradhy/Work/trenz/vivado/project_1/project_1.srcs/sources_1/bd/design_1/sim/design_1.v
VHDL Output written to : /home/rsaradhy/Work/trenz/vivado/project_1/project_1.srcs/sources_1/bd/design_1/hdl/design_1_wrapper.v
INFO: [BD 41-1029] Generation completed for the IP Integrator block zynq_ultra_ps_e_0 .
INFO: [BD 41-1029] Generation completed for the IP Integrator block axi_dma_0 .
INFO: [BD 41-1029] Generation completed for the IP Integrator block ps8_0_axi_periph/xbar .
INFO: [BD 41-1029] Generation completed for the IP Integrator block rst_ps8_0_100M .
Exporting to file /home/rsaradhy/Work/trenz/vivado/project_1/project_1.srcs/sources_1/bd/design_1/ip/design_1_axi_smc_0/bd_0/hw_handoff/design_1_axi_smc_0.hwh
Generated Block Design Tcl file /home/rsaradhy/Work/trenz/vivado/project_1/project_1.srcs/sources_1/bd/design_1/ip/design_1_axi_smc_0/bd_0/hw_handoff/design_1_axi_smc_0_bd.tcl
Generated Hardware Definition File /home/rsaradhy/Work/trenz/vivado/project_1/project_1.srcs/sources_1/bd/design_1/ip/design_1_axi_smc_0/bd_0/synth/design_1_axi_smc_0.hwdef
INFO: [BD 41-1029] Generation completed for the IP Integrator block axi_smc .
INFO: [BD 41-1029] Generation completed for the IP Integrator block axi_gpio_0 .
WARNING: [IP_Flow 19-4994] Overwriting existing constraint file '/home/rsaradhy/Work/trenz/vivado/project_1/project_1.srcs/sources_1/bd/design_1/ip/design_1_auto_pc_0/design_1_auto_pc_0_ooc.xdc'
INFO: [BD 41-1029] Generation completed for the IP Integrator block ps8_0_axi_periph/s00_couplers/auto_pc .
INFO: [BD 41-1029] Generation completed for the IP Integrator block sample_generator_0 .
Exporting to file /home/rsaradhy/Work/trenz/vivado/project_1/project_1.srcs/sources_1/bd/design_1/hw_handoff/design_1.hwh
Generated Block Design Tcl file /home/rsaradhy/Work/trenz/vivado/project_1/project_1.srcs/sources_1/bd/design_1/hw_handoff/design_1_bd.tcl
Generated Hardware Definition File /home/rsaradhy/Work/trenz/vivado/project_1/project_1.srcs/sources_1/bd/design_1/synth/design_1.hwdef
INFO: [IP_Flow 19-4993] Using cached IP synthesis design for IP design_1_auto_pc_0, cache-ID = 825563c9f1f185a5; cache size = 17.491 MB.
INFO: [IP_Flow 19-4993] Using cached IP synthesis design for IP design_1_axi_smc_0, cache-ID = 4d2b8f5642695872; cache size = 17.491 MB.
INFO: [IP_Flow 19-4993] Using cached IP synthesis design for IP design_1_sample_generator_0_0, cache-ID = 7d4f1eb26f3ab019; cache size = 17.491 MB.
INFO: [IP_Flow 19-5642] Done with IP cache export for multiple IPs
[Fri Jul 17 05:38:02 2020] Launched synth_1...
Run output will be captured here: /home/rsaradhy/Work/trenz/vivado/project_1/project_1.runs/synth_1/runme.log
[Fri Jul 17 05:38:02 2020] Launched impl_1...
Run output will be captured here: /home/rsaradhy/Work/trenz/vivado/project_1/project_1.runs/impl_1/runme.log
reset_run synth_1
launch_runs impl_1 -to_step write_bitstream -jobs 11
[Fri Jul 17 05:42:32 2020] Launched synth_1...
Run output will be captured here: /home/rsaradhy/Work/trenz/vivado/project_1/project_1.runs/synth_1/runme.log
[Fri Jul 17 05:42:32 2020] Launched impl_1...
Run output will be captured here: /home/rsaradhy/Work/trenz/vivado/project_1/project_1.runs/impl_1/runme.log
reset_run synth_1
launch_runs impl_1 -to_step write_bitstream -jobs 11
[Fri Jul 17 06:06:11 2020] Launched synth_1...
Run output will be captured here: /home/rsaradhy/Work/trenz/vivado/project_1/project_1.runs/synth_1/runme.log
[Fri Jul 17 06:06:11 2020] Launched impl_1...
Run output will be captured here: /home/rsaradhy/Work/trenz/vivado/project_1/project_1.runs/impl_1/runme.log
reset_run synth_1
launch_runs impl_1 -to_step write_bitstream -jobs 11
[Fri Jul 17 06:11:49 2020] Launched synth_1...
Run output will be captured here: /home/rsaradhy/Work/trenz/vivado/project_1/project_1.runs/synth_1/runme.log
[Fri Jul 17 06:11:49 2020] Launched impl_1...
Run output will be captured here: /home/rsaradhy/Work/trenz/vivado/project_1/project_1.runs/impl_1/runme.log
ipx::edit_ip_in_project -upgrade true -name sample_generator_v1_0_project -directory /home/rsaradhy/Work/trenz/vivado/project_1/project_1.tmp/sample_generator_v1_0_project /home/rsaradhy/Work/trenz/mycores/ip_repo/sample_generator_1.0/component.xml
INFO: [IP_Flow 19-234] Refreshing IP repositories
INFO: [IP_Flow 19-1704] No user IP repositories specified
INFO: [IP_Flow 19-2313] Loaded Vivado IP repository '/home/rsaradhy/Software/Xilinx/Vivado/2019.2/data/ip'.
INFO: [IP_Flow 19-234] Refreshing IP repositories
INFO: [IP_Flow 19-1700] Loaded user IP repository '/home/rsaradhy/Work/trenz/mycores'.
INFO: [IP_Flow 19-795] Syncing license key meta-data
WARNING: [filemgmt 56-99] Vivado Synthesis ignores library specification for Verilog or SystemVerilog files. [/home/rsaradhy/Work/trenz/mycores/ip_repo/sample_generator_1.0/hdl/sample_generator_v1_0_M_AXIS.v:]
WARNING: [filemgmt 56-99] Vivado Synthesis ignores library specification for Verilog or SystemVerilog files. [/home/rsaradhy/Work/trenz/mycores/ip_repo/sample_generator_1.0/hdl/sample_generator_v1_0.v:]
update_compile_order -fileset sources_1
close_project
delete_bd_objs [get_bd_intf_nets sample_generator_0_M_AXIS]
connect_bd_intf_net [get_bd_intf_pins sample_generator_0/M_AXIS] [get_bd_intf_pins axi_dma_0/S_AXIS_S2MM]
ipx::edit_ip_in_project -upgrade true -name sample_generator_v1_0_project -directory /home/rsaradhy/Work/trenz/vivado/project_1/project_1.tmp/sample_generator_v1_0_project /home/rsaradhy/Work/trenz/mycores/ip_repo/sample_generator_1.0/component.xml
INFO: [IP_Flow 19-234] Refreshing IP repositories
INFO: [IP_Flow 19-1704] No user IP repositories specified
INFO: [IP_Flow 19-2313] Loaded Vivado IP repository '/home/rsaradhy/Software/Xilinx/Vivado/2019.2/data/ip'.
INFO: [IP_Flow 19-234] Refreshing IP repositories
INFO: [IP_Flow 19-1700] Loaded user IP repository '/home/rsaradhy/Work/trenz/mycores'.
INFO: [IP_Flow 19-795] Syncing license key meta-data
WARNING: [filemgmt 56-99] Vivado Synthesis ignores library specification for Verilog or SystemVerilog files. [/home/rsaradhy/Work/trenz/mycores/ip_repo/sample_generator_1.0/hdl/sample_generator_v1_0_M_AXIS.v:]
WARNING: [filemgmt 56-99] Vivado Synthesis ignores library specification for Verilog or SystemVerilog files. [/home/rsaradhy/Work/trenz/mycores/ip_repo/sample_generator_1.0/hdl/sample_generator_v1_0.v:]
update_compile_order -fileset sources_1
close_project
save_bd_design
Wrote  : </home/rsaradhy/Work/trenz/vivado/project_1/project_1.srcs/sources_1/bd/design_1/design_1.bd> 
Wrote  : </home/rsaradhy/Work/trenz/vivado/project_1/project_1.srcs/sources_1/bd/design_1/ui/bd_1f5defd0.ui> 
reset_run synth_1
launch_runs impl_1 -to_step write_bitstream -jobs 11
INFO: [Ipptcl 7-1463] No Compatible Board Interface found. Board Tab not created in customize GUI
WARNING: [xilinx.com:ip:smartconnect:1.0-1] design_1_axi_smc_0: Endpoint Slave READ_WRITE_MODE is WRITE_ONLY. To prevent illegal transaction from master to slave enable SUPPORTS_DECERR for S00_Entry through Advanced Properties.
WARNING: [BD 41-237] Bus Interface property AWUSER_WIDTH does not match between /ps8_0_axi_periph/s00_couplers/auto_pc/S_AXI(0) and /zynq_ultra_ps_e_0/M_AXI_HPM0_LPD(16)
WARNING: [BD 41-237] Bus Interface property ARUSER_WIDTH does not match between /ps8_0_axi_periph/s00_couplers/auto_pc/S_AXI(0) and /zynq_ultra_ps_e_0/M_AXI_HPM0_LPD(16)
WARNING: [BD 41-237] Bus Interface property AWUSER_WIDTH does not match between /zynq_ultra_ps_e_0/S_AXI_HP0_FPD(1) and /axi_smc/M00_AXI(0)
WARNING: [BD 41-237] Bus Interface property ARUSER_WIDTH does not match between /zynq_ultra_ps_e_0/S_AXI_HP0_FPD(1) and /axi_smc/M00_AXI(0)
Wrote  : </home/rsaradhy/Work/trenz/vivado/project_1/project_1.srcs/sources_1/bd/design_1/design_1.bd> 
VHDL Output written to : /home/rsaradhy/Work/trenz/vivado/project_1/project_1.srcs/sources_1/bd/design_1/synth/design_1.v
VHDL Output written to : /home/rsaradhy/Work/trenz/vivado/project_1/project_1.srcs/sources_1/bd/design_1/sim/design_1.v
VHDL Output written to : /home/rsaradhy/Work/trenz/vivado/project_1/project_1.srcs/sources_1/bd/design_1/hdl/design_1_wrapper.v
INFO: [BD 41-1029] Generation completed for the IP Integrator block zynq_ultra_ps_e_0 .
INFO: [BD 41-1029] Generation completed for the IP Integrator block axi_dma_0 .
INFO: [BD 41-1029] Generation completed for the IP Integrator block ps8_0_axi_periph/xbar .
INFO: [BD 41-1029] Generation completed for the IP Integrator block rst_ps8_0_100M .
Exporting to file /home/rsaradhy/Work/trenz/vivado/project_1/project_1.srcs/sources_1/bd/design_1/ip/design_1_axi_smc_0/bd_0/hw_handoff/design_1_axi_smc_0.hwh
Generated Block Design Tcl file /home/rsaradhy/Work/trenz/vivado/project_1/project_1.srcs/sources_1/bd/design_1/ip/design_1_axi_smc_0/bd_0/hw_handoff/design_1_axi_smc_0_bd.tcl
Generated Hardware Definition File /home/rsaradhy/Work/trenz/vivado/project_1/project_1.srcs/sources_1/bd/design_1/ip/design_1_axi_smc_0/bd_0/synth/design_1_axi_smc_0.hwdef
INFO: [BD 41-1029] Generation completed for the IP Integrator block axi_smc .
INFO: [BD 41-1029] Generation completed for the IP Integrator block axi_gpio_0 .
INFO: [BD 41-1029] Generation completed for the IP Integrator block sample_generator_0 .
WARNING: [IP_Flow 19-4994] Overwriting existing constraint file '/home/rsaradhy/Work/trenz/vivado/project_1/project_1.srcs/sources_1/bd/design_1/ip/design_1_auto_pc_0/design_1_auto_pc_0_ooc.xdc'
INFO: [BD 41-1029] Generation completed for the IP Integrator block ps8_0_axi_periph/s00_couplers/auto_pc .
Exporting to file /home/rsaradhy/Work/trenz/vivado/project_1/project_1.srcs/sources_1/bd/design_1/hw_handoff/design_1.hwh
Generated Block Design Tcl file /home/rsaradhy/Work/trenz/vivado/project_1/project_1.srcs/sources_1/bd/design_1/hw_handoff/design_1_bd.tcl
Generated Hardware Definition File /home/rsaradhy/Work/trenz/vivado/project_1/project_1.srcs/sources_1/bd/design_1/synth/design_1.hwdef
INFO: [IP_Flow 19-4993] Using cached IP synthesis design for IP design_1_auto_pc_0, cache-ID = 825563c9f1f185a5; cache size = 17.491 MB.
INFO: [IP_Flow 19-4993] Using cached IP synthesis design for IP design_1_axi_smc_0, cache-ID = 4d2b8f5642695872; cache size = 17.491 MB.
INFO: [IP_Flow 19-5642] Done with IP cache export for multiple IPs
[Fri Jul 17 06:34:41 2020] Launched synth_1...
Run output will be captured here: /home/rsaradhy/Work/trenz/vivado/project_1/project_1.runs/synth_1/runme.log
[Fri Jul 17 06:34:41 2020] Launched impl_1...
Run output will be captured here: /home/rsaradhy/Work/trenz/vivado/project_1/project_1.runs/impl_1/runme.log
launch_runs: Time (s): cpu = 00:00:13 ; elapsed = 00:00:11 . Memory (MB): peak = 7486.609 ; gain = 0.000 ; free physical = 24010 ; free virtual = 29753
INFO: [Ipptcl 7-1463] No Compatible Board Interface found. Board Tab not created in customize GUI
INFO: [Ipptcl 7-1463] No Compatible Board Interface found. Board Tab not created in customize GUI
reset_run synth_1
launch_runs impl_1 -to_step write_bitstream -jobs 11
[Fri Jul 17 06:52:41 2020] Launched synth_1...
Run output will be captured here: /home/rsaradhy/Work/trenz/vivado/project_1/project_1.runs/synth_1/runme.log
[Fri Jul 17 06:52:41 2020] Launched impl_1...
Run output will be captured here: /home/rsaradhy/Work/trenz/vivado/project_1/project_1.runs/impl_1/runme.log
reset_run synth_1
launch_runs impl_1 -to_step write_bitstream -jobs 11
[Fri Jul 17 07:09:37 2020] Launched synth_1...
Run output will be captured here: /home/rsaradhy/Work/trenz/vivado/project_1/project_1.runs/synth_1/runme.log
[Fri Jul 17 07:09:37 2020] Launched impl_1...
Run output will be captured here: /home/rsaradhy/Work/trenz/vivado/project_1/project_1.runs/impl_1/runme.log
delete_bd_objs [get_bd_intf_nets SEND2MMAP_AXIS_1]
ipx::edit_ip_in_project -upgrade true -name sample_generator_v1_0_project -directory /home/rsaradhy/Work/trenz/vivado/project_1/project_1.tmp/sample_generator_v1_0_project /home/rsaradhy/Work/trenz/mycores/ip_repo/sample_generator_1.0/component.xml
INFO: [IP_Flow 19-234] Refreshing IP repositories
INFO: [IP_Flow 19-1704] No user IP repositories specified
INFO: [IP_Flow 19-2313] Loaded Vivado IP repository '/home/rsaradhy/Software/Xilinx/Vivado/2019.2/data/ip'.
INFO: [IP_Flow 19-234] Refreshing IP repositories
INFO: [IP_Flow 19-1700] Loaded user IP repository '/home/rsaradhy/Work/trenz/mycores'.
INFO: [IP_Flow 19-795] Syncing license key meta-data
WARNING: [filemgmt 56-99] Vivado Synthesis ignores library specification for Verilog or SystemVerilog files. [/home/rsaradhy/Work/trenz/mycores/ip_repo/sample_generator_1.0/hdl/sample_generator_v1_0_M_AXIS.v:]
WARNING: [filemgmt 56-99] Vivado Synthesis ignores library specification for Verilog or SystemVerilog files. [/home/rsaradhy/Work/trenz/mycores/ip_repo/sample_generator_1.0/hdl/sample_generator_v1_0.v:]
update_compile_order -fileset sources_1
close_project
delete_bd_objs [get_bd_intf_nets sample_generator_0_M_AXIS]
WARNING: [IP_Flow 19-3899] Cannot get the environment domain name variable for the component vendor name. Setting the vendor name to 'user.org'.
startgroup
make_bd_intf_pins_external  [get_bd_intf_pins axi_dma_0/S_AXIS_S2MM]
endgroup
set_property CONFIG.ASSOCIATED_BUSIF {SEND2MMAP_AXIS:S_AXIS_S2MM_0} [get_bd_ports /CLK]
ipx::edit_ip_in_project -upgrade true -name sample_generator_v1_0_project -directory /home/rsaradhy/Work/trenz/vivado/project_1/project_1.tmp/sample_generator_v1_0_project /home/rsaradhy/Work/trenz/mycores/ip_repo/sample_generator_1.0/component.xml
INFO: [IP_Flow 19-234] Refreshing IP repositories
INFO: [IP_Flow 19-1704] No user IP repositories specified
INFO: [IP_Flow 19-2313] Loaded Vivado IP repository '/home/rsaradhy/Software/Xilinx/Vivado/2019.2/data/ip'.
INFO: [IP_Flow 19-234] Refreshing IP repositories
INFO: [IP_Flow 19-1700] Loaded user IP repository '/home/rsaradhy/Work/trenz/mycores'.
INFO: [IP_Flow 19-795] Syncing license key meta-data
WARNING: [filemgmt 56-99] Vivado Synthesis ignores library specification for Verilog or SystemVerilog files. [/home/rsaradhy/Work/trenz/mycores/ip_repo/sample_generator_1.0/hdl/sample_generator_v1_0_M_AXIS.v:]
WARNING: [filemgmt 56-99] Vivado Synthesis ignores library specification for Verilog or SystemVerilog files. [/home/rsaradhy/Work/trenz/mycores/ip_repo/sample_generator_1.0/hdl/sample_generator_v1_0.v:]
update_compile_order -fileset sources_1
ipx::unload_core /home/rsaradhy/Work/trenz/mycores/ip_repo/sample_generator_1.0/component.xml
close_project
delete_bd_objs [get_bd_intf_nets S_AXIS_S2MM_0_1]
delete_bd_objs [get_bd_intf_ports S_AXIS_S2MM_0]
connect_bd_intf_net [get_bd_intf_ports SEND2MMAP_AXIS] [get_bd_intf_pins axi_dma_0/S_AXIS_S2MM]
set_property location {-284 89} [get_bd_intf_ports SEND2MMAP_AXIS]
set_property location {-286 74} [get_bd_intf_ports SEND2MMAP_AXIS]
undo
INFO: [Common 17-17] undo 'set_property location {-286 74} [get_bd_intf_ports SEND2MMAP_AXIS]'
redo
INFO: [Common 17-16] redo 'set_property location {-286 74} [get_bd_intf_ports SEND2MMAP_AXIS]'
set_property location {-372 67} [get_bd_intf_ports SEND2MMAP_AXIS]
delete_bd_objs [get_bd_intf_nets SEND2MMAP_AXIS_1] [get_bd_intf_ports SEND2MMAP_AXIS]
startgroup
create_bd_port -dir I -from 31 -to 0 s_axis_s2mm_tdata
connect_bd_net [get_bd_pins /axi_dma_0/s_axis_s2mm_tdata] [get_bd_ports s_axis_s2mm_tdata]
WARNING: [BD 41-1306] The connection to interface pin /axi_dma_0/s_axis_s2mm_tdata is being overridden by the user. This pin will not be connected as a part of interface connection S_AXIS_S2MM
endgroup
startgroup
create_bd_port -dir I -from 3 -to 0 s_axis_s2mm_tkeep
connect_bd_net [get_bd_pins /axi_dma_0/s_axis_s2mm_tkeep] [get_bd_ports s_axis_s2mm_tkeep]
WARNING: [BD 41-1306] The connection to interface pin /axi_dma_0/s_axis_s2mm_tkeep is being overridden by the user. This pin will not be connected as a part of interface connection S_AXIS_S2MM
endgroup
startgroup
create_bd_port -dir I s_axis_s2mm_tlast
connect_bd_net [get_bd_pins /axi_dma_0/s_axis_s2mm_tlast] [get_bd_ports s_axis_s2mm_tlast]
WARNING: [BD 41-1306] The connection to interface pin /axi_dma_0/s_axis_s2mm_tlast is being overridden by the user. This pin will not be connected as a part of interface connection S_AXIS_S2MM
endgroup
startgroup
create_bd_port -dir O s_axis_s2mm_tready
connect_bd_net [get_bd_pins /axi_dma_0/s_axis_s2mm_tready] [get_bd_ports s_axis_s2mm_tready]
WARNING: [BD 41-1306] The connection to interface pin /axi_dma_0/s_axis_s2mm_tready is being overridden by the user. This pin will not be connected as a part of interface connection S_AXIS_S2MM
endgroup
startgroup
create_bd_port -dir I s_axis_s2mm_tvalid
connect_bd_net [get_bd_pins /axi_dma_0/s_axis_s2mm_tvalid] [get_bd_ports s_axis_s2mm_tvalid]
WARNING: [BD 41-1306] The connection to interface pin /axi_dma_0/s_axis_s2mm_tvalid is being overridden by the user. This pin will not be connected as a part of interface connection S_AXIS_S2MM
endgroup
regenerate_bd_layout -routing
set_property location {-79 243} [get_bd_ports s_axis_s2mm_tready]
validate_bd_design
INFO: [Ipptcl 7-1463] No Compatible Board Interface found. Board Tab not created in customize GUI
WARNING: [xilinx.com:ip:smartconnect:1.0-1] design_1_axi_smc_0: Endpoint Slave READ_WRITE_MODE is WRITE_ONLY. To prevent illegal transaction from master to slave enable SUPPORTS_DECERR for S00_Entry through Advanced Properties.
CRITICAL WARNING: [xilinx.com:ip:axi_dma:7.1-11] /axi_dma_0
                   #################################### 
                   S_AXIS_S2MM interface is unconnected
                   ####################################
WARNING: [BD 41-237] Bus Interface property AWUSER_WIDTH does not match between /ps8_0_axi_periph/s00_couplers/auto_pc/S_AXI(0) and /zynq_ultra_ps_e_0/M_AXI_HPM0_LPD(16)
WARNING: [BD 41-237] Bus Interface property ARUSER_WIDTH does not match between /ps8_0_axi_periph/s00_couplers/auto_pc/S_AXI(0) and /zynq_ultra_ps_e_0/M_AXI_HPM0_LPD(16)
WARNING: [BD 41-237] Bus Interface property AWUSER_WIDTH does not match between /zynq_ultra_ps_e_0/S_AXI_HP0_FPD(1) and /axi_smc/M00_AXI(0)
WARNING: [BD 41-237] Bus Interface property ARUSER_WIDTH does not match between /zynq_ultra_ps_e_0/S_AXI_HP0_FPD(1) and /axi_smc/M00_AXI(0)
CRITICAL WARNING: [BD 41-759] The input pins (listed below) are either not connected or do not have a source port, and they don't have a tie-off specified. These pins are tied-off to all 0's to avoid error in Implementation flow.
Please check your design and connect them as needed: 
/sample_generator_0/s_axis_tvalid

validate_bd_design: Time (s): cpu = 00:00:09 ; elapsed = 00:00:07 . Memory (MB): peak = 7688.414 ; gain = 0.000 ; free physical = 22124 ; free virtual = 28189
regenerate_bd_layout -routing
startgroup
make_bd_intf_pins_external  [get_bd_intf_pins axi_dma_0/S_AXIS_S2MM]
endgroup
make_wrapper -files [get_files /home/rsaradhy/Work/trenz/vivado/project_1/project_1.srcs/sources_1/bd/design_1/design_1.bd] -top
INFO: [Ipptcl 7-1463] No Compatible Board Interface found. Board Tab not created in customize GUI
WARNING: [xilinx.com:ip:smartconnect:1.0-1] design_1_axi_smc_0: Endpoint Slave READ_WRITE_MODE is WRITE_ONLY. To prevent illegal transaction from master to slave enable SUPPORTS_DECERR for S00_Entry through Advanced Properties.
WARNING: [BD 41-237] Bus Interface property AWUSER_WIDTH does not match between /ps8_0_axi_periph/s00_couplers/auto_pc/S_AXI(0) and /zynq_ultra_ps_e_0/M_AXI_HPM0_LPD(16)
WARNING: [BD 41-237] Bus Interface property ARUSER_WIDTH does not match between /ps8_0_axi_periph/s00_couplers/auto_pc/S_AXI(0) and /zynq_ultra_ps_e_0/M_AXI_HPM0_LPD(16)
WARNING: [BD 41-237] Bus Interface property AWUSER_WIDTH does not match between /zynq_ultra_ps_e_0/S_AXI_HP0_FPD(1) and /axi_smc/M00_AXI(0)
WARNING: [BD 41-237] Bus Interface property ARUSER_WIDTH does not match between /zynq_ultra_ps_e_0/S_AXI_HP0_FPD(1) and /axi_smc/M00_AXI(0)
CRITICAL WARNING: [BD 41-759] The input pins (listed below) are either not connected or do not have a source port, and they don't have a tie-off specified. These pins are tied-off to all 0's to avoid error in Implementation flow.
Please check your design and connect them as needed: 
/sample_generator_0/s_axis_tvalid

Wrote  : </home/rsaradhy/Work/trenz/vivado/project_1/project_1.srcs/sources_1/bd/design_1/design_1.bd> 
Wrote  : </home/rsaradhy/Work/trenz/vivado/project_1/project_1.srcs/sources_1/bd/design_1/ui/bd_1f5defd0.ui> 
VHDL Output written to : /home/rsaradhy/Work/trenz/vivado/project_1/project_1.srcs/sources_1/bd/design_1/synth/design_1.v
VHDL Output written to : /home/rsaradhy/Work/trenz/vivado/project_1/project_1.srcs/sources_1/bd/design_1/sim/design_1.v
VHDL Output written to : /home/rsaradhy/Work/trenz/vivado/project_1/project_1.srcs/sources_1/bd/design_1/hdl/design_1_wrapper.v
make_wrapper: Time (s): cpu = 00:00:06 ; elapsed = 00:00:06 . Memory (MB): peak = 7746.285 ; gain = 0.000 ; free physical = 22122 ; free virtual = 28187
delete_bd_objs [get_bd_nets FrameSize_0_1] [get_bd_nets En_0_1] [get_bd_nets AXI_En_0_1] [get_bd_cells sample_generator_0]
delete_bd_objs [get_bd_ports AXI_En_0]
delete_bd_objs [get_bd_ports FrameSize_0]
delete_bd_objs [get_bd_ports En_0]
make_wrapper -files [get_files /home/rsaradhy/Work/trenz/vivado/project_1/project_1.srcs/sources_1/bd/design_1/design_1.bd] -top
INFO: [Ipptcl 7-1463] No Compatible Board Interface found. Board Tab not created in customize GUI
WARNING: [xilinx.com:ip:smartconnect:1.0-1] design_1_axi_smc_0: Endpoint Slave READ_WRITE_MODE is WRITE_ONLY. To prevent illegal transaction from master to slave enable SUPPORTS_DECERR for S00_Entry through Advanced Properties.
WARNING: [BD 41-237] Bus Interface property AWUSER_WIDTH does not match between /ps8_0_axi_periph/s00_couplers/auto_pc/S_AXI(0) and /zynq_ultra_ps_e_0/M_AXI_HPM0_LPD(16)
WARNING: [BD 41-237] Bus Interface property ARUSER_WIDTH does not match between /ps8_0_axi_periph/s00_couplers/auto_pc/S_AXI(0) and /zynq_ultra_ps_e_0/M_AXI_HPM0_LPD(16)
WARNING: [BD 41-237] Bus Interface property AWUSER_WIDTH does not match between /zynq_ultra_ps_e_0/S_AXI_HP0_FPD(1) and /axi_smc/M00_AXI(0)
WARNING: [BD 41-237] Bus Interface property ARUSER_WIDTH does not match between /zynq_ultra_ps_e_0/S_AXI_HP0_FPD(1) and /axi_smc/M00_AXI(0)
Wrote  : </home/rsaradhy/Work/trenz/vivado/project_1/project_1.srcs/sources_1/bd/design_1/design_1.bd> 
Wrote  : </home/rsaradhy/Work/trenz/vivado/project_1/project_1.srcs/sources_1/bd/design_1/ui/bd_1f5defd0.ui> 
VHDL Output written to : /home/rsaradhy/Work/trenz/vivado/project_1/project_1.srcs/sources_1/bd/design_1/synth/design_1.v
VHDL Output written to : /home/rsaradhy/Work/trenz/vivado/project_1/project_1.srcs/sources_1/bd/design_1/sim/design_1.v
VHDL Output written to : /home/rsaradhy/Work/trenz/vivado/project_1/project_1.srcs/sources_1/bd/design_1/hdl/design_1_wrapper.v
make_wrapper: Time (s): cpu = 00:00:07 ; elapsed = 00:00:06 . Memory (MB): peak = 7904.359 ; gain = 0.000 ; free physical = 22104 ; free virtual = 28169
delete_bd_objs [get_bd_intf_nets S_AXIS_S2MM_0_1] [get_bd_intf_ports S_AXIS_S2MM_0]
validate_bd_design
INFO: [Ipptcl 7-1463] No Compatible Board Interface found. Board Tab not created in customize GUI
WARNING: [xilinx.com:ip:smartconnect:1.0-1] design_1_axi_smc_0: Endpoint Slave READ_WRITE_MODE is WRITE_ONLY. To prevent illegal transaction from master to slave enable SUPPORTS_DECERR for S00_Entry through Advanced Properties.
CRITICAL WARNING: [xilinx.com:ip:axi_dma:7.1-11] /axi_dma_0
                   #################################### 
                   S_AXIS_S2MM interface is unconnected
                   ####################################
WARNING: [BD 41-237] Bus Interface property AWUSER_WIDTH does not match between /ps8_0_axi_periph/s00_couplers/auto_pc/S_AXI(0) and /zynq_ultra_ps_e_0/M_AXI_HPM0_LPD(16)
WARNING: [BD 41-237] Bus Interface property ARUSER_WIDTH does not match between /ps8_0_axi_periph/s00_couplers/auto_pc/S_AXI(0) and /zynq_ultra_ps_e_0/M_AXI_HPM0_LPD(16)
WARNING: [BD 41-237] Bus Interface property AWUSER_WIDTH does not match between /zynq_ultra_ps_e_0/S_AXI_HP0_FPD(1) and /axi_smc/M00_AXI(0)
WARNING: [BD 41-237] Bus Interface property ARUSER_WIDTH does not match between /zynq_ultra_ps_e_0/S_AXI_HP0_FPD(1) and /axi_smc/M00_AXI(0)
set_property location {-27 192} [get_bd_ports s_axis_s2mm_tvalid]
set_property location {-27 195} [get_bd_ports s_axis_s2mm_tready]
set_property location {-29 224} [get_bd_ports s_axis_s2mm_tvalid]
make_wrapper -files [get_files /home/rsaradhy/Work/trenz/vivado/project_1/project_1.srcs/sources_1/bd/design_1/design_1.bd] -top
INFO: [BD 41-1662] The design 'design_1.bd' is already validated. Therefore parameter propagation will not be re-run.
Wrote  : </home/rsaradhy/Work/trenz/vivado/project_1/project_1.srcs/sources_1/bd/design_1/design_1.bd> 
Wrote  : </home/rsaradhy/Work/trenz/vivado/project_1/project_1.srcs/sources_1/bd/design_1/ui/bd_1f5defd0.ui> 
VHDL Output written to : /home/rsaradhy/Work/trenz/vivado/project_1/project_1.srcs/sources_1/bd/design_1/synth/design_1.v
VHDL Output written to : /home/rsaradhy/Work/trenz/vivado/project_1/project_1.srcs/sources_1/bd/design_1/sim/design_1.v
VHDL Output written to : /home/rsaradhy/Work/trenz/vivado/project_1/project_1.srcs/sources_1/bd/design_1/hdl/design_1_wrapper.v
reset_run synth_1
launch_runs impl_1 -to_step write_bitstream -jobs 11
INFO: [BD 41-1662] The design 'design_1.bd' is already validated. Therefore parameter propagation will not be re-run.
Wrote  : </home/rsaradhy/Work/trenz/vivado/project_1/project_1.srcs/sources_1/bd/design_1/design_1.bd> 
VHDL Output written to : /home/rsaradhy/Work/trenz/vivado/project_1/project_1.srcs/sources_1/bd/design_1/synth/design_1.v
VHDL Output written to : /home/rsaradhy/Work/trenz/vivado/project_1/project_1.srcs/sources_1/bd/design_1/sim/design_1.v
VHDL Output written to : /home/rsaradhy/Work/trenz/vivado/project_1/project_1.srcs/sources_1/bd/design_1/hdl/design_1_wrapper.v
INFO: [BD 41-1029] Generation completed for the IP Integrator block zynq_ultra_ps_e_0 .
INFO: [BD 41-1029] Generation completed for the IP Integrator block axi_dma_0 .
INFO: [BD 41-1029] Generation completed for the IP Integrator block ps8_0_axi_periph/xbar .
INFO: [BD 41-1029] Generation completed for the IP Integrator block rst_ps8_0_100M .
Exporting to file /home/rsaradhy/Work/trenz/vivado/project_1/project_1.srcs/sources_1/bd/design_1/ip/design_1_axi_smc_0/bd_0/hw_handoff/design_1_axi_smc_0.hwh
Generated Block Design Tcl file /home/rsaradhy/Work/trenz/vivado/project_1/project_1.srcs/sources_1/bd/design_1/ip/design_1_axi_smc_0/bd_0/hw_handoff/design_1_axi_smc_0_bd.tcl
Generated Hardware Definition File /home/rsaradhy/Work/trenz/vivado/project_1/project_1.srcs/sources_1/bd/design_1/ip/design_1_axi_smc_0/bd_0/synth/design_1_axi_smc_0.hwdef
INFO: [BD 41-1029] Generation completed for the IP Integrator block axi_smc .
INFO: [BD 41-1029] Generation completed for the IP Integrator block axi_gpio_0 .
WARNING: [IP_Flow 19-4994] Overwriting existing constraint file '/home/rsaradhy/Work/trenz/vivado/project_1/project_1.srcs/sources_1/bd/design_1/ip/design_1_auto_pc_0/design_1_auto_pc_0_ooc.xdc'
INFO: [BD 41-1029] Generation completed for the IP Integrator block ps8_0_axi_periph/s00_couplers/auto_pc .
Exporting to file /home/rsaradhy/Work/trenz/vivado/project_1/project_1.srcs/sources_1/bd/design_1/hw_handoff/design_1.hwh
Generated Block Design Tcl file /home/rsaradhy/Work/trenz/vivado/project_1/project_1.srcs/sources_1/bd/design_1/hw_handoff/design_1_bd.tcl
Generated Hardware Definition File /home/rsaradhy/Work/trenz/vivado/project_1/project_1.srcs/sources_1/bd/design_1/synth/design_1.hwdef
INFO: [IP_Flow 19-4993] Using cached IP synthesis design for IP design_1_auto_pc_0, cache-ID = 825563c9f1f185a5; cache size = 17.491 MB.
INFO: [IP_Flow 19-4993] Using cached IP synthesis design for IP design_1_axi_smc_0, cache-ID = 4d2b8f5642695872; cache size = 17.491 MB.
INFO: [IP_Flow 19-5642] Done with IP cache export for multiple IPs
[Fri Jul 17 07:48:59 2020] Launched synth_1...
Run output will be captured here: /home/rsaradhy/Work/trenz/vivado/project_1/project_1.runs/synth_1/runme.log
[Fri Jul 17 07:48:59 2020] Launched impl_1...
Run output will be captured here: /home/rsaradhy/Work/trenz/vivado/project_1/project_1.runs/impl_1/runme.log
delete_bd_objs [get_bd_nets s_axis_s2mm_tdata_1]
delete_bd_objs [get_bd_ports s_axis_s2mm_tdata]
delete_bd_objs [get_bd_nets s_axis_s2mm_tkeep_1] [get_bd_ports s_axis_s2mm_tkeep]
delete_bd_objs [get_bd_nets s_axis_s2mm_tlast_1] [get_bd_ports s_axis_s2mm_tlast]
delete_bd_objs [get_bd_nets axi_dma_0_s_axis_s2mm_tready] [get_bd_ports s_axis_s2mm_tready]
delete_bd_objs [get_bd_nets s_axis_s2mm_tvalid_1] [get_bd_ports s_axis_s2mm_tvalid]
ipx::open_ipxact_file /home/rsaradhy/Software/Xilinx/Vivado/2019.2/data/ip/interfaces/axis_v1_0/axis.xml
ipx::unload_abstraction_definition /home/rsaradhy/Software/Xilinx/Vivado/2019.2/data/ip/interfaces/axis_v1_0/axis_rtl.xml
ipx::unload_bus_definition /home/rsaradhy/Software/Xilinx/Vivado/2019.2/data/ip/interfaces/axis_v1_0/axis.xml
WARNING: [IP_Flow 19-3899] Cannot get the environment domain name variable for the component vendor name. Setting the vendor name to 'user.org'.
WARNING: [IP_Flow 19-3899] Cannot get the environment domain name variable for the component vendor name. Setting the vendor name to 'user.org'.
WARNING: [IP_Flow 19-3899] Cannot get the environment domain name variable for the component vendor name. Setting the vendor name to 'user.org'.
create_peripheral user.org user AXIS_distributor 1.0 -dir /home/rsaradhy/Work/trenz/vivado/ip_repo
add_peripheral_interface M00_AXIS -interface_mode master -axi_type stream [ipx::find_open_core user.org:user:AXIS_distributor:1.0]
generate_peripheral [ipx::find_open_core user.org:user:AXIS_distributor:1.0]
write_peripheral [ipx::find_open_core user.org:user:AXIS_distributor:1.0]
set_property  ip_repo_paths  {/home/rsaradhy/Work/trenz/vivado/ip_repo/AXIS_distributor_1.0 /home/rsaradhy/Work/trenz/mycores} [current_project]
update_ip_catalog -rebuild
INFO: [IP_Flow 19-234] Refreshing IP repositories
INFO: [IP_Flow 19-1700] Loaded user IP repository '/home/rsaradhy/Work/trenz/vivado/ip_repo/AXIS_distributor_1.0'.
INFO: [IP_Flow 19-1700] Loaded user IP repository '/home/rsaradhy/Work/trenz/mycores'.
startgroup
create_bd_cell -type ip -vlnv user.org:user:AXIS_distributor:1.0 AXIS_distributor_0
endgroup
connect_bd_intf_net [get_bd_intf_pins AXIS_distributor_0/M00_AXIS] [get_bd_intf_pins axi_dma_0/S_AXIS_S2MM]
connect_bd_net [get_bd_pins AXIS_distributor_0/m00_axis_aresetn] [get_bd_pins rst_ps8_0_100M/peripheral_aresetn]
connect_bd_net [get_bd_pins AXIS_distributor_0/m00_axis_aclk] [get_bd_pins zynq_ultra_ps_e_0/pl_clk0]
delete_bd_objs [get_bd_intf_nets AXIS_distributor_0_M00_AXIS] [get_bd_cells AXIS_distributor_0]
startgroup
create_bd_cell -type ip -vlnv xilinx.com:ip:axi_data_fifo:2.1 axi_data_fifo_0
endgroup
delete_bd_objs [get_bd_cells axi_data_fifo_0]
WARNING: [IP_Flow 19-3899] Cannot get the environment domain name variable for the component vendor name. Setting the vendor name to 'user.org'.
update_ip_catalog -rebuild
INFO: [IP_Flow 19-234] Refreshing IP repositories
INFO: [IP_Flow 19-1700] Loaded user IP repository '/home/rsaradhy/Work/trenz/vivado/ip_repo/AXIS_distributor_1.0'.
INFO: [IP_Flow 19-1700] Loaded user IP repository '/home/rsaradhy/Work/trenz/mycores'.
WARNING: [IP_Flow 19-3899] Cannot get the environment domain name variable for the component vendor name. Setting the vendor name to 'user.org'.
update_ip_catalog -rebuild
INFO: [IP_Flow 19-234] Refreshing IP repositories
INFO: [IP_Flow 19-1700] Loaded user IP repository '/home/rsaradhy/Work/trenz/vivado/ip_repo/AXIS_distributor_1.0'.
INFO: [IP_Flow 19-1700] Loaded user IP repository '/home/rsaradhy/Work/trenz/mycores'.
WARNING: [IP_Flow 19-3899] Cannot get the environment domain name variable for the component vendor name. Setting the vendor name to 'user.org'.
update_ip_catalog -rebuild
INFO: [IP_Flow 19-234] Refreshing IP repositories
INFO: [IP_Flow 19-1700] Loaded user IP repository '/home/rsaradhy/Work/trenz/vivado/ip_repo/AXIS_distributor_1.0'.
INFO: [IP_Flow 19-1700] Loaded user IP repository '/home/rsaradhy/Work/trenz/mycores'.
WARNING: [IP_Flow 19-3899] Cannot get the environment domain name variable for the component vendor name. Setting the vendor name to 'user.org'.
WARNING: [IP_Flow 19-3899] Cannot get the environment domain name variable for the component vendor name. Setting the vendor name to 'user.org'.
WARNING: [IP_Flow 19-3899] Cannot get the environment domain name variable for the component vendor name. Setting the vendor name to 'user.org'.
set_property  ip_repo_paths  {/home/rsaradhy/Work/trenz/vivado/ip_repo/AXIS_distributor_1.0 /home/rsaradhy/Work/trenz/mycores /home/rsaradhy/Work/trenz/mycores/ip_repo} [current_project]
update_ip_catalog
INFO: [IP_Flow 19-234] Refreshing IP repositories
INFO: [IP_Flow 19-1700] Loaded user IP repository '/home/rsaradhy/Work/trenz/vivado/ip_repo/AXIS_distributor_1.0'.
INFO: [IP_Flow 19-1700] Loaded user IP repository '/home/rsaradhy/Work/trenz/mycores'.
WARNING: [IP_Flow 19-3685] Ignored loading user repository '/home/rsaradhy/Work/trenz/mycores/ip_repo'. The path is contained within another repository.
WARNING: [IP_Flow 19-3899] Cannot get the environment domain name variable for the component vendor name. Setting the vendor name to 'user.org'.
set_property  ip_repo_paths  {/home/rsaradhy/Work/trenz/vivado/ip_repo/AXIS_distributor_1.0 /home/rsaradhy/Work/trenz/mycores} [current_project]
update_ip_catalog
INFO: [IP_Flow 19-234] Refreshing IP repositories
INFO: [IP_Flow 19-1700] Loaded user IP repository '/home/rsaradhy/Work/trenz/vivado/ip_repo/AXIS_distributor_1.0'.
INFO: [IP_Flow 19-1700] Loaded user IP repository '/home/rsaradhy/Work/trenz/mycores'.
WARNING: [IP_Flow 19-3899] Cannot get the environment domain name variable for the component vendor name. Setting the vendor name to 'user.org'.
set_property  ip_repo_paths  /home/rsaradhy/Work/trenz/vivado/ip_repo/AXIS_distributor_1.0 [current_project]
update_ip_catalog
INFO: [IP_Flow 19-234] Refreshing IP repositories
INFO: [IP_Flow 19-1700] Loaded user IP repository '/home/rsaradhy/Work/trenz/vivado/ip_repo/AXIS_distributor_1.0'.
WARNING: [IP_Flow 19-3899] Cannot get the environment domain name variable for the component vendor name. Setting the vendor name to 'user.org'.
set_property  ip_repo_paths  {/home/rsaradhy/Work/trenz/vivado/ip_repo/AXIS_distributor_1.0 /home/rsaradhy/Work/trenz/mycores/ip_repo} [current_project]
update_ip_catalog
INFO: [IP_Flow 19-234] Refreshing IP repositories
INFO: [IP_Flow 19-1700] Loaded user IP repository '/home/rsaradhy/Work/trenz/vivado/ip_repo/AXIS_distributor_1.0'.
INFO: [IP_Flow 19-1700] Loaded user IP repository '/home/rsaradhy/Work/trenz/mycores/ip_repo'.
WARNING: [IP_Flow 19-3899] Cannot get the environment domain name variable for the component vendor name. Setting the vendor name to 'user.org'.
WARNING: [IP_Flow 19-3899] Cannot get the environment domain name variable for the component vendor name. Setting the vendor name to 'user.org'.
WARNING: [IP_Flow 19-3899] Cannot get the environment domain name variable for the component vendor name. Setting the vendor name to 'user.org'.
set_property  ip_repo_paths  /home/rsaradhy/Work/trenz/vivado/ip_repo/AXIS_distributor_1.0 [current_project]
update_ip_catalog
INFO: [IP_Flow 19-234] Refreshing IP repositories
INFO: [IP_Flow 19-1700] Loaded user IP repository '/home/rsaradhy/Work/trenz/vivado/ip_repo/AXIS_distributor_1.0'.
WARNING: [IP_Flow 19-3899] Cannot get the environment domain name variable for the component vendor name. Setting the vendor name to 'user.org'.
update_ip_catalog -rebuild
INFO: [IP_Flow 19-234] Refreshing IP repositories
INFO: [IP_Flow 19-1700] Loaded user IP repository '/home/rsaradhy/Work/trenz/vivado/ip_repo/AXIS_distributor_1.0'.
WARNING: [IP_Flow 19-3899] Cannot get the environment domain name variable for the component vendor name. Setting the vendor name to 'user.org'.
set_property  ip_repo_paths  {/home/rsaradhy/Work/trenz/vivado/ip_repo/AXIS_distributor_1.0 /home/rsaradhy/Work/trenz/mycores/ip_repo/data_transfer_1.0} [current_project]
update_ip_catalog
INFO: [IP_Flow 19-234] Refreshing IP repositories
INFO: [IP_Flow 19-1700] Loaded user IP repository '/home/rsaradhy/Work/trenz/vivado/ip_repo/AXIS_distributor_1.0'.
INFO: [IP_Flow 19-1700] Loaded user IP repository '/home/rsaradhy/Work/trenz/mycores/ip_repo/data_transfer_1.0'.
WARNING: [IP_Flow 19-3899] Cannot get the environment domain name variable for the component vendor name. Setting the vendor name to 'user.org'.
WARNING: [IP_Flow 19-3899] Cannot get the environment domain name variable for the component vendor name. Setting the vendor name to 'user.org'.
WARNING: [IP_Flow 19-3899] Cannot get the environment domain name variable for the component vendor name. Setting the vendor name to 'user.org'.
set_property  ip_repo_paths  /home/rsaradhy/Work/trenz/vivado/ip_repo/AXIS_distributor_1.0 [current_project]
update_ip_catalog
INFO: [IP_Flow 19-234] Refreshing IP repositories
INFO: [IP_Flow 19-1700] Loaded user IP repository '/home/rsaradhy/Work/trenz/vivado/ip_repo/AXIS_distributor_1.0'.
WARNING: [IP_Flow 19-3899] Cannot get the environment domain name variable for the component vendor name. Setting the vendor name to 'user.org'.
set_property  ip_repo_paths  {/home/rsaradhy/Work/trenz/vivado/ip_repo/AXIS_distributor_1.0 /home/rsaradhy/Work/trenz/mycores/ip_repo} [current_project]
update_ip_catalog
INFO: [IP_Flow 19-234] Refreshing IP repositories
INFO: [IP_Flow 19-1700] Loaded user IP repository '/home/rsaradhy/Work/trenz/vivado/ip_repo/AXIS_distributor_1.0'.
INFO: [IP_Flow 19-1700] Loaded user IP repository '/home/rsaradhy/Work/trenz/mycores/ip_repo'.
WARNING: [IP_Flow 19-3899] Cannot get the environment domain name variable for the component vendor name. Setting the vendor name to 'user.org'.
WARNING: [IP_Flow 19-3899] Cannot get the environment domain name variable for the component vendor name. Setting the vendor name to 'user.org'.
save_bd_design
Wrote  : </home/rsaradhy/Work/trenz/vivado/project_1/project_1.srcs/sources_1/bd/design_1/design_1.bd> 
Wrote  : </home/rsaradhy/Work/trenz/vivado/project_1/project_1.srcs/sources_1/bd/design_1/ui/bd_1f5defd0.ui> 
exit
INFO: [Common 17-206] Exiting Vivado at Wed Jul 22 05:19:17 2020...
