#-----------------------------------------------------------
# Vivado v2019.2 (64-bit)
# SW Build 2708876 on Wed Nov  6 21:39:14 MST 2019
# IP Build 2700528 on Thu Nov  7 00:09:20 MST 2019
# Start of session at: Thu Aug  6 12:10:53 2020
# Process ID: 16600
# Current directory: /home/rsaradhy/Work/trenz/vivado/project_1
# Command line: vivado project_1.xpr
# Log file: /home/rsaradhy/Work/trenz/vivado/project_1/vivado.log
# Journal file: /home/rsaradhy/Work/trenz/vivado/project_1/vivado.jou
#-----------------------------------------------------------
start_gui
open_project project_1.xpr
Scanning sources...
Finished scanning sources
INFO: [IP_Flow 19-234] Refreshing IP repositories
INFO: [IP_Flow 19-1700] Loaded user IP repository '/home/rsaradhy/Work/trenz/vivado/ip_repo/AXIS_distributor_1.0'.
INFO: [IP_Flow 19-1700] Loaded user IP repository '/home/rsaradhy/Work/trenz/mycores/ip_repo'.
INFO: [IP_Flow 19-2313] Loaded Vivado IP repository '/home/rsaradhy/Software/Xilinx/Vivado/2019.2/data/ip'.
open_project: Time (s): cpu = 00:00:17 ; elapsed = 00:00:10 . Memory (MB): peak = 6650.195 ; gain = 168.469 ; free physical = 24701 ; free virtual = 29871
update_compile_order -fileset sources_1
update_compile_order -fileset sources_1
set_property is_enabled false [get_files  /home/rsaradhy/Work/trenz/vivado/project_1/project_1.srcs/sources_1/new/DDMTD_Signal_Generator.v]
close [ open /home/rsaradhy/Work/trenz/vivado/project_1/project_1.srcs/sources_1/new/fifo_chain.v w ]
add_files /home/rsaradhy/Work/trenz/vivado/project_1/project_1.srcs/sources_1/new/fifo_chain.v
update_compile_order -fileset sources_1
set_property is_enabled false [get_files  /home/rsaradhy/Work/trenz/vivado/project_1/project_1.srcs/sources_1/ip/clk_wiz_0_1/clk_wiz_0.xci]
