#-----------------------------------------------------------
# Vivado v2019.2 (64-bit)
# SW Build 2708876 on Wed Nov  6 21:39:14 MST 2019
# IP Build 2700528 on Thu Nov  7 00:09:20 MST 2019
# Start of session at: Sat Sep 12 20:05:33 2020
# Process ID: 20663
# Current directory: /home/rsaradhy/Work/trenz/vivado/project_1
# Command line: vivado project_1.xpr
# Log file: /home/rsaradhy/Work/trenz/vivado/project_1/vivado.log
# Journal file: /home/rsaradhy/Work/trenz/vivado/project_1/vivado.jou
#-----------------------------------------------------------
start_gui
open_project project_1.xpr
Scanning sources...
Finished scanning sources
INFO: [IP_Flow 19-234] Refreshing IP repositories
INFO: [IP_Flow 19-1700] Loaded user IP repository '/home/rsaradhy/Work/trenz/vivado/ip_repo/AXIS_distributor_1.0'.
INFO: [IP_Flow 19-1700] Loaded user IP repository '/home/rsaradhy/Work/trenz/mycores/ip_repo'.
INFO: [IP_Flow 19-2313] Loaded Vivado IP repository '/home/rsaradhy/Software/Xilinx/Vivado/2019.2/data/ip'.
open_project: Time (s): cpu = 00:00:20 ; elapsed = 00:00:10 . Memory (MB): peak = 6690.090 ; gain = 214.609 ; free physical = 17534 ; free virtual = 27650
open_bd_design {/home/rsaradhy/Work/trenz/vivado/project_1/project_1.srcs/sources_1/bd/design_1/design_1.bd}
Adding component instance block -- xilinx.com:ip:zynq_ultra_ps_e:3.3 - zynq_ultra_ps_e_0
Adding component instance block -- xilinx.com:ip:axi_dma:7.1 - axi_dma_0
Adding component instance block -- xilinx.com:ip:axi_interconnect:2.1 - ps8_0_axi_periph
Adding component instance block -- xilinx.com:ip:axi_crossbar:2.1 - xbar
Adding component instance block -- xilinx.com:ip:axi_protocol_converter:2.1 - auto_pc
Adding component instance block -- xilinx.com:ip:proc_sys_reset:5.0 - rst_ps8_0_100M
Adding component instance block -- xilinx.com:ip:smartconnect:1.0 - axi_smc
Adding component instance block -- xilinx.com:ip:axi_gpio:2.0 - axi_gpio_0
Adding component instance block -- user.org:user:data_transfer:1.0 - data_transfer_0
Excluding slave segment /zynq_ultra_ps_e_0/SAXIGP0/HPC0_LPS_OCM from address space /axi_dma_0/Data_S2MM.
Successfully read diagram <design_1> from BD file </home/rsaradhy/Work/trenz/vivado/project_1/project_1.srcs/sources_1/bd/design_1/design_1.bd>
open_bd_design: Time (s): cpu = 00:00:10 ; elapsed = 00:00:05 . Memory (MB): peak = 6914.812 ; gain = 0.000 ; free physical = 17257 ; free virtual = 27454
startgroup
create_bd_cell -type ip -vlnv xilinx.com:ip:blk_mem_gen:8.4 blk_mem_gen_0
endgroup
WARNING: [IP_Flow 19-4067] Ignoring invalid widget type specified checkbox.Providing a default widget
WARNING: [IP_Flow 19-4067] Ignoring invalid widget type specified checkbox.Providing a default widget
set_property -dict [list CONFIG.Memory_Type {True_Dual_Port_RAM} CONFIG.Enable_B {Use_ENB_Pin} CONFIG.Use_RSTB_Pin {true} CONFIG.Port_B_Clock {100} CONFIG.Port_B_Write_Rate {50} CONFIG.Port_B_Enable_Rate {100}] [get_bd_cells blk_mem_gen_0]
WARNING: [IP_Flow 19-4067] Ignoring invalid widget type specified checkbox.Providing a default widget
WARNING: [IP_Flow 19-4067] Ignoring invalid widget type specified checkbox.Providing a default widget
delete_bd_objs [get_bd_cells blk_mem_gen_0]
startgroup
create_bd_cell -type ip -vlnv xilinx.com:ip:axi_bram_ctrl:4.1 axi_bram_ctrl_0
INFO: [xilinx.com:ip:axi_bram_ctrl:4.1-2] design_1_axi_bram_ctrl_0_0: In IP Integrator, please note that memory depth value gets calculated based on the Data Width of the IP and Address range selected in the Address Editor.Incase a validation error occured on the range of this parameter, please check if the selected Data width and the Address Range are valid. For valid Data width and memory depth values, please refer to the AXI BRAM Controller Product Guide.
INFO: [xilinx.com:ip:axi_bram_ctrl:4.1-1] design_1_axi_bram_ctrl_0_0: In IP Integrator, The Maximum address range supported is 2G. Selecting the address range more than 2G in the address editor may resets the value of Memory depth to default value (1024). please refer to the AXI BRAM Controller Product Guide.
endgroup
WARNING: [IP_Flow 19-465] param 'READ_LATENCY' already exists. Ignoring.
WARNING: [IP_Flow 19-465] param 'RD_CMD_OPTIMIZATION' already exists. Ignoring.
set_property -dict [list CONFIG.SUPPORTS_NARROW_BURST.VALUE_SRC PROPAGATED] [get_bd_cells axi_bram_ctrl_0]
set_property -dict [list CONFIG.SINGLE_PORT_BRAM {1}] [get_bd_cells axi_bram_ctrl_0]
WARNING: [IP_Flow 19-465] param 'READ_LATENCY' already exists. Ignoring.
WARNING: [IP_Flow 19-465] param 'RD_CMD_OPTIMIZATION' already exists. Ignoring.
WARNING: [IP_Flow 19-465] param 'READ_LATENCY' already exists. Ignoring.
WARNING: [IP_Flow 19-465] param 'RD_CMD_OPTIMIZATION' already exists. Ignoring.
WARNING: [IP_Flow 19-465] param 'READ_LATENCY' already exists. Ignoring.
WARNING: [IP_Flow 19-465] param 'RD_CMD_OPTIMIZATION' already exists. Ignoring.
INFO: [xilinx.com:ip:axi_bram_ctrl:4.1-2] design_1_axi_bram_ctrl_0_0: In IP Integrator, please note that memory depth value gets calculated based on the Data Width of the IP and Address range selected in the Address Editor.Incase a validation error occured on the range of this parameter, please check if the selected Data width and the Address Range are valid. For valid Data width and memory depth values, please refer to the AXI BRAM Controller Product Guide.
INFO: [xilinx.com:ip:axi_bram_ctrl:4.1-1] design_1_axi_bram_ctrl_0_0: In IP Integrator, The Maximum address range supported is 2G. Selecting the address range more than 2G in the address editor may resets the value of Memory depth to default value (1024). please refer to the AXI BRAM Controller Product Guide.
set_property -dict [list CONFIG.DATA_WIDTH {512} CONFIG.ECC_TYPE {0}] [get_bd_cells axi_bram_ctrl_0]
INFO: [xilinx.com:ip:axi_bram_ctrl:4.1-2] design_1_axi_bram_ctrl_0_0: In IP Integrator, please note that memory depth value gets calculated based on the Data Width of the IP and Address range selected in the Address Editor.Incase a validation error occured on the range of this parameter, please check if the selected Data width and the Address Range are valid. For valid Data width and memory depth values, please refer to the AXI BRAM Controller Product Guide.
INFO: [xilinx.com:ip:axi_bram_ctrl:4.1-1] design_1_axi_bram_ctrl_0_0: In IP Integrator, The Maximum address range supported is 2G. Selecting the address range more than 2G in the address editor may resets the value of Memory depth to default value (1024). please refer to the AXI BRAM Controller Product Guide.
delete_bd_objs [get_bd_cells axi_bram_ctrl_0]
exit
INFO: [Common 17-206] Exiting Vivado at Sat Sep 12 20:13:35 2020...
