#-----------------------------------------------------------
# Vivado v2019.2 (64-bit)
# SW Build 2708876 on Wed Nov  6 21:39:14 MST 2019
# IP Build 2700528 on Thu Nov  7 00:09:20 MST 2019
# Start of session at: Fri Jul 17 04:34:23 2020
# Process ID: 16151
# Current directory: /home/rsaradhy/Work/trenz/vivado/project_1
# Command line: vivado project_1.xpr
# Log file: /home/rsaradhy/Work/trenz/vivado/project_1/vivado.log
# Journal file: /home/rsaradhy/Work/trenz/vivado/project_1/vivado.jou
#-----------------------------------------------------------
start_gui
open_project project_1.xpr
Scanning sources...
Finished scanning sources
INFO: [IP_Flow 19-234] Refreshing IP repositories
INFO: [IP_Flow 19-1700] Loaded user IP repository '/home/rsaradhy/Work/trenz/mycores'.
INFO: [IP_Flow 19-2313] Loaded Vivado IP repository '/home/rsaradhy/Software/Xilinx/Vivado/2019.2/data/ip'.
open_project: Time (s): cpu = 00:00:16 ; elapsed = 00:00:09 . Memory (MB): peak = 6635.824 ; gain = 191.961 ; free physical = 27709 ; free virtual = 32462
update_compile_order -fileset sources_1
open_bd_design {/home/rsaradhy/Work/trenz/vivado/project_1/project_1.srcs/sources_1/bd/design_1/design_1.bd}
Adding component instance block -- xilinx.com:ip:zynq_ultra_ps_e:3.3 - zynq_ultra_ps_e_0
Adding component instance block -- xilinx.com:ip:axi_dma:7.1 - axi_dma_0
Adding component instance block -- xilinx.com:ip:axi_interconnect:2.1 - ps8_0_axi_periph
Adding component instance block -- xilinx.com:ip:axi_crossbar:2.1 - xbar
Adding component instance block -- xilinx.com:ip:axi_protocol_converter:2.1 - auto_pc
Adding component instance block -- xilinx.com:ip:proc_sys_reset:5.0 - rst_ps8_0_100M
Adding component instance block -- xilinx.com:ip:smartconnect:1.0 - axi_smc
Adding component instance block -- xilinx.com:ip:axi_gpio:2.0 - axi_gpio_0
Excluding slave segment /zynq_ultra_ps_e_0/SAXIGP2/HP0_LPS_OCM from address space /axi_dma_0/Data_S2MM.
Successfully read diagram <design_1> from BD file </home/rsaradhy/Work/trenz/vivado/project_1/project_1.srcs/sources_1/bd/design_1/design_1.bd>
validate_bd_design -force
CRITICAL WARNING: [BD 41-968] AXI interface port /SEND2MMAP_AXIS is not associated to any clock port. It may not work correctly. Please update ASSOCIATED_BUSIF parameter of a clock port to include this interface port.
INFO: [Ipptcl 7-1463] No Compatible Board Interface found. Board Tab not created in customize GUI
WARNING: [xilinx.com:ip:smartconnect:1.0-1] design_1_axi_smc_0: Endpoint Slave READ_WRITE_MODE is WRITE_ONLY. To prevent illegal transaction from master to slave enable SUPPORTS_DECERR for S00_Entry through Advanced Properties.
WARNING: [BD 41-237] Bus Interface property AWUSER_WIDTH does not match between /ps8_0_axi_periph/s00_couplers/auto_pc/S_AXI(0) and /zynq_ultra_ps_e_0/M_AXI_HPM0_LPD(16)
WARNING: [BD 41-237] Bus Interface property ARUSER_WIDTH does not match between /ps8_0_axi_periph/s00_couplers/auto_pc/S_AXI(0) and /zynq_ultra_ps_e_0/M_AXI_HPM0_LPD(16)
WARNING: [BD 41-237] Bus Interface property AWUSER_WIDTH does not match between /zynq_ultra_ps_e_0/S_AXI_HP0_FPD(1) and /axi_smc/M00_AXI(0)
WARNING: [BD 41-237] Bus Interface property ARUSER_WIDTH does not match between /zynq_ultra_ps_e_0/S_AXI_HP0_FPD(1) and /axi_smc/M00_AXI(0)
validate_bd_design: Time (s): cpu = 00:00:11 ; elapsed = 00:00:07 . Memory (MB): peak = 6854.488 ; gain = 5.691 ; free physical = 26338 ; free virtual = 31435
startgroup
set_property -dict [list CONFIG.c_m_axi_s2mm_data_width.VALUE_SRC USER CONFIG.c_s_axis_s2mm_tdata_width.VALUE_SRC USER] [get_bd_cells axi_dma_0]
set_property -dict [list CONFIG.c_m_axi_s2mm_data_width {32} CONFIG.c_include_s2mm_dre {1} CONFIG.c_s2mm_burst_size {256}] [get_bd_cells axi_dma_0]
endgroup
delete_bd_objs [get_bd_intf_nets SEND2MMAP_AXIS_1]
delete_bd_objs [get_bd_intf_ports SEND2MMAP_AXIS]
undo
INFO: [Common 17-17] undo 'delete_bd_objs [get_bd_intf_ports SEND2MMAP_AXIS]'
redo
INFO: [Common 17-16] redo 'delete_bd_objs [get_bd_intf_ports SEND2MMAP_AXIS]'
startgroup
make_bd_intf_pins_external  [get_bd_intf_pins axi_dma_0/S_AXIS_S2MM]
endgroup
validate_bd_design
CRITICAL WARNING: [BD 41-968] AXI interface port /S_AXIS_S2MM_0 is not associated to any clock port. It may not work correctly. Please update ASSOCIATED_BUSIF parameter of a clock port to include this interface port.
INFO: [Ipptcl 7-1463] No Compatible Board Interface found. Board Tab not created in customize GUI
WARNING: [xilinx.com:ip:smartconnect:1.0-1] design_1_axi_smc_0: Endpoint Slave READ_WRITE_MODE is WRITE_ONLY. To prevent illegal transaction from master to slave enable SUPPORTS_DECERR for S00_Entry through Advanced Properties.
WARNING: [BD 41-237] Bus Interface property AWUSER_WIDTH does not match between /ps8_0_axi_periph/s00_couplers/auto_pc/S_AXI(0) and /zynq_ultra_ps_e_0/M_AXI_HPM0_LPD(16)
WARNING: [BD 41-237] Bus Interface property ARUSER_WIDTH does not match between /ps8_0_axi_periph/s00_couplers/auto_pc/S_AXI(0) and /zynq_ultra_ps_e_0/M_AXI_HPM0_LPD(16)
WARNING: [BD 41-237] Bus Interface property AWUSER_WIDTH does not match between /zynq_ultra_ps_e_0/S_AXI_HP0_FPD(1) and /axi_smc/M00_AXI(0)
WARNING: [BD 41-237] Bus Interface property ARUSER_WIDTH does not match between /zynq_ultra_ps_e_0/S_AXI_HP0_FPD(1) and /axi_smc/M00_AXI(0)
startgroup
create_bd_cell -type ip -vlnv user.org:user:sample_generator:1.0 sample_generator_0
endgroup
delete_bd_objs [get_bd_intf_nets S_AXIS_S2MM_0_1]
connect_bd_intf_net [get_bd_intf_pins sample_generator_0/M_AXIS] [get_bd_intf_pins axi_dma_0/S_AXIS_S2MM]
delete_bd_objs [get_bd_intf_ports S_AXIS_S2MM_0]
connect_bd_net [get_bd_pins sample_generator_0/s_axis_aresetn] [get_bd_pins rst_ps8_0_100M/peripheral_aresetn]
connect_bd_net [get_bd_pins sample_generator_0/m_axis_aresetn] [get_bd_pins rst_ps8_0_100M/peripheral_aresetn]
connect_bd_net [get_bd_pins sample_generator_0/m_axis_aclk] [get_bd_pins sample_generator_0/s_axis_aclk]
connect_bd_net [get_bd_pins sample_generator_0/s_axis_aclk] [get_bd_pins zynq_ultra_ps_e_0/pl_clk0]
validate_bd_design
INFO: [Ipptcl 7-1463] No Compatible Board Interface found. Board Tab not created in customize GUI
WARNING: [xilinx.com:ip:smartconnect:1.0-1] design_1_axi_smc_0: Endpoint Slave READ_WRITE_MODE is WRITE_ONLY. To prevent illegal transaction from master to slave enable SUPPORTS_DECERR for S00_Entry through Advanced Properties.
WARNING: [BD 41-237] Bus Interface property AWUSER_WIDTH does not match between /ps8_0_axi_periph/s00_couplers/auto_pc/S_AXI(0) and /zynq_ultra_ps_e_0/M_AXI_HPM0_LPD(16)
WARNING: [BD 41-237] Bus Interface property ARUSER_WIDTH does not match between /ps8_0_axi_periph/s00_couplers/auto_pc/S_AXI(0) and /zynq_ultra_ps_e_0/M_AXI_HPM0_LPD(16)
WARNING: [BD 41-237] Bus Interface property AWUSER_WIDTH does not match between /zynq_ultra_ps_e_0/S_AXI_HP0_FPD(1) and /axi_smc/M00_AXI(0)
WARNING: [BD 41-237] Bus Interface property ARUSER_WIDTH does not match between /zynq_ultra_ps_e_0/S_AXI_HP0_FPD(1) and /axi_smc/M00_AXI(0)
CRITICAL WARNING: [BD 41-759] The input pins (listed below) are either not connected or do not have a source port, and they don't have a tie-off specified. These pins are tied-off to all 0's to avoid error in Implementation flow.
Please check your design and connect them as needed: 
/sample_generator_0/FrameSize
/sample_generator_0/En
/sample_generator_0/AXI_En
/sample_generator_0/s_axis_tvalid

connect_bd_net [get_bd_pins sample_generator_0/AXI_En] [get_bd_pins sample_generator_0/En]
connect_bd_net [get_bd_pins sample_generator_0/En] [get_bd_pins sample_generator_0/FrameSize]
validate_bd_design
INFO: [Ipptcl 7-1463] No Compatible Board Interface found. Board Tab not created in customize GUI
WARNING: [xilinx.com:ip:smartconnect:1.0-1] design_1_axi_smc_0: Endpoint Slave READ_WRITE_MODE is WRITE_ONLY. To prevent illegal transaction from master to slave enable SUPPORTS_DECERR for S00_Entry through Advanced Properties.
WARNING: [BD 41-237] Bus Interface property AWUSER_WIDTH does not match between /ps8_0_axi_periph/s00_couplers/auto_pc/S_AXI(0) and /zynq_ultra_ps_e_0/M_AXI_HPM0_LPD(16)
WARNING: [BD 41-237] Bus Interface property ARUSER_WIDTH does not match between /ps8_0_axi_periph/s00_couplers/auto_pc/S_AXI(0) and /zynq_ultra_ps_e_0/M_AXI_HPM0_LPD(16)
WARNING: [BD 41-237] Bus Interface property AWUSER_WIDTH does not match between /zynq_ultra_ps_e_0/S_AXI_HP0_FPD(1) and /axi_smc/M00_AXI(0)
WARNING: [BD 41-237] Bus Interface property ARUSER_WIDTH does not match between /zynq_ultra_ps_e_0/S_AXI_HP0_FPD(1) and /axi_smc/M00_AXI(0)
CRITICAL WARNING: [BD 41-759] The input pins (listed below) are either not connected or do not have a source port, and they don't have a tie-off specified. These pins are tied-off to all 0's to avoid error in Implementation flow.
Please check your design and connect them as needed: 
/sample_generator_0/FrameSize
/sample_generator_0/En
/sample_generator_0/AXI_En
/sample_generator_0/s_axis_tvalid

delete_bd_objs [get_bd_nets Net]
delete_bd_objs [get_bd_intf_nets sample_generator_0_M_AXIS] [get_bd_cells sample_generator_0]
startgroup
create_bd_intf_port -mode Slave -vlnv xilinx.com:interface:axis_rtl:1.0 SEND2MMAP_AXIS
set_property -dict [list CONFIG.TDATA_NUM_BYTES [get_property CONFIG.TDATA_NUM_BYTES [get_bd_intf_pins axi_dma_0/S_AXIS_S2MM]] CONFIG.HAS_TKEEP [get_property CONFIG.HAS_TKEEP [get_bd_intf_pins axi_dma_0/S_AXIS_S2MM]] CONFIG.HAS_TLAST [get_property CONFIG.HAS_TLAST [get_bd_intf_pins axi_dma_0/S_AXIS_S2MM]]] [get_bd_intf_ports SEND2MMAP_AXIS]
connect_bd_intf_net [get_bd_intf_pins axi_dma_0/S_AXIS_S2MM] [get_bd_intf_ports SEND2MMAP_AXIS]
endgroup
validate_bd_design
CRITICAL WARNING: [BD 41-968] AXI interface port /SEND2MMAP_AXIS is not associated to any clock port. It may not work correctly. Please update ASSOCIATED_BUSIF parameter of a clock port to include this interface port.
INFO: [Ipptcl 7-1463] No Compatible Board Interface found. Board Tab not created in customize GUI
WARNING: [xilinx.com:ip:smartconnect:1.0-1] design_1_axi_smc_0: Endpoint Slave READ_WRITE_MODE is WRITE_ONLY. To prevent illegal transaction from master to slave enable SUPPORTS_DECERR for S00_Entry through Advanced Properties.
WARNING: [BD 41-237] Bus Interface property AWUSER_WIDTH does not match between /ps8_0_axi_periph/s00_couplers/auto_pc/S_AXI(0) and /zynq_ultra_ps_e_0/M_AXI_HPM0_LPD(16)
WARNING: [BD 41-237] Bus Interface property ARUSER_WIDTH does not match between /ps8_0_axi_periph/s00_couplers/auto_pc/S_AXI(0) and /zynq_ultra_ps_e_0/M_AXI_HPM0_LPD(16)
WARNING: [BD 41-237] Bus Interface property AWUSER_WIDTH does not match between /zynq_ultra_ps_e_0/S_AXI_HP0_FPD(1) and /axi_smc/M00_AXI(0)
WARNING: [BD 41-237] Bus Interface property ARUSER_WIDTH does not match between /zynq_ultra_ps_e_0/S_AXI_HP0_FPD(1) and /axi_smc/M00_AXI(0)
set_property -dict [list CONFIG.CLK_DOMAIN {design_1_zynq_ultra_ps_e_0_0_pl_clk0}] [get_bd_intf_ports SEND2MMAP_AXIS]
validate_bd_design
CRITICAL WARNING: [BD 41-968] AXI interface port /SEND2MMAP_AXIS is not associated to any clock port. It may not work correctly. Please update ASSOCIATED_BUSIF parameter of a clock port to include this interface port.
INFO: [Ipptcl 7-1463] No Compatible Board Interface found. Board Tab not created in customize GUI
WARNING: [xilinx.com:ip:smartconnect:1.0-1] design_1_axi_smc_0: Endpoint Slave READ_WRITE_MODE is WRITE_ONLY. To prevent illegal transaction from master to slave enable SUPPORTS_DECERR for S00_Entry through Advanced Properties.
WARNING: [BD 41-237] Bus Interface property AWUSER_WIDTH does not match between /ps8_0_axi_periph/s00_couplers/auto_pc/S_AXI(0) and /zynq_ultra_ps_e_0/M_AXI_HPM0_LPD(16)
WARNING: [BD 41-237] Bus Interface property ARUSER_WIDTH does not match between /ps8_0_axi_periph/s00_couplers/auto_pc/S_AXI(0) and /zynq_ultra_ps_e_0/M_AXI_HPM0_LPD(16)
WARNING: [BD 41-237] Bus Interface property AWUSER_WIDTH does not match between /zynq_ultra_ps_e_0/S_AXI_HP0_FPD(1) and /axi_smc/M00_AXI(0)
WARNING: [BD 41-237] Bus Interface property ARUSER_WIDTH does not match between /zynq_ultra_ps_e_0/S_AXI_HP0_FPD(1) and /axi_smc/M00_AXI(0)
set_property CONFIG.ASSOCIATED_BUSIF {SEND2MMAP_AXIS} [get_bd_ports /CLK]
validate_bd_design
INFO: [Ipptcl 7-1463] No Compatible Board Interface found. Board Tab not created in customize GUI
WARNING: [xilinx.com:ip:smartconnect:1.0-1] design_1_axi_smc_0: Endpoint Slave READ_WRITE_MODE is WRITE_ONLY. To prevent illegal transaction from master to slave enable SUPPORTS_DECERR for S00_Entry through Advanced Properties.
WARNING: [BD 41-237] Bus Interface property AWUSER_WIDTH does not match between /ps8_0_axi_periph/s00_couplers/auto_pc/S_AXI(0) and /zynq_ultra_ps_e_0/M_AXI_HPM0_LPD(16)
WARNING: [BD 41-237] Bus Interface property ARUSER_WIDTH does not match between /ps8_0_axi_periph/s00_couplers/auto_pc/S_AXI(0) and /zynq_ultra_ps_e_0/M_AXI_HPM0_LPD(16)
WARNING: [BD 41-237] Bus Interface property AWUSER_WIDTH does not match between /zynq_ultra_ps_e_0/S_AXI_HP0_FPD(1) and /axi_smc/M00_AXI(0)
WARNING: [BD 41-237] Bus Interface property ARUSER_WIDTH does not match between /zynq_ultra_ps_e_0/S_AXI_HP0_FPD(1) and /axi_smc/M00_AXI(0)
save_bd_design
Wrote  : </home/rsaradhy/Work/trenz/vivado/project_1/project_1.srcs/sources_1/bd/design_1/design_1.bd> 
Wrote  : </home/rsaradhy/Work/trenz/vivado/project_1/project_1.srcs/sources_1/bd/design_1/ui/bd_1f5defd0.ui> 
make_wrapper -files [get_files /home/rsaradhy/Work/trenz/vivado/project_1/project_1.srcs/sources_1/bd/design_1/design_1.bd] -top
INFO: [BD 41-1662] The design 'design_1.bd' is already validated. Therefore parameter propagation will not be re-run.
VHDL Output written to : /home/rsaradhy/Work/trenz/vivado/project_1/project_1.srcs/sources_1/bd/design_1/synth/design_1.v
VHDL Output written to : /home/rsaradhy/Work/trenz/vivado/project_1/project_1.srcs/sources_1/bd/design_1/sim/design_1.v
VHDL Output written to : /home/rsaradhy/Work/trenz/vivado/project_1/project_1.srcs/sources_1/bd/design_1/hdl/design_1_wrapper.v
open_bd_design {/home/rsaradhy/Work/trenz/vivado/project_1/project_1.srcs/sources_1/bd/design_1/design_1.bd}
set_property -dict [list CONFIG.HAS_TKEEP {0} CONFIG.HAS_TSTRB {1}] [get_bd_intf_ports SEND2MMAP_AXIS]
make_wrapper -files [get_files /home/rsaradhy/Work/trenz/vivado/project_1/project_1.srcs/sources_1/bd/design_1/design_1.bd] -top
INFO: [Ipptcl 7-1463] No Compatible Board Interface found. Board Tab not created in customize GUI
WARNING: [xilinx.com:ip:smartconnect:1.0-1] design_1_axi_smc_0: Endpoint Slave READ_WRITE_MODE is WRITE_ONLY. To prevent illegal transaction from master to slave enable SUPPORTS_DECERR for S00_Entry through Advanced Properties.
WARNING: [BD 41-237] Bus Interface property AWUSER_WIDTH does not match between /ps8_0_axi_periph/s00_couplers/auto_pc/S_AXI(0) and /zynq_ultra_ps_e_0/M_AXI_HPM0_LPD(16)
WARNING: [BD 41-237] Bus Interface property ARUSER_WIDTH does not match between /ps8_0_axi_periph/s00_couplers/auto_pc/S_AXI(0) and /zynq_ultra_ps_e_0/M_AXI_HPM0_LPD(16)
WARNING: [BD 41-237] Bus Interface property AWUSER_WIDTH does not match between /zynq_ultra_ps_e_0/S_AXI_HP0_FPD(1) and /axi_smc/M00_AXI(0)
WARNING: [BD 41-237] Bus Interface property ARUSER_WIDTH does not match between /zynq_ultra_ps_e_0/S_AXI_HP0_FPD(1) and /axi_smc/M00_AXI(0)
Wrote  : </home/rsaradhy/Work/trenz/vivado/project_1/project_1.srcs/sources_1/bd/design_1/design_1.bd> 
Wrote  : </home/rsaradhy/Work/trenz/vivado/project_1/project_1.srcs/sources_1/bd/design_1/ui/bd_1f5defd0.ui> 
VHDL Output written to : /home/rsaradhy/Work/trenz/vivado/project_1/project_1.srcs/sources_1/bd/design_1/synth/design_1.v
VHDL Output written to : /home/rsaradhy/Work/trenz/vivado/project_1/project_1.srcs/sources_1/bd/design_1/sim/design_1.v
VHDL Output written to : /home/rsaradhy/Work/trenz/vivado/project_1/project_1.srcs/sources_1/bd/design_1/hdl/design_1_wrapper.v
make_wrapper: Time (s): cpu = 00:00:07 ; elapsed = 00:00:05 . Memory (MB): peak = 7543.016 ; gain = 0.000 ; free physical = 25285 ; free virtual = 30511
validate_bd_design -force
INFO: [Ipptcl 7-1463] No Compatible Board Interface found. Board Tab not created in customize GUI
WARNING: [xilinx.com:ip:smartconnect:1.0-1] design_1_axi_smc_0: Endpoint Slave READ_WRITE_MODE is WRITE_ONLY. To prevent illegal transaction from master to slave enable SUPPORTS_DECERR for S00_Entry through Advanced Properties.
WARNING: [BD 41-237] Bus Interface property AWUSER_WIDTH does not match between /ps8_0_axi_periph/s00_couplers/auto_pc/S_AXI(0) and /zynq_ultra_ps_e_0/M_AXI_HPM0_LPD(16)
WARNING: [BD 41-237] Bus Interface property ARUSER_WIDTH does not match between /ps8_0_axi_periph/s00_couplers/auto_pc/S_AXI(0) and /zynq_ultra_ps_e_0/M_AXI_HPM0_LPD(16)
WARNING: [BD 41-237] Bus Interface property AWUSER_WIDTH does not match between /zynq_ultra_ps_e_0/S_AXI_HP0_FPD(1) and /axi_smc/M00_AXI(0)
WARNING: [BD 41-237] Bus Interface property ARUSER_WIDTH does not match between /zynq_ultra_ps_e_0/S_AXI_HP0_FPD(1) and /axi_smc/M00_AXI(0)
make_wrapper -files [get_files /home/rsaradhy/Work/trenz/vivado/project_1/project_1.srcs/sources_1/bd/design_1/design_1.bd] -top
INFO: [BD 41-1662] The design 'design_1.bd' is already validated. Therefore parameter propagation will not be re-run.
Wrote  : </home/rsaradhy/Work/trenz/vivado/project_1/project_1.srcs/sources_1/bd/design_1/design_1.bd> 
VHDL Output written to : /home/rsaradhy/Work/trenz/vivado/project_1/project_1.srcs/sources_1/bd/design_1/synth/design_1.v
VHDL Output written to : /home/rsaradhy/Work/trenz/vivado/project_1/project_1.srcs/sources_1/bd/design_1/sim/design_1.v
VHDL Output written to : /home/rsaradhy/Work/trenz/vivado/project_1/project_1.srcs/sources_1/bd/design_1/hdl/design_1_wrapper.v
set_property -dict [list CONFIG.HAS_TKEEP {1} CONFIG.HAS_TSTRB {0}] [get_bd_intf_ports SEND2MMAP_AXIS]
startgroup
set_property -dict [list CONFIG.c_include_s2mm_dre {0}] [get_bd_cells axi_dma_0]
endgroup
save_bd_design
Wrote  : </home/rsaradhy/Work/trenz/vivado/project_1/project_1.srcs/sources_1/bd/design_1/design_1.bd> 
Wrote  : </home/rsaradhy/Work/trenz/vivado/project_1/project_1.srcs/sources_1/bd/design_1/ui/bd_1f5defd0.ui> 
validate_bd_design
INFO: [Ipptcl 7-1463] No Compatible Board Interface found. Board Tab not created in customize GUI
WARNING: [xilinx.com:ip:smartconnect:1.0-1] design_1_axi_smc_0: Endpoint Slave READ_WRITE_MODE is WRITE_ONLY. To prevent illegal transaction from master to slave enable SUPPORTS_DECERR for S00_Entry through Advanced Properties.
WARNING: [BD 41-237] Bus Interface property AWUSER_WIDTH does not match between /ps8_0_axi_periph/s00_couplers/auto_pc/S_AXI(0) and /zynq_ultra_ps_e_0/M_AXI_HPM0_LPD(16)
WARNING: [BD 41-237] Bus Interface property ARUSER_WIDTH does not match between /ps8_0_axi_periph/s00_couplers/auto_pc/S_AXI(0) and /zynq_ultra_ps_e_0/M_AXI_HPM0_LPD(16)
WARNING: [BD 41-237] Bus Interface property AWUSER_WIDTH does not match between /zynq_ultra_ps_e_0/S_AXI_HP0_FPD(1) and /axi_smc/M00_AXI(0)
WARNING: [BD 41-237] Bus Interface property ARUSER_WIDTH does not match between /zynq_ultra_ps_e_0/S_AXI_HP0_FPD(1) and /axi_smc/M00_AXI(0)
save_bd_design
Wrote  : </home/rsaradhy/Work/trenz/vivado/project_1/project_1.srcs/sources_1/bd/design_1/design_1.bd> 
Wrote  : </home/rsaradhy/Work/trenz/vivado/project_1/project_1.srcs/sources_1/bd/design_1/ui/bd_1f5defd0.ui> 
reset_run synth_1
reset_run design_1_axi_dma_0_0_synth_1
launch_runs impl_1 -to_step write_bitstream -jobs 11
INFO: [BD 41-1662] The design 'design_1.bd' is already validated. Therefore parameter propagation will not be re-run.
VHDL Output written to : /home/rsaradhy/Work/trenz/vivado/project_1/project_1.srcs/sources_1/bd/design_1/synth/design_1.v
VHDL Output written to : /home/rsaradhy/Work/trenz/vivado/project_1/project_1.srcs/sources_1/bd/design_1/sim/design_1.v
VHDL Output written to : /home/rsaradhy/Work/trenz/vivado/project_1/project_1.srcs/sources_1/bd/design_1/hdl/design_1_wrapper.v
WARNING: [IP_Flow 19-5611] Unable to find an associated reset port for the interface 'M_AXI_HPM0_LPD'. A default connection has been created.
WARNING: [IP_Flow 19-5611] Unable to find an associated reset port for the interface 'S_AXI_HP0_FPD'. A default connection has been created.
INFO: [BD 41-1029] Generation completed for the IP Integrator block zynq_ultra_ps_e_0 .
INFO: [BD 41-1029] Generation completed for the IP Integrator block axi_dma_0 .
INFO: [BD 41-1029] Generation completed for the IP Integrator block ps8_0_axi_periph/xbar .
INFO: [BD 41-1029] Generation completed for the IP Integrator block rst_ps8_0_100M .
WARNING: [IP_Flow 19-5611] Unable to find an associated reset port for the interface 'S00_AXI'. A default connection has been created.
WARNING: [IP_Flow 19-5611] Unable to find an associated reset port for the interface 'M00_AXI'. A default connection has been created.
Exporting to file /home/rsaradhy/Work/trenz/vivado/project_1/project_1.srcs/sources_1/bd/design_1/ip/design_1_axi_smc_0/bd_0/hw_handoff/design_1_axi_smc_0.hwh
Generated Block Design Tcl file /home/rsaradhy/Work/trenz/vivado/project_1/project_1.srcs/sources_1/bd/design_1/ip/design_1_axi_smc_0/bd_0/hw_handoff/design_1_axi_smc_0_bd.tcl
Generated Hardware Definition File /home/rsaradhy/Work/trenz/vivado/project_1/project_1.srcs/sources_1/bd/design_1/ip/design_1_axi_smc_0/bd_0/synth/design_1_axi_smc_0.hwdef
INFO: [BD 41-1029] Generation completed for the IP Integrator block axi_smc .
INFO: [BD 41-1029] Generation completed for the IP Integrator block axi_gpio_0 .
WARNING: [IP_Flow 19-4994] Overwriting existing constraint file '/home/rsaradhy/Work/trenz/vivado/project_1/project_1.srcs/sources_1/bd/design_1/ip/design_1_auto_pc_0/design_1_auto_pc_0_ooc.xdc'
INFO: [BD 41-1029] Generation completed for the IP Integrator block ps8_0_axi_periph/s00_couplers/auto_pc .
Exporting to file /home/rsaradhy/Work/trenz/vivado/project_1/project_1.srcs/sources_1/bd/design_1/hw_handoff/design_1.hwh
Generated Block Design Tcl file /home/rsaradhy/Work/trenz/vivado/project_1/project_1.srcs/sources_1/bd/design_1/hw_handoff/design_1_bd.tcl
Generated Hardware Definition File /home/rsaradhy/Work/trenz/vivado/project_1/project_1.srcs/sources_1/bd/design_1/synth/design_1.hwdef
INFO: [IP_Flow 19-4993] Using cached IP synthesis design for IP design_1_auto_pc_0, cache-ID = 825563c9f1f185a5; cache size = 11.007 MB.
INFO: [IP_Flow 19-5642] Done with IP cache export for multiple IPs
[Fri Jul 17 04:53:55 2020] Launched design_1_axi_dma_0_0_synth_1, design_1_axi_smc_0_synth_1, synth_1...
Run output will be captured here:
design_1_axi_dma_0_0_synth_1: /home/rsaradhy/Work/trenz/vivado/project_1/project_1.runs/design_1_axi_dma_0_0_synth_1/runme.log
design_1_axi_smc_0_synth_1: /home/rsaradhy/Work/trenz/vivado/project_1/project_1.runs/design_1_axi_smc_0_synth_1/runme.log
synth_1: /home/rsaradhy/Work/trenz/vivado/project_1/project_1.runs/synth_1/runme.log
[Fri Jul 17 04:53:55 2020] Launched impl_1...
Run output will be captured here: /home/rsaradhy/Work/trenz/vivado/project_1/project_1.runs/impl_1/runme.log
launch_runs: Time (s): cpu = 00:00:13 ; elapsed = 00:00:12 . Memory (MB): peak = 7702.379 ; gain = 0.000 ; free physical = 25243 ; free virtual = 30480
startgroup
set_property -dict [list CONFIG.c_m_axi_s2mm_data_width.VALUE_SRC PROPAGATED CONFIG.c_s_axis_s2mm_tdata_width.VALUE_SRC PROPAGATED] [get_bd_cells axi_dma_0]
set_property -dict [list CONFIG.c_s2mm_burst_size {16}] [get_bd_cells axi_dma_0]
endgroup
startgroup
set_property -dict [list CONFIG.c_include_sg {0} CONFIG.c_micro_dma {0}] [get_bd_cells axi_dma_0]
endgroup
validate_bd_design
INFO: [Ipptcl 7-1463] No Compatible Board Interface found. Board Tab not created in customize GUI
WARNING: [xilinx.com:ip:smartconnect:1.0-1] design_1_axi_smc_0: Endpoint Slave READ_WRITE_MODE is WRITE_ONLY. To prevent illegal transaction from master to slave enable SUPPORTS_DECERR for S00_Entry through Advanced Properties.
WARNING: [BD 41-237] Bus Interface property AWUSER_WIDTH does not match between /ps8_0_axi_periph/s00_couplers/auto_pc/S_AXI(0) and /zynq_ultra_ps_e_0/M_AXI_HPM0_LPD(16)
WARNING: [BD 41-237] Bus Interface property ARUSER_WIDTH does not match between /ps8_0_axi_periph/s00_couplers/auto_pc/S_AXI(0) and /zynq_ultra_ps_e_0/M_AXI_HPM0_LPD(16)
WARNING: [BD 41-237] Bus Interface property AWUSER_WIDTH does not match between /zynq_ultra_ps_e_0/S_AXI_HP0_FPD(1) and /axi_smc/M00_AXI(0)
WARNING: [BD 41-237] Bus Interface property ARUSER_WIDTH does not match between /zynq_ultra_ps_e_0/S_AXI_HP0_FPD(1) and /axi_smc/M00_AXI(0)
validate_bd_design: Time (s): cpu = 00:00:09 ; elapsed = 00:00:07 . Memory (MB): peak = 7774.414 ; gain = 0.000 ; free physical = 24598 ; free virtual = 30242
save_bd_design
Wrote  : </home/rsaradhy/Work/trenz/vivado/project_1/project_1.srcs/sources_1/bd/design_1/design_1.bd> 
reset_run synth_1
reset_run design_1_axi_dma_0_0_synth_1
reset_run design_1_axi_smc_0_synth_1
launch_runs impl_1 -to_step write_bitstream -jobs 11
INFO: [BD 41-1662] The design 'design_1.bd' is already validated. Therefore parameter propagation will not be re-run.
VHDL Output written to : /home/rsaradhy/Work/trenz/vivado/project_1/project_1.srcs/sources_1/bd/design_1/synth/design_1.v
VHDL Output written to : /home/rsaradhy/Work/trenz/vivado/project_1/project_1.srcs/sources_1/bd/design_1/sim/design_1.v
VHDL Output written to : /home/rsaradhy/Work/trenz/vivado/project_1/project_1.srcs/sources_1/bd/design_1/hdl/design_1_wrapper.v
WARNING: [IP_Flow 19-5611] Unable to find an associated reset port for the interface 'M_AXI_HPM0_LPD'. A default connection has been created.
WARNING: [IP_Flow 19-5611] Unable to find an associated reset port for the interface 'S_AXI_HP0_FPD'. A default connection has been created.
INFO: [BD 41-1029] Generation completed for the IP Integrator block zynq_ultra_ps_e_0 .
INFO: [BD 41-1029] Generation completed for the IP Integrator block axi_dma_0 .
INFO: [BD 41-1029] Generation completed for the IP Integrator block ps8_0_axi_periph/xbar .
INFO: [BD 41-1029] Generation completed for the IP Integrator block rst_ps8_0_100M .
WARNING: [IP_Flow 19-5611] Unable to find an associated reset port for the interface 'S00_AXI'. A default connection has been created.
WARNING: [IP_Flow 19-5611] Unable to find an associated reset port for the interface 'M00_AXI'. A default connection has been created.
Exporting to file /home/rsaradhy/Work/trenz/vivado/project_1/project_1.srcs/sources_1/bd/design_1/ip/design_1_axi_smc_0/bd_0/hw_handoff/design_1_axi_smc_0.hwh
Generated Block Design Tcl file /home/rsaradhy/Work/trenz/vivado/project_1/project_1.srcs/sources_1/bd/design_1/ip/design_1_axi_smc_0/bd_0/hw_handoff/design_1_axi_smc_0_bd.tcl
Generated Hardware Definition File /home/rsaradhy/Work/trenz/vivado/project_1/project_1.srcs/sources_1/bd/design_1/ip/design_1_axi_smc_0/bd_0/synth/design_1_axi_smc_0.hwdef
INFO: [BD 41-1029] Generation completed for the IP Integrator block axi_smc .
INFO: [BD 41-1029] Generation completed for the IP Integrator block axi_gpio_0 .
WARNING: [IP_Flow 19-4994] Overwriting existing constraint file '/home/rsaradhy/Work/trenz/vivado/project_1/project_1.srcs/sources_1/bd/design_1/ip/design_1_auto_pc_0/design_1_auto_pc_0_ooc.xdc'
INFO: [BD 41-1029] Generation completed for the IP Integrator block ps8_0_axi_periph/s00_couplers/auto_pc .
Exporting to file /home/rsaradhy/Work/trenz/vivado/project_1/project_1.srcs/sources_1/bd/design_1/hw_handoff/design_1.hwh
Generated Block Design Tcl file /home/rsaradhy/Work/trenz/vivado/project_1/project_1.srcs/sources_1/bd/design_1/hw_handoff/design_1_bd.tcl
Generated Hardware Definition File /home/rsaradhy/Work/trenz/vivado/project_1/project_1.srcs/sources_1/bd/design_1/synth/design_1.hwdef
INFO: [IP_Flow 19-4993] Using cached IP synthesis design for IP design_1_auto_pc_0, cache-ID = 825563c9f1f185a5; cache size = 17.491 MB.
INFO: [IP_Flow 19-4993] Using cached IP synthesis design for IP design_1_axi_dma_0_0, cache-ID = 3e7ec0e01d3c3f0e; cache size = 17.491 MB.
INFO: [IP_Flow 19-4993] Using cached IP synthesis design for IP design_1_axi_smc_0, cache-ID = 4d2b8f5642695872; cache size = 17.491 MB.
INFO: [IP_Flow 19-5642] Done with IP cache export for multiple IPs
[Fri Jul 17 05:22:29 2020] Launched synth_1...
Run output will be captured here: /home/rsaradhy/Work/trenz/vivado/project_1/project_1.runs/synth_1/runme.log
[Fri Jul 17 05:22:29 2020] Launched impl_1...
Run output will be captured here: /home/rsaradhy/Work/trenz/vivado/project_1/project_1.runs/impl_1/runme.log
launch_runs: Time (s): cpu = 00:00:13 ; elapsed = 00:00:12 . Memory (MB): peak = 7862.457 ; gain = 0.000 ; free physical = 24565 ; free virtual = 30207
exit
INFO: [Common 17-206] Exiting Vivado at Fri Jul 17 05:31:34 2020...
