Copyright 1986-2019 Xilinx, Inc. All Rights Reserved.
--------------------------------------------------------------------------------------------------------------------------------------------------
| Tool Version : Vivado v.2019.2 (lin64) Build 2708876 Wed Nov  6 21:39:14 MST 2019
| Date         : Wed Jan 13 20:15:23 2021
| Host         : havi running 64-bit Pop!_OS 20.10
| Command      : report_methodology -file main_methodology_drc_routed.rpt -pb main_methodology_drc_routed.pb -rpx main_methodology_drc_routed.rpx
| Design       : main
| Device       : xczu2cg-sfvc784-1-e
| Speed File   : -1
| Design State : Fully Routed
--------------------------------------------------------------------------------------------------------------------------------------------------

Report Methodology

Table of Contents
-----------------
1. REPORT SUMMARY
2. REPORT DETAILS

1. REPORT SUMMARY
-----------------
            Netlist: netlist
          Floorplan: design_1
      Design limits: <entire design considered>
             Max violations: <unlimited>
             Violations found: 24
+-----------+----------+-------------------------------+------------+
| Rule      | Severity | Description                   | Violations |
+-----------+----------+-------------------------------+------------+
| TIMING-18 | Warning  | Missing input or output delay | 24         |
+-----------+----------+-------------------------------+------------+

2. REPORT DETAILS
-----------------
TIMING-18#1 Warning
Missing input or output delay  
An input delay is missing on AQ0_N relative to clock(s) CLK_REF_N
Related violations: <none>

TIMING-18#2 Warning
Missing input or output delay  
An input delay is missing on AQ0_P relative to clock(s) CLK_REF_N
Related violations: <none>

TIMING-18#3 Warning
Missing input or output delay  
An input delay is missing on AQ1_N relative to clock(s) CLK_REF_N
Related violations: <none>

TIMING-18#4 Warning
Missing input or output delay  
An input delay is missing on AQ1_P relative to clock(s) CLK_REF_N
Related violations: <none>

TIMING-18#5 Warning
Missing input or output delay  
An input delay is missing on AQ2_N relative to clock(s) CLK_REF_N
Related violations: <none>

TIMING-18#6 Warning
Missing input or output delay  
An input delay is missing on AQ2_P relative to clock(s) CLK_REF_N
Related violations: <none>

TIMING-18#7 Warning
Missing input or output delay  
An input delay is missing on AQ3_N relative to clock(s) CLK_REF_N
Related violations: <none>

TIMING-18#8 Warning
Missing input or output delay  
An input delay is missing on AQ3_P relative to clock(s) CLK_REF_N
Related violations: <none>

TIMING-18#9 Warning
Missing input or output delay  
An input delay is missing on BQ0_N relative to clock(s) CLK_REF_N
Related violations: <none>

TIMING-18#10 Warning
Missing input or output delay  
An input delay is missing on BQ0_P relative to clock(s) CLK_REF_N
Related violations: <none>

TIMING-18#11 Warning
Missing input or output delay  
An input delay is missing on BQ1_N relative to clock(s) CLK_REF_N
Related violations: <none>

TIMING-18#12 Warning
Missing input or output delay  
An input delay is missing on BQ1_P relative to clock(s) CLK_REF_N
Related violations: <none>

TIMING-18#13 Warning
Missing input or output delay  
An input delay is missing on BQ2_N relative to clock(s) CLK_REF_N
Related violations: <none>

TIMING-18#14 Warning
Missing input or output delay  
An input delay is missing on BQ2_P relative to clock(s) CLK_REF_N
Related violations: <none>

TIMING-18#15 Warning
Missing input or output delay  
An input delay is missing on BQ3_N relative to clock(s) CLK_REF_N
Related violations: <none>

TIMING-18#16 Warning
Missing input or output delay  
An input delay is missing on BQ3_P relative to clock(s) CLK_REF_N
Related violations: <none>

TIMING-18#17 Warning
Missing input or output delay  
An input delay is missing on CQ0_N relative to clock(s) CLK_REF_N
Related violations: <none>

TIMING-18#18 Warning
Missing input or output delay  
An input delay is missing on CQ0_P relative to clock(s) CLK_REF_N
Related violations: <none>

TIMING-18#19 Warning
Missing input or output delay  
An input delay is missing on CQ1_N relative to clock(s) CLK_REF_N
Related violations: <none>

TIMING-18#20 Warning
Missing input or output delay  
An input delay is missing on CQ1_P relative to clock(s) CLK_REF_N
Related violations: <none>

TIMING-18#21 Warning
Missing input or output delay  
An input delay is missing on CQ2_N relative to clock(s) CLK_REF_N
Related violations: <none>

TIMING-18#22 Warning
Missing input or output delay  
An input delay is missing on CQ2_P relative to clock(s) CLK_REF_N
Related violations: <none>

TIMING-18#23 Warning
Missing input or output delay  
An input delay is missing on CQ3_N relative to clock(s) CLK_REF_N
Related violations: <none>

TIMING-18#24 Warning
Missing input or output delay  
An input delay is missing on CQ3_P relative to clock(s) CLK_REF_N
Related violations: <none>


